[2024-07-05T10:33:09.949+0000] {local_task_job_runner.py:120} INFO - ::group::Pre task execution logs
[2024-07-05T10:33:09.961+0000] {taskinstance.py:2076} INFO - Dependencies all met for dep_context=non-requeueable deps ti=<TaskInstance: prod_dag.run_scraping_docker manual__2024-07-05T10:33:08.457469+00:00 [queued]>
[2024-07-05T10:33:09.965+0000] {taskinstance.py:2076} INFO - Dependencies all met for dep_context=requeueable deps ti=<TaskInstance: prod_dag.run_scraping_docker manual__2024-07-05T10:33:08.457469+00:00 [queued]>
[2024-07-05T10:33:09.965+0000] {taskinstance.py:2306} INFO - Starting attempt 1 of 2
[2024-07-05T10:33:09.972+0000] {taskinstance.py:2330} INFO - Executing <Task(DockerOperator): run_scraping_docker> on 2024-07-05 10:33:08.457469+00:00
[2024-07-05T10:33:09.981+0000] {warnings.py:112} WARNING - /home/***/.local/lib/python3.12/site-packages/***/task/task_runner/standard_task_runner.py:61: DeprecationWarning: This process (pid=73) is multi-threaded, use of fork() may lead to deadlocks in the child.
  pid = os.fork()

[2024-07-05T10:33:09.982+0000] {standard_task_runner.py:63} INFO - Started process 74 to run task
[2024-07-05T10:33:09.982+0000] {standard_task_runner.py:90} INFO - Running: ['***', 'tasks', 'run', 'prod_dag', 'run_scraping_docker', 'manual__2024-07-05T10:33:08.457469+00:00', '--job-id', '4', '--raw', '--subdir', 'DAGS_FOLDER/DAG_prod.py', '--cfg-path', '/tmp/tmp8rghka95']
[2024-07-05T10:33:09.983+0000] {standard_task_runner.py:91} INFO - Job 4: Subtask run_scraping_docker
[2024-07-05T10:33:10.007+0000] {task_command.py:426} INFO - Running <TaskInstance: prod_dag.run_scraping_docker manual__2024-07-05T10:33:08.457469+00:00 [running]> on host 39db74c4aadf
[2024-07-05T10:33:10.057+0000] {taskinstance.py:2648} INFO - Exporting env vars: AIRFLOW_CTX_DAG_OWNER='***' AIRFLOW_CTX_DAG_ID='prod_dag' AIRFLOW_CTX_TASK_ID='run_scraping_docker' AIRFLOW_CTX_EXECUTION_DATE='2024-07-05T10:33:08.457469+00:00' AIRFLOW_CTX_TRY_NUMBER='1' AIRFLOW_CTX_DAG_RUN_ID='manual__2024-07-05T10:33:08.457469+00:00'
[2024-07-05T10:33:10.057+0000] {taskinstance.py:430} INFO - ::endgroup::
[2024-07-05T10:33:10.088+0000] {docker.py:493} INFO - Pulling docker image bost67dst/scraping_light
[2024-07-05T10:33:11.436+0000] {docker.py:507} INFO - latest: Pulling from bost67dst/scraping_light
[2024-07-05T10:33:11.437+0000] {docker.py:507} INFO - f7b75fe1f735: Pulling fs layer
[2024-07-05T10:33:11.437+0000] {docker.py:507} INFO - 6fb769904474: Pulling fs layer
[2024-07-05T10:33:11.437+0000] {docker.py:507} INFO - 6b4a7fcc3dd3: Pulling fs layer
[2024-07-05T10:33:11.438+0000] {docker.py:507} INFO - 4cbb06924c13: Pulling fs layer
[2024-07-05T10:33:11.438+0000] {docker.py:507} INFO - a6c4281f07e9: Pulling fs layer
[2024-07-05T10:33:11.438+0000] {docker.py:507} INFO - 9de021d8b315: Pulling fs layer
[2024-07-05T10:33:11.438+0000] {docker.py:507} INFO - a05a93941833: Pulling fs layer
[2024-07-05T10:33:11.438+0000] {docker.py:507} INFO - d7db652c556d: Pulling fs layer
[2024-07-05T10:33:11.438+0000] {docker.py:507} INFO - 95d200139452: Pulling fs layer
[2024-07-05T10:33:11.438+0000] {docker.py:507} INFO - a09c12fb8087: Pulling fs layer
[2024-07-05T10:33:11.438+0000] {docker.py:507} INFO - 702bcdfc3906: Pulling fs layer
[2024-07-05T10:33:11.438+0000] {docker.py:507} INFO - 40c97a8703b3: Pulling fs layer
[2024-07-05T10:33:11.438+0000] {docker.py:507} INFO - b8d5102259b0: Pulling fs layer
[2024-07-05T10:33:11.438+0000] {docker.py:507} INFO - a6c4281f07e9: Waiting
[2024-07-05T10:33:11.439+0000] {docker.py:507} INFO - 4cbb06924c13: Waiting
[2024-07-05T10:33:11.439+0000] {docker.py:507} INFO - 5d3e0119aa5c: Pulling fs layer
[2024-07-05T10:33:11.439+0000] {docker.py:507} INFO - 95d200139452: Waiting
[2024-07-05T10:33:11.439+0000] {docker.py:507} INFO - 9de021d8b315: Waiting
[2024-07-05T10:33:11.439+0000] {docker.py:507} INFO - 4f4fb700ef54: Pulling fs layer
[2024-07-05T10:33:11.439+0000] {docker.py:507} INFO - a05a93941833: Waiting
[2024-07-05T10:33:11.439+0000] {docker.py:507} INFO - d7db652c556d: Waiting
[2024-07-05T10:33:11.439+0000] {docker.py:507} INFO - 4f4fb700ef54: Waiting
[2024-07-05T10:33:11.439+0000] {docker.py:507} INFO - b8d5102259b0: Waiting
[2024-07-05T10:33:11.439+0000] {docker.py:507} INFO - 40c97a8703b3: Waiting
[2024-07-05T10:33:11.439+0000] {docker.py:507} INFO - 5d3e0119aa5c: Waiting
[2024-07-05T10:33:11.439+0000] {docker.py:507} INFO - 702bcdfc3906: Waiting
[2024-07-05T10:33:11.440+0000] {docker.py:507} INFO - a09c12fb8087: Waiting
[2024-07-05T10:33:11.688+0000] {docker.py:507} INFO - 6fb769904474: Downloading
[2024-07-05T10:33:11.726+0000] {docker.py:507} INFO - 6b4a7fcc3dd3: Downloading
[2024-07-05T10:33:11.726+0000] {docker.py:507} INFO - f7b75fe1f735: Downloading
[2024-07-05T10:33:11.729+0000] {docker.py:507} INFO - 6fb769904474: Verifying Checksum
[2024-07-05T10:33:11.729+0000] {docker.py:507} INFO - 6fb769904474: Download complete
[2024-07-05T10:33:11.906+0000] {docker.py:507} INFO - 6b4a7fcc3dd3: Verifying Checksum
[2024-07-05T10:33:11.906+0000] {docker.py:507} INFO - 6b4a7fcc3dd3: Download complete
[2024-07-05T10:33:11.975+0000] {docker.py:507} INFO - f7b75fe1f735: Download complete
[2024-07-05T10:33:11.983+0000] {docker.py:507} INFO - f7b75fe1f735: Extracting
[2024-07-05T10:33:12.102+0000] {docker.py:507} INFO - 4cbb06924c13: Downloading
[2024-07-05T10:33:12.102+0000] {docker.py:507} INFO - 4cbb06924c13: Verifying Checksum
[2024-07-05T10:33:12.102+0000] {docker.py:507} INFO - 4cbb06924c13: Download complete
[2024-07-05T10:33:12.341+0000] {docker.py:507} INFO - 9de021d8b315: Downloading
[2024-07-05T10:33:12.417+0000] {docker.py:507} INFO - 9de021d8b315: Verifying Checksum
[2024-07-05T10:33:12.418+0000] {docker.py:507} INFO - 9de021d8b315: Download complete
[2024-07-05T10:33:12.419+0000] {docker.py:507} INFO - a6c4281f07e9: Downloading
[2024-07-05T10:33:12.464+0000] {docker.py:507} INFO - a6c4281f07e9: Download complete
[2024-07-05T10:33:12.466+0000] {docker.py:507} INFO - a05a93941833: Downloading
[2024-07-05T10:33:12.519+0000] {docker.py:507} INFO - a05a93941833: Verifying Checksum
[2024-07-05T10:33:12.519+0000] {docker.py:507} INFO - a05a93941833: Download complete
[2024-07-05T10:33:12.666+0000] {docker.py:507} INFO - f7b75fe1f735: Pull complete
[2024-07-05T10:33:12.678+0000] {docker.py:507} INFO - 6fb769904474: Extracting
[2024-07-05T10:33:12.770+0000] {docker.py:507} INFO - 6fb769904474: Pull complete
[2024-07-05T10:33:12.783+0000] {docker.py:507} INFO - 6b4a7fcc3dd3: Extracting
[2024-07-05T10:33:12.806+0000] {docker.py:507} INFO - 95d200139452: Downloading
[2024-07-05T10:33:12.807+0000] {docker.py:507} INFO - 95d200139452: Download complete
[2024-07-05T10:33:12.869+0000] {docker.py:507} INFO - d7db652c556d: Downloading
[2024-07-05T10:33:12.880+0000] {docker.py:507} INFO - a09c12fb8087: Downloading
[2024-07-05T10:33:12.881+0000] {docker.py:507} INFO - a09c12fb8087: Download complete
[2024-07-05T10:33:12.911+0000] {docker.py:507} INFO - d7db652c556d: Download complete
[2024-07-05T10:33:13.020+0000] {docker.py:507} INFO - 6b4a7fcc3dd3: Pull complete
[2024-07-05T10:33:13.032+0000] {docker.py:507} INFO - 4cbb06924c13: Extracting
[2024-07-05T10:33:13.081+0000] {docker.py:507} INFO - 4cbb06924c13: Pull complete
[2024-07-05T10:33:13.093+0000] {docker.py:507} INFO - a6c4281f07e9: Extracting
[2024-07-05T10:33:13.158+0000] {docker.py:507} INFO - 702bcdfc3906: Download complete
[2024-07-05T10:33:13.232+0000] {docker.py:507} INFO - 40c97a8703b3: Downloading
[2024-07-05T10:33:13.233+0000] {docker.py:507} INFO - 40c97a8703b3: Verifying Checksum
[2024-07-05T10:33:13.233+0000] {docker.py:507} INFO - 40c97a8703b3: Download complete
[2024-07-05T10:33:13.247+0000] {docker.py:507} INFO - a6c4281f07e9: Pull complete
[2024-07-05T10:33:13.260+0000] {docker.py:507} INFO - b8d5102259b0: Downloading
[2024-07-05T10:33:13.260+0000] {docker.py:507} INFO - b8d5102259b0: Verifying Checksum
[2024-07-05T10:33:13.260+0000] {docker.py:507} INFO - b8d5102259b0: Download complete
[2024-07-05T10:33:13.261+0000] {docker.py:507} INFO - 9de021d8b315: Extracting
[2024-07-05T10:33:13.489+0000] {docker.py:507} INFO - 9de021d8b315: Pull complete
[2024-07-05T10:33:13.501+0000] {docker.py:507} INFO - a05a93941833: Extracting
[2024-07-05T10:33:13.507+0000] {docker.py:507} INFO - 5d3e0119aa5c: Downloading
[2024-07-05T10:33:13.507+0000] {docker.py:507} INFO - 5d3e0119aa5c: Verifying Checksum
[2024-07-05T10:33:13.508+0000] {docker.py:507} INFO - 5d3e0119aa5c: Download complete
[2024-07-05T10:33:13.568+0000] {docker.py:507} INFO - 4f4fb700ef54: Download complete
[2024-07-05T10:33:13.598+0000] {docker.py:507} INFO - a05a93941833: Pull complete
[2024-07-05T10:33:13.615+0000] {docker.py:507} INFO - d7db652c556d: Extracting
[2024-07-05T10:33:13.689+0000] {docker.py:507} INFO - d7db652c556d: Pull complete
[2024-07-05T10:33:13.701+0000] {docker.py:507} INFO - 95d200139452: Extracting
[2024-07-05T10:33:13.750+0000] {docker.py:507} INFO - 95d200139452: Pull complete
[2024-07-05T10:33:13.763+0000] {docker.py:507} INFO - a09c12fb8087: Extracting
[2024-07-05T10:33:13.811+0000] {docker.py:507} INFO - a09c12fb8087: Pull complete
[2024-07-05T10:33:13.823+0000] {docker.py:507} INFO - 702bcdfc3906: Extracting
[2024-07-05T10:33:13.872+0000] {docker.py:507} INFO - 702bcdfc3906: Pull complete
[2024-07-05T10:33:13.884+0000] {docker.py:507} INFO - 40c97a8703b3: Extracting
[2024-07-05T10:33:13.932+0000] {docker.py:507} INFO - 40c97a8703b3: Pull complete
[2024-07-05T10:33:13.945+0000] {docker.py:507} INFO - b8d5102259b0: Extracting
[2024-07-05T10:33:13.993+0000] {docker.py:507} INFO - b8d5102259b0: Pull complete
[2024-07-05T10:33:14.006+0000] {docker.py:507} INFO - 5d3e0119aa5c: Extracting
[2024-07-05T10:33:14.057+0000] {docker.py:507} INFO - 5d3e0119aa5c: Pull complete
[2024-07-05T10:33:14.069+0000] {docker.py:507} INFO - 4f4fb700ef54: Extracting
[2024-07-05T10:33:14.118+0000] {docker.py:507} INFO - 4f4fb700ef54: Pull complete
[2024-07-05T10:33:14.143+0000] {docker.py:502} INFO - Digest: sha256:962f60c3d7a4332526f01b1a3cded48766c3178cad4b6f1b775c29a27433e2a7
[2024-07-05T10:33:14.154+0000] {docker.py:502} INFO - Status: Downloaded newer image for bost67dst/scraping_light:latest
[2024-07-05T10:33:14.158+0000] {docker.py:366} INFO - Starting docker container from image bost67dst/scraping_light
[2024-07-05T10:33:33.797+0000] {docker.py:436} INFO - SCRAPING START
bank Companies Data extraction complete and saved to JSON.
===================================================================================
Reviews data extraction for all companies starts:
===================================================================================


*****************************************************************
Reviews data extraction for company_id: www.younited-credit.com
*****************************************************************


company_id: www.younited-credit.com  page: 1
company_id: www.younited-credit.com  page: 2


Company data extraction time duration : 1.2312211990356445 seconds for 2 pages
Reviews Data extraction for company_id www.younited-credit.com complete and saved to JSON.
*****************************************************************
Reviews data extraction for company_id: cibformation.fr
*****************************************************************


company_id: cibformation.fr  page: 1
company_id: cibformation.fr  page: 2


Company data extraction time duration : 0.7751986980438232 seconds for 2 pages
Reviews Data extraction for company_id cibformation.fr complete and saved to JSON.
*****************************************************************
Reviews data extraction for company_id: cofidis.fr
*****************************************************************


company_id: cofidis.fr  page: 1
company_id: cofidis.fr  page: 2


Company data extraction time duration : 0.9410169124603271 seconds for 2 pages
Reviews Data extraction for company_id cofidis.fr complete and saved to JSON.
*****************************************************************
Reviews data extraction for company_id: qonto.com
*****************************************************************


company_id: qonto.com  page: 1
company_id: qonto.com  page: 2


Company data extraction time duration : 1.1543278694152832 seconds for 2 pages
Reviews Data extraction for company_id qonto.com complete and saved to JSON.
*****************************************************************
Reviews data extraction for company_id: pixpay.eu
*****************************************************************


company_id: pixpay.eu  page: 1
company_id: pixpay.eu  page: 2


Company data extraction time duration : 0.6709365844726562 seconds for 2 pages
Reviews Data extraction for company_id pixpay.eu complete and saved to JSON.
*****************************************************************
Reviews data extraction for company_id: pennypet.io
*****************************************************************


company_id: pennypet.io  page: 1
company_id: pennypet.io  page: 2


Company data extraction time duration : 0.799292802810669 seconds for 2 pages
Reviews Data extraction for company_id pennypet.io complete and saved to JSON.
*****************************************************************
Reviews data extraction for company_id: shine.fr
*****************************************************************


company_id: shine.fr  page: 1
company_id: shine.fr  page: 2


Company data extraction time duration : 1.0374336242675781 seconds for 2 pages
Reviews Data extraction for company_id shine.fr complete and saved to JSON.
*****************************************************************
Reviews data extraction for company_id: moneywalkie.com
*****************************************************************


company_id: moneywalkie.com  page: 1
company_id: moneywalkie.com  page: 2


Company data extraction time duration : 1.161207675933838 seconds for 2 pages
Reviews Data extraction for company_id moneywalkie.com complete and saved to JSON.
*****************************************************************
Reviews data extraction for company_id: anyti.me
*****************************************************************


company_id: anyti.me  page: 1
company_id: anyti.me  page: 2


Company data extraction time duration : 0.8078444004058838 seconds for 2 pages
Reviews Data extraction for company_id anyti.me complete and saved to JSON.
*****************************************************************
Reviews data extraction for company_id: boursobank.com
*****************************************************************


company_id: boursobank.com  page: 1
company_id: boursobank.com  page: 2


Company data extraction time duration : 0.9299190044403076 seconds for 2 pages
Reviews Data extraction for company_id boursobank.com complete and saved to JSON.
*****************************************************************
Reviews data extraction for company_id: blank.app
*****************************************************************


company_id: blank.app  page: 1
company_id: blank.app  page: 2


Company data extraction time duration : 0.6917386054992676 seconds for 2 pages
Reviews Data extraction for company_id blank.app complete and saved to JSON.
*****************************************************************
Reviews data extraction for company_id: propulsebyca.fr
*****************************************************************


company_id: propulsebyca.fr  page: 1
company_id: propulsebyca.fr  page: 2


Company data extraction time duration : 0.8577210903167725 seconds for 2 pages
Reviews Data extraction for company_id propulsebyca.fr complete and saved to JSON.
*****************************************************************
Reviews data extraction for company_id: www.monabanq.com
*****************************************************************


company_id: www.monabanq.com  page: 1
company_id: www.monabanq.com  page: 2


Company data extraction time duration : 1.0216624736785889 seconds for 2 pages
Reviews Data extraction for company_id www.monabanq.com complete and saved to JSON.
*****************************************************************
Reviews data extraction for company_id: fortuneo.fr
*****************************************************************


company_id: fortuneo.fr  page: 1
company_id: fortuneo.fr  page: 2


Company data extraction time duration : 0.6984515190124512 seconds for 2 pages
Reviews Data extraction for company_id fortuneo.fr complete and saved to JSON.
*****************************************************************
Reviews data extraction for company_id: helios.do
*****************************************************************


company_id: helios.do  page: 1
company_id: helios.do  page: 2


Company data extraction time duration : 0.7957987785339355 seconds for 2 pages
Reviews Data extraction for company_id helios.do complete and saved to JSON.
*****************************************************************
Reviews data extraction for company_id: immopret.fr
*****************************************************************


company_id: immopret.fr  page: 1
company_id: immopret.fr  page: 2


Company data extraction time duration : 0.8640720844268799 seconds for 2 pages
Reviews Data extraction for company_id immopret.fr complete and saved to JSON.
*****************************************************************
Reviews data extraction for company_id: www.francescpi.com
*****************************************************************


company_id: www.francescpi.com  page: 1
company_id: www.francescpi.com  page: 2


Company data extraction time duration : 1.1752040386199951 seconds for 2 pages
Reviews Data extraction for company_id www.francescpi.com complete and saved to JSON.
*****************************************************************
Reviews data extraction for company_id: cofidis.pt
*****************************************************************


company_id: cofidis.pt  page: 1
company_id: cofidis.pt  page: 2


Company data extraction time duration : 0.9176697731018066 seconds for 2 pages
Reviews Data extraction for company_id cofidis.pt complete and saved to JSON.
*****************************************************************
Reviews data extraction for company_id: 01banque-en-ligne.fr
*****************************************************************


company_id: 01banque-en-ligne.fr  page: 1
company_id: 01banque-en-ligne.fr  page: 2


Company data extraction time duration : 0.8813800811767578 seconds for 2 pages
[2024-07-05T10:33:47.215+0000] {docker.py:436} INFO - Reviews Data extraction for company_id 01banque-en-ligne.fr complete and saved to JSON.
*****************************************************************
Reviews data extraction for company_id: green-got.com
*****************************************************************


company_id: green-got.com  page: 1
company_id: green-got.com  page: 2


Company data extraction time duration : 0.5862653255462646 seconds for 2 pages
Reviews Data extraction for company_id green-got.com complete and saved to JSON.
*****************************************************************
Reviews data extraction for company_id: bcfinance.fr
*****************************************************************


company_id: bcfinance.fr  page: 1
company_id: bcfinance.fr  page: 2


Company data extraction time duration : 1.386953353881836 seconds for 2 pages
Reviews Data extraction for company_id bcfinance.fr complete and saved to JSON.
*****************************************************************
Reviews data extraction for company_id: www.vybecard.com
*****************************************************************


company_id: www.vybecard.com  page: 1
company_id: www.vybecard.com  page: 2


Company data extraction time duration : 1.047264575958252 seconds for 2 pages
Reviews Data extraction for company_id www.vybecard.com complete and saved to JSON.
*****************************************************************
Reviews data extraction for company_id: kard.eu
*****************************************************************


company_id: kard.eu  page: 1
company_id: kard.eu  page: 2


Company data extraction time duration : 0.47446179389953613 seconds for 2 pages
Reviews Data extraction for company_id kard.eu complete and saved to JSON.
*****************************************************************
Reviews data extraction for company_id: www.lanef.com
*****************************************************************


company_id: www.lanef.com  page: 1
company_id: www.lanef.com  page: 2


Company data extraction time duration : 0.16994404792785645 seconds for 2 pages
Reviews Data extraction for company_id www.lanef.com complete and saved to JSON.
*****************************************************************
Reviews data extraction for company_id: britline.com
*****************************************************************


company_id: britline.com  page: 1
404 Client Error: Not Found for url: https://fr.trustpilot.com/review/britline.com?page=2&sort=recency
page_data = {'error': '404 Client Error: Not Found for url: https://fr.trustpilot.com/review/britline.com?page=2&sort=recency'}   False


Company data extraction time duration : 0.4395465850830078 seconds for 1 pages
Reviews Data extraction for company_id britline.com complete and saved to JSON.
*****************************************************************
Reviews data extraction for company_id: moneynow.fr
*****************************************************************


company_id: moneynow.fr  page: 1
404 Client Error: Not Found for url: https://fr.trustpilot.com/review/moneynow.fr?page=2&sort=recency
page_data = {'error': '404 Client Error: Not Found for url: https://fr.trustpilot.com/review/moneynow.fr?page=2&sort=recency'}   False


Company data extraction time duration : 0.6917483806610107 seconds for 1 pages
Reviews Data extraction for company_id moneynow.fr complete and saved to JSON.
*****************************************************************
Reviews data extraction for company_id: orangebank.fr
*****************************************************************


company_id: orangebank.fr  page: 1
company_id: orangebank.fr  page: 2


Company data extraction time duration : 0.8041155338287354 seconds for 2 pages
Reviews Data extraction for company_id orangebank.fr complete and saved to JSON.
*****************************************************************
Reviews data extraction for company_id: sumeria.eu
*****************************************************************


company_id: sumeria.eu  page: 1
company_id: sumeria.eu  page: 2


Company data extraction time duration : 0.6590116024017334 seconds for 2 pages
Reviews Data extraction for company_id sumeria.eu complete and saved to JSON.
*****************************************************************
Reviews data extraction for company_id: bpe.fr
*****************************************************************


company_id: bpe.fr  page: 1
company_id: bpe.fr  page: 2


Company data extraction time duration : 0.7921860218048096 seconds for 2 pages
Reviews Data extraction for company_id bpe.fr complete and saved to JSON.
*****************************************************************
Reviews data extraction for company_id: hellobank.fr
*****************************************************************


company_id: hellobank.fr  page: 1
company_id: hellobank.fr  page: 2


Company data extraction time duration : 0.9484033584594727 seconds for 2 pages
Reviews Data extraction for company_id hellobank.fr complete and saved to JSON.
*****************************************************************
Reviews data extraction for company_id: www.mafrenchbank.fr
*****************************************************************


company_id: www.mafrenchbank.fr  page: 1
company_id: www.mafrenchbank.fr  page: 2


Company data extraction time duration : 1.004925012588501 seconds for 2 pages
Reviews Data extraction for company_id www.mafrenchbank.fr complete and saved to JSON.
*****************************************************************
Reviews data extraction for company_id: floapay.com
*****************************************************************


company_id: floapay.com  page: 1
company_id: floapay.com  page: 2


Company data extraction time duration : 1.2471845149993896 seconds for 2 pages
Reviews Data extraction for company_id floapay.com complete and saved to JSON.
*****************************************************************
Reviews data extraction for company_id: connectbanque.com
*****************************************************************


company_id: connectbanque.com  page: 1
company_id: connectbanque.com  page: 2


Company data extraction time duration : 0.8603880405426025 seconds for 2 pages
Reviews Data extraction for company_id connectbanque.com complete and saved to JSON.
*****************************************************************
Reviews data extraction for company_id: idealpret.fr
*****************************************************************


company_id: idealpret.fr  page: 1
404 Client Error: Not Found for url: https://fr.trustpilot.com/review/idealpret.fr?page=2&sort=recency
page_data = {'error': '404 Client Error: Not Found for url: https://fr.trustpilot.com/review/idealpret.fr?page=2&sort=recency'}   False


Company data extraction time duration : 0.7146773338317871 seconds for 1 pages
Reviews Data extraction for company_id idealpret.fr complete and saved to JSON.
*****************************************************************
Reviews data extraction for company_id: sofinco.fr
*****************************************************************


company_id: sofinco.fr  page: 1
company_id: sofinco.fr  page: 2


Company data extraction time duration : 1.0247828960418701 seconds for 2 pages
Reviews Data extraction for company_id sofinco.fr complete and saved to JSON.
*****************************************************************
Reviews data extraction for company_id: changermabanque.com
*****************************************************************


company_id: changermabanque.com  page: 1
404 Client Error: Not Found for url: https://fr.trustpilot.com/review/changermabanque.com?page=2&sort=recency
page_data = {'error': '404 Client Error: Not Found for url: https://fr.trustpilot.com/review/changermabanque.com?page=2&sort=recency'}   False


Company data extraction time duration : 0.565812349319458 seconds for 1 pages
Reviews Data extraction for company_id changermabanque.com complete and saved to JSON.
*****************************************************************
Reviews data extraction for company_id: floabank.fr
[2024-07-05T10:33:50.252+0000] {docker.py:436} INFO - *****************************************************************


company_id: floabank.fr  page: 1
company_id: floabank.fr  page: 2


Company data extraction time duration : 0.896874189376831 seconds for 2 pages
Reviews Data extraction for company_id floabank.fr complete and saved to JSON.
*****************************************************************
Reviews data extraction for company_id: moneco.app
*****************************************************************


company_id: moneco.app  page: 1
company_id: moneco.app  page: 2


Company data extraction time duration : 0.7775189876556396 seconds for 2 pages
Reviews Data extraction for company_id moneco.app complete and saved to JSON.
*****************************************************************
Reviews data extraction for company_id: plusq1taux.com
*****************************************************************


company_id: plusq1taux.com  page: 1
404 Client Error: Not Found for url: https://fr.trustpilot.com/review/plusq1taux.com?page=2&sort=recency
page_data = {'error': '404 Client Error: Not Found for url: https://fr.trustpilot.com/review/plusq1taux.com?page=2&sort=recency'}   False


Company data extraction time duration : 0.7251055240631104 seconds for 1 pages
Reviews Data extraction for company_id plusq1taux.com complete and saved to JSON.
*****************************************************************
Reviews data extraction for company_id: onlyonecard.eu
*****************************************************************


company_id: onlyonecard.eu  page: 1
company_id: onlyonecard.eu  page: 2


Company data extraction time duration : 0.637169361114502 seconds for 2 pages
Reviews Data extraction for company_id onlyonecard.eu complete and saved to JSON.


===================================================================================
CompleteCompanies data extraction time duration : 33.86896371841431 seconds
Reviews data extraction for all companies ends
===================================================================================
[2024-07-05T10:33:50.465+0000] {taskinstance.py:441} INFO - ::group::Post task execution logs
[2024-07-05T10:33:50.484+0000] {taskinstance.py:1206} INFO - Marking task as SUCCESS. dag_id=prod_dag, task_id=run_scraping_docker, run_id=manual__2024-07-05T10:33:08.457469+00:00, execution_date=20240705T103308, start_date=20240705T103309, end_date=20240705T103350
[2024-07-05T10:33:50.502+0000] {local_task_job_runner.py:240} INFO - Task exited with return code 0
[2024-07-05T10:33:50.522+0000] {taskinstance.py:3503} INFO - 3 downstream tasks scheduled from follow-on schedule check
[2024-07-05T10:33:50.525+0000] {local_task_job_runner.py:222} INFO - ::endgroup::
