[2024-07-05T08:59:22.687+0000] {local_task_job_runner.py:120} INFO - ::group::Pre task execution logs
[2024-07-05T08:59:22.700+0000] {taskinstance.py:2076} INFO - Dependencies all met for dep_context=non-requeueable deps ti=<TaskInstance: prod_dag.fastapi manual__2024-07-05T08:58:40.136418+00:00 [queued]>
[2024-07-05T08:59:22.704+0000] {taskinstance.py:2076} INFO - Dependencies all met for dep_context=requeueable deps ti=<TaskInstance: prod_dag.fastapi manual__2024-07-05T08:58:40.136418+00:00 [queued]>
[2024-07-05T08:59:22.704+0000] {taskinstance.py:2306} INFO - Starting attempt 1 of 2
[2024-07-05T08:59:22.714+0000] {taskinstance.py:2330} INFO - Executing <Task(DockerOperator): fastapi> on 2024-07-05 08:58:40.136418+00:00
[2024-07-05T08:59:22.723+0000] {warnings.py:112} WARNING - /home/***/.local/lib/python3.12/site-packages/***/task/task_runner/standard_task_runner.py:61: DeprecationWarning: This process (pid=913) is multi-threaded, use of fork() may lead to deadlocks in the child.
  pid = os.fork()

[2024-07-05T08:59:22.724+0000] {standard_task_runner.py:63} INFO - Started process 914 to run task
[2024-07-05T08:59:22.724+0000] {standard_task_runner.py:90} INFO - Running: ['***', 'tasks', 'run', 'prod_dag', 'fastapi', 'manual__2024-07-05T08:58:40.136418+00:00', '--job-id', '328', '--raw', '--subdir', 'DAGS_FOLDER/DAG_prod.py', '--cfg-path', '/tmp/tmpyfcc24n8']
[2024-07-05T08:59:22.725+0000] {standard_task_runner.py:91} INFO - Job 328: Subtask fastapi
[2024-07-05T08:59:22.752+0000] {task_command.py:426} INFO - Running <TaskInstance: prod_dag.fastapi manual__2024-07-05T08:58:40.136418+00:00 [running]> on host 0babcc6ad8d9
[2024-07-05T08:59:22.811+0000] {taskinstance.py:2648} INFO - Exporting env vars: AIRFLOW_CTX_DAG_OWNER='***' AIRFLOW_CTX_DAG_ID='prod_dag' AIRFLOW_CTX_TASK_ID='fastapi' AIRFLOW_CTX_EXECUTION_DATE='2024-07-05T08:58:40.136418+00:00' AIRFLOW_CTX_TRY_NUMBER='1' AIRFLOW_CTX_DAG_RUN_ID='manual__2024-07-05T08:58:40.136418+00:00'
[2024-07-05T08:59:22.811+0000] {taskinstance.py:430} INFO - ::endgroup::
[2024-07-05T08:59:22.828+0000] {docker.py:366} INFO - Starting docker container from image curlimages/curl:latest
[2024-07-05T08:59:22.830+0000] {docker.py:374} WARNING - Using remote engine or docker-in-docker and mounting temporary volume from host is not supported. Falling back to `mount_tmp_dir=False` mode. You can set `mount_tmp_dir` parameter to False to disable mounting and remove the warning
[2024-07-05T08:59:23.110+0000] {docker.py:436} INFO - % Total    % Received % Xferd  Average Speed   Time    Time     Time  Current
                                 D
[2024-07-05T08:59:23.110+0000] {docker.py:436} INFO - load  Upload   Total   Spent
[2024-07-05T08:59:23.111+0000] {docker.py:436} INFO - Left  S
[2024-07-05T08:59:23.111+0000] {docker.py:436} INFO - peed
[2024-07-05T08:59:23.111+0000] {docker.py:436} INFO - 0
[2024-07-05T08:59:23.111+0000] {docker.py:436} INFO - 0
[2024-07-05T08:59:23.111+0000] {docker.py:436} INFO - 0     0
[2024-07-05T08:59:23.111+0000] {docker.py:436} INFO - 0
[2024-07-05T08:59:23.111+0000] {docker.py:436} INFO - 0
[2024-07-05T08:59:23.111+0000] {docker.py:436} INFO - 0      0 --
[2024-07-05T08:59:23.111+0000] {docker.py:436} INFO - :--:-- -
[2024-07-05T08:59:23.111+0000] {docker.py:436} INFO - -:--:
[2024-07-05T08:59:23.112+0000] {docker.py:436} INFO - -- --:--:--     0
[2024-07-05T08:59:24.102+0000] {docker.py:436} INFO - 100     2    0     0  100     2      0      1  0:00:02  0:00:01  0:00:01     1
[2024-07-05T08:59:25.104+0000] {docker.py:436} INFO - 100     2    0     0    0     2      0      0 --:--:--  0:00:02 --:--:--     0
[2024-07-05T08:59:26.105+0000] {docker.py:436} INFO - 100     2    0     0    0     2      0      0 --:--:--  0:00:03 --:--:--     0
[2024-07-05T08:59:27.105+0000] {docker.py:436} INFO - 100     2    0     0    0     2      0      0 --:--:--  0:00:04 --:--:--     0
[2024-07-05T08:59:28.106+0000] {docker.py:436} INFO - 100     2    0     0    0     2      0      0 --:--:--  0:00:05 --:--:--     0
[2024-07-05T08:59:29.108+0000] {docker.py:436} INFO - 100     2    0     0    0     2      0      0 --:--:--  0:00:06 --:--:--     0
[2024-07-05T08:59:30.108+0000] {docker.py:436} INFO - 100     2    0     0    0     2      0      0 --:--:--  0:00:07 --:--
[2024-07-05T08:59:30.109+0000] {docker.py:436} INFO - :--     0
[2024-07-05T08:59:31.110+0000] {docker.py:436} INFO - 100     2    0     0    0     2      0      0 --:--:--  0:00:08 --:--:--     0
[2024-07-05T08:59:32.114+0000] {docker.py:436} INFO - 100     2    0     0    0     2      0      0 --:--:--  0:00:09 --:--:--     0
[2024-07-05T08:59:33.115+0000] {docker.py:436} INFO - 100     2    0     0    0     2      0      0 --:--:--  0:00:10 --:--:--     0
[2024-07-05T08:59:34.115+0000] {docker.py:436} INFO - 100     2    0     0    0     2      0      0 --:--:--  0:00:11 --:--:--     0
[2024-07-05T08:59:35.117+0000] {docker.py:436} INFO - 100     2    0     0    0     2      0      0 --:--:--  0:00:12 --:--:--     0
[2024-07-05T08:59:36.120+0000] {docker.py:436} INFO - 100     2    0     0    0     2      0      0 --:--:--  0:00:13 --:--:--     0
[2024-07-05T08:59:37.119+0000] {docker.py:436} INFO - 100     2    0     0    0     2      0      0 --:--:--  0:00:14 --:--:--     0
[2024-07-05T08:59:38.120+0000] {docker.py:436} INFO - 100     2    0     0    0     2      0      0 --:--:--  0:00:15 --:--:--     0
[2024-07-05T08:59:39.121+0000] {docker.py:436} INFO - 100     2    0     0    0     2      0      0 --:--:--  0:00:16 --:--:--     0
[2024-07-05T08:59:40.122+0000] {docker.py:436} INFO - 100     2    0     0    0     2      0      0 --:--:--  0:00:17 --:--:--     0
[2024-07-05T08:59:41.122+0000] {docker.py:436} INFO - 100     2    0     0    0     2      0      0 --:--:--  0:00:18 --:--:--     0
[2024-07-05T08:59:42.124+0000] {docker.py:436} INFO - 100     2    0     0    0     2      0      0 --:--:--  0:00:19 --:--:--     0
[2024-07-05T08:59:43.125+0000] {docker.py:436} INFO - 100     2    0     0    0     2      0      0 --:--:--  0:00:20 --:--:--     0
[2024-07-05T08:59:44.126+0000] {docker.py:436} INFO - 100     2    0     0    0     2      0      0 --:--:--  0:00:21 --:--:--     0
[2024-07-05T08:59:45.126+0000] {docker.py:436} INFO - 100     2    0     0    0     2      0      0 --:--:--  0:00:22 --:--:--
[2024-07-05T08:59:45.127+0000] {docker.py:436} INFO - 0
[2024-07-05T08:59:46.128+0000] {docker.py:436} INFO - 100     2    0     0    0     2      0      0 --:--:--  0:00:23 --:--:--     0
[2024-07-05T08:59:47.129+0000] {docker.py:436} INFO - 100     2    0     0    0     2      0      0 --:--:--  0:00:24 --:--:--     0
[2024-07-05T08:59:48.130+0000] {docker.py:436} INFO - 100     2    0     0    0     2      0      0 --:--:--  0:00:25 --:--:--     0
[2024-07-05T08:59:49.130+0000] {docker.py:436} INFO - 100     2    0     0    0     2      0      0 --:--:--  0:00:26 --:--:--     0
[2024-07-05T08:59:50.131+0000] {docker.py:436} INFO - 100     2    0     0    0     2      0      0 --:
[2024-07-05T08:59:50.132+0000] {docker.py:436} INFO - --:--  0:00:27 --:
[2024-07-05T08:59:50.132+0000] {docker.py:436} INFO - -
[2024-07-05T08:59:50.132+0000] {docker.py:436} INFO - -:--     0
[2024-07-05T08:59:51.132+0000] {docker.py:436} INFO - 100     2    0     0    0     2      0      0 --:--:--  0:00:28 --:--:--     0
[2024-07-05T08:59:52.133+0000] {docker.py:436} INFO - 100     2    0     0    0     2      0      0 --:--:--  0:00:29 --:--:--     0
[2024-07-05T08:59:53.135+0000] {docker.py:436} INFO - 100     2    0     0    0     2      0      0 --:--:--  0:00:30 --:--:--     0
[2024-07-05T08:59:54.135+0000] {docker.py:436} INFO - 100     2    0     0    0     2      0      0 --:--:--  0:00:31 --:--:--     0
[2024-07-05T08:59:55.137+0000] {docker.py:436} INFO - 100     2    0     0    0     2      0      0 --:--:--  0:00:32 --:--:--     0
[2024-07-05T08:59:56.138+0000] {docker.py:436} INFO - 100     2    0     0    0     2      0      0 --:--:--  0:00:33 --:--:--     0
[2024-07-05T08:59:57.138+0000] {docker.py:436} INFO - 100     2    0     0    0     2      0      0 --:--:--  0:00:34 --:--:--     0
[2024-07-05T08:59:58.140+0000] {docker.py:436} INFO - 100     2    0     0    0     2      0      0 --:--:--  0:00:35 --:--:--     0
[2024-07-05T08:59:59.141+0000] {docker.py:436} INFO - 100     2    0     0    0     2      0      0 --:--:--  0:00:36 --:--:--     0
[2024-07-05T09:00:00.142+0000] {docker.py:436} INFO - 100     2    0     0    0     2      0      0 --:--:--  0:00:37 --:--:--     0
[2024-07-05T09:00:01.143+0000] {docker.py:436} INFO - 100     2    0     0    0     2      0      0 --:--:--  0:00:38 --:--:--     0
[2024-07-05T09:00:02.147+0000] {docker.py:436} INFO - 100     2    0     0    0     2      0      0 --:--:--  0:00:39 --:--:--     0
[2024-07-05T09:00:03.148+0000] {docker.py:436} INFO - 100     2    0     0    0     2      0      0 --:--:--  0:00:40 --:--:--     0
[2024-07-05T09:00:04.149+0000] {docker.py:436} INFO - 100     2    0     0    0     2      0      0 --:--:--  0:00:41 --:--:--     0
[2024-07-05T09:00:05.149+0000] {docker.py:436} INFO - 100     2    0     0    0     2      0      0 --:--:--  0:00:42 --:--:--
[2024-07-05T09:00:05.150+0000] {docker.py:436} INFO - 0
[2024-07-05T09:00:06.151+0000] {docker.py:436} INFO - 100     2    0     0    0     2      0      0 --:--:--  0:00:43 --:--:--     0
[2024-07-05T09:00:07.152+0000] {docker.py:436} INFO - 100     2    0     0    0     2      0      0 --:--:--  0:00:44 --:--:--     0
[2024-07-05T09:00:08.153+0000] {docker.py:436} INFO - 100     2    0     0    0     2      0      0 --:--:--  0:00:45 --:--:--     0
[2024-07-05T09:00:09.154+0000] {docker.py:436} INFO - 100     2    0     0    0     2      0      0 --:--:--  0:00:46 --:--:--     0
[2024-07-05T09:00:10.155+0000] {docker.py:436} INFO - 100     2    0     0    0     2      0      0 --:--:--  0:00:47 --:--:--     0
[2024-07-05T09:00:11.156+0000] {docker.py:436} INFO - 100     2    0     0    0     2      0      0 --:--:--  0:00:48 --:--:--     0
[2024-07-05T09:00:12.157+0000] {docker.py:436} INFO - 100     2    0     0    0     2      0      0 --:--:--  0:00:49 --:--:--     0
[2024-07-05T09:00:13.158+0000] {docker.py:436} INFO - 100     2    0     0    0     2      0      0 --:--:--  0:00:50 --:--:--     0
[2024-07-05T09:00:14.159+0000] {docker.py:436} INFO - 100     2    0     0    0     2      0      0 --:--:--  0:00:51 --:--:--     0
[2024-07-05T09:00:15.159+0000] {docker.py:436} INFO - 100     2    0     0    0     2      0      0 --:--:--  0:00:52 --:--:--     0
[2024-07-05T09:00:16.161+0000] {docker.py:436} INFO - 100     2    0     0    0     2      0      0 --:--:--  0:00:53 --:--:--     0
[2024-07-05T09:00:17.162+0000] {docker.py:436} INFO - 100     2    0     0    0     2      0      0 --:--:--  0:00:54 --:--:--     0
[2024-07-05T09:00:18.165+0000] {docker.py:436} INFO - 100     2    0     0    0     2      0      0 --:--:--  0:00:55 --:--:--     0
[2024-07-05T09:00:19.166+0000] {docker.py:436} INFO - 100     2    0     0    0     2      0      0 --:--:--  0:00:56 --:--:--     0
[2024-07-05T09:00:20.167+0000] {docker.py:436} INFO - 100     2    0     0    0     2      0      0 --:--:--  0:00:57 --:--:--     0
[2024-07-05T09:00:21.167+0000] {docker.py:436} INFO - 100     2    0     0    0     2      0      0 --:--:--  0:00:58 --:--:--     0
[2024-07-05T09:00:22.169+0000] {docker.py:436} INFO - 100     2    0     0    0     2      0      0 --:--:--  0:00:59 --:--:--     0
[2024-07-05T09:00:23.170+0000] {docker.py:436} INFO - 100     2    0     0    0     2      0      0 --:--:--  0:01:00 --:--:--     0
[2024-07-05T09:00:24.171+0000] {docker.py:436} INFO - 100     2    0     0    0     2      0      0 --:--:--  0:01:01 --:--:--     0
[2024-07-05T09:00:25.172+0000] {docker.py:436} INFO - 100     2    0     0    0     2      0      0 --:--:--  0:01:02 --:--:--     0
[2024-07-05T09:00:26.173+0000] {docker.py:436} INFO - 100     2    0     0    0     2      0      0 --:--:--  0:01:03 --:--:--     0
[2024-07-05T09:00:27.173+0000] {docker.py:436} INFO - 100     2    0     0    0     2      0      0 --:--:--  0:01:04 --:--:--     0
[2024-07-05T09:00:28.176+0000] {docker.py:436} INFO - 100     2    0     0    0     2      0      0 --:--:--  0:01:05 --:--:--     0
[2024-07-05T09:00:29.176+0000] {docker.py:436} INFO - 100     2    0     0    0     2      0      0 --:--:--  0:01:06 --:--:--     0
[2024-07-05T09:00:30.177+0000] {docker.py:436} INFO - 100     2    0     0    0     2      0      0 --:--:--  0:01:07 --:--:--     0
[2024-07-05T09:00:31.177+0000] {docker.py:436} INFO - 100     2    0     0    0     2      0      0 --:--:--  0:01:08 --:--:--     0
[2024-07-05T09:00:32.179+0000] {docker.py:436} INFO - 100     2    0     0    0     2      0      0 --:--:--  0:01:09 --:--:--     0
[2024-07-05T09:00:33.180+0000] {docker.py:436} INFO - 100     2    0     0    0     2      0      0 --:--:--  0:01:10 --:--:--     0
[2024-07-05T09:00:34.181+0000] {docker.py:436} INFO - 100     2    0     0    0     2      0      0 --:--:--  0:01:11 --:--:--     0
[2024-07-05T09:00:35.182+0000] {docker.py:436} INFO - 100     2    0     0    0     2      0      0 --:--:--  0:01:12 --:--:--     0
[2024-07-05T09:00:36.184+0000] {docker.py:436} INFO - 100     2    0     0    0     2      0      0 --:--:--  0:01:13 --:--:--     0
[2024-07-05T09:00:37.184+0000] {docker.py:436} INFO - 100     2    0     0    0     2      0      0 --:--:--  0:01:14 --:--:--     0
[2024-07-05T09:00:38.185+0000] {docker.py:436} INFO - 100     2    0     0    0     2      0      0 --:--:--  0:01:15 --:--:--     0
[2024-07-05T09:00:39.186+0000] {docker.py:436} INFO - 100     2    0     0    0     2      0      0 --:--:--  0:01:16 --:--:--     0
[2024-07-05T09:00:40.186+0000] {docker.py:436} INFO - 100     2    0     0    0     2      0      0 --:--:--  0:01:17 --:--:--     0
[2024-07-05T09:00:41.187+0000] {docker.py:436} INFO - 100     2    0     0    0     2      0      0 --:--:--  0:01:18 --:--:--     0
[2024-07-05T09:00:42.189+0000] {docker.py:436} INFO - 100     2    0     0    0     2      0      0 --:--:--  0:01:19 --:--:--     0
[2024-07-05T09:00:43.189+0000] {docker.py:436} INFO - 100     2    0     0    0     2      0      0 --:--:--  0:01:20 --:--:--
[2024-07-05T09:00:43.190+0000] {docker.py:436} INFO - 0
[2024-07-05T09:00:44.191+0000] {docker.py:436} INFO - 100     2    0     0    0     2      0      0 --:--:--  0:01:21 --:--:--     0
[2024-07-05T09:00:45.195+0000] {docker.py:436} INFO - 100     2    0     0    0     2      0      0 --:--:--  0:01:22 --:--:--     0
[2024-07-05T09:00:46.195+0000] {docker.py:436} INFO - 100     2    0     0    0     2      0      0 --:--:--  0:01:23 --:--:--     0
[2024-07-05T09:00:47.197+0000] {docker.py:436} INFO - 100     2    0     0    0     2      0      0 --:--:--  0:01:24 --:--:--     0
[2024-07-05T09:00:48.199+0000] {docker.py:436} INFO - 100     2    0     0    0     2      0      0 --:--:--  0:01:25 --:--:--     0
[2024-07-05T09:00:49.200+0000] {docker.py:436} INFO - 100     2    0     0    0     2      0      0 --:--:--  0:01:26 --:--:--     0
[2024-07-05T09:00:50.201+0000] {docker.py:436} INFO - 100     2    0     0    0     2      0      0 --:--:--  0:01:27 --:--:--     0
[2024-07-05T09:00:51.202+0000] {docker.py:436} INFO - 100     2    0     0    0     2      0      0 --:--:--  0:01:28 --:--:--     0
[2024-07-05T09:00:52.203+0000] {docker.py:436} INFO - 100     2    0     0    0     2      0      0 --:--:--  0:01:29 --:--:--     0
[2024-07-05T09:00:53.204+0000] {docker.py:436} INFO - 100     2    0     0    0     2      0      0 --:--:--  0:01:30 --:--:--     0
[2024-07-05T09:00:54.213+0000] {docker.py:436} INFO - 100     2    0     0    0     2      0      0 --:--:--  0:01:31 --:--:--     0
[2024-07-05T09:00:55.214+0000] {docker.py:436} INFO - 100     2    0     0    0     2      0      0 --:--:--  0:01:32 --:--:--     0
[2024-07-05T09:00:56.218+0000] {docker.py:436} INFO - 100     2    0     0    0     2      0      0 --:--:--  0:01:33 --:--:--     0
[2024-07-05T09:00:57.218+0000] {docker.py:436} INFO - 100     2    0     0    0     2      0      0 --:--:--  0:01:34 --:--:--     0
[2024-07-05T09:00:58.219+0000] {docker.py:436} INFO - 100     2    0     0    0     2      0      0 --:--:--  0:01:35 --:--:--     0
[2024-07-05T09:00:59.219+0000] {docker.py:436} INFO - 100     2    0     0    0     2      0      0 --:--:--  0:01:36 --:--:--     0
[2024-07-05T09:01:00.220+0000] {docker.py:436} INFO - 100     2    0     0    0     2      0      0 --:--:--  0:01:37 --:--:--     0
[2024-07-05T09:01:01.222+0000] {docker.py:436} INFO - 100     2    0     0    0     2      0      0 --:--:--  0:01:38 --:--:--     0
[2024-07-05T09:01:02.223+0000] {docker.py:436} INFO - 100     2    0     0    0     2      0      0 --:--:--  0:01:39 --:--:--     0
[2024-07-05T09:01:03.224+0000] {docker.py:436} INFO - 100     2    0     0    0     2      0      0 --:--:--  0:01:40 --:--:--     0
[2024-07-05T09:01:04.225+0000] {docker.py:436} INFO - 100     2    0     0    0     2      0      0 --:--:--  0:01:41 --:--:--     0
[2024-07-05T09:01:05.226+0000] {docker.py:436} INFO - 100     2    0     0    0     2      0      0 --:--:--  0:01:42 --:--:--     0
[2024-07-05T09:01:06.227+0000] {docker.py:436} INFO - 100     2    0     0    0     2      0      0 --:--:--  0:01:43 --:--:--     0
[2024-07-05T09:01:07.227+0000] {docker.py:436} INFO - 100     2    0     0    0     2      0      0 --:--:--  0:01
[2024-07-05T09:01:07.228+0000] {docker.py:436} INFO - :44 --:--:--     0
[2024-07-05T09:01:08.236+0000] {docker.py:436} INFO - 100     2    0     0    0     2      0      0 --:--:--  0:01:45 --:--:--     0
[2024-07-05T09:01:09.235+0000] {docker.py:436} INFO - 100     2    0     0    0     2      0      0 --:--:--  0:01:46 --:--:--     0
[2024-07-05T09:01:10.236+0000] {docker.py:436} INFO - 100     2    0     0    0     2      0      0 --:--:--  0:01:47 --:--:--     0
[2024-07-05T09:01:11.236+0000] {docker.py:436} INFO - 100     2    0     0    0     2      0      0 --:--:--  0:01:48 --:--:--     0
[2024-07-05T09:01:12.237+0000] {docker.py:436} INFO - 100     2    0     0    0     2      0      0 --:--:--  0:01:49 --:--:--     0
[2024-07-05T09:01:13.239+0000] {docker.py:436} INFO - 100     2    0     0    0     2      0      0 --:--:--  0:01:50 --:--:--     0
[2024-07-05T09:01:14.240+0000] {docker.py:436} INFO - 100     2    0     0    0     2      0      0 --:--:--  0:01:51 --:--:--     0
[2024-07-05T09:01:15.241+0000] {docker.py:436} INFO - 100     2    0     0    0     2      0      0 --:--:--  0:01:52 --:--:--     0
[2024-07-05T09:01:16.252+0000] {docker.py:436} INFO - 100     2    0     0    0     2      0      0 --:--:--  0:01:53 --:--:--     0
[2024-07-05T09:01:17.243+0000] {docker.py:436} INFO - 100     2    0     0    0     2      0      0 --:--:--  0:01:54 --:--:--     0
[2024-07-05T09:01:18.244+0000] {docker.py:436} INFO - 100     2    0     0    0     2      0      0 --:--:--  0:01:55 --:--:--     0
[2024-07-05T09:01:19.245+0000] {docker.py:436} INFO - 100     2    0     0    0     2      0      0 --:--:--  0:01:56 --:--:--     0
[2024-07-05T09:01:20.249+0000] {docker.py:436} INFO - 100     2    0     0    0     2      0      0 --:--:--  0:01:57 --:--:--     0
[2024-07-05T09:01:21.251+0000] {docker.py:436} INFO - 100     2    0     0    0     2      0      0 --:--:--  0:01:58 --:--:--     0
[2024-07-05T09:01:22.251+0000] {docker.py:436} INFO - 100     2    0     0    0     2      0      0 --:--:--  0:01:59 --:--:--     0
[2024-07-05T09:01:23.252+0000] {docker.py:436} INFO - 100     2    0     0    0     2      0      0 --:--:--  0:02:00 --:--:--     0
[2024-07-05T09:01:24.253+0000] {docker.py:436} INFO - 100     2    0     0    0     2      0      0 --:--:--  0:02:01 --:--:--     0
[2024-07-05T09:01:25.254+0000] {docker.py:436} INFO - 100     2    0     0    0     2      0      0 --:--:--  0:02:02 --:--:--     0
[2024-07-05T09:01:26.255+0000] {docker.py:436} INFO - 100     2    0     0    0     2      0      0 --:--:--  0:02:03 --:--:--     0
[2024-07-05T09:01:27.256+0000] {docker.py:436} INFO - 100     2    0     0    0     2      0      0 --:--:--  0:02:04 --:--:--     0
[2024-07-05T09:01:28.257+0000] {docker.py:436} INFO - 100     2    0     0    0     2      0      0 --:--:--  0:02:05 --:--:--     0
[2024-07-05T09:01:29.258+0000] {docker.py:436} INFO - 100     2    0     0    0     2      0      0 --:--:--  0:02:06 --:--:--     0
[2024-07-05T09:01:30.258+0000] {docker.py:436} INFO - 100     2    0     0    0     2      0      0 --:--:--  0:02:07 --:--:--     0
[2024-07-05T09:01:31.261+0000] {docker.py:436} INFO - 100     2    0     0    0     2      0      0 --:--:--  0:02:08 --:--:--     0
[2024-07-05T09:01:32.260+0000] {docker.py:436} INFO - 100     2    0     0    0     2      0      0 --:--:--  0:02:09 --:--:--     0
[2024-07-05T09:01:33.261+0000] {docker.py:436} INFO - 100     2    0     0    0     2      0      0 --:--:--  0:02:10 --:--:--     0
[2024-07-05T09:01:34.262+0000] {docker.py:436} INFO - 100     2    0     0    0     2      0      0 --:--:--  0:02:11 --:--:--     0
[2024-07-05T09:01:35.263+0000] {docker.py:436} INFO - 100     2    0     0    0     2      0      0 --:--:--  0:02:12 --:--:--
[2024-07-05T09:01:35.264+0000] {docker.py:436} INFO - 0
[2024-07-05T09:01:36.270+0000] {docker.py:436} INFO - 100     2    0     0    0     2      0      0 --:--:--  0:02:13 --:--:--     0
[2024-07-05T09:01:37.266+0000] {docker.py:436} INFO - 100     2    0     0    0     2      0      0 --:--:--  0:02:14 --:--:--     0
[2024-07-05T09:01:38.266+0000] {docker.py:436} INFO - 100     2    0     0    0     2      0      0 --:--:--  0:02:15 --:--:--     0
[2024-07-05T09:01:39.268+0000] {docker.py:436} INFO - 100     2    0     0    0     2      0      0 --:--:--  0:02:16 --:--:--     0
[2024-07-05T09:01:40.268+0000] {docker.py:436} INFO - 100     2    0     0    0     2      0      0 --:--:--  0:02:17 --:--:--     0
[2024-07-05T09:01:41.270+0000] {docker.py:436} INFO - 100     2    0     0    0     2      0      0 --:--:--  0:02:18 --:--:--     0
[2024-07-05T09:01:42.271+0000] {docker.py:436} INFO - 100     2    0     0    0     2      0      0 --:--:--  0:02:19 --:--:--     0
[2024-07-05T09:01:43.271+0000] {docker.py:436} INFO - 100     2    0     0    0     2      0      0 --:--:--  0:02:20 --:--:--     0
[2024-07-05T09:01:44.273+0000] {docker.py:436} INFO - 100     2    0     0    0     2      0      0 --:--:--  0:02:21 --:--:--     0
[2024-07-05T09:01:45.274+0000] {docker.py:436} INFO - 100     2    0     0    0     2      0      0 --:--:--  0:02:22 --:--:--     0
[2024-07-05T09:01:46.275+0000] {docker.py:436} INFO - 100     2    0     0    0     2      0      0 --:--:--  0:02:23 --:--:--     0
[2024-07-05T09:01:47.276+0000] {docker.py:436} INFO - 100     2    0     0    0     2      0      0 --:--:--  0:02:24 --:--:--     0
[2024-07-05T09:01:48.277+0000] {docker.py:436} INFO - 100     2    0     0    0     2      0      0 --:--:--  0:02:25 --:--:--     0
[2024-07-05T09:01:49.278+0000] {docker.py:436} INFO - 100     2    0     0    0     2      0      0 --:--:--  0:02:26 --:--:--     0
[2024-07-05T09:01:50.279+0000] {docker.py:436} INFO - 100     2    0     0    0     2      0      0 --:--:--  0:02:27 --:--:--     0
[2024-07-05T09:01:51.280+0000] {docker.py:436} INFO - 100     2    0     0    0     2      0      0 --:--:--  0:02:28 --:--:--     0
[2024-07-05T09:01:52.280+0000] {docker.py:436} INFO - 100     2    0     0    0     2      0      0 --:--:--  0:02:29 --:--:--     0
[2024-07-05T09:01:53.282+0000] {docker.py:436} INFO - 100     2    0     0    0     2      0      0 --:--:--  0:02:30 --:--:--     0
[2024-07-05T09:01:54.283+0000] {docker.py:436} INFO - 100     2    0     0    0     2      0      0 --:--:--  0:02:31 --:--:--     0
[2024-07-05T09:01:55.285+0000] {docker.py:436} INFO - 100     2    0     0    0     2      0      0 --:--:--  0:02:32 --:--:--     0
[2024-07-05T09:01:56.292+0000] {docker.py:436} INFO - 100     2    0     0    0     2      0      0 --:--:--  0:02:33 --:--:--     0
[2024-07-05T09:01:57.285+0000] {docker.py:436} INFO - 100     2    0     0    0     2      0      0 --:--:--  0:02:34 --:--:--     0
[2024-07-05T09:01:58.287+0000] {docker.py:436} INFO - 100     2    0     0    0     2      0      0 --:--:--  0:02:35 --:--:--     0
[2024-07-05T09:01:59.287+0000] {docker.py:436} INFO - 100     2    0     0    0     2      0      0 --:--:--  0:02:36 --:--:--     0
[2024-07-05T09:02:00.289+0000] {docker.py:436} INFO - 100     2    0     0    0     2      0      0 --:--:--  0:02:37 --:--:--     0
[2024-07-05T09:02:01.290+0000] {docker.py:436} INFO - 100     2    0     0    0     2      0      0 --:--:--  0:02:38 --:--:--     0
[2024-07-05T09:02:02.291+0000] {docker.py:436} INFO - 100     2    0     0    0     2      0      0 --:--:--  0:02:39 --:--:--     0
[2024-07-05T09:02:03.291+0000] {docker.py:436} INFO - 100     2    0     0    0     2      0      0 --:--:--  0:02:40 --:--:--     0
[2024-07-05T09:02:04.292+0000] {docker.py:436} INFO - 100     2    0     0    0     2      0      0 --:--:--  0:02:4
[2024-07-05T09:02:04.293+0000] {docker.py:436} INFO - 1 --:--:--     0
[2024-07-05T09:02:05.294+0000] {docker.py:436} INFO - 100     2    0     0    0     2      0      0 --:--:--  0:02:42 --:--:--     0
[2024-07-05T09:02:06.294+0000] {docker.py:436} INFO - 100     2    0     0    0     2      0      0 --:--:--  0:02:43 --:--:--     0
[2024-07-05T09:02:07.296+0000] {docker.py:436} INFO - 100     2    0     0    0     2      0      0 --:--:--  0:02:44 --:--:--     0
[2024-07-05T09:02:08.297+0000] {docker.py:436} INFO - 100     2    0     0    0     2      0      0 --:--:--  0:02:45 --:--:--     0
[2024-07-05T09:02:09.298+0000] {docker.py:436} INFO - 100     2    0     0    0     2      0      0 --:--:--  0:02:46 --:--:--     0
[2024-07-05T09:02:10.298+0000] {docker.py:436} INFO - 100     2    0     0    0     2      0      0 --:--:--  0:02:47 --:--:--     0
[2024-07-05T09:02:11.299+0000] {docker.py:436} INFO - 100     2    0     0    0     2      0      0 --:--:--  0:02:48 --:--:--     0
[2024-07-05T09:02:12.300+0000] {docker.py:436} INFO - 100     2    0     0    0     2      0      0 --:--:--  0:02:49 --:--:--     0
[2024-07-05T09:02:13.300+0000] {docker.py:436} INFO - 100     2    0     0    0     2      0      0 --:--:--  0:02:50 --:--:--     0
[2024-07-05T09:02:14.301+0000] {docker.py:436} INFO - 100     2    0     0    0     2      0      0 --:--:--  0:02:51 --:--:--     0
[2024-07-05T09:02:15.303+0000] {docker.py:436} INFO - 100     2    0     0    0     2      0      0 --:--:--  0:02:52 --:--:--     0
[2024-07-05T09:02:16.304+0000] {docker.py:436} INFO - 100     2    0     0    0     2      0      0 --:--:--  0:02:53 --:--:--     0
[2024-07-05T09:02:17.305+0000] {docker.py:436} INFO - 100     2    0     0    0     2      0      0 --:--:--  0:02:54 --:--:--     0
[2024-07-05T09:02:18.306+0000] {docker.py:436} INFO - 100     2    0     0    0     2      0      0 --:--:--  0:02:55 --:--:--     0
[2024-07-05T09:02:19.307+0000] {docker.py:436} INFO - 100     2    0     0    0     2      0      0 --:--:--  0:02:56 --:--:--     0
[2024-07-05T09:02:20.308+0000] {docker.py:436} INFO - 100     2    0     0    0     2      0      0 --:--:--  0:02:57 --:--:--     0
[2024-07-05T09:02:21.309+0000] {docker.py:436} INFO - 100     2    0     0    0     2      0      0 --:--:--  0:02:58 --:--:--     0
[2024-07-05T09:02:22.310+0000] {docker.py:436} INFO - 100     2    0     0    0     2      0      0 --:--:--  0:02:59 --:--:--     0
[2024-07-05T09:02:23.310+0000] {docker.py:436} INFO - 100     2    0     0    0     2      0      0
[2024-07-05T09:02:23.311+0000] {docker.py:436} INFO - --:--:--
[2024-07-05T09:02:23.311+0000] {docker.py:436} INFO - 0:0
[2024-07-05T09:02:23.311+0000] {docker.py:436} INFO - 3
[2024-07-05T09:02:23.311+0000] {docker.py:436} INFO - :0
[2024-07-05T09:02:23.311+0000] {docker.py:436} INFO - 0
[2024-07-05T09:02:23.311+0000] {docker.py:436} INFO - -
[2024-07-05T09:02:23.311+0000] {docker.py:436} INFO - -:-
[2024-07-05T09:02:23.311+0000] {docker.py:436} INFO - -:--     0
[2024-07-05T09:02:24.312+0000] {docker.py:436} INFO - 100     2    0     0    0     2      0      0 --:--:--  0:03:01 --:--:--     0
[2024-07-05T09:02:25.312+0000] {docker.py:436} INFO - 100     2    0     0    0     2      0      0 --:--:--  0:03:02 --:--:--     0
[2024-07-05T09:02:26.313+0000] {docker.py:436} INFO - 100     2    0     0    0     2      0      0 --:--:--  0:03:03 --:--:--     0
[2024-07-05T09:02:27.315+0000] {docker.py:436} INFO - 100     2    0     0    0     2      0      0 --:--:--  0:03:04 --:--:--     0
[2024-07-05T09:02:28.316+0000] {docker.py:436} INFO - 100     2    0     0    0     2      0      0 --:--:--  0:03:05 --:--:--     0
[2024-07-05T09:02:29.317+0000] {docker.py:436} INFO - 100     2    0     0    0     2      0      0 --:--:--  0:03:06 --:--:--     0
[2024-07-05T09:02:30.317+0000] {docker.py:436} INFO - 100     2    0     0    0     2      0      0 --:--:--  0:03:07 --:--:--     0
[2024-07-05T09:02:31.319+0000] {docker.py:436} INFO - 100     2    0     0    0     2      0      0 --:--:--  0:03:08 --:--:--     0
[2024-07-05T09:02:32.319+0000] {docker.py:436} INFO - 100     2    0     0    0     2      0      0 --:--:--  0:03:09 --:--:--     0
[2024-07-05T09:02:33.321+0000] {docker.py:436} INFO - 100     2    0     0    0     2      0      0 --:--:--  0:03:10 --:--:--     0
[2024-07-05T09:02:34.321+0000] {docker.py:436} INFO - 100     2    0     0    0     2      0      0 --:--:--  0:03:11 --:--:--     0
[2024-07-05T09:02:35.322+0000] {docker.py:436} INFO - 100     2    0     0    0     2      0      0 --:--:--  0:03:12 --:--:--     0
[2024-07-05T09:02:36.325+0000] {docker.py:436} INFO - 100     2    0     0    0     2      0      0 --:--:--  0:03:13 --:--:--     0
[2024-07-05T09:02:37.324+0000] {docker.py:436} INFO - 100     2    0     0    0     2      0      0 --:--:--  0:03:14 --:--:--
[2024-07-05T09:02:37.325+0000] {docker.py:436} INFO - 0
[2024-07-05T09:02:38.326+0000] {docker.py:436} INFO - 100     2    0     0    0     2      0      0 --:--:--  0:03:15 --:--:--     0
[2024-07-05T09:02:39.327+0000] {docker.py:436} INFO - 100     2    0     0    0     2      0      0 --:--:--  0:03:16 --:--:--     0
[2024-07-05T09:02:40.327+0000] {docker.py:436} INFO - 100     2    0     0    0     2      0      0 --:--:--  0:03:17 --:--:--     0
[2024-07-05T09:02:41.329+0000] {docker.py:436} INFO - 100     2    0     0    0     2      0      0 --:--:--  0:03:18 --:--:--     0
[2024-07-05T09:02:42.329+0000] {docker.py:436} INFO - 100     2    0     0    0     2      0      0 --:--:--  0:03:19 --:--:--     0
[2024-07-05T09:02:43.331+0000] {docker.py:436} INFO - 100     2    0     0    0     2      0      0 --:--:--  0:03:20 --:--:--     0
[2024-07-05T09:02:44.332+0000] {docker.py:436} INFO - 100     2    0     0    0     2      0      0 --:--:--  0:03:21 --:--:--     0
[2024-07-05T09:02:45.332+0000] {docker.py:436} INFO - 100     2    0     0    0     2      0      0 --:--:--  0:03:22 --:--:--     0
[2024-07-05T09:02:46.334+0000] {docker.py:436} INFO - 100     2    0     0    0     2      0      0 --:--:--  0:03:23 --:--:--     0
[2024-07-05T09:02:47.335+0000] {docker.py:436} INFO - 100     2    0     0    0     2      0      0 --:--:--  0:03:24 --:--:--     0
[2024-07-05T09:02:48.335+0000] {docker.py:436} INFO - 100     2    0     0    0     2      0      0 --:
[2024-07-05T09:02:48.336+0000] {docker.py:436} INFO - --:--  0:03:
[2024-07-05T09:02:48.336+0000] {docker.py:436} INFO - 25 --:--
[2024-07-05T09:02:48.336+0000] {docker.py:436} INFO - :--     0
[2024-07-05T09:02:49.336+0000] {docker.py:436} INFO - 100     2    0     0    0     2      0
[2024-07-05T09:02:49.337+0000] {docker.py:436} INFO - 0 --:--:--
[2024-07-05T09:02:49.337+0000] {docker.py:436} INFO - 0:03:2
[2024-07-05T09:02:49.337+0000] {docker.py:436} INFO - 6
[2024-07-05T09:02:49.337+0000] {docker.py:436} INFO - --:--:
[2024-07-05T09:02:49.337+0000] {docker.py:436} INFO - --
[2024-07-05T09:02:49.337+0000] {docker.py:436} INFO - 0
[2024-07-05T09:02:50.338+0000] {docker.py:436} INFO - 100     2    0     0    0     2      0      0 --:--:--  0:03:27 --:--:--     0
[2024-07-05T09:02:51.339+0000] {docker.py:436} INFO - 100     2    0     0    0     2      0      0 --:--:--  0:03:28 --:--:--     0
[2024-07-05T09:02:52.339+0000] {docker.py:436} INFO - 100     2    0     0    0     2      0      0 --:--:--  0:03:29 --:--:--     0
[2024-07-05T09:02:53.340+0000] {docker.py:436} INFO - 100     2    0     0    0     2      0      0 --:--:--  0:03:30 --:--:--     0
[2024-07-05T09:02:54.342+0000] {docker.py:436} INFO - 100     2    0     0    0     2      0      0 --:--:--  0:03:31 --:--:--     0
[2024-07-05T09:02:55.343+0000] {docker.py:436} INFO - 100     2    0     0    0     2      0      0 --:--:--  0:03:32 --:--:--     0
[2024-07-05T09:02:56.344+0000] {docker.py:436} INFO - 100     2    0     0    0     2      0      0 --:--:--  0:03:33 --:--:--     0
[2024-07-05T09:02:57.345+0000] {docker.py:436} INFO - 100     2    0     0    0     2      0      0 --:--:--  0:03:34 --:--:--     0
[2024-07-05T09:02:58.345+0000] {docker.py:436} INFO - 100     2    0     0    0     2      0      0 --:--:--  0:03:35 --:--:--
[2024-07-05T09:02:58.346+0000] {docker.py:436} INFO - 0
[2024-07-05T09:02:59.347+0000] {docker.py:436} INFO - 100     2    0     0    0     2      0      0 --:--:--  0:03:36 --:--:--     0
[2024-07-05T09:03:00.348+0000] {docker.py:436} INFO - 100     2    0     0    0     2      0      0 --:--:--  0:03:37 --:--:--     0
[2024-07-05T09:03:01.349+0000] {docker.py:436} INFO - 100     2    0     0    0     2      0      0 --:--:--  0:03:38 --:--:--     0
[2024-07-05T09:03:02.350+0000] {docker.py:436} INFO - 100     2    0     0    0     2      0      0 --:--:--  0:03:39 --:--:--     0
[2024-07-05T09:03:03.351+0000] {docker.py:436} INFO - 100     2    0     0    0     2      0      0 --:--:--  0:03:40 --:--:--     0
[2024-07-05T09:03:04.351+0000] {docker.py:436} INFO - 100     2    0     0    0     2      0      0 --:--:--  0:03:41 --:--:--     0
[2024-07-05T09:03:05.353+0000] {docker.py:436} INFO - 100     2    0     0    0     2      0      0 --:--:--  0:03:42 --:--
[2024-07-05T09:03:05.353+0000] {docker.py:436} INFO - :--     0
[2024-07-05T09:03:06.354+0000] {docker.py:436} INFO - 100     2    0     0    0     2      0      0 --:--:--  0:03:43 --:--:--     0
[2024-07-05T09:03:07.354+0000] {docker.py:436} INFO - 100     2    0     0    0     2      0      0 --:--:--  0:03:44 --:--:--     0
[2024-07-05T09:03:08.356+0000] {docker.py:436} INFO - 100     2    0     0    0     2      0      0 --:--:--  0:03:45 --:--:--     0
[2024-07-05T09:03:09.357+0000] {docker.py:436} INFO - 100     2    0     0    0     2      0      0 --:--:--  0:03:46 --:--:--     0
[2024-07-05T09:03:10.358+0000] {docker.py:436} INFO - 100     2    0     0    0     2      0      0 --:--:--  0:03:47 --:--:--     0
[2024-07-05T09:03:11.359+0000] {docker.py:436} INFO - 100     2    0     0    0     2      0      0 --:--:--  0:03:48 --:--:--     0
[2024-07-05T09:03:12.360+0000] {docker.py:436} INFO - 100     2    0     0    0     2      0      0 --:--:--  0:03:49 --:--:--     0
[2024-07-05T09:03:13.360+0000] {docker.py:436} INFO - 100     2    0     0    0     2      0      0 --:--:--  0:03:50 --:--:--     0
[2024-07-05T09:03:14.361+0000] {docker.py:436} INFO - 100     2    0     0    0     2      0
[2024-07-05T09:03:14.362+0000] {docker.py:436} INFO - 0 --:--:--  0:03:5
[2024-07-05T09:03:14.362+0000] {docker.py:436} INFO - 1 --:
[2024-07-05T09:03:14.362+0000] {docker.py:436} INFO - --:--     0
[2024-07-05T09:03:15.363+0000] {docker.py:436} INFO - 100     2    0     0    0     2      0      0 --:--:--  0:03:52 --:--:--
[2024-07-05T09:03:15.363+0000] {docker.py:436} INFO - 0
[2024-07-05T09:03:16.364+0000] {docker.py:436} INFO - 100     2    0     0    0     2      0      0 --:--:--  0:03:53 --:--:--     0
[2024-07-05T09:03:17.365+0000] {docker.py:436} INFO - 100     2    0     0    0     2      0      0 --:--:--  0:03:54 --:--:--     0
[2024-07-05T09:03:18.366+0000] {docker.py:436} INFO - 100     2    0     0    0     2      0      0 --:--:--  0:03:55 --:--:--     0
[2024-07-05T09:03:19.366+0000] {docker.py:436} INFO - 100     2    0     0    0     2      0      0 --:--:--  0:03:56 --:--:--     0
[2024-07-05T09:03:20.369+0000] {docker.py:436} INFO - 100     2    0     0    0     2      0      0 --:--:--  0:03:57 --:--:--     0
[2024-07-05T09:03:21.369+0000] {docker.py:436} INFO - 100     2    0     0    0     2      0      0 --:--:--  0:03:58 --:--:--     0
[2024-07-05T09:03:22.369+0000] {docker.py:436} INFO - 100     2    0     0    0     2      0      0 --:--:--  0:03:59 --:--:--     0
[2024-07-05T09:03:23.371+0000] {docker.py:436} INFO - 100     2    0     0    0     2      0      0 --:--:--  0:04:00 --:--:--     0
[2024-07-05T09:03:24.372+0000] {docker.py:436} INFO - 100     2    0     0    0     2      0      0 --:--:--  0:04:01 --:--:--     0
[2024-07-05T09:03:25.405+0000] {docker.py:436} INFO - 100     2    0     0    0     2      0      0 --:--:--  0:04:02 --:--:--     0
[2024-07-05T09:03:26.374+0000] {docker.py:436} INFO - 100     2    0     0    0     2      0      0 --:--:--  0:04:03 --:--:--     0
[2024-07-05T09:03:27.378+0000] {docker.py:436} INFO - 100     2    0     0    0     2      0      0 --:--:--  0:04:04 --:--:--     0
[2024-07-05T09:03:28.375+0000] {docker.py:436} INFO - 100     2    0     0    0     2      0      0 --:--:--  0:04:05 --:--:--     0
[2024-07-05T09:03:29.377+0000] {docker.py:436} INFO - 100     2    0     0    0     2      0      0 --:--:--  0:04:06 --:--:--     0
[2024-07-05T09:03:30.377+0000] {docker.py:436} INFO - 100     2    0     0    0     2      0      0 --:--:--  0:04:07 --:--:
[2024-07-05T09:03:30.377+0000] {docker.py:436} INFO - --     0
[2024-07-05T09:03:31.378+0000] {docker.py:436} INFO - 100     2    0     0    0     2      0      0 --:--:--  0:04:08 --:--:--     0
[2024-07-05T09:03:32.380+0000] {docker.py:436} INFO - 100     2    0     0    0     2      0      0 --:--:--  0:04:09 --:--:--     0
[2024-07-05T09:03:33.379+0000] {docker.py:436} INFO - 100     2    0     0    0     2      0      0 --:--:--  0:04:10 --:--:--     0
[2024-07-05T09:03:34.380+0000] {docker.py:436} INFO - 100     2    0     0    0     2      0      0 --:--:--  0:04:11 --:--:--     0
[2024-07-05T09:03:35.382+0000] {docker.py:436} INFO - 100     2    0     0    0     2      0      0 --:--:--  0:04:12 --:--:--     0
[2024-07-05T09:03:36.383+0000] {docker.py:436} INFO - 100     2    0     0    0     2      0      0 --:--:--  0:04:13 --:--:--     0
[2024-07-05T09:03:37.384+0000] {docker.py:436} INFO - 100     2    0     0    0     2      0      0 --:--:--  0:04:14 --:--:--     0
[2024-07-05T09:03:38.385+0000] {docker.py:436} INFO - 100     2    0     0    0     2      0      0 --:--:--  0:04:15 --:--:--     0
[2024-07-05T09:03:39.386+0000] {docker.py:436} INFO - 100     2    0     0    0     2      0      0 --:--:--  0:04:16 --:--:--     0
[2024-07-05T09:03:40.387+0000] {docker.py:436} INFO - 100     2    0     0    0     2      0      0 --:--:--
[2024-07-05T09:03:40.387+0000] {docker.py:436} INFO - 0:04:17 --:--:--
[2024-07-05T09:03:40.387+0000] {docker.py:436} INFO - 
[2024-07-05T09:03:40.387+0000] {docker.py:436} INFO - 0
[2024-07-05T09:03:41.388+0000] {docker.py:436} INFO - 100     2    0     0    0     2      0      0 --:--:--  0
[2024-07-05T09:03:41.388+0000] {docker.py:436} INFO - :04:18 --:--:--     0
[2024-07-05T09:03:42.389+0000] {docker.py:436} INFO - 100     2    0     0    0     2      0      0 --:--:--  0:04:19 --:--:--     0
[2024-07-05T09:03:43.389+0000] {docker.py:436} INFO - 100     2    0     0    0     2      0      0 --:--:--  0:04:20 --:--:--     0
[2024-07-05T09:03:44.390+0000] {docker.py:436} INFO - 100     2    0     0    0     2      0      0 --:--:--  0:04:21 --:--:--     0
[2024-07-05T09:03:45.391+0000] {docker.py:436} INFO - 100     2    0     0    0     2      0      0 --:--:--  0:04:22 --:--:--     0
[2024-07-05T09:03:46.392+0000] {docker.py:436} INFO - 100     2    0     0    0     2      0      0 --:--:--  0:04:23 --:--:--     0
[2024-07-05T09:03:47.393+0000] {docker.py:436} INFO - 100     2    0     0    0     2      0      0 --:--:--  0:04:24 --:--:--     0
[2024-07-05T09:03:48.395+0000] {docker.py:436} INFO - 100     2    0     0    0     2      0      0 --:--:--  0:04:25 --:--:--     0
[2024-07-05T09:03:49.397+0000] {docker.py:436} INFO - 100     2    0     0    0     2      0      0 --:--:--  0:04:26 --:--:--     0
[2024-07-05T09:03:50.397+0000] {docker.py:436} INFO - 100     2    0     0    0     2      0      0 --:--:--  0:04:27 --:--:--     0
[2024-07-05T09:03:51.397+0000] {docker.py:436} INFO - 100     2    0     0    0     2      0      0 --:--:--  0:04:28 --:--:--     0
[2024-07-05T09:03:52.399+0000] {docker.py:436} INFO - 100     2    0     0    0     2      0      0 --:--:--  0:04:29 --:--:--     0
[2024-07-05T09:03:53.400+0000] {docker.py:436} INFO - 100     2    0     0    0     2      0      0 --:--:--  0:04:30 --:--:--     0
[2024-07-05T09:03:54.400+0000] {docker.py:436} INFO - 100     2    0     0    0     2      0      0 --:--:--  0:04:31 --:--:--     0
[2024-07-05T09:03:55.402+0000] {docker.py:436} INFO - 100     2    0     0    0     2      0      0 --:--:--  0:04:32 --:--:--     0
[2024-07-05T09:03:56.421+0000] {docker.py:436} INFO - 100     2    0     0    0     2      0      0 --:--:--  0:04:33 --:--:--     0
[2024-07-05T09:03:57.422+0000] {docker.py:436} INFO - 100     2    0     0    0     2      0      0 --:--:--  0:04:34 --:--:--     0
[2024-07-05T09:03:58.424+0000] {docker.py:436} INFO - 100     2    0     0    0     2      0      0 --:--:--  0:04:35 --:--:--     0
[2024-07-05T09:03:59.425+0000] {docker.py:436} INFO - 100     2    0     0    0     2      0      0 --:--:--  0:04:36 --:--:--     0
[2024-07-05T09:04:00.425+0000] {docker.py:436} INFO - 100     2    0     0    0     2      0      0 --:--:--  0:04:37 --:--:--     0
[2024-07-05T09:04:01.427+0000] {docker.py:436} INFO - 100     2    0     0    0     2      0      0 --:--:--  0:04:38 --:--:--     0
[2024-07-05T09:04:02.428+0000] {docker.py:436} INFO - 100     2    0     0    0     2      0      0 --:--:--  0:04:39 --:--:--     0
[2024-07-05T09:04:03.429+0000] {docker.py:436} INFO - 100     2    0     0    0     2      0      0 --:--:--  0:04:40 --:--:--     0
[2024-07-05T09:04:04.430+0000] {docker.py:436} INFO - 100     2    0     0    0     2      0      0 --:--:--  0:04:41 --:--:--     0
[2024-07-05T09:04:05.431+0000] {docker.py:436} INFO - 100     2    0     0    0     2      0      0 --:--:--  0:04:42 --:--:--     0
[2024-07-05T09:04:06.432+0000] {docker.py:436} INFO - 100     2    0     0    0     2      0      0 --:--:--  0:04:43 --:--:-
[2024-07-05T09:04:06.432+0000] {docker.py:436} INFO - -     0
[2024-07-05T09:04:07.435+0000] {docker.py:436} INFO - 100     2    0     0    0     2      0      0 --:--:--  0:04:44 --:--:--     0
[2024-07-05T09:04:08.434+0000] {docker.py:436} INFO - 100     2    0     0    0     2      0      0 --:--:--  0:04:45 --:--:--     0
[2024-07-05T09:04:09.435+0000] {docker.py:436} INFO - 100     2    0     0    0     2      0      0 --:--:--  0:04:46 --:--:--     0
[2024-07-05T09:04:10.436+0000] {docker.py:436} INFO - 100     2    0     0    0     2      0      0 --:--:--  0:04:47 --:--:--     0
[2024-07-05T09:04:11.437+0000] {docker.py:436} INFO - 100     2    0     0    0     2      0      0 --:--:--  0:04:48 --:--:--     0
[2024-07-05T09:04:12.437+0000] {docker.py:436} INFO - 100     2    0     0    0     2      0      0 --:--:--  0:04:49 --:--:--     0
[2024-07-05T09:04:13.439+0000] {docker.py:436} INFO - 100     2    0     0    0     2      0      0 --:--:--  0:04:50 --:--:--     0
[2024-07-05T09:04:14.440+0000] {docker.py:436} INFO - 100     2    0     0    0     2      0      0 --:--:--  0:04:51 --:--:--     0
[2024-07-05T09:04:15.441+0000] {docker.py:436} INFO - 100     2    0     0    0     2      0      0 --:--:--  0:04:52 --:--:--     0
[2024-07-05T09:04:16.442+0000] {docker.py:436} INFO - 100     2    0     0    0     2      0      0 --:--:--  0:04:53 --:--:--     0
[2024-07-05T09:04:17.444+0000] {docker.py:436} INFO - 100     2    0     0    0     2      0      0 --:--:--  0:04:54 --:--:--     0
[2024-07-05T09:04:18.444+0000] {docker.py:436} INFO - 100     2    0     0    0     2      0      0 --:--:--  0:04:55 --:--:--     0
[2024-07-05T09:04:19.446+0000] {docker.py:436} INFO - 100     2    0     0    0     2      0      0 --:--:--  0:04:56 --:--:--     0
[2024-07-05T09:04:20.447+0000] {docker.py:436} INFO - 100     2    0     0    0     2      0      0 --:--:--  0:04:57 --:--:--     0
[2024-07-05T09:04:21.448+0000] {docker.py:436} INFO - 100     2    0     0    0     2      0      0 --:--:--  0:04:58 --:--:--     0
[2024-07-05T09:04:22.449+0000] {docker.py:436} INFO - 100     2    0     0    0     2      0      0 --:--:--  0:04:59 --:--:--     0
[2024-07-05T09:04:23.451+0000] {docker.py:436} INFO - 100     2    0     0    0     2      0      0 --:--:--  0:05:00 --:--:--     0
[2024-07-05T09:04:24.451+0000] {docker.py:436} INFO - 100     2    0     0    0     2      0      0 --:--:--  0:05:01 --:--:--     0
[2024-07-05T09:04:25.451+0000] {docker.py:436} INFO - 100     2    0     0    0     2      0      0 --:--:--  0:05:02 --:--:--     0
[2024-07-05T09:04:26.454+0000] {docker.py:436} INFO - 100     2    0     0    0     2      0      0 --:--:--  0:05:03 --:--:--     0
[2024-07-05T09:04:27.454+0000] {docker.py:436} INFO - 100     2    0     0    0     2      0      0 --:--:--  0:05:04 --:--:--     0
[2024-07-05T09:04:28.454+0000] {docker.py:436} INFO - 100     2    0     0    0     2      0      0 --:--:--  0:05:05 --:--:--     0
[2024-07-05T09:04:29.455+0000] {docker.py:436} INFO - 100     2    0     0    0     2      0      0 --:--:--  0:05:06 --:--:--
[2024-07-05T09:04:29.456+0000] {docker.py:436} INFO - 0
[2024-07-05T09:04:30.456+0000] {docker.py:436} INFO - 100     2    0     0    0     2      0      0 --:--:--  0:05:07 --:--:--     0
[2024-07-05T09:04:31.458+0000] {docker.py:436} INFO - 100     2    0     0    0     2      0      0 --:--:--  0:05:08 --:--:--     0
[2024-07-05T09:04:32.462+0000] {docker.py:436} INFO - 100     2    0     0    0     2      0      0 --:--:--  0:05:09 --:--:--     0
[2024-07-05T09:04:33.460+0000] {docker.py:436} INFO - 100     2    0     0    0     2      0      0 --:--:--  0:05:10 --:--:--     0
[2024-07-05T09:04:34.461+0000] {docker.py:436} INFO - 100     2    0     0    0     2      0      0 --:--:--  0:05:11 --:--:--     0
[2024-07-05T09:04:35.462+0000] {docker.py:436} INFO - 100     2    0     0    0     2      0      0 --:--:--  0:05:12 --:--:--     0
[2024-07-05T09:04:36.462+0000] {docker.py:436} INFO - 100     2    0     0    0     2      0      0 --:-
[2024-07-05T09:04:36.463+0000] {docker.py:436} INFO - -:--  0:05:13
[2024-07-05T09:04:36.463+0000] {docker.py:436} INFO - --:--:--
[2024-07-05T09:04:36.463+0000] {docker.py:436} INFO - 
[2024-07-05T09:04:36.463+0000] {docker.py:436} INFO - 0
[2024-07-05T09:04:37.464+0000] {docker.py:436} INFO - 100     2    0     0    0     2      0      0 --:--:--  0:05:14 --:--:--     0
[2024-07-05T09:04:38.467+0000] {docker.py:436} INFO - 100     2    0     0    0     2      0      0 --:--:--  0:05:15 --:--:--     0
[2024-07-05T09:04:39.466+0000] {docker.py:436} INFO - 100     2    0     0    0     2      0      0 --:--:--  0:05:16 --:--:--     0
[2024-07-05T09:04:40.467+0000] {docker.py:436} INFO - 100     2    0     0    0     2      0      0 --:--:--  0:05:17 --:--:--     0
[2024-07-05T09:04:41.467+0000] {docker.py:436} INFO - 100     2    0     0    0     2      0      0 --:--:--  0:05:18 --:--:--     0
[2024-07-05T09:04:42.469+0000] {docker.py:436} INFO - 100     2    0     0    0     2      0      0 --:--:--  0:05:19 --:--:--     0
[2024-07-05T09:04:43.471+0000] {docker.py:436} INFO - 100     2    0     0    0     2      0      0 --:--:--  0:05:20 --:--:--     0
[2024-07-05T09:04:44.471+0000] {docker.py:436} INFO - 100     2    0     0    0     2      0      0 --:--:--  0:05:21 --:--:--     0
[2024-07-05T09:04:45.472+0000] {docker.py:436} INFO - 100     2    0     0    0     2      0      0 --:--:--  0:05:22 --:--:--     0
[2024-07-05T09:04:46.473+0000] {docker.py:436} INFO - 100     2    0     0    0     2      0      0 --:--:--  0:05:23 --:--:--     0
[2024-07-05T09:04:47.474+0000] {docker.py:436} INFO - 100     2    0     0    0     2      0      0 --:--:--  0:05:24 --:--:--     0
[2024-07-05T09:04:48.474+0000] {docker.py:436} INFO - 100     2    0     0    0     2      0      0 --:--:--  0
[2024-07-05T09:04:48.475+0000] {docker.py:436} INFO - :05:25 --:--:--
[2024-07-05T09:04:48.475+0000] {docker.py:436} INFO - 0
[2024-07-05T09:04:49.476+0000] {docker.py:436} INFO - 100     2    0     0    0     2      0      0 --:--:--  0:05:26 --:--:--     0
[2024-07-05T09:04:50.477+0000] {docker.py:436} INFO - 100     2    0     0    0     2      0      0 --:--:--  0:05:27 --:--:--     0
[2024-07-05T09:04:51.478+0000] {docker.py:436} INFO - 100     2    0     0    0     2      0      0 --:--:--  0:05:28 --:--:--     0
[2024-07-05T09:04:52.479+0000] {docker.py:436} INFO - 100     2    0     0    0     2      0      0 --:--:--  0:05:29 --:--:--     0
[2024-07-05T09:04:53.479+0000] {docker.py:436} INFO - 100     2    0     0    0     2      0      0 --:--:--  0:05:30 --:--:--     0
[2024-07-05T09:04:54.480+0000] {docker.py:436} INFO - 100     2    0     0    0     2      0      0 --:--:--  0:05:31 --:--:--     0
[2024-07-05T09:04:55.482+0000] {docker.py:436} INFO - 100     2    0     0    0     2      0      0 --:--:--  0:05:32 --:--:--     0
[2024-07-05T09:04:56.483+0000] {docker.py:436} INFO - 100     2    0     0    0     2      0      0 --:--:--  0:05:33 --:--:--     0
[2024-07-05T09:04:57.484+0000] {docker.py:436} INFO - 100     2    0     0    0     2      0      0 --:--:--  0:05:34 --:--:--     0
[2024-07-05T09:04:58.485+0000] {docker.py:436} INFO - 100     2    0     0    0     2      0      0 --:--:--  0:05:35 --:--:--     0
[2024-07-05T09:04:59.485+0000] {docker.py:436} INFO - 100     2    0     0    0     2      0      0 --:--:--  0:05:36 --:--:--     0
[2024-07-05T09:05:00.487+0000] {docker.py:436} INFO - 100     2    0     0    0     2      0      0 --:--:--  0:05:37 --:--:--     0
[2024-07-05T09:05:01.489+0000] {docker.py:436} INFO - 100     2    0     0    0     2      0      0 --:--:--  0:05:38 --:--:--     0
[2024-07-05T09:05:02.489+0000] {docker.py:436} INFO - 100     2    0     0    0     2      0      0 --:--:--  0:05:39 --:--:--     0
[2024-07-05T09:05:03.498+0000] {docker.py:436} INFO - 100     2    0     0    0     2      0      0 --:--:--  0:05:40 --:--:--     0
[2024-07-05T09:05:04.500+0000] {docker.py:436} INFO - 100     2    0     0    0     2      0      0 --:--:--  0:05:41 --:--:--     0
[2024-07-05T09:05:05.501+0000] {docker.py:436} INFO - 100     2    0     0    0     2      0      0 --:--:--  0:05:42 --:--:--     0
[2024-07-05T09:05:06.502+0000] {docker.py:436} INFO - 100     2    0     0    0     2      0      0 --:--:--  0:05:43 --:--:--     0
[2024-07-05T09:05:07.503+0000] {docker.py:436} INFO - 100     2    0     0    0     2      0      0 --:--:--  0:05:44 --:--:--     0
[2024-07-05T09:05:08.504+0000] {docker.py:436} INFO - 100     2    0     0    0     2      0      0 --:--:--  0:05:45 --:--:--     0
[2024-07-05T09:05:09.504+0000] {docker.py:436} INFO - 100     2    0     0    0     2      0      0 --:--:--  0:05:46 --:--:--     0
[2024-07-05T09:05:10.505+0000] {docker.py:436} INFO - 100     2    0     0    0     2      0      0 --:--:--  0:05:47 --:--:--     0
[2024-07-05T09:05:11.507+0000] {docker.py:436} INFO - 100     2    0     0    0     2      0      0 --:--:--  0:05:48 --:--:--     0
[2024-07-05T09:05:12.508+0000] {docker.py:436} INFO - 100     2    0     0    0     2      0      0 --:--:--  0:05:49 --:--:--     0
[2024-07-05T09:05:13.529+0000] {docker.py:436} INFO - 100     2    0     0    0     2      0      0 --:--:--  0:05:50 --:--:--     0
[2024-07-05T09:05:14.510+0000] {docker.py:436} INFO - 100     2    0     0    0     2      0      0 --:--:--  0:05:51 --:--:--     0
[2024-07-05T09:05:15.511+0000] {docker.py:436} INFO - 100     2    0     0    0     2      0      0 --:--:--  0:05:52 --:--:--     0
[2024-07-05T09:05:16.512+0000] {docker.py:436} INFO - 100     2    0     0    0     2      0      0 --:--:--  0:05:53 --:--:--     0
[2024-07-05T09:05:17.512+0000] {docker.py:436} INFO - 100     2    0     0    0     2      0      0 --:--:--  0:05:54 --:--:--     0
[2024-07-05T09:05:18.514+0000] {docker.py:436} INFO - 100     2    0     0    0     2      0      0 --:--:--  0:05:55 --:--:--     0
[2024-07-05T09:05:19.515+0000] {docker.py:436} INFO - 100     2    0     0    0     2      0      0 --:--:--  0:05:56 --:--:--     0
[2024-07-05T09:05:20.516+0000] {docker.py:436} INFO - 100     2    0     0    0     2      0      0 --:--:--  0:05:57 --:--:--     0
[2024-07-05T09:05:21.517+0000] {docker.py:436} INFO - 100     2    0     0    0     2      0      0 --:--:--  0:05:58 --:--:--     0
[2024-07-05T09:05:22.518+0000] {docker.py:436} INFO - 100     2    0     0    0     2      0      0 --:--:--  0:05:59 --:--:--     0
[2024-07-05T09:05:23.518+0000] {docker.py:436} INFO - 100     2    0     0    0     2      0      0 --:--:-
[2024-07-05T09:05:23.519+0000] {docker.py:436} INFO - -  0:06
[2024-07-05T09:05:23.519+0000] {docker.py:436} INFO - :00
[2024-07-05T09:05:23.519+0000] {docker.py:436} INFO - --:-
[2024-07-05T09:05:23.519+0000] {docker.py:436} INFO - -:
[2024-07-05T09:05:23.519+0000] {docker.py:436} INFO - --     0
[2024-07-05T09:05:24.519+0000] {docker.py:436} INFO - 100     2    0     0    0     2      0      0 --:--:--  0:06:01 --:--:--     0
[2024-07-05T09:05:25.520+0000] {docker.py:436} INFO - 100     2    0     0    0     2      0      0 --:--:--  0:06:02 --:--:--
[2024-07-05T09:05:25.521+0000] {docker.py:436} INFO - 0
[2024-07-05T09:05:26.521+0000] {docker.py:436} INFO - 100     2    0     0    0     2      0      0 --:--:--  0:06:03 --:--
[2024-07-05T09:05:26.522+0000] {docker.py:436} INFO - :--     0
[2024-07-05T09:05:27.523+0000] {docker.py:436} INFO - 100     2    0     0    0     2      0      0 --:--:--  0:06:04 --:--:--     0
[2024-07-05T09:05:28.523+0000] {docker.py:436} INFO - 100     2    0     0    0     2      0      0 --:--:--  0:06:05 --:--:--     0
[2024-07-05T09:05:29.525+0000] {docker.py:436} INFO - 100     2    0     0    0     2      0      0 --:--:--  0:06:06 --:--:--     0
[2024-07-05T09:05:30.495+0000] {docker.py:436} INFO - 100    62    0    60    0     2      0      0
[2024-07-05T09:05:30.496+0000] {docker.py:436} INFO - HTTP/1.1 200 OK
[2024-07-05T09:05:30.496+0000] {docker.py:436} INFO - --:--:--  0:06:07 --
[2024-07-05T09:05:30.496+0000] {docker.py:436} INFO - :--:--
[2024-07-05T09:05:30.496+0000] {docker.py:436} INFO - 
[2024-07-05T09:05:30.496+0000] {docker.py:436} INFO - 12
[2024-07-05T09:05:30.496+0000] {docker.py:436} INFO - 100
[2024-07-05T09:05:30.496+0000] {docker.py:436} INFO - 62
[2024-07-05T09:05:30.496+0000] {docker.py:436} INFO - 0    60
[2024-07-05T09:05:30.496+0000] {docker.py:436} INFO - 0
[2024-07-05T09:05:30.496+0000] {docker.py:436} INFO - 2
[2024-07-05T09:05:30.496+0000] {docker.py:436} INFO - 0
[2024-07-05T09:05:30.496+0000] {docker.py:436} INFO - 0 --:
[2024-07-05T09:05:30.497+0000] {docker.py:436} INFO - --:--  0:
[2024-07-05T09:05:30.497+0000] {docker.py:436} INFO - 06:07 --
[2024-07-05T09:05:30.497+0000] {docker.py:436} INFO - :--
[2024-07-05T09:05:30.497+0000] {docker.py:436} INFO - :--
[2024-07-05T09:05:30.497+0000] {docker.py:436} INFO - 15
[2024-07-05T09:05:30.497+0000] {docker.py:436} INFO - 
[2024-07-05T09:05:30.497+0000] {docker.py:436} INFO - date: Fri, 05 Jul 2024 08:59:22 GMT
server: uvicorn
content-length: 60
content-type: application/json

{"message":"Elasticsearch updated","predictions_count":1426}
[2024-07-05T09:05:30.650+0000] {taskinstance.py:441} INFO - ::group::Post task execution logs
[2024-07-05T09:05:30.665+0000] {taskinstance.py:1206} INFO - Marking task as SUCCESS. dag_id=prod_dag, task_id=fastapi, run_id=manual__2024-07-05T08:58:40.136418+00:00, execution_date=20240705T085840, start_date=20240705T085922, end_date=20240705T090530
[2024-07-05T09:05:30.696+0000] {local_task_job_runner.py:240} INFO - Task exited with return code 0
[2024-07-05T09:05:30.704+0000] {taskinstance.py:3503} INFO - 0 downstream tasks scheduled from follow-on schedule check
[2024-07-05T09:05:30.706+0000] {local_task_job_runner.py:222} INFO - ::endgroup::
