[2024-07-05T09:28:50.718+0000] {local_task_job_runner.py:120} INFO - ::group::Pre task execution logs
[2024-07-05T09:28:50.733+0000] {taskinstance.py:2076} INFO - Dependencies all met for dep_context=non-requeueable deps ti=<TaskInstance: prod_dag.fastapi manual__2024-07-05T09:28:09.794979+00:00 [queued]>
[2024-07-05T09:28:50.741+0000] {taskinstance.py:2076} INFO - Dependencies all met for dep_context=requeueable deps ti=<TaskInstance: prod_dag.fastapi manual__2024-07-05T09:28:09.794979+00:00 [queued]>
[2024-07-05T09:28:50.741+0000] {taskinstance.py:2306} INFO - Starting attempt 1 of 2
[2024-07-05T09:28:50.751+0000] {taskinstance.py:2330} INFO - Executing <Task(DockerOperator): fastapi> on 2024-07-05 09:28:09.794979+00:00
[2024-07-05T09:28:50.761+0000] {warnings.py:112} WARNING - /home/***/.local/lib/python3.12/site-packages/***/task/task_runner/standard_task_runner.py:61: DeprecationWarning: This process (pid=169) is multi-threaded, use of fork() may lead to deadlocks in the child.
  pid = os.fork()

[2024-07-05T09:28:50.762+0000] {standard_task_runner.py:63} INFO - Started process 170 to run task
[2024-07-05T09:28:50.762+0000] {standard_task_runner.py:90} INFO - Running: ['***', 'tasks', 'run', 'prod_dag', 'fastapi', 'manual__2024-07-05T09:28:09.794979+00:00', '--job-id', '8', '--raw', '--subdir', 'DAGS_FOLDER/DAG_prod.py', '--cfg-path', '/tmp/tmpfsrkqwr0']
[2024-07-05T09:28:50.763+0000] {standard_task_runner.py:91} INFO - Job 8: Subtask fastapi
[2024-07-05T09:28:50.794+0000] {task_command.py:426} INFO - Running <TaskInstance: prod_dag.fastapi manual__2024-07-05T09:28:09.794979+00:00 [running]> on host d74fc8b8969f
[2024-07-05T09:28:50.858+0000] {taskinstance.py:2648} INFO - Exporting env vars: AIRFLOW_CTX_DAG_OWNER='***' AIRFLOW_CTX_DAG_ID='prod_dag' AIRFLOW_CTX_TASK_ID='fastapi' AIRFLOW_CTX_EXECUTION_DATE='2024-07-05T09:28:09.794979+00:00' AIRFLOW_CTX_TRY_NUMBER='1' AIRFLOW_CTX_DAG_RUN_ID='manual__2024-07-05T09:28:09.794979+00:00'
[2024-07-05T09:28:50.859+0000] {taskinstance.py:430} INFO - ::endgroup::
[2024-07-05T09:28:50.883+0000] {docker.py:493} INFO - Pulling docker image curlimages/curl:latest
[2024-07-05T09:28:52.179+0000] {docker.py:507} INFO - latest: Pulling from curlimages/curl
[2024-07-05T09:28:52.563+0000] {docker.py:507} INFO - 4abcf2066143: Already exists
[2024-07-05T09:28:52.580+0000] {docker.py:507} INFO - e52d86b3391d: Pulling fs layer
[2024-07-05T09:28:52.581+0000] {docker.py:507} INFO - 4ca545ee6d5d: Pulling fs layer
[2024-07-05T09:28:52.932+0000] {docker.py:507} INFO - 4ca545ee6d5d: Downloading
[2024-07-05T09:28:52.932+0000] {docker.py:507} INFO - 4ca545ee6d5d: Verifying Checksum
[2024-07-05T09:28:52.932+0000] {docker.py:507} INFO - 4ca545ee6d5d: Download complete
[2024-07-05T09:28:52.943+0000] {docker.py:507} INFO - e52d86b3391d: Downloading
[2024-07-05T09:28:53.024+0000] {docker.py:507} INFO - e52d86b3391d: Verifying Checksum
[2024-07-05T09:28:53.024+0000] {docker.py:507} INFO - e52d86b3391d: Download complete
[2024-07-05T09:28:53.024+0000] {docker.py:507} INFO - e52d86b3391d: Extracting
[2024-07-05T09:28:53.143+0000] {docker.py:507} INFO - e52d86b3391d: Pull complete
[2024-07-05T09:28:53.160+0000] {docker.py:507} INFO - 4ca545ee6d5d: Extracting
[2024-07-05T09:28:53.221+0000] {docker.py:507} INFO - 4ca545ee6d5d: Pull complete
[2024-07-05T09:28:53.251+0000] {docker.py:502} INFO - Digest: sha256:73e4d532ea62d7505c5865b517d3704966ffe916609bedc22af6833dc9969bcd
[2024-07-05T09:28:53.264+0000] {docker.py:502} INFO - Status: Downloaded newer image for curlimages/curl:latest
[2024-07-05T09:28:53.268+0000] {docker.py:366} INFO - Starting docker container from image curlimages/curl:latest
[2024-07-05T09:28:53.270+0000] {docker.py:374} WARNING - Using remote engine or docker-in-docker and mounting temporary volume from host is not supported. Falling back to `mount_tmp_dir=False` mode. You can set `mount_tmp_dir` parameter to False to disable mounting and remove the warning
[2024-07-05T09:28:53.994+0000] {docker.py:436} INFO - % Total    % Received % Xferd  Average Speed   Time    Time     Time  Current
                                 Dlo
[2024-07-05T09:28:53.995+0000] {docker.py:436} INFO - ad  Upload   Total   Spent    Left  Speed
  0     0    0     0    0     0      0      0 --:--:-- --:--:-- --:--:-
[2024-07-05T09:28:53.995+0000] {docker.py:436} INFO - -     0
[2024-07-05T09:28:54.986+0000] {docker.py:436} INFO - 100     2    0     0  100     2      0      1  0:00:02  0:00:01  0:00:01
[2024-07-05T09:28:54.987+0000] {docker.py:436} INFO - 1
[2024-07-05T09:28:55.987+0000] {docker.py:436} INFO - 100     2    0     0    0     2      0      0 --:--:--  0:00:02 --:--:--     0
[2024-07-05T09:28:56.988+0000] {docker.py:436} INFO - 100     2    0     0    0     2      0      0 -
[2024-07-05T09:28:56.989+0000] {docker.py:436} INFO - -:--:--  0:00:03
[2024-07-05T09:28:56.989+0000] {docker.py:436} INFO - --:-
[2024-07-05T09:28:56.989+0000] {docker.py:436} INFO - -:--
[2024-07-05T09:28:56.989+0000] {docker.py:436} INFO - 0
[2024-07-05T09:28:57.989+0000] {docker.py:436} INFO - 100     2    0     0    0     2      0      0 --:--:--  0:00:04 --:--:--     0
[2024-07-05T09:28:58.991+0000] {docker.py:436} INFO - 100     2    0     0    0     2      0      0 --:--:--  0:00:05 --:--:--     0
[2024-07-05T09:28:59.991+0000] {docker.py:436} INFO - 100     2    0     0    0     2      0      0 --:--:--  0:00:06 --:
[2024-07-05T09:28:59.992+0000] {docker.py:436} INFO - --:--     0
[2024-07-05T09:29:00.993+0000] {docker.py:436} INFO - 100     2    0     0    0     2      0      0 --:--:--  0:00:07 --:--:--     0
[2024-07-05T09:29:01.995+0000] {docker.py:436} INFO - 100     2    0     0    0     2      0      0 --:--:--  0:00:08 --:--:--     0
[2024-07-05T09:29:02.997+0000] {docker.py:436} INFO - 100     2    0     0    0     2      0      0 --:--:--  0:00:09 --:--:--     0
[2024-07-05T09:29:03.997+0000] {docker.py:436} INFO - 100     2    0     0    0     2      0      0 --:--:--  0:00:10 --:--:--     0
[2024-07-05T09:29:04.998+0000] {docker.py:436} INFO - 100     2    0     0    0     2      0      0 --:--:--  0:00:11 --:--:--     0
[2024-07-05T09:29:06.000+0000] {docker.py:436} INFO - 100     2    0     0    0     2      0      0 --:--:--  0:00:12 --:--:--     0
[2024-07-05T09:29:07.001+0000] {docker.py:436} INFO - 100     2    0     0    0     2      0      0 --:--:--  0:00:13 --:--:--     0
[2024-07-05T09:29:08.001+0000] {docker.py:436} INFO - 100     2    0     0    0     2      0      0 --:--:--  0:00:14 --:--:--     0
[2024-07-05T09:29:09.003+0000] {docker.py:436} INFO - 100     2    0     0    0     2      0      0 --:--:--  0:00:15 --:--:--     0
[2024-07-05T09:29:10.004+0000] {docker.py:436} INFO - 100     2    0     0    0     2      0      0 --:--:--  0:00:16 --:--:--     0
[2024-07-05T09:29:11.005+0000] {docker.py:436} INFO - 100     2    0     0    0     2      0      0 --:--:--  0:00:17 --:--:--     0
[2024-07-05T09:29:12.005+0000] {docker.py:436} INFO - 100     2    0     0    0     2      0      0 --:--:--  0:00:18 --
[2024-07-05T09:29:12.006+0000] {docker.py:436} INFO - :--:--     0
[2024-07-05T09:29:13.007+0000] {docker.py:436} INFO - 100     2    0     0    0     2      0      0 --:--:--  0:00:19 --:--:--     0
[2024-07-05T09:29:14.008+0000] {docker.py:436} INFO - 100     2    0     0    0     2      0      0 --:--:--  0:00:20 --:--:--     0
[2024-07-05T09:29:15.009+0000] {docker.py:436} INFO - 100     2    0     0    0     2      0      0 --:--:--  0:00:21 --:--:--     0
[2024-07-05T09:29:16.010+0000] {docker.py:436} INFO - 100     2    0     0    0     2      0      0 --:--:--  0:00:22 --:--:--     0
[2024-07-05T09:29:17.011+0000] {docker.py:436} INFO - 100     2    0     0    0     2      0      0 --:--:--  0:00:23 --:--:--     0
[2024-07-05T09:29:18.011+0000] {docker.py:436} INFO - 100     2    0     0    0     2      0      0 --:--:--  0:00:24 --:--:--     0
[2024-07-05T09:29:19.013+0000] {docker.py:436} INFO - 100     2    0     0    0     2      0      0 --:--:--  0:00:25 --:--:--     0
[2024-07-05T09:29:20.014+0000] {docker.py:436} INFO - 100     2    0     0    0     2      0      0 --:--:--  0:00:26 --:--:--     0
[2024-07-05T09:29:21.015+0000] {docker.py:436} INFO - 100     2    0     0    0     2      0      0 --:--:--  0:00:27 --:--:--     0
[2024-07-05T09:29:22.016+0000] {docker.py:436} INFO - 100     2    0     0    0     2      0      0 --:--:--  0:00:28 --:--:--     0
[2024-07-05T09:29:23.017+0000] {docker.py:436} INFO - 100     2    0     0    0     2      0      0 --:--:--  0:00:29 --:--:--     0
[2024-07-05T09:29:24.018+0000] {docker.py:436} INFO - 100     2    0     0    0     2      0      0 --:--:--  0:00:30 --:--:--     0
[2024-07-05T09:29:25.019+0000] {docker.py:436} INFO - 100     2    0     0    0     2      0      0 --:--:--  0:00:31 --:--:--     0
[2024-07-05T09:29:26.020+0000] {docker.py:436} INFO - 100     2    0     0    0     2      0      0 --:--:--  0:00:32 --:--:--     0
[2024-07-05T09:29:27.020+0000] {docker.py:436} INFO - 100     2    0     0    0     2      0      0 --:--:--  0:00:33 --:--:--     0
[2024-07-05T09:29:28.022+0000] {docker.py:436} INFO - 100     2    0     0    0     2      0      0 --:--:--  0:00:34 --:--:--     0
[2024-07-05T09:29:29.022+0000] {docker.py:436} INFO - 100     2    0     0    0     2      0      0 --:--:--  0:00:35 --:--:--     0
[2024-07-05T09:29:30.024+0000] {docker.py:436} INFO - 100     2    0     0    0     2      0      0 --:--:--  0:00:36 --:--:--     0
[2024-07-05T09:29:31.025+0000] {docker.py:436} INFO - 100     2    0     0    0     2      0      0 --:--:--  0:00:37 --:--:--     0
[2024-07-05T09:29:32.025+0000] {docker.py:436} INFO - 100     2    0     0    0     2      0      0 --:--:--  0:00:38 --:--:--     0
[2024-07-05T09:29:33.026+0000] {docker.py:436} INFO - 100     2    0     0    0     2      0      0 --:--:--  0:00:39 --:--:--
[2024-07-05T09:29:33.027+0000] {docker.py:436} INFO - 0
[2024-07-05T09:29:34.028+0000] {docker.py:436} INFO - 100     2    0     0    0     2      0      0 --:--:--  0:00:40 --:--:--     0
[2024-07-05T09:29:35.029+0000] {docker.py:436} INFO - 100     2    0     0    0     2      0      0 --:--:--  0:00:41 --:--:--     0
[2024-07-05T09:29:36.030+0000] {docker.py:436} INFO - 100     2    0     0    0     2      0      0 --:--:--  0:00:42 --:--:--     0
[2024-07-05T09:29:37.031+0000] {docker.py:436} INFO - 100     2    0     0    0     2      0      0 --:--:--  0:00:43 --:--:--     0
[2024-07-05T09:29:38.031+0000] {docker.py:436} INFO - 100     2    0     0    0     2      0      0 --:--:--  0:00:44
[2024-07-05T09:29:38.032+0000] {docker.py:436} INFO - --:--:--
[2024-07-05T09:29:38.032+0000] {docker.py:436} INFO - 0
[2024-07-05T09:29:39.032+0000] {docker.py:436} INFO - 100     2    0     0    0     2      0
[2024-07-05T09:29:39.032+0000] {docker.py:436} INFO - 0 --:
[2024-07-05T09:29:39.032+0000] {docker.py:436} INFO - --
[2024-07-05T09:29:39.032+0000] {docker.py:436} INFO - :
[2024-07-05T09:29:39.032+0000] {docker.py:436} INFO - --  0:0
[2024-07-05T09:29:39.032+0000] {docker.py:436} INFO - 0:45 --
[2024-07-05T09:29:39.032+0000] {docker.py:436} INFO - :--:--
[2024-07-05T09:29:39.032+0000] {docker.py:436} INFO - 
[2024-07-05T09:29:39.032+0000] {docker.py:436} INFO - 
[2024-07-05T09:29:39.032+0000] {docker.py:436} INFO - 0
[2024-07-05T09:29:40.033+0000] {docker.py:436} INFO - 100     2    0     0    0     2      0      0 --:--:--  0:00:46 --:--:--     0
[2024-07-05T09:29:41.036+0000] {docker.py:436} INFO - 100     2    0     0    0     2      0      0 --:--:--  0:00:47 --:--:--     0
[2024-07-05T09:29:42.041+0000] {docker.py:436} INFO - 100     2    0     0    0     2      0      0 --:--:--  0:0
[2024-07-05T09:29:42.041+0000] {docker.py:436} INFO - 0:48 --:--:--
[2024-07-05T09:29:42.042+0000] {docker.py:436} INFO - 0
[2024-07-05T09:29:43.042+0000] {docker.py:436} INFO - 100     2    0     0    0     2      0      0 --:--:--  0:00:49 --:--:--     0
[2024-07-05T09:29:44.043+0000] {docker.py:436} INFO - 100     2    0     0    0     2      0      0 --:--:--  0:00:5
[2024-07-05T09:29:44.043+0000] {docker.py:436} INFO - 0 --:--:--     0
[2024-07-05T09:29:45.043+0000] {docker.py:436} INFO - 100     2    0     0    0     2      0      0 --:--:--  0:00:51 --:--:--     0
[2024-07-05T09:29:46.044+0000] {docker.py:436} INFO - 100     2    0     0    0     2      0      0 --:--:--  0:00:52 --:--:--
[2024-07-05T09:29:46.045+0000] {docker.py:436} INFO - 0
[2024-07-05T09:29:47.046+0000] {docker.py:436} INFO - 100     2    0     0    0     2      0      0 --:--:--  0:00:53 --:--:--     0
[2024-07-05T09:29:48.047+0000] {docker.py:436} INFO - 100     2    0     0    0     2      0      0 --:--:--  0:00:54 --:--:--     0
[2024-07-05T09:29:49.048+0000] {docker.py:436} INFO - 100     2    0     0    0     2      0      0 --:--:--  0:00:55 --:--:--     0
[2024-07-05T09:29:50.048+0000] {docker.py:436} INFO - 100     2    0     0    0     2      0      0 --:--:--  0:00:56 --:--:--     0
[2024-07-05T09:29:51.050+0000] {docker.py:436} INFO - 100     2    0     0    0     2      0      0 --:--:--  0:00:57 --:--:--     0
[2024-07-05T09:29:52.050+0000] {docker.py:436} INFO - 100     2    0     0    0     2      0      0 --:--:--  0:00:58 --:--:--     0
[2024-07-05T09:29:53.052+0000] {docker.py:436} INFO - 100     2    0     0    0     2      0      0 --:--:--  0:00:59 --:--:--     0
[2024-07-05T09:29:54.053+0000] {docker.py:436} INFO - 100     2    0     0    0     2      0      0 --:--:--  0:01:00 --:--:--     0
[2024-07-05T09:29:55.054+0000] {docker.py:436} INFO - 100     2    0     0    0     2      0      0 --:--:--  0:01:01 --:--:--     0
[2024-07-05T09:29:56.055+0000] {docker.py:436} INFO - 100     2    0     0    0     2      0      0 --:--:--  0:01:02 --:--:--     0
[2024-07-05T09:29:57.056+0000] {docker.py:436} INFO - 100     2    0     0    0     2      0      0 --:--:--  0:01:03 --:--:--     0
[2024-07-05T09:29:58.057+0000] {docker.py:436} INFO - 100     2    0     0    0     2      0      0 --:--:--  0:01:04 --:--:--     0
[2024-07-05T09:29:59.058+0000] {docker.py:436} INFO - 100     2    0     0    0     2      0      0 --:--:--  0:01:05 --:--:--
[2024-07-05T09:29:59.058+0000] {docker.py:436} INFO - 0
[2024-07-05T09:30:00.059+0000] {docker.py:436} INFO - 100     2    0     0    0     2      0      0 --:--:--  0:01:06 --:--:--     0
[2024-07-05T09:30:01.060+0000] {docker.py:436} INFO - 100     2    0     0    0     2      0      0 --:--:--  0:01:07 --:--:--     0
[2024-07-05T09:30:02.061+0000] {docker.py:436} INFO - 100     2    0     0    0     2      0      0 --:--:--  0:01:08 --:--:--     0
[2024-07-05T09:30:03.061+0000] {docker.py:436} INFO - 100     2    0     0    0     2      0      0 --:--:--  0:01:09 --:--:--     0
[2024-07-05T09:30:04.063+0000] {docker.py:436} INFO - 100     2    0     0    0     2      0      0 --:--:--  0:01:10 --:--:--     0
[2024-07-05T09:30:05.063+0000] {docker.py:436} INFO - 100     2    0     0    0     2      0      0 --:--:--  0:01:11 --:--:--     0
[2024-07-05T09:30:06.065+0000] {docker.py:436} INFO - 100     2    0     0    0     2      0      0 --:--:--  0:01:12 --:--:--     0
[2024-07-05T09:30:07.066+0000] {docker.py:436} INFO - 100     2    0     0    0     2      0      0 --:--:--  0:01:13 --:--:--     0
[2024-07-05T09:30:08.067+0000] {docker.py:436} INFO - 100     2    0     0    0     2      0      0 --:--:--  0:01:14 --:--:--     0
[2024-07-05T09:30:09.070+0000] {docker.py:436} INFO - 100     2    0     0    0     2      0      0 --:--:--  0:01:15 --:--:--     0
[2024-07-05T09:30:10.069+0000] {docker.py:436} INFO - 100     2    0     0    0     2      0      0 --:--:--  0:01:16 --:--:--     0
[2024-07-05T09:30:11.069+0000] {docker.py:436} INFO - 100     2    0     0    0     2      0      0 --:--:--  0:01:17 --:--:--     0
[2024-07-05T09:30:12.070+0000] {docker.py:436} INFO - 100     2    0     0    0     2      0      0 --:--:--  0:01:18 --:--:--     0
[2024-07-05T09:30:13.071+0000] {docker.py:436} INFO - 100     2    0     0    0     2      0      0 --:--:--  0:01:1
[2024-07-05T09:30:13.072+0000] {docker.py:436} INFO - 9 --:--:--     0
[2024-07-05T09:30:14.073+0000] {docker.py:436} INFO - 100     2    0     0    0     2      0      0 --:--:--  0:01:20 --:--:--     0
[2024-07-05T09:30:15.074+0000] {docker.py:436} INFO - 100     2    0     0    0     2      0      0 --:--:--  0:01:21 --:--:--     0
[2024-07-05T09:30:16.076+0000] {docker.py:436} INFO - 100     2    0     0    0     2      0      0 --:--:--  0:01:22 --:--:--     0
[2024-07-05T09:30:17.076+0000] {docker.py:436} INFO - 100     2    0     0    0     2      0      0 --:--:--  0:01:23 --:--:--     0
[2024-07-05T09:30:18.077+0000] {docker.py:436} INFO - 100     2    0     0    0     2      0      0 --:--:--  0:01:24 --:--:--     0
[2024-07-05T09:30:19.078+0000] {docker.py:436} INFO - 100     2    0     0    0     2      0      0 --:--:--  0:01:25 --:--:--     0
[2024-07-05T09:30:20.079+0000] {docker.py:436} INFO - 100     2    0     0    0     2      0      0
[2024-07-05T09:30:20.079+0000] {docker.py:436} INFO - --:--:--  0:01:
[2024-07-05T09:30:20.079+0000] {docker.py:436} INFO - 26 --
[2024-07-05T09:30:20.079+0000] {docker.py:436} INFO - :-
[2024-07-05T09:30:20.079+0000] {docker.py:436} INFO - -:
[2024-07-05T09:30:20.079+0000] {docker.py:436} INFO - -
[2024-07-05T09:30:20.080+0000] {docker.py:436} INFO - -
[2024-07-05T09:30:20.080+0000] {docker.py:436} INFO - 
[2024-07-05T09:30:20.080+0000] {docker.py:436} INFO - 0
[2024-07-05T09:30:21.080+0000] {docker.py:436} INFO - 100     2    0     0    0     2      0      0 --:--:--  0:01:27 --:--:--     0
[2024-07-05T09:30:22.081+0000] {docker.py:436} INFO - 100     2    0     0    0     2      0      0 --:--:--  0:01:28 --:--:--     0
[2024-07-05T09:30:23.082+0000] {docker.py:436} INFO - 100     2    0     0    0     2      0      0 --:--:--  0:01:29 --:--:--     0
[2024-07-05T09:30:24.083+0000] {docker.py:436} INFO - 100     2    0     0    0     2      0      0 --:--:--  0:01:30 --:--:--     0
[2024-07-05T09:30:25.084+0000] {docker.py:436} INFO - 100     2    0     0    0     2      0      0 --:--:--  0:01:31 --:--:--     0
[2024-07-05T09:30:26.089+0000] {docker.py:436} INFO - 100     2    0     0    0     2      0      0 --:--:--  0:01:32 --:--:--     0
[2024-07-05T09:30:27.090+0000] {docker.py:436} INFO - 100     2    0     0    0     2      0      0 --:--:--  0:01:33 --:--:--     0
[2024-07-05T09:30:28.091+0000] {docker.py:436} INFO - 100     2    0     0    0     2      0      0 --:--:--  0:
[2024-07-05T09:30:28.092+0000] {docker.py:436} INFO - 01:34 --:--:--     0
[2024-07-05T09:30:29.092+0000] {docker.py:436} INFO - 100     2    0     0    0     2      0      0 --:--:--  0:01:35 --:--:--     0
[2024-07-05T09:30:30.110+0000] {docker.py:436} INFO - 100     2    0     0    0     2      0      0 --:--:--  0:01:36 --:--:--     0
[2024-07-05T09:30:31.100+0000] {docker.py:436} INFO - 100     2    0     0    0     2      0      0 --:--:--  0:01:37 --:--:--     0
[2024-07-05T09:30:32.102+0000] {docker.py:436} INFO - 100     2    0     0    0     2      0      0 --:--:--  0:01:38 --:--:--     0
[2024-07-05T09:30:33.103+0000] {docker.py:436} INFO - 100     2    0     0    0     2      0      0 --:--:--  0:01:39 --:--:--     0
[2024-07-05T09:30:34.104+0000] {docker.py:436} INFO - 100     2    0     0    0     2      0      0 --:--:--  0:01:40 --:--:--     0
[2024-07-05T09:30:35.104+0000] {docker.py:436} INFO - 100     2    0     0    0     2      0      0 --:-
[2024-07-05T09:30:35.105+0000] {docker.py:436} INFO - -:--  0:01:41 --:
[2024-07-05T09:30:35.105+0000] {docker.py:436} INFO - --:--
[2024-07-05T09:30:35.105+0000] {docker.py:436} INFO - 
[2024-07-05T09:30:35.105+0000] {docker.py:436} INFO - 0
[2024-07-05T09:30:36.106+0000] {docker.py:436} INFO - 100     2    0     0    0     2      0      0 --:--:--  0:01:42 --:--:--     0
[2024-07-05T09:30:37.107+0000] {docker.py:436} INFO - 100     2    0     0    0     2      0      0 --:--:--  0:01:43 --:--:--     0
[2024-07-05T09:30:38.108+0000] {docker.py:436} INFO - 100     2    0     0    0     2      0      0 --:--:--  0:01:44 --:--:--
[2024-07-05T09:30:38.108+0000] {docker.py:436} INFO - 0
[2024-07-05T09:30:39.108+0000] {docker.py:436} INFO - 100     2    0     0    0     2      0      0 --:--:--  0:01:45 --:--:--     0
[2024-07-05T09:30:40.109+0000] {docker.py:436} INFO - 100     2    0     0    0     2      0      0 --:--:--  0:01:46 --:--:--     0
[2024-07-05T09:30:41.110+0000] {docker.py:436} INFO - 100     2    0     0    0     2      0      0 --:--:--  0:01:47 --:--:--     0
[2024-07-05T09:30:42.112+0000] {docker.py:436} INFO - 100     2    0     0    0     2      0      0 --:--:--  0:01:48 --:--:--     0
[2024-07-05T09:30:43.112+0000] {docker.py:436} INFO - 100     2    0     0    0     2      0      0 --:--:--  0:01:49 --:--:--     0
[2024-07-05T09:30:44.114+0000] {docker.py:436} INFO - 100     2    0     0    0     2      0      0 --:--:--  0:01:50 --:--:--     0
[2024-07-05T09:30:45.114+0000] {docker.py:436} INFO - 100     2    0     0    0     2      0      0 --:--:--  0:01:51 --:--:--     0
[2024-07-05T09:30:46.116+0000] {docker.py:436} INFO - 100     2    0     0    0     2      0      0 --:--:--  0:01:52 --:--:--     0
[2024-07-05T09:30:47.117+0000] {docker.py:436} INFO - 100     2    0     0    0     2      0      0 --:--:--  0:01:53 --:--:--     0
[2024-07-05T09:30:48.118+0000] {docker.py:436} INFO - 100     2    0     0    0     2      0      0 --:--:--  0:01:54 --:--:--     0
[2024-07-05T09:30:49.119+0000] {docker.py:436} INFO - 100     2    0     0    0     2      0      0 --:--:--  0:01:55 --:--:--     0
[2024-07-05T09:30:50.119+0000] {docker.py:436} INFO - 100     2    0     0    0     2      0      0 --:--:--  0:01:56 --:--:--     0
[2024-07-05T09:30:51.121+0000] {docker.py:436} INFO - 100     2    0     0    0     2      0      0 --:--:--  0:01:57 --:--:--     0
[2024-07-05T09:30:52.122+0000] {docker.py:436} INFO - 100     2    0     0    0     2      0      0 --:--:--  0:01:58 --:--:--     0
[2024-07-05T09:30:53.123+0000] {docker.py:436} INFO - 100     2    0     0    0     2      0      0 --:--:--  0:01:59 --:--:--     0
[2024-07-05T09:30:54.123+0000] {docker.py:436} INFO - 100     2    0     0    0     2      0      0 --:--:--  0:02:00 --:--:--     0
[2024-07-05T09:30:55.125+0000] {docker.py:436} INFO - 100     2    0     0    0     2      0      0 --:--:--  0:02:01 --:--:--     0
[2024-07-05T09:30:56.126+0000] {docker.py:436} INFO - 100     2    0     0    0     2      0      0 --:--:--  0:02:02 --:--:--     0
[2024-07-05T09:30:57.127+0000] {docker.py:436} INFO - 100     2    0     0    0     2      0      0 --:--:--  0:02:03 --:--:--     0
[2024-07-05T09:30:58.128+0000] {docker.py:436} INFO - 100     2    0     0    0     2      0      0 --:--:--  0:02:04 --:--:--     0
[2024-07-05T09:30:59.128+0000] {docker.py:436} INFO - 100     2    0     0    0     2      0      0 --:--:--  0:02:05 --:--:--     0
[2024-07-05T09:31:00.129+0000] {docker.py:436} INFO - 100     2    0     0    0     2      0      0 --:--:--  0:02:06 --:--:--     0
[2024-07-05T09:31:01.130+0000] {docker.py:436} INFO - 100     2    0     0    0     2      0      0 --:--:--  0:02:07 --:--:--     0
[2024-07-05T09:31:02.130+0000] {docker.py:436} INFO - 100     2    0     0    0     2      0      0 --:--:--  0:02:08 --:--
[2024-07-05T09:31:02.131+0000] {docker.py:436} INFO - :--     0
[2024-07-05T09:31:03.131+0000] {docker.py:436} INFO - 100     2    0     0    0     2      0      0 --:-
[2024-07-05T09:31:03.132+0000] {docker.py:436} INFO - -:--  0:02:09 --:--:--     0
[2024-07-05T09:31:04.133+0000] {docker.py:436} INFO - 100     2    0     0    0     2      0      0 --:--:--  0:02:10 --:--:--     0
[2024-07-05T09:31:05.134+0000] {docker.py:436} INFO - 100     2    0     0    0     2      0      0 --:--:--  0:02:11 --:--:--     0
[2024-07-05T09:31:06.134+0000] {docker.py:436} INFO - 100     2    0     0    0     2      0      0 --:--:--  0:02:12 --:--:--
[2024-07-05T09:31:06.135+0000] {docker.py:436} INFO - 0
[2024-07-05T09:31:07.135+0000] {docker.py:436} INFO - 100     2    0     0    0     2      0      0 --:--:--  0:02:1
[2024-07-05T09:31:07.136+0000] {docker.py:436} INFO - 3 --:--:--
[2024-07-05T09:31:07.136+0000] {docker.py:436} INFO - 0
[2024-07-05T09:31:08.137+0000] {docker.py:436} INFO - 100     2    0     0    0     2      0      0 -
[2024-07-05T09:31:08.137+0000] {docker.py:436} INFO - -:--:--
[2024-07-05T09:31:08.137+0000] {docker.py:436} INFO - 0:02:
[2024-07-05T09:31:08.137+0000] {docker.py:436} INFO - 14 --:--:--
[2024-07-05T09:31:08.137+0000] {docker.py:436} INFO - 0
[2024-07-05T09:31:09.138+0000] {docker.py:436} INFO - 100     2    0     0    0     2      0      0 --:--:--  0:02:15 --:--:--     0
[2024-07-05T09:31:10.139+0000] {docker.py:436} INFO - 100     2    0     0    0     2      0      0 --:--:--  0:02:16 --:--:--     0
[2024-07-05T09:31:11.140+0000] {docker.py:436} INFO - 100     2    0     0    0     2      0      0 --:--:-
[2024-07-05T09:31:11.140+0000] {docker.py:436} INFO - -  0:02:17 --
[2024-07-05T09:31:11.140+0000] {docker.py:436} INFO - :--:--
[2024-07-05T09:31:11.140+0000] {docker.py:436} INFO - 0
[2024-07-05T09:31:12.140+0000] {docker.py:436} INFO - 100     2    0     0    0     2      0      0 --:--:--  0:02:18 --:--:
[2024-07-05T09:31:12.141+0000] {docker.py:436} INFO - --     0
[2024-07-05T09:31:13.141+0000] {docker.py:436} INFO - 100     2    0     0    0     2      0      0 --:--:--  0:02:1
[2024-07-05T09:31:13.142+0000] {docker.py:436} INFO - 9 --:--:--     0
[2024-07-05T09:31:14.143+0000] {docker.py:436} INFO - 100     2    0     0    0     2      0      0 --:--:--  0:02:20 --:--:--     0
[2024-07-05T09:31:15.144+0000] {docker.py:436} INFO - 100     2    0     0    0     2      0      0 --:--:--  0:02:21 --:--:--     0
[2024-07-05T09:31:16.144+0000] {docker.py:436} INFO - 100     2    0     0    0     2      0      0 --:--:--  0:02:22 --:--:--     0
[2024-07-05T09:31:17.146+0000] {docker.py:436} INFO - 100     2    0     0    0     2      0      0 --:--:--  0:02:23 --:--:--     0
[2024-07-05T09:31:18.147+0000] {docker.py:436} INFO - 100     2    0     0    0     2      0      0 --:--:--  0:02:24 --:--:--     0
[2024-07-05T09:31:19.148+0000] {docker.py:436} INFO - 100     2    0     0    0     2      0      0 --:--:--  0:02:25 --:--:--     0
[2024-07-05T09:31:20.149+0000] {docker.py:436} INFO - 100     2    0     0    0     2      0      0 --:--:--  0:02:26 --:--:--     0
[2024-07-05T09:31:21.150+0000] {docker.py:436} INFO - 100     2    0     0    0     2      0      0 --:--:--  0:02:27 --:--:--     0
[2024-07-05T09:31:22.180+0000] {docker.py:436} INFO - 100     2    0     0    0     2      0      0 --:--:--  0:02:28 --:--:--     0
[2024-07-05T09:31:23.152+0000] {docker.py:436} INFO - 100     2    0     0    0     2      0      0 --:--:--  0:02:29 --:--:--     0
[2024-07-05T09:31:24.153+0000] {docker.py:436} INFO - 100     2    0     0    0     2      0      0 --:--:--  0:02:30 --:--:--
[2024-07-05T09:31:24.153+0000] {docker.py:436} INFO - 0
[2024-07-05T09:31:25.153+0000] {docker.py:436} INFO - 100     2    0     0    0     2      0      0 --:--:--  0:02:31 --:--:--     0
[2024-07-05T09:31:26.155+0000] {docker.py:436} INFO - 100     2    0     0    0     2      0      0 --:--:--  0:02:32 --:--:--     0
[2024-07-05T09:31:27.156+0000] {docker.py:436} INFO - 100     2    0     0    0     2      0      0 --:--:--  0:02:33 --:--:--     0
[2024-07-05T09:31:28.157+0000] {docker.py:436} INFO - 100     2    0     0    0     2      0      0 --:--:--  0:02:34 --:--:--     0
[2024-07-05T09:31:29.157+0000] {docker.py:436} INFO - 100     2    0     0    0     2      0      0 --:--:--  0:02:35 --:--:--     0
[2024-07-05T09:31:30.158+0000] {docker.py:436} INFO - 100     2    0     0    0     2      0      0 --:--:--  0:02:36 --:--:--     0
[2024-07-05T09:31:31.159+0000] {docker.py:436} INFO - 100     2    0     0    0     2      0      0 --:--:--  0:02:37 --:--:--     0
[2024-07-05T09:31:32.160+0000] {docker.py:436} INFO - 100     2    0     0    0     2      0      0 --:--:--  0:02:38 --:--:--     0
[2024-07-05T09:31:33.161+0000] {docker.py:436} INFO - 100     2    0     0    0     2      0      0 --:--:--  0:02:39 --:--:--     0
[2024-07-05T09:31:34.162+0000] {docker.py:436} INFO - 100     2    0     0    0     2      0      0 --:--:--  0:02:40 --:--:--     0
[2024-07-05T09:31:35.163+0000] {docker.py:436} INFO - 100     2    0     0    0     2      0      0 --:--:--  0:02:41 --:--:--     0
[2024-07-05T09:31:36.164+0000] {docker.py:436} INFO - 100     2    0     0    0     2      0      0 --:--:--  0:02:42 --:--:--     0
[2024-07-05T09:31:37.168+0000] {docker.py:436} INFO - 100     2    0     0    0     2      0      0 --:--:--  0:02:43 --:--:--     0
[2024-07-05T09:31:38.166+0000] {docker.py:436} INFO - 100     2    0     0    0     2      0      0 --:--:--  0:02:44 --:--:--     0
[2024-07-05T09:31:39.167+0000] {docker.py:436} INFO - 100     2    0     0    0     2      0      0 --:--:--  0:02:45 --:--:--     0
[2024-07-05T09:31:40.168+0000] {docker.py:436} INFO - 100     2    0     0    0     2      0      0 --:--:--  0:02:46 --:--:--     0
[2024-07-05T09:31:41.169+0000] {docker.py:436} INFO - 100     2    0     0    0     2      0      0 --:--:--  0:02:47 --:--:--     0
[2024-07-05T09:31:42.170+0000] {docker.py:436} INFO - 100     2    0     0    0     2      0      0 --:--:--  0:02:48 --:--:--     0
[2024-07-05T09:31:43.170+0000] {docker.py:436} INFO - 100     2    0     0    0     2      0      0 --:--:--  0:02:49 --:--:--     0
[2024-07-05T09:31:44.172+0000] {docker.py:436} INFO - 100     2    0     0    0     2      0      0 --:--:--  0:02:50 --:--:--     0
[2024-07-05T09:31:45.173+0000] {docker.py:436} INFO - 100     2    0     0    0     2      0      0 --:--:--  0:02:51 --:--:--     0
[2024-07-05T09:31:46.174+0000] {docker.py:436} INFO - 100     2    0     0    0     2      0      0 --:--:--  0:02:52 --:--:--     0
[2024-07-05T09:31:47.174+0000] {docker.py:436} INFO - 100     2    0     0    0     2      0      0 --:--:--  0:02:53 --:--:--     0
[2024-07-05T09:31:48.175+0000] {docker.py:436} INFO - 100     2    0     0    0     2      0      0 --:--:--  0:02:54 --:--:--     0
[2024-07-05T09:31:49.177+0000] {docker.py:436} INFO - 100     2    0     0    0     2      0      0 --:--:--  0:02:55 --:--:--     0
[2024-07-05T09:31:50.178+0000] {docker.py:436} INFO - 100     2    0     0    0     2      0      0 --:--:--  0:02:56 --:--:--     0
[2024-07-05T09:31:51.180+0000] {docker.py:436} INFO - 100     2    0     0    0     2      0      0 --:--:--  0:02:57 --:--:--     0
[2024-07-05T09:31:52.181+0000] {docker.py:436} INFO - 100     2    0     0    0     2      0      0 --:--:--  0:02:58 --:--:--     0
[2024-07-05T09:31:53.181+0000] {docker.py:436} INFO - 100     2    0     0    0     2      0      0 --:--:--  0:02:59 --:--:--
[2024-07-05T09:31:53.182+0000] {docker.py:436} INFO - 0
[2024-07-05T09:31:54.183+0000] {docker.py:436} INFO - 100     2    0     0    0     2      0      0 --:--:--  0:03:00 --:--:--     0
[2024-07-05T09:31:55.184+0000] {docker.py:436} INFO - 100     2    0     0    0     2      0      0 --:--:--  0:03:01 --:--:--     0
[2024-07-05T09:31:56.184+0000] {docker.py:436} INFO - 100     2    0     0    0     2      0      0 --:--:--  0:03:02 --:--:--     0
[2024-07-05T09:31:57.186+0000] {docker.py:436} INFO - 100     2    0     0    0     2      0      0 --:--:--  0:03:03 --:--:--     0
[2024-07-05T09:31:58.186+0000] {docker.py:436} INFO - 100     2    0     0    0     2      0      0 --:--:--  0:03:04 --:--:--     0
[2024-07-05T09:31:59.188+0000] {docker.py:436} INFO - 100     2    0     0    0     2      0      0 --:--:--  0:03:05 --:--:--     0
[2024-07-05T09:32:00.189+0000] {docker.py:436} INFO - 100     2    0     0    0     2      0      0 --:--:--  0:03:06 --:--:--     0
[2024-07-05T09:32:01.190+0000] {docker.py:436} INFO - 100     2    0     0    0     2      0      0 --:--:--  0:03:07 --:--:--     0
[2024-07-05T09:32:02.191+0000] {docker.py:436} INFO - 100     2    0     0    0     2      0      0 --:--:--  0:03:08 --:--:--     0
[2024-07-05T09:32:03.192+0000] {docker.py:436} INFO - 100     2    0     0    0     2      0      0 --:--:--  0:03:09 --:--:--     0
[2024-07-05T09:32:04.192+0000] {docker.py:436} INFO - 100     2    0     0    0     2      0      0 --:--:--  0:03:10 --:--:--     0
[2024-07-05T09:32:05.193+0000] {docker.py:436} INFO - 100     2    0     0    0     2      0      0 --:--:--  0:03:11 --:--:--     0
[2024-07-05T09:32:06.194+0000] {docker.py:436} INFO - 100     2    0     0    0     2      0      0 --:--:--  0:03:12 --:--:--     0
[2024-07-05T09:32:07.195+0000] {docker.py:436} INFO - 100     2    0     0    0     2      0      0 --:--:--  0:03:13 --:--:--     0
[2024-07-05T09:32:08.196+0000] {docker.py:436} INFO - 100     2    0     0    0     2      0      0 --:--:--  0:03:14 --:--:--     0
[2024-07-05T09:32:09.198+0000] {docker.py:436} INFO - 100     2    0     0    0     2      0      0 --:--:--  0:03:15 --:--:--     0
[2024-07-05T09:32:10.199+0000] {docker.py:436} INFO - 100     2    0     0    0     2      0      0 --:--:--  0:03:16 --:--:--     0
[2024-07-05T09:32:11.200+0000] {docker.py:436} INFO - 100     2    0     0    0     2      0      0 --:--:--  0:03:17 --:--:--     0
[2024-07-05T09:32:12.201+0000] {docker.py:436} INFO - 100     2    0     0    0     2      0      0 --:--:--  0:03:18 --:--:--     0
[2024-07-05T09:32:13.202+0000] {docker.py:436} INFO - 100     2    0     0    0     2      0      0 --:--:--  0:03:19 --:--:--     0
[2024-07-05T09:32:14.202+0000] {docker.py:436} INFO - 100     2    0     0    0     2      0      0 --:--:--  0:03:20 --:--:--     0
[2024-07-05T09:32:15.203+0000] {docker.py:436} INFO - 100     2    0     0    0     2      0      0 --:--:--  0:03:21 --:--:--     0
[2024-07-05T09:32:16.204+0000] {docker.py:436} INFO - 100     2    0     0    0     2      0      0 --:--:--  0:03:22 --:--:--     0
[2024-07-05T09:32:17.206+0000] {docker.py:436} INFO - 100     2    0     0    0     2      0      0 --:--:--  0:03:23 --:--:--     0
[2024-07-05T09:32:18.206+0000] {docker.py:436} INFO - 100     2    0     0    0     2      0      0 --:--:--  0:03:24 --:--:--
[2024-07-05T09:32:18.207+0000] {docker.py:436} INFO - 0
[2024-07-05T09:32:19.207+0000] {docker.py:436} INFO - 100     2    0     0    0     2      0      0 --:--:--  0:03:25 --:--:--     0
[2024-07-05T09:32:20.209+0000] {docker.py:436} INFO - 100     2    0     0    0     2      0      0 --:--:--  0:03:26 --:--:--     0
[2024-07-05T09:32:21.210+0000] {docker.py:436} INFO - 100     2    0     0    0     2      0      0 --:--:--  0:03:27 --:--:--     0
[2024-07-05T09:32:22.211+0000] {docker.py:436} INFO - 100     2    0     0    0     2      0      0 --:--:--  0:03:28 --:--:--     0
[2024-07-05T09:32:23.212+0000] {docker.py:436} INFO - 100     2    0     0    0     2      0      0 --:--:--  0:03:29 --:--:--     0
[2024-07-05T09:32:24.213+0000] {docker.py:436} INFO - 100     2    0     0    0     2      0      0 --:--:--  0:03:30 --:--:--     0
[2024-07-05T09:32:25.214+0000] {docker.py:436} INFO - 100     2    0     0    0     2      0      0 --:--:--  0:03:31 --:--:--     0
[2024-07-05T09:32:26.214+0000] {docker.py:436} INFO - 100     2    0     0    0     2      0      0 --:--:--  0:03:32 --:--:--     0
[2024-07-05T09:32:27.216+0000] {docker.py:436} INFO - 100     2    0     0    0     2      0      0 --:--:--  0:03:33 --:--:--     0
[2024-07-05T09:32:28.217+0000] {docker.py:436} INFO - 100     2    0     0    0     2      0      0 --:--:--  0:03:34 --:--:--     0
[2024-07-05T09:32:29.217+0000] {docker.py:436} INFO - 100     2    0     0    0     2      0      0 --:--:--  0:03:35 --:--:--     0
[2024-07-05T09:32:30.219+0000] {docker.py:436} INFO - 100     2    0     0    0     2      0      0 --:--:--  0:03:36 --:--:--     0
[2024-07-05T09:32:31.219+0000] {docker.py:436} INFO - 100     2    0     0    0     2      0      0 --:--:--  0:03:37 --:--:--     0
[2024-07-05T09:32:32.221+0000] {docker.py:436} INFO - 100     2    0     0    0     2      0      0 --:--:--  0:03:38 --:--:--     0
[2024-07-05T09:32:33.222+0000] {docker.py:436} INFO - 100     2    0     0    0     2      0      0 --:--:--  0:03:39 --:--:--     0
[2024-07-05T09:32:34.223+0000] {docker.py:436} INFO - 100     2    0     0    0     2      0      0 --:--:--  0:03:4
[2024-07-05T09:32:34.223+0000] {docker.py:436} INFO - 0 --:--:--     0
[2024-07-05T09:32:35.223+0000] {docker.py:436} INFO - 100     2    0     0    0     2      0      0 --:--:--  0:03:41 --:--:--     0
[2024-07-05T09:32:36.224+0000] {docker.py:436} INFO - 100     2    0     0    0     2      0      0 --:--:--  0:03:42 --:--:--     0
[2024-07-05T09:32:37.226+0000] {docker.py:436} INFO - 100     2    0     0    0     2      0      0 --:--:--  0:03:43 --:--:--     0
[2024-07-05T09:32:38.227+0000] {docker.py:436} INFO - 100     2    0     0    0     2      0      0 --:--:--  0:03:44 --:--:--     0
[2024-07-05T09:32:39.228+0000] {docker.py:436} INFO - 100     2    0     0    0     2      0      0 --:--:--  0:03:45 --:--:--
[2024-07-05T09:32:39.228+0000] {docker.py:436} INFO - 0
[2024-07-05T09:32:40.228+0000] {docker.py:436} INFO - 100     2    0     0    0     2      0      0 --:--:--  0:03:46 --:--:--     0
[2024-07-05T09:32:41.230+0000] {docker.py:436} INFO - 100     2    0     0    0     2      0      0 --:--:--  0:03:47 --:--:--     0
[2024-07-05T09:32:42.231+0000] {docker.py:436} INFO - 100     2    0     0    0     2      0      0 --:--:--  0:03:48 --:--:--     0
[2024-07-05T09:32:43.231+0000] {docker.py:436} INFO - 100     2    0     0    0     2      0      0 --:--:--  0:03:49 --:--:--     0
[2024-07-05T09:32:44.232+0000] {docker.py:436} INFO - 100     2    0     0    0     2      0      0 --:--:--  0:03:50 --:--:--     0
[2024-07-05T09:32:45.235+0000] {docker.py:436} INFO - 100     2    0     0    0     2      0      0 --:--:--  0:03:51 --:--:--     0
[2024-07-05T09:32:46.234+0000] {docker.py:436} INFO - 100     2    0     0    0     2      0      0 --:--:--  0:03:52 --:--:--     0
[2024-07-05T09:32:47.236+0000] {docker.py:436} INFO - 100     2    0     0    0     2      0      0 --:--:--  0:03:53 --:--:--     0
[2024-07-05T09:32:48.236+0000] {docker.py:436} INFO - 100     2    0     0    0     2      0      0 --:--:--  0:03:54 --:--:--
[2024-07-05T09:32:48.237+0000] {docker.py:436} INFO - 0
[2024-07-05T09:32:49.238+0000] {docker.py:436} INFO - 100     2    0     0    0     2      0      0 --:--:--  0:03:55 --:--:--     0
[2024-07-05T09:32:50.239+0000] {docker.py:436} INFO - 100     2    0     0    0     2      0      0 --:--:--  0:03:56 --:--:--     0
[2024-07-05T09:32:51.240+0000] {docker.py:436} INFO - 100     2    0     0    0     2      0      0 --:--:--  0:03:57 --:--:--     0
[2024-07-05T09:32:52.240+0000] {docker.py:436} INFO - 100     2    0     0    0     2      0      0 --:--:--  0:03:58 --:--:--     0
[2024-07-05T09:32:53.242+0000] {docker.py:436} INFO - 100     2    0     0    0     2      0      0 --:--:--  0:03:59 --:--:--     0
[2024-07-05T09:32:54.242+0000] {docker.py:436} INFO - 100     2    0     0    0     2      0      0 --:--:--  0:04:00 --:--:--     0
[2024-07-05T09:32:55.244+0000] {docker.py:436} INFO - 100     2    0     0    0     2      0      0 --:--:--  0:04:01 --:--:--     0
[2024-07-05T09:32:56.245+0000] {docker.py:436} INFO - 100     2    0     0    0     2      0      0 --:--:--  0:04:02 --:--:--     0
[2024-07-05T09:32:57.246+0000] {docker.py:436} INFO - 100     2    0     0    0     2      0      0 --:--:--  0:04:03 --:--:--
[2024-07-05T09:32:57.246+0000] {docker.py:436} INFO - 0
[2024-07-05T09:32:58.246+0000] {docker.py:436} INFO - 100     2    0     0    0     2      0      0 --:--:--  0:04:04 --:--:--     0
[2024-07-05T09:32:59.247+0000] {docker.py:436} INFO - 100     2    0     0    0     2      0      0 --:--:--  0:04:05 --:-
[2024-07-05T09:32:59.248+0000] {docker.py:436} INFO - -:--     0
[2024-07-05T09:33:00.248+0000] {docker.py:436} INFO - 100     2    0     0    0     2      0      0 --:--:--  0:04:06 --:--:--
[2024-07-05T09:33:00.249+0000] {docker.py:436} INFO - 0
[2024-07-05T09:33:01.250+0000] {docker.py:436} INFO - 100     2    0     0    0     2      0      0 --:--:--  0:04:07 --:--:--     0
[2024-07-05T09:33:02.250+0000] {docker.py:436} INFO - 100     2    0     0    0     2      0      0 --:--:--  0:04:08 --:--:--     0
[2024-07-05T09:33:03.251+0000] {docker.py:436} INFO - 100     2    0     0    0     2      0      0 --:--:--  0:04:09 --:--:--     0
[2024-07-05T09:33:04.253+0000] {docker.py:436} INFO - 100     2    0     0    0     2      0      0 --:--:--  0:04:10 --:--:--     0
[2024-07-05T09:33:05.254+0000] {docker.py:436} INFO - 100     2    0     0    0     2      0      0 --:--:--  0:04:11 --:--:--     0
[2024-07-05T09:33:06.255+0000] {docker.py:436} INFO - 100     2    0     0    0     2      0      0 --:--:--  0:04:12 --:--:--     0
[2024-07-05T09:33:07.256+0000] {docker.py:436} INFO - 100     2    0     0    0     2      0      0 --:--:--  0:04:13 --:--:--     0
[2024-07-05T09:33:08.258+0000] {docker.py:436} INFO - 100     2    0     0    0     2      0      0 --:--:--  0:04:14 --:--:--     0
[2024-07-05T09:33:09.258+0000] {docker.py:436} INFO - 100     2    0     0    0     2      0      0 --:--:--  0:04:15 --:--:--     0
[2024-07-05T09:33:10.258+0000] {docker.py:436} INFO - 100     2    0     0    0     2      0      0 --:--:--  0:04:16 --:--:--     0
[2024-07-05T09:33:11.259+0000] {docker.py:436} INFO - 100     2    0     0    0     2      0      0 --:--:--  0:04:17 --:--:--     0
[2024-07-05T09:33:12.260+0000] {docker.py:436} INFO - 100     2    0     0    0     2      0      0 --:--:--  0:04:18 --:--:--     0
[2024-07-05T09:33:13.260+0000] {docker.py:436} INFO - 100     2    0     0    0     2      0      0 --:--:--  0:04:19 --:--:--     0
[2024-07-05T09:33:14.261+0000] {docker.py:436} INFO - 100     2    0     0    0     2      0      0 --:--:--  0:04:20 --:--:--     0
[2024-07-05T09:33:15.262+0000] {docker.py:436} INFO - 100     2    0     0    0     2      0      0 --:--:--  0:04:21 --:--:--     0
[2024-07-05T09:33:16.264+0000] {docker.py:436} INFO - 100     2    0     0    0     2      0      0 --:--:--  0:04:22 --:--:--     0
[2024-07-05T09:33:17.265+0000] {docker.py:436} INFO - 100     2    0     0    0     2      0      0 --:--:--  0:04:23 --:--:--     0
[2024-07-05T09:33:18.265+0000] {docker.py:436} INFO - 100     2    0     0    0     2      0      0 --:--:--  0:04:24 --:--:--     0
[2024-07-05T09:33:19.267+0000] {docker.py:436} INFO - 100     2    0     0    0     2      0      0 --:--:--  0:04:25 --:--:--     0
[2024-07-05T09:33:20.267+0000] {docker.py:436} INFO - 100     2    0     0    0     2      0      0 --:--:--  0:04:26 --:--:--
[2024-07-05T09:33:20.268+0000] {docker.py:436} INFO - 0
[2024-07-05T09:33:21.269+0000] {docker.py:436} INFO - 100     2    0     0    0     2      0      0 --:--:
[2024-07-05T09:33:21.269+0000] {docker.py:436} INFO - --  0:
[2024-07-05T09:33:21.269+0000] {docker.py:436} INFO - 04:27 --:
[2024-07-05T09:33:21.269+0000] {docker.py:436} INFO - --:--
[2024-07-05T09:33:21.269+0000] {docker.py:436} INFO - 
[2024-07-05T09:33:21.269+0000] {docker.py:436} INFO - 0
[2024-07-05T09:33:22.270+0000] {docker.py:436} INFO - 100     2    0     0    0     2      0      0 --:--:--  0:04:28 --:--:-
[2024-07-05T09:33:22.270+0000] {docker.py:436} INFO - -     0
[2024-07-05T09:33:23.270+0000] {docker.py:436} INFO - 100     2    0     0    0     2      0      0 --:--:--
[2024-07-05T09:33:23.271+0000] {docker.py:436} INFO - 0:04:29 --:-
[2024-07-05T09:33:23.271+0000] {docker.py:436} INFO - -:--
[2024-07-05T09:33:23.271+0000] {docker.py:436} INFO - 0
[2024-07-05T09:33:24.271+0000] {docker.py:436} INFO - 100     2    0     0    0     2      0      0 --:--:
[2024-07-05T09:33:24.272+0000] {docker.py:436} INFO - --  0:04:30
[2024-07-05T09:33:24.272+0000] {docker.py:436} INFO - --:--
[2024-07-05T09:33:24.272+0000] {docker.py:436} INFO - :-
[2024-07-05T09:33:24.272+0000] {docker.py:436} INFO - -
[2024-07-05T09:33:24.272+0000] {docker.py:436} INFO - 
[2024-07-05T09:33:24.272+0000] {docker.py:436} INFO - 0
[2024-07-05T09:33:25.272+0000] {docker.py:436} INFO - 100     2    0     0    0     2      0      0 --:--:--  0:04:31 --:--:--     0
[2024-07-05T09:33:26.274+0000] {docker.py:436} INFO - 100     2    0     0    0     2      0      0 --:--:--  0:04:32 --:--:--     0
[2024-07-05T09:33:27.065+0000] {docker.py:436} INFO - 100   134    0   132    0     2      0      0 --:--:--  0:04:33
[2024-07-05T09:33:27.065+0000] {docker.py:436} INFO - --:--:--    27100   134
[2024-07-05T09:33:27.065+0000] {docker.py:436} INFO - 
[2024-07-05T09:33:27.066+0000] {docker.py:436} INFO - 0
[2024-07-05T09:33:27.066+0000] {docker.py:436} INFO - HTTP/1.1 200 OK
[2024-07-05T09:33:27.066+0000] {docker.py:436} INFO - 132    0
[2024-07-05T09:33:27.066+0000] {docker.py:436} INFO - 2
[2024-07-05T09:33:27.066+0000] {docker.py:436} INFO - 0
[2024-07-05T09:33:27.066+0000] {docker.py:436} INFO - 
[2024-07-05T09:33:27.066+0000] {docker.py:436} INFO - 0 -
[2024-07-05T09:33:27.066+0000] {docker.py:436} INFO - -:--
[2024-07-05T09:33:27.066+0000] {docker.py:436} INFO - :--
[2024-07-05T09:33:27.067+0000] {docker.py:436} INFO - 0:04:33
[2024-07-05T09:33:27.067+0000] {docker.py:436} INFO - --:--:--
[2024-07-05T09:33:27.067+0000] {docker.py:436} INFO - 34
[2024-07-05T09:33:27.067+0000] {docker.py:436} INFO - date: Fri, 05 Jul 2024 09:28:53 GMT
server: uvicorn
content-length: 132
content-type: application/json

{"message":"Predictions saved to /app/predictions/extraction_05072024093327.txt and Elasticsearch updated","predictions_count":1000}
[2024-07-05T09:33:27.277+0000] {taskinstance.py:441} INFO - ::group::Post task execution logs
[2024-07-05T09:33:27.300+0000] {taskinstance.py:1206} INFO - Marking task as SUCCESS. dag_id=prod_dag, task_id=fastapi, run_id=manual__2024-07-05T09:28:09.794979+00:00, execution_date=20240705T092809, start_date=20240705T092850, end_date=20240705T093327
[2024-07-05T09:33:27.332+0000] {local_task_job_runner.py:240} INFO - Task exited with return code 0
[2024-07-05T09:33:27.340+0000] {taskinstance.py:3503} INFO - 0 downstream tasks scheduled from follow-on schedule check
[2024-07-05T09:33:27.348+0000] {local_task_job_runner.py:222} INFO - ::endgroup::
