[2024-07-04T08:44:15.167+0000] {processor.py:161} INFO - Started process (PID=48) to work on /opt/airflow/dags/DAG_prod.py
[2024-07-04T08:44:15.167+0000] {processor.py:830} INFO - Processing file /opt/airflow/dags/DAG_prod.py for tasks to queue
[2024-07-04T08:44:15.168+0000] {logging_mixin.py:188} INFO - [2024-07-04T08:44:15.168+0000] {dagbag.py:545} INFO - Filling up the DagBag from /opt/airflow/dags/DAG_prod.py
[2024-07-04T08:44:15.176+0000] {processor.py:840} INFO - DAG(s) 'prod_dag' retrieved from /opt/airflow/dags/DAG_prod.py
[2024-07-04T08:44:15.301+0000] {logging_mixin.py:188} INFO - [2024-07-04T08:44:15.301+0000] {dag.py:3096} INFO - Sync 1 DAGs
[2024-07-04T08:44:15.311+0000] {logging_mixin.py:188} INFO - [2024-07-04T08:44:15.310+0000] {dag.py:3954} INFO - Setting next_dagrun for prod_dag to 2024-07-04 00:00:00+00:00, run_after=2024-07-06 00:00:00+00:00
[2024-07-04T08:44:15.321+0000] {processor.py:183} INFO - Processing /opt/airflow/dags/DAG_prod.py took 0.156 seconds
[2024-07-04T08:44:45.599+0000] {processor.py:161} INFO - Started process (PID=59) to work on /opt/airflow/dags/DAG_prod.py
[2024-07-04T08:44:45.605+0000] {processor.py:830} INFO - Processing file /opt/airflow/dags/DAG_prod.py for tasks to queue
[2024-07-04T08:44:45.606+0000] {logging_mixin.py:188} INFO - [2024-07-04T08:44:45.606+0000] {dagbag.py:545} INFO - Filling up the DagBag from /opt/airflow/dags/DAG_prod.py
[2024-07-04T08:44:45.611+0000] {processor.py:840} INFO - DAG(s) 'prod_dag' retrieved from /opt/airflow/dags/DAG_prod.py
[2024-07-04T08:44:45.630+0000] {logging_mixin.py:188} INFO - [2024-07-04T08:44:45.630+0000] {dag.py:3096} INFO - Sync 1 DAGs
[2024-07-04T08:44:45.644+0000] {logging_mixin.py:188} INFO - [2024-07-04T08:44:45.644+0000] {dag.py:3954} INFO - Setting next_dagrun for prod_dag to 2024-07-04 00:00:00+00:00, run_after=2024-07-06 00:00:00+00:00
[2024-07-04T08:44:45.655+0000] {processor.py:183} INFO - Processing /opt/airflow/dags/DAG_prod.py took 0.058 seconds
[2024-07-04T08:45:15.840+0000] {processor.py:161} INFO - Started process (PID=70) to work on /opt/airflow/dags/DAG_prod.py
[2024-07-04T08:45:15.846+0000] {processor.py:830} INFO - Processing file /opt/airflow/dags/DAG_prod.py for tasks to queue
[2024-07-04T08:45:15.847+0000] {logging_mixin.py:188} INFO - [2024-07-04T08:45:15.847+0000] {dagbag.py:545} INFO - Filling up the DagBag from /opt/airflow/dags/DAG_prod.py
[2024-07-04T08:45:15.852+0000] {processor.py:840} INFO - DAG(s) 'prod_dag' retrieved from /opt/airflow/dags/DAG_prod.py
[2024-07-04T08:45:15.866+0000] {logging_mixin.py:188} INFO - [2024-07-04T08:45:15.866+0000] {dag.py:3096} INFO - Sync 1 DAGs
[2024-07-04T08:45:15.876+0000] {logging_mixin.py:188} INFO - [2024-07-04T08:45:15.876+0000] {dag.py:3954} INFO - Setting next_dagrun for prod_dag to 2024-07-04 00:00:00+00:00, run_after=2024-07-06 00:00:00+00:00
[2024-07-04T08:45:15.884+0000] {processor.py:183} INFO - Processing /opt/airflow/dags/DAG_prod.py took 0.047 seconds
[2024-07-04T08:45:46.071+0000] {processor.py:161} INFO - Started process (PID=81) to work on /opt/airflow/dags/DAG_prod.py
[2024-07-04T08:45:46.077+0000] {processor.py:830} INFO - Processing file /opt/airflow/dags/DAG_prod.py for tasks to queue
[2024-07-04T08:45:46.078+0000] {logging_mixin.py:188} INFO - [2024-07-04T08:45:46.078+0000] {dagbag.py:545} INFO - Filling up the DagBag from /opt/airflow/dags/DAG_prod.py
[2024-07-04T08:45:46.083+0000] {processor.py:840} INFO - DAG(s) 'prod_dag' retrieved from /opt/airflow/dags/DAG_prod.py
[2024-07-04T08:45:46.098+0000] {logging_mixin.py:188} INFO - [2024-07-04T08:45:46.098+0000] {dag.py:3096} INFO - Sync 1 DAGs
[2024-07-04T08:45:46.107+0000] {logging_mixin.py:188} INFO - [2024-07-04T08:45:46.107+0000] {dag.py:3954} INFO - Setting next_dagrun for prod_dag to 2024-07-04 00:00:00+00:00, run_after=2024-07-06 00:00:00+00:00
[2024-07-04T08:45:46.115+0000] {processor.py:183} INFO - Processing /opt/airflow/dags/DAG_prod.py took 0.047 seconds
[2024-07-04T08:46:16.304+0000] {processor.py:161} INFO - Started process (PID=92) to work on /opt/airflow/dags/DAG_prod.py
[2024-07-04T08:46:16.312+0000] {processor.py:830} INFO - Processing file /opt/airflow/dags/DAG_prod.py for tasks to queue
[2024-07-04T08:46:16.313+0000] {logging_mixin.py:188} INFO - [2024-07-04T08:46:16.313+0000] {dagbag.py:545} INFO - Filling up the DagBag from /opt/airflow/dags/DAG_prod.py
[2024-07-04T08:46:16.318+0000] {processor.py:840} INFO - DAG(s) 'prod_dag' retrieved from /opt/airflow/dags/DAG_prod.py
[2024-07-04T08:46:16.332+0000] {logging_mixin.py:188} INFO - [2024-07-04T08:46:16.332+0000] {dag.py:3096} INFO - Sync 1 DAGs
[2024-07-04T08:46:16.341+0000] {logging_mixin.py:188} INFO - [2024-07-04T08:46:16.341+0000] {dag.py:3954} INFO - Setting next_dagrun for prod_dag to 2024-07-04 00:00:00+00:00, run_after=2024-07-06 00:00:00+00:00
[2024-07-04T08:46:16.349+0000] {processor.py:183} INFO - Processing /opt/airflow/dags/DAG_prod.py took 0.048 seconds
[2024-07-04T08:46:46.496+0000] {processor.py:161} INFO - Started process (PID=103) to work on /opt/airflow/dags/DAG_prod.py
[2024-07-04T08:46:46.496+0000] {processor.py:830} INFO - Processing file /opt/airflow/dags/DAG_prod.py for tasks to queue
[2024-07-04T08:46:46.497+0000] {logging_mixin.py:188} INFO - [2024-07-04T08:46:46.497+0000] {dagbag.py:545} INFO - Filling up the DagBag from /opt/airflow/dags/DAG_prod.py
[2024-07-04T08:46:46.502+0000] {processor.py:840} INFO - DAG(s) 'prod_dag' retrieved from /opt/airflow/dags/DAG_prod.py
[2024-07-04T08:46:46.514+0000] {logging_mixin.py:188} INFO - [2024-07-04T08:46:46.514+0000] {dag.py:3096} INFO - Sync 1 DAGs
[2024-07-04T08:46:46.524+0000] {logging_mixin.py:188} INFO - [2024-07-04T08:46:46.523+0000] {dag.py:3954} INFO - Setting next_dagrun for prod_dag to 2024-07-04 00:00:00+00:00, run_after=2024-07-06 00:00:00+00:00
[2024-07-04T08:46:46.532+0000] {processor.py:183} INFO - Processing /opt/airflow/dags/DAG_prod.py took 0.038 seconds
[2024-07-04T08:47:16.676+0000] {processor.py:161} INFO - Started process (PID=114) to work on /opt/airflow/dags/DAG_prod.py
[2024-07-04T08:47:16.682+0000] {processor.py:830} INFO - Processing file /opt/airflow/dags/DAG_prod.py for tasks to queue
[2024-07-04T08:47:16.683+0000] {logging_mixin.py:188} INFO - [2024-07-04T08:47:16.683+0000] {dagbag.py:545} INFO - Filling up the DagBag from /opt/airflow/dags/DAG_prod.py
[2024-07-04T08:47:16.688+0000] {processor.py:840} INFO - DAG(s) 'prod_dag' retrieved from /opt/airflow/dags/DAG_prod.py
[2024-07-04T08:47:16.702+0000] {logging_mixin.py:188} INFO - [2024-07-04T08:47:16.702+0000] {dag.py:3096} INFO - Sync 1 DAGs
[2024-07-04T08:47:16.712+0000] {logging_mixin.py:188} INFO - [2024-07-04T08:47:16.711+0000] {dag.py:3954} INFO - Setting next_dagrun for prod_dag to 2024-07-04 00:00:00+00:00, run_after=2024-07-06 00:00:00+00:00
[2024-07-04T08:47:16.720+0000] {processor.py:183} INFO - Processing /opt/airflow/dags/DAG_prod.py took 0.046 seconds
[2024-07-04T08:47:46.909+0000] {processor.py:161} INFO - Started process (PID=125) to work on /opt/airflow/dags/DAG_prod.py
[2024-07-04T08:47:46.915+0000] {processor.py:830} INFO - Processing file /opt/airflow/dags/DAG_prod.py for tasks to queue
[2024-07-04T08:47:46.915+0000] {logging_mixin.py:188} INFO - [2024-07-04T08:47:46.915+0000] {dagbag.py:545} INFO - Filling up the DagBag from /opt/airflow/dags/DAG_prod.py
[2024-07-04T08:47:46.920+0000] {processor.py:840} INFO - DAG(s) 'prod_dag' retrieved from /opt/airflow/dags/DAG_prod.py
[2024-07-04T08:47:46.935+0000] {logging_mixin.py:188} INFO - [2024-07-04T08:47:46.935+0000] {dag.py:3096} INFO - Sync 1 DAGs
[2024-07-04T08:47:46.944+0000] {logging_mixin.py:188} INFO - [2024-07-04T08:47:46.944+0000] {dag.py:3954} INFO - Setting next_dagrun for prod_dag to 2024-07-04 00:00:00+00:00, run_after=2024-07-06 00:00:00+00:00
[2024-07-04T08:47:46.952+0000] {processor.py:183} INFO - Processing /opt/airflow/dags/DAG_prod.py took 0.046 seconds
[2024-07-04T08:48:17.138+0000] {processor.py:161} INFO - Started process (PID=136) to work on /opt/airflow/dags/DAG_prod.py
[2024-07-04T08:48:17.144+0000] {processor.py:830} INFO - Processing file /opt/airflow/dags/DAG_prod.py for tasks to queue
[2024-07-04T08:48:17.144+0000] {logging_mixin.py:188} INFO - [2024-07-04T08:48:17.144+0000] {dagbag.py:545} INFO - Filling up the DagBag from /opt/airflow/dags/DAG_prod.py
[2024-07-04T08:48:17.149+0000] {processor.py:840} INFO - DAG(s) 'prod_dag' retrieved from /opt/airflow/dags/DAG_prod.py
[2024-07-04T08:48:17.163+0000] {logging_mixin.py:188} INFO - [2024-07-04T08:48:17.163+0000] {dag.py:3096} INFO - Sync 1 DAGs
[2024-07-04T08:48:17.172+0000] {logging_mixin.py:188} INFO - [2024-07-04T08:48:17.172+0000] {dag.py:3954} INFO - Setting next_dagrun for prod_dag to 2024-07-04 00:00:00+00:00, run_after=2024-07-06 00:00:00+00:00
[2024-07-04T08:48:17.197+0000] {processor.py:183} INFO - Processing /opt/airflow/dags/DAG_prod.py took 0.061 seconds
[2024-07-04T08:48:47.350+0000] {processor.py:161} INFO - Started process (PID=147) to work on /opt/airflow/dags/DAG_prod.py
[2024-07-04T08:48:47.351+0000] {processor.py:830} INFO - Processing file /opt/airflow/dags/DAG_prod.py for tasks to queue
[2024-07-04T08:48:47.351+0000] {logging_mixin.py:188} INFO - [2024-07-04T08:48:47.351+0000] {dagbag.py:545} INFO - Filling up the DagBag from /opt/airflow/dags/DAG_prod.py
[2024-07-04T08:48:47.356+0000] {processor.py:840} INFO - DAG(s) 'prod_dag' retrieved from /opt/airflow/dags/DAG_prod.py
[2024-07-04T08:48:47.369+0000] {logging_mixin.py:188} INFO - [2024-07-04T08:48:47.369+0000] {dag.py:3096} INFO - Sync 1 DAGs
[2024-07-04T08:48:47.379+0000] {logging_mixin.py:188} INFO - [2024-07-04T08:48:47.379+0000] {dag.py:3954} INFO - Setting next_dagrun for prod_dag to 2024-07-04 00:00:00+00:00, run_after=2024-07-06 00:00:00+00:00
[2024-07-04T08:48:47.387+0000] {processor.py:183} INFO - Processing /opt/airflow/dags/DAG_prod.py took 0.040 seconds
[2024-07-04T08:49:17.571+0000] {processor.py:161} INFO - Started process (PID=158) to work on /opt/airflow/dags/DAG_prod.py
[2024-07-04T08:49:17.577+0000] {processor.py:830} INFO - Processing file /opt/airflow/dags/DAG_prod.py for tasks to queue
[2024-07-04T08:49:17.578+0000] {logging_mixin.py:188} INFO - [2024-07-04T08:49:17.578+0000] {dagbag.py:545} INFO - Filling up the DagBag from /opt/airflow/dags/DAG_prod.py
[2024-07-04T08:49:17.583+0000] {processor.py:840} INFO - DAG(s) 'prod_dag' retrieved from /opt/airflow/dags/DAG_prod.py
[2024-07-04T08:49:17.597+0000] {logging_mixin.py:188} INFO - [2024-07-04T08:49:17.597+0000] {dag.py:3096} INFO - Sync 1 DAGs
[2024-07-04T08:49:17.606+0000] {logging_mixin.py:188} INFO - [2024-07-04T08:49:17.606+0000] {dag.py:3954} INFO - Setting next_dagrun for prod_dag to 2024-07-04 00:00:00+00:00, run_after=2024-07-06 00:00:00+00:00
[2024-07-04T08:49:17.620+0000] {processor.py:183} INFO - Processing /opt/airflow/dags/DAG_prod.py took 0.051 seconds
[2024-07-04T08:49:47.815+0000] {processor.py:161} INFO - Started process (PID=169) to work on /opt/airflow/dags/DAG_prod.py
[2024-07-04T08:49:47.821+0000] {processor.py:830} INFO - Processing file /opt/airflow/dags/DAG_prod.py for tasks to queue
[2024-07-04T08:49:47.821+0000] {logging_mixin.py:188} INFO - [2024-07-04T08:49:47.821+0000] {dagbag.py:545} INFO - Filling up the DagBag from /opt/airflow/dags/DAG_prod.py
[2024-07-04T08:49:47.826+0000] {processor.py:840} INFO - DAG(s) 'prod_dag' retrieved from /opt/airflow/dags/DAG_prod.py
[2024-07-04T08:49:47.841+0000] {logging_mixin.py:188} INFO - [2024-07-04T08:49:47.841+0000] {dag.py:3096} INFO - Sync 1 DAGs
[2024-07-04T08:49:47.851+0000] {logging_mixin.py:188} INFO - [2024-07-04T08:49:47.851+0000] {dag.py:3954} INFO - Setting next_dagrun for prod_dag to 2024-07-04 00:00:00+00:00, run_after=2024-07-06 00:00:00+00:00
[2024-07-04T08:49:47.859+0000] {processor.py:183} INFO - Processing /opt/airflow/dags/DAG_prod.py took 0.047 seconds
[2024-07-04T08:50:18.012+0000] {processor.py:161} INFO - Started process (PID=180) to work on /opt/airflow/dags/DAG_prod.py
[2024-07-04T08:50:18.013+0000] {processor.py:830} INFO - Processing file /opt/airflow/dags/DAG_prod.py for tasks to queue
[2024-07-04T08:50:18.013+0000] {logging_mixin.py:188} INFO - [2024-07-04T08:50:18.013+0000] {dagbag.py:545} INFO - Filling up the DagBag from /opt/airflow/dags/DAG_prod.py
[2024-07-04T08:50:18.018+0000] {processor.py:840} INFO - DAG(s) 'prod_dag' retrieved from /opt/airflow/dags/DAG_prod.py
[2024-07-04T08:50:18.032+0000] {logging_mixin.py:188} INFO - [2024-07-04T08:50:18.032+0000] {dag.py:3096} INFO - Sync 1 DAGs
[2024-07-04T08:50:18.042+0000] {logging_mixin.py:188} INFO - [2024-07-04T08:50:18.042+0000] {dag.py:3954} INFO - Setting next_dagrun for prod_dag to 2024-07-04 00:00:00+00:00, run_after=2024-07-06 00:00:00+00:00
[2024-07-04T08:50:18.050+0000] {processor.py:183} INFO - Processing /opt/airflow/dags/DAG_prod.py took 0.041 seconds
