[2024-07-04T08:44:15.423+0000] {processor.py:161} INFO - Started process (PID=50) to work on /opt/airflow/dags/postgre_dag.py
[2024-07-04T08:44:15.424+0000] {processor.py:830} INFO - Processing file /opt/airflow/dags/postgre_dag.py for tasks to queue
[2024-07-04T08:44:15.424+0000] {logging_mixin.py:188} INFO - [2024-07-04T08:44:15.424+0000] {dagbag.py:545} INFO - Filling up the DagBag from /opt/airflow/dags/postgre_dag.py
[2024-07-04T08:44:15.429+0000] {processor.py:840} INFO - DAG(s) 'postgre_dag' retrieved from /opt/airflow/dags/postgre_dag.py
[2024-07-04T08:44:15.481+0000] {logging_mixin.py:188} INFO - [2024-07-04T08:44:15.481+0000] {dag.py:3096} INFO - Sync 1 DAGs
[2024-07-04T08:44:15.490+0000] {logging_mixin.py:188} INFO - [2024-07-04T08:44:15.490+0000] {dag.py:3954} INFO - Setting next_dagrun for postgre_dag to 2024-06-27 00:00:00+00:00, run_after=2024-07-04 00:00:00+00:00
[2024-07-04T08:44:15.499+0000] {processor.py:183} INFO - Processing /opt/airflow/dags/postgre_dag.py took 0.078 seconds
[2024-07-04T08:44:45.710+0000] {processor.py:161} INFO - Started process (PID=61) to work on /opt/airflow/dags/postgre_dag.py
[2024-07-04T08:44:45.711+0000] {processor.py:830} INFO - Processing file /opt/airflow/dags/postgre_dag.py for tasks to queue
[2024-07-04T08:44:45.712+0000] {logging_mixin.py:188} INFO - [2024-07-04T08:44:45.712+0000] {dagbag.py:545} INFO - Filling up the DagBag from /opt/airflow/dags/postgre_dag.py
[2024-07-04T08:44:45.716+0000] {processor.py:840} INFO - DAG(s) 'postgre_dag' retrieved from /opt/airflow/dags/postgre_dag.py
[2024-07-04T08:44:45.730+0000] {logging_mixin.py:188} INFO - [2024-07-04T08:44:45.730+0000] {dag.py:3096} INFO - Sync 1 DAGs
[2024-07-04T08:44:45.739+0000] {logging_mixin.py:188} INFO - [2024-07-04T08:44:45.739+0000] {dag.py:3954} INFO - Setting next_dagrun for postgre_dag to 2024-06-27 00:00:00+00:00, run_after=2024-07-04 00:00:00+00:00
[2024-07-04T08:44:45.748+0000] {processor.py:183} INFO - Processing /opt/airflow/dags/postgre_dag.py took 0.041 seconds
[2024-07-04T08:45:15.942+0000] {processor.py:161} INFO - Started process (PID=72) to work on /opt/airflow/dags/postgre_dag.py
[2024-07-04T08:45:15.942+0000] {processor.py:830} INFO - Processing file /opt/airflow/dags/postgre_dag.py for tasks to queue
[2024-07-04T08:45:15.943+0000] {logging_mixin.py:188} INFO - [2024-07-04T08:45:15.943+0000] {dagbag.py:545} INFO - Filling up the DagBag from /opt/airflow/dags/postgre_dag.py
[2024-07-04T08:45:15.947+0000] {processor.py:840} INFO - DAG(s) 'postgre_dag' retrieved from /opt/airflow/dags/postgre_dag.py
[2024-07-04T08:45:15.959+0000] {logging_mixin.py:188} INFO - [2024-07-04T08:45:15.959+0000] {dag.py:3096} INFO - Sync 1 DAGs
[2024-07-04T08:45:15.968+0000] {logging_mixin.py:188} INFO - [2024-07-04T08:45:15.968+0000] {dag.py:3954} INFO - Setting next_dagrun for postgre_dag to 2024-06-27 00:00:00+00:00, run_after=2024-07-04 00:00:00+00:00
[2024-07-04T08:45:15.976+0000] {processor.py:183} INFO - Processing /opt/airflow/dags/postgre_dag.py took 0.037 seconds
[2024-07-04T08:45:46.175+0000] {processor.py:161} INFO - Started process (PID=83) to work on /opt/airflow/dags/postgre_dag.py
[2024-07-04T08:45:46.176+0000] {processor.py:830} INFO - Processing file /opt/airflow/dags/postgre_dag.py for tasks to queue
[2024-07-04T08:45:46.177+0000] {logging_mixin.py:188} INFO - [2024-07-04T08:45:46.176+0000] {dagbag.py:545} INFO - Filling up the DagBag from /opt/airflow/dags/postgre_dag.py
[2024-07-04T08:45:46.181+0000] {processor.py:840} INFO - DAG(s) 'postgre_dag' retrieved from /opt/airflow/dags/postgre_dag.py
[2024-07-04T08:45:46.194+0000] {logging_mixin.py:188} INFO - [2024-07-04T08:45:46.194+0000] {dag.py:3096} INFO - Sync 1 DAGs
[2024-07-04T08:45:46.203+0000] {logging_mixin.py:188} INFO - [2024-07-04T08:45:46.203+0000] {dag.py:3954} INFO - Setting next_dagrun for postgre_dag to 2024-06-27 00:00:00+00:00, run_after=2024-07-04 00:00:00+00:00
[2024-07-04T08:45:46.211+0000] {processor.py:183} INFO - Processing /opt/airflow/dags/postgre_dag.py took 0.038 seconds
[2024-07-04T08:46:16.364+0000] {processor.py:161} INFO - Started process (PID=94) to work on /opt/airflow/dags/postgre_dag.py
[2024-07-04T08:46:16.365+0000] {processor.py:830} INFO - Processing file /opt/airflow/dags/postgre_dag.py for tasks to queue
[2024-07-04T08:46:16.366+0000] {logging_mixin.py:188} INFO - [2024-07-04T08:46:16.366+0000] {dagbag.py:545} INFO - Filling up the DagBag from /opt/airflow/dags/postgre_dag.py
[2024-07-04T08:46:16.370+0000] {processor.py:840} INFO - DAG(s) 'postgre_dag' retrieved from /opt/airflow/dags/postgre_dag.py
[2024-07-04T08:46:16.383+0000] {logging_mixin.py:188} INFO - [2024-07-04T08:46:16.382+0000] {dag.py:3096} INFO - Sync 1 DAGs
[2024-07-04T08:46:16.392+0000] {logging_mixin.py:188} INFO - [2024-07-04T08:46:16.392+0000] {dag.py:3954} INFO - Setting next_dagrun for postgre_dag to 2024-06-27 00:00:00+00:00, run_after=2024-07-04 00:00:00+00:00
[2024-07-04T08:46:16.400+0000] {processor.py:183} INFO - Processing /opt/airflow/dags/postgre_dag.py took 0.039 seconds
[2024-07-04T08:46:46.548+0000] {processor.py:161} INFO - Started process (PID=105) to work on /opt/airflow/dags/postgre_dag.py
[2024-07-04T08:46:46.549+0000] {processor.py:830} INFO - Processing file /opt/airflow/dags/postgre_dag.py for tasks to queue
[2024-07-04T08:46:46.550+0000] {logging_mixin.py:188} INFO - [2024-07-04T08:46:46.549+0000] {dagbag.py:545} INFO - Filling up the DagBag from /opt/airflow/dags/postgre_dag.py
[2024-07-04T08:46:46.553+0000] {processor.py:840} INFO - DAG(s) 'postgre_dag' retrieved from /opt/airflow/dags/postgre_dag.py
[2024-07-04T08:46:46.566+0000] {logging_mixin.py:188} INFO - [2024-07-04T08:46:46.566+0000] {dag.py:3096} INFO - Sync 1 DAGs
[2024-07-04T08:46:46.575+0000] {logging_mixin.py:188} INFO - [2024-07-04T08:46:46.575+0000] {dag.py:3954} INFO - Setting next_dagrun for postgre_dag to 2024-06-27 00:00:00+00:00, run_after=2024-07-04 00:00:00+00:00
[2024-07-04T08:46:46.583+0000] {processor.py:183} INFO - Processing /opt/airflow/dags/postgre_dag.py took 0.037 seconds
[2024-07-04T08:47:16.780+0000] {processor.py:161} INFO - Started process (PID=116) to work on /opt/airflow/dags/postgre_dag.py
[2024-07-04T08:47:16.780+0000] {processor.py:830} INFO - Processing file /opt/airflow/dags/postgre_dag.py for tasks to queue
[2024-07-04T08:47:16.781+0000] {logging_mixin.py:188} INFO - [2024-07-04T08:47:16.781+0000] {dagbag.py:545} INFO - Filling up the DagBag from /opt/airflow/dags/postgre_dag.py
[2024-07-04T08:47:16.785+0000] {processor.py:840} INFO - DAG(s) 'postgre_dag' retrieved from /opt/airflow/dags/postgre_dag.py
[2024-07-04T08:47:16.798+0000] {logging_mixin.py:188} INFO - [2024-07-04T08:47:16.798+0000] {dag.py:3096} INFO - Sync 1 DAGs
[2024-07-04T08:47:16.807+0000] {logging_mixin.py:188} INFO - [2024-07-04T08:47:16.807+0000] {dag.py:3954} INFO - Setting next_dagrun for postgre_dag to 2024-06-27 00:00:00+00:00, run_after=2024-07-04 00:00:00+00:00
[2024-07-04T08:47:16.815+0000] {processor.py:183} INFO - Processing /opt/airflow/dags/postgre_dag.py took 0.038 seconds
[2024-07-04T08:47:47.012+0000] {processor.py:161} INFO - Started process (PID=127) to work on /opt/airflow/dags/postgre_dag.py
[2024-07-04T08:47:47.013+0000] {processor.py:830} INFO - Processing file /opt/airflow/dags/postgre_dag.py for tasks to queue
[2024-07-04T08:47:47.014+0000] {logging_mixin.py:188} INFO - [2024-07-04T08:47:47.014+0000] {dagbag.py:545} INFO - Filling up the DagBag from /opt/airflow/dags/postgre_dag.py
[2024-07-04T08:47:47.018+0000] {processor.py:840} INFO - DAG(s) 'postgre_dag' retrieved from /opt/airflow/dags/postgre_dag.py
[2024-07-04T08:47:47.031+0000] {logging_mixin.py:188} INFO - [2024-07-04T08:47:47.030+0000] {dag.py:3096} INFO - Sync 1 DAGs
[2024-07-04T08:47:47.040+0000] {logging_mixin.py:188} INFO - [2024-07-04T08:47:47.040+0000] {dag.py:3954} INFO - Setting next_dagrun for postgre_dag to 2024-06-27 00:00:00+00:00, run_after=2024-07-04 00:00:00+00:00
[2024-07-04T08:47:47.048+0000] {processor.py:183} INFO - Processing /opt/airflow/dags/postgre_dag.py took 0.038 seconds
[2024-07-04T08:48:17.207+0000] {processor.py:161} INFO - Started process (PID=138) to work on /opt/airflow/dags/postgre_dag.py
[2024-07-04T08:48:17.207+0000] {processor.py:830} INFO - Processing file /opt/airflow/dags/postgre_dag.py for tasks to queue
[2024-07-04T08:48:17.208+0000] {logging_mixin.py:188} INFO - [2024-07-04T08:48:17.208+0000] {dagbag.py:545} INFO - Filling up the DagBag from /opt/airflow/dags/postgre_dag.py
[2024-07-04T08:48:17.212+0000] {processor.py:840} INFO - DAG(s) 'postgre_dag' retrieved from /opt/airflow/dags/postgre_dag.py
[2024-07-04T08:48:17.224+0000] {logging_mixin.py:188} INFO - [2024-07-04T08:48:17.224+0000] {dag.py:3096} INFO - Sync 1 DAGs
[2024-07-04T08:48:17.233+0000] {logging_mixin.py:188} INFO - [2024-07-04T08:48:17.233+0000] {dag.py:3954} INFO - Setting next_dagrun for postgre_dag to 2024-06-27 00:00:00+00:00, run_after=2024-07-04 00:00:00+00:00
[2024-07-04T08:48:17.248+0000] {processor.py:183} INFO - Processing /opt/airflow/dags/postgre_dag.py took 0.043 seconds
[2024-07-04T08:48:47.442+0000] {processor.py:161} INFO - Started process (PID=149) to work on /opt/airflow/dags/postgre_dag.py
[2024-07-04T08:48:47.442+0000] {processor.py:830} INFO - Processing file /opt/airflow/dags/postgre_dag.py for tasks to queue
[2024-07-04T08:48:47.443+0000] {logging_mixin.py:188} INFO - [2024-07-04T08:48:47.443+0000] {dagbag.py:545} INFO - Filling up the DagBag from /opt/airflow/dags/postgre_dag.py
[2024-07-04T08:48:47.446+0000] {processor.py:840} INFO - DAG(s) 'postgre_dag' retrieved from /opt/airflow/dags/postgre_dag.py
[2024-07-04T08:48:47.458+0000] {logging_mixin.py:188} INFO - [2024-07-04T08:48:47.458+0000] {dag.py:3096} INFO - Sync 1 DAGs
[2024-07-04T08:48:47.467+0000] {logging_mixin.py:188} INFO - [2024-07-04T08:48:47.467+0000] {dag.py:3954} INFO - Setting next_dagrun for postgre_dag to 2024-06-27 00:00:00+00:00, run_after=2024-07-04 00:00:00+00:00
[2024-07-04T08:48:47.476+0000] {processor.py:183} INFO - Processing /opt/airflow/dags/postgre_dag.py took 0.036 seconds
[2024-07-04T08:49:17.683+0000] {processor.py:161} INFO - Started process (PID=160) to work on /opt/airflow/dags/postgre_dag.py
[2024-07-04T08:49:17.683+0000] {processor.py:830} INFO - Processing file /opt/airflow/dags/postgre_dag.py for tasks to queue
[2024-07-04T08:49:17.684+0000] {logging_mixin.py:188} INFO - [2024-07-04T08:49:17.684+0000] {dagbag.py:545} INFO - Filling up the DagBag from /opt/airflow/dags/postgre_dag.py
[2024-07-04T08:49:17.689+0000] {processor.py:840} INFO - DAG(s) 'postgre_dag' retrieved from /opt/airflow/dags/postgre_dag.py
[2024-07-04T08:49:17.702+0000] {logging_mixin.py:188} INFO - [2024-07-04T08:49:17.702+0000] {dag.py:3096} INFO - Sync 1 DAGs
[2024-07-04T08:49:17.711+0000] {logging_mixin.py:188} INFO - [2024-07-04T08:49:17.711+0000] {dag.py:3954} INFO - Setting next_dagrun for postgre_dag to 2024-06-27 00:00:00+00:00, run_after=2024-07-04 00:00:00+00:00
[2024-07-04T08:49:17.723+0000] {processor.py:183} INFO - Processing /opt/airflow/dags/postgre_dag.py took 0.043 seconds
[2024-07-04T08:49:47.924+0000] {processor.py:161} INFO - Started process (PID=171) to work on /opt/airflow/dags/postgre_dag.py
[2024-07-04T08:49:47.924+0000] {processor.py:830} INFO - Processing file /opt/airflow/dags/postgre_dag.py for tasks to queue
[2024-07-04T08:49:47.925+0000] {logging_mixin.py:188} INFO - [2024-07-04T08:49:47.925+0000] {dagbag.py:545} INFO - Filling up the DagBag from /opt/airflow/dags/postgre_dag.py
[2024-07-04T08:49:47.929+0000] {processor.py:840} INFO - DAG(s) 'postgre_dag' retrieved from /opt/airflow/dags/postgre_dag.py
[2024-07-04T08:49:47.942+0000] {logging_mixin.py:188} INFO - [2024-07-04T08:49:47.942+0000] {dag.py:3096} INFO - Sync 1 DAGs
[2024-07-04T08:49:47.952+0000] {logging_mixin.py:188} INFO - [2024-07-04T08:49:47.952+0000] {dag.py:3954} INFO - Setting next_dagrun for postgre_dag to 2024-06-27 00:00:00+00:00, run_after=2024-07-04 00:00:00+00:00
[2024-07-04T08:49:47.961+0000] {processor.py:183} INFO - Processing /opt/airflow/dags/postgre_dag.py took 0.040 seconds
[2024-07-04T08:50:18.066+0000] {processor.py:161} INFO - Started process (PID=182) to work on /opt/airflow/dags/postgre_dag.py
[2024-07-04T08:50:18.066+0000] {processor.py:830} INFO - Processing file /opt/airflow/dags/postgre_dag.py for tasks to queue
[2024-07-04T08:50:18.067+0000] {logging_mixin.py:188} INFO - [2024-07-04T08:50:18.067+0000] {dagbag.py:545} INFO - Filling up the DagBag from /opt/airflow/dags/postgre_dag.py
[2024-07-04T08:50:18.072+0000] {processor.py:840} INFO - DAG(s) 'postgre_dag' retrieved from /opt/airflow/dags/postgre_dag.py
[2024-07-04T08:50:18.086+0000] {logging_mixin.py:188} INFO - [2024-07-04T08:50:18.086+0000] {dag.py:3096} INFO - Sync 1 DAGs
[2024-07-04T08:50:18.096+0000] {logging_mixin.py:188} INFO - [2024-07-04T08:50:18.096+0000] {dag.py:3954} INFO - Setting next_dagrun for postgre_dag to 2024-06-27 00:00:00+00:00, run_after=2024-07-04 00:00:00+00:00
[2024-07-04T08:50:18.105+0000] {processor.py:183} INFO - Processing /opt/airflow/dags/postgre_dag.py took 0.042 seconds
