[2024-07-04T08:44:15.426+0000] {processor.py:161} INFO - Started process (PID=51) to work on /opt/airflow/dags/scraping_dag.py
[2024-07-04T08:44:15.426+0000] {processor.py:830} INFO - Processing file /opt/airflow/dags/scraping_dag.py for tasks to queue
[2024-07-04T08:44:15.427+0000] {logging_mixin.py:188} INFO - [2024-07-04T08:44:15.427+0000] {dagbag.py:545} INFO - Filling up the DagBag from /opt/airflow/dags/scraping_dag.py
[2024-07-04T08:44:15.431+0000] {processor.py:840} INFO - DAG(s) 'scraping_dag' retrieved from /opt/airflow/dags/scraping_dag.py
[2024-07-04T08:44:15.484+0000] {logging_mixin.py:188} INFO - [2024-07-04T08:44:15.484+0000] {dag.py:3096} INFO - Sync 1 DAGs
[2024-07-04T08:44:15.493+0000] {logging_mixin.py:188} INFO - [2024-07-04T08:44:15.493+0000] {dag.py:3954} INFO - Setting next_dagrun for scraping_dag to 2024-07-02 00:00:00+00:00, run_after=2024-07-04 00:00:00+00:00
[2024-07-04T08:44:15.502+0000] {processor.py:183} INFO - Processing /opt/airflow/dags/scraping_dag.py took 0.079 seconds
[2024-07-04T08:44:45.712+0000] {processor.py:161} INFO - Started process (PID=62) to work on /opt/airflow/dags/scraping_dag.py
[2024-07-04T08:44:45.712+0000] {processor.py:830} INFO - Processing file /opt/airflow/dags/scraping_dag.py for tasks to queue
[2024-07-04T08:44:45.713+0000] {logging_mixin.py:188} INFO - [2024-07-04T08:44:45.713+0000] {dagbag.py:545} INFO - Filling up the DagBag from /opt/airflow/dags/scraping_dag.py
[2024-07-04T08:44:45.717+0000] {processor.py:840} INFO - DAG(s) 'scraping_dag' retrieved from /opt/airflow/dags/scraping_dag.py
[2024-07-04T08:44:45.730+0000] {logging_mixin.py:188} INFO - [2024-07-04T08:44:45.729+0000] {dag.py:3096} INFO - Sync 1 DAGs
[2024-07-04T08:44:45.739+0000] {logging_mixin.py:188} INFO - [2024-07-04T08:44:45.738+0000] {dag.py:3954} INFO - Setting next_dagrun for scraping_dag to 2024-07-02 00:00:00+00:00, run_after=2024-07-04 00:00:00+00:00
[2024-07-04T08:44:45.747+0000] {processor.py:183} INFO - Processing /opt/airflow/dags/scraping_dag.py took 0.037 seconds
[2024-07-04T08:45:15.945+0000] {processor.py:161} INFO - Started process (PID=73) to work on /opt/airflow/dags/scraping_dag.py
[2024-07-04T08:45:15.945+0000] {processor.py:830} INFO - Processing file /opt/airflow/dags/scraping_dag.py for tasks to queue
[2024-07-04T08:45:15.946+0000] {logging_mixin.py:188} INFO - [2024-07-04T08:45:15.946+0000] {dagbag.py:545} INFO - Filling up the DagBag from /opt/airflow/dags/scraping_dag.py
[2024-07-04T08:45:15.952+0000] {processor.py:840} INFO - DAG(s) 'scraping_dag' retrieved from /opt/airflow/dags/scraping_dag.py
[2024-07-04T08:45:15.965+0000] {logging_mixin.py:188} INFO - [2024-07-04T08:45:15.965+0000] {dag.py:3096} INFO - Sync 1 DAGs
[2024-07-04T08:45:15.975+0000] {logging_mixin.py:188} INFO - [2024-07-04T08:45:15.975+0000] {dag.py:3954} INFO - Setting next_dagrun for scraping_dag to 2024-07-02 00:00:00+00:00, run_after=2024-07-04 00:00:00+00:00
[2024-07-04T08:45:15.984+0000] {processor.py:183} INFO - Processing /opt/airflow/dags/scraping_dag.py took 0.042 seconds
[2024-07-04T08:45:46.178+0000] {processor.py:161} INFO - Started process (PID=84) to work on /opt/airflow/dags/scraping_dag.py
[2024-07-04T08:45:46.178+0000] {processor.py:830} INFO - Processing file /opt/airflow/dags/scraping_dag.py for tasks to queue
[2024-07-04T08:45:46.179+0000] {logging_mixin.py:188} INFO - [2024-07-04T08:45:46.179+0000] {dagbag.py:545} INFO - Filling up the DagBag from /opt/airflow/dags/scraping_dag.py
[2024-07-04T08:45:46.183+0000] {processor.py:840} INFO - DAG(s) 'scraping_dag' retrieved from /opt/airflow/dags/scraping_dag.py
[2024-07-04T08:45:46.196+0000] {logging_mixin.py:188} INFO - [2024-07-04T08:45:46.196+0000] {dag.py:3096} INFO - Sync 1 DAGs
[2024-07-04T08:45:46.205+0000] {logging_mixin.py:188} INFO - [2024-07-04T08:45:46.205+0000] {dag.py:3954} INFO - Setting next_dagrun for scraping_dag to 2024-07-02 00:00:00+00:00, run_after=2024-07-04 00:00:00+00:00
[2024-07-04T08:45:46.214+0000] {processor.py:183} INFO - Processing /opt/airflow/dags/scraping_dag.py took 0.039 seconds
[2024-07-04T08:46:16.400+0000] {processor.py:161} INFO - Started process (PID=95) to work on /opt/airflow/dags/scraping_dag.py
[2024-07-04T08:46:16.400+0000] {processor.py:830} INFO - Processing file /opt/airflow/dags/scraping_dag.py for tasks to queue
[2024-07-04T08:46:16.401+0000] {logging_mixin.py:188} INFO - [2024-07-04T08:46:16.401+0000] {dagbag.py:545} INFO - Filling up the DagBag from /opt/airflow/dags/scraping_dag.py
[2024-07-04T08:46:16.405+0000] {processor.py:840} INFO - DAG(s) 'scraping_dag' retrieved from /opt/airflow/dags/scraping_dag.py
[2024-07-04T08:46:16.418+0000] {logging_mixin.py:188} INFO - [2024-07-04T08:46:16.418+0000] {dag.py:3096} INFO - Sync 1 DAGs
[2024-07-04T08:46:16.427+0000] {logging_mixin.py:188} INFO - [2024-07-04T08:46:16.427+0000] {dag.py:3954} INFO - Setting next_dagrun for scraping_dag to 2024-07-02 00:00:00+00:00, run_after=2024-07-04 00:00:00+00:00
[2024-07-04T08:46:16.436+0000] {processor.py:183} INFO - Processing /opt/airflow/dags/scraping_dag.py took 0.038 seconds
[2024-07-04T08:46:46.594+0000] {processor.py:161} INFO - Started process (PID=106) to work on /opt/airflow/dags/scraping_dag.py
[2024-07-04T08:46:46.595+0000] {processor.py:830} INFO - Processing file /opt/airflow/dags/scraping_dag.py for tasks to queue
[2024-07-04T08:46:46.596+0000] {logging_mixin.py:188} INFO - [2024-07-04T08:46:46.596+0000] {dagbag.py:545} INFO - Filling up the DagBag from /opt/airflow/dags/scraping_dag.py
[2024-07-04T08:46:46.600+0000] {processor.py:840} INFO - DAG(s) 'scraping_dag' retrieved from /opt/airflow/dags/scraping_dag.py
[2024-07-04T08:46:46.613+0000] {logging_mixin.py:188} INFO - [2024-07-04T08:46:46.613+0000] {dag.py:3096} INFO - Sync 1 DAGs
[2024-07-04T08:46:46.623+0000] {logging_mixin.py:188} INFO - [2024-07-04T08:46:46.623+0000] {dag.py:3954} INFO - Setting next_dagrun for scraping_dag to 2024-07-02 00:00:00+00:00, run_after=2024-07-04 00:00:00+00:00
[2024-07-04T08:46:46.631+0000] {processor.py:183} INFO - Processing /opt/airflow/dags/scraping_dag.py took 0.040 seconds
[2024-07-04T08:47:16.782+0000] {processor.py:161} INFO - Started process (PID=117) to work on /opt/airflow/dags/scraping_dag.py
[2024-07-04T08:47:16.783+0000] {processor.py:830} INFO - Processing file /opt/airflow/dags/scraping_dag.py for tasks to queue
[2024-07-04T08:47:16.784+0000] {logging_mixin.py:188} INFO - [2024-07-04T08:47:16.783+0000] {dagbag.py:545} INFO - Filling up the DagBag from /opt/airflow/dags/scraping_dag.py
[2024-07-04T08:47:16.787+0000] {processor.py:840} INFO - DAG(s) 'scraping_dag' retrieved from /opt/airflow/dags/scraping_dag.py
[2024-07-04T08:47:16.799+0000] {logging_mixin.py:188} INFO - [2024-07-04T08:47:16.799+0000] {dag.py:3096} INFO - Sync 1 DAGs
[2024-07-04T08:47:16.808+0000] {logging_mixin.py:188} INFO - [2024-07-04T08:47:16.808+0000] {dag.py:3954} INFO - Setting next_dagrun for scraping_dag to 2024-07-02 00:00:00+00:00, run_after=2024-07-04 00:00:00+00:00
[2024-07-04T08:47:16.817+0000] {processor.py:183} INFO - Processing /opt/airflow/dags/scraping_dag.py took 0.038 seconds
[2024-07-04T08:47:47.015+0000] {processor.py:161} INFO - Started process (PID=128) to work on /opt/airflow/dags/scraping_dag.py
[2024-07-04T08:47:47.015+0000] {processor.py:830} INFO - Processing file /opt/airflow/dags/scraping_dag.py for tasks to queue
[2024-07-04T08:47:47.016+0000] {logging_mixin.py:188} INFO - [2024-07-04T08:47:47.016+0000] {dagbag.py:545} INFO - Filling up the DagBag from /opt/airflow/dags/scraping_dag.py
[2024-07-04T08:47:47.020+0000] {processor.py:840} INFO - DAG(s) 'scraping_dag' retrieved from /opt/airflow/dags/scraping_dag.py
[2024-07-04T08:47:47.032+0000] {logging_mixin.py:188} INFO - [2024-07-04T08:47:47.032+0000] {dag.py:3096} INFO - Sync 1 DAGs
[2024-07-04T08:47:47.042+0000] {logging_mixin.py:188} INFO - [2024-07-04T08:47:47.041+0000] {dag.py:3954} INFO - Setting next_dagrun for scraping_dag to 2024-07-02 00:00:00+00:00, run_after=2024-07-04 00:00:00+00:00
[2024-07-04T08:47:47.050+0000] {processor.py:183} INFO - Processing /opt/airflow/dags/scraping_dag.py took 0.038 seconds
[2024-07-04T08:48:17.258+0000] {processor.py:161} INFO - Started process (PID=139) to work on /opt/airflow/dags/scraping_dag.py
[2024-07-04T08:48:17.258+0000] {processor.py:830} INFO - Processing file /opt/airflow/dags/scraping_dag.py for tasks to queue
[2024-07-04T08:48:17.259+0000] {logging_mixin.py:188} INFO - [2024-07-04T08:48:17.259+0000] {dagbag.py:545} INFO - Filling up the DagBag from /opt/airflow/dags/scraping_dag.py
[2024-07-04T08:48:17.263+0000] {processor.py:840} INFO - DAG(s) 'scraping_dag' retrieved from /opt/airflow/dags/scraping_dag.py
[2024-07-04T08:48:17.274+0000] {logging_mixin.py:188} INFO - [2024-07-04T08:48:17.274+0000] {dag.py:3096} INFO - Sync 1 DAGs
[2024-07-04T08:48:17.283+0000] {logging_mixin.py:188} INFO - [2024-07-04T08:48:17.283+0000] {dag.py:3954} INFO - Setting next_dagrun for scraping_dag to 2024-07-02 00:00:00+00:00, run_after=2024-07-04 00:00:00+00:00
[2024-07-04T08:48:17.297+0000] {processor.py:183} INFO - Processing /opt/airflow/dags/scraping_dag.py took 0.042 seconds
[2024-07-04T08:48:47.445+0000] {processor.py:161} INFO - Started process (PID=150) to work on /opt/airflow/dags/scraping_dag.py
[2024-07-04T08:48:47.446+0000] {processor.py:830} INFO - Processing file /opt/airflow/dags/scraping_dag.py for tasks to queue
[2024-07-04T08:48:47.446+0000] {logging_mixin.py:188} INFO - [2024-07-04T08:48:47.446+0000] {dagbag.py:545} INFO - Filling up the DagBag from /opt/airflow/dags/scraping_dag.py
[2024-07-04T08:48:47.451+0000] {processor.py:840} INFO - DAG(s) 'scraping_dag' retrieved from /opt/airflow/dags/scraping_dag.py
[2024-07-04T08:48:47.463+0000] {logging_mixin.py:188} INFO - [2024-07-04T08:48:47.463+0000] {dag.py:3096} INFO - Sync 1 DAGs
[2024-07-04T08:48:47.473+0000] {logging_mixin.py:188} INFO - [2024-07-04T08:48:47.472+0000] {dag.py:3954} INFO - Setting next_dagrun for scraping_dag to 2024-07-02 00:00:00+00:00, run_after=2024-07-04 00:00:00+00:00
[2024-07-04T08:48:47.481+0000] {processor.py:183} INFO - Processing /opt/airflow/dags/scraping_dag.py took 0.039 seconds
[2024-07-04T08:49:17.684+0000] {processor.py:161} INFO - Started process (PID=161) to work on /opt/airflow/dags/scraping_dag.py
[2024-07-04T08:49:17.685+0000] {processor.py:830} INFO - Processing file /opt/airflow/dags/scraping_dag.py for tasks to queue
[2024-07-04T08:49:17.686+0000] {logging_mixin.py:188} INFO - [2024-07-04T08:49:17.685+0000] {dagbag.py:545} INFO - Filling up the DagBag from /opt/airflow/dags/scraping_dag.py
[2024-07-04T08:49:17.690+0000] {processor.py:840} INFO - DAG(s) 'scraping_dag' retrieved from /opt/airflow/dags/scraping_dag.py
[2024-07-04T08:49:17.703+0000] {logging_mixin.py:188} INFO - [2024-07-04T08:49:17.703+0000] {dag.py:3096} INFO - Sync 1 DAGs
[2024-07-04T08:49:17.712+0000] {logging_mixin.py:188} INFO - [2024-07-04T08:49:17.712+0000] {dag.py:3954} INFO - Setting next_dagrun for scraping_dag to 2024-07-02 00:00:00+00:00, run_after=2024-07-04 00:00:00+00:00
[2024-07-04T08:49:17.724+0000] {processor.py:183} INFO - Processing /opt/airflow/dags/scraping_dag.py took 0.043 seconds
[2024-07-04T08:49:47.927+0000] {processor.py:161} INFO - Started process (PID=172) to work on /opt/airflow/dags/scraping_dag.py
[2024-07-04T08:49:47.927+0000] {processor.py:830} INFO - Processing file /opt/airflow/dags/scraping_dag.py for tasks to queue
[2024-07-04T08:49:47.928+0000] {logging_mixin.py:188} INFO - [2024-07-04T08:49:47.928+0000] {dagbag.py:545} INFO - Filling up the DagBag from /opt/airflow/dags/scraping_dag.py
[2024-07-04T08:49:47.932+0000] {processor.py:840} INFO - DAG(s) 'scraping_dag' retrieved from /opt/airflow/dags/scraping_dag.py
[2024-07-04T08:49:47.945+0000] {logging_mixin.py:188} INFO - [2024-07-04T08:49:47.945+0000] {dag.py:3096} INFO - Sync 1 DAGs
[2024-07-04T08:49:47.954+0000] {logging_mixin.py:188} INFO - [2024-07-04T08:49:47.954+0000] {dag.py:3954} INFO - Setting next_dagrun for scraping_dag to 2024-07-02 00:00:00+00:00, run_after=2024-07-04 00:00:00+00:00
[2024-07-04T08:49:47.962+0000] {processor.py:183} INFO - Processing /opt/airflow/dags/scraping_dag.py took 0.039 seconds
[2024-07-04T08:50:18.103+0000] {processor.py:161} INFO - Started process (PID=183) to work on /opt/airflow/dags/scraping_dag.py
[2024-07-04T08:50:18.104+0000] {processor.py:830} INFO - Processing file /opt/airflow/dags/scraping_dag.py for tasks to queue
[2024-07-04T08:50:18.104+0000] {logging_mixin.py:188} INFO - [2024-07-04T08:50:18.104+0000] {dagbag.py:545} INFO - Filling up the DagBag from /opt/airflow/dags/scraping_dag.py
[2024-07-04T08:50:18.108+0000] {processor.py:840} INFO - DAG(s) 'scraping_dag' retrieved from /opt/airflow/dags/scraping_dag.py
[2024-07-04T08:50:18.121+0000] {logging_mixin.py:188} INFO - [2024-07-04T08:50:18.120+0000] {dag.py:3096} INFO - Sync 1 DAGs
[2024-07-04T08:50:18.130+0000] {logging_mixin.py:188} INFO - [2024-07-04T08:50:18.130+0000] {dag.py:3954} INFO - Setting next_dagrun for scraping_dag to 2024-07-02 00:00:00+00:00, run_after=2024-07-04 00:00:00+00:00
[2024-07-04T08:50:18.138+0000] {processor.py:183} INFO - Processing /opt/airflow/dags/scraping_dag.py took 0.037 seconds
