[2024-07-05T10:10:42.968+0000] {local_task_job_runner.py:120} INFO - ::group::Pre task execution logs
[2024-07-05T10:10:42.986+0000] {taskinstance.py:2076} INFO - Dependencies all met for dep_context=non-requeueable deps ti=<TaskInstance: prod_dag.run_scraping_docker manual__2024-07-05T10:10:41.960779+00:00 [queued]>
[2024-07-05T10:10:42.991+0000] {taskinstance.py:2076} INFO - Dependencies all met for dep_context=requeueable deps ti=<TaskInstance: prod_dag.run_scraping_docker manual__2024-07-05T10:10:41.960779+00:00 [queued]>
[2024-07-05T10:10:42.991+0000] {taskinstance.py:2306} INFO - Starting attempt 1 of 2
[2024-07-05T10:10:43.000+0000] {taskinstance.py:2330} INFO - Executing <Task(DockerOperator): run_scraping_docker> on 2024-07-05 10:10:41.960779+00:00
[2024-07-05T10:10:43.006+0000] {warnings.py:112} WARNING - /home/***/.local/lib/python3.12/site-packages/***/task/task_runner/standard_task_runner.py:61: DeprecationWarning: This process (pid=509) is multi-threaded, use of fork() may lead to deadlocks in the child.
  pid = os.fork()

[2024-07-05T10:10:43.006+0000] {standard_task_runner.py:63} INFO - Started process 510 to run task
[2024-07-05T10:10:43.006+0000] {standard_task_runner.py:90} INFO - Running: ['***', 'tasks', 'run', 'prod_dag', 'run_scraping_docker', 'manual__2024-07-05T10:10:41.960779+00:00', '--job-id', '14', '--raw', '--subdir', 'DAGS_FOLDER/DAG_prod.py', '--cfg-path', '/tmp/tmpjaw1255b']
[2024-07-05T10:10:43.007+0000] {standard_task_runner.py:91} INFO - Job 14: Subtask run_scraping_docker
[2024-07-05T10:10:43.035+0000] {task_command.py:426} INFO - Running <TaskInstance: prod_dag.run_scraping_docker manual__2024-07-05T10:10:41.960779+00:00 [running]> on host d1b8fc7d37d2
[2024-07-05T10:10:43.089+0000] {taskinstance.py:2648} INFO - Exporting env vars: AIRFLOW_CTX_DAG_OWNER='***' AIRFLOW_CTX_DAG_ID='prod_dag' AIRFLOW_CTX_TASK_ID='run_scraping_docker' AIRFLOW_CTX_EXECUTION_DATE='2024-07-05T10:10:41.960779+00:00' AIRFLOW_CTX_TRY_NUMBER='1' AIRFLOW_CTX_DAG_RUN_ID='manual__2024-07-05T10:10:41.960779+00:00'
[2024-07-05T10:10:43.090+0000] {taskinstance.py:430} INFO - ::endgroup::
[2024-07-05T10:10:43.112+0000] {docker.py:366} INFO - Starting docker container from image bost67dst/scraping_light
[2024-07-05T10:11:02.695+0000] {docker.py:436} INFO - SCRAPING START
bank Companies Data extraction complete and saved to JSON.
===================================================================================
Reviews data extraction for all companies starts:
===================================================================================


*****************************************************************
Reviews data extraction for company_id: www.younited-credit.com
*****************************************************************


company_id: www.younited-credit.com  page: 1
company_id: www.younited-credit.com  page: 2


Company data extraction time duration : 1.1295270919799805 seconds for 2 pages
Reviews Data extraction for company_id www.younited-credit.com complete and saved to JSON.
*****************************************************************
Reviews data extraction for company_id: cibformation.fr
*****************************************************************


company_id: cibformation.fr  page: 1
company_id: cibformation.fr  page: 2


Company data extraction time duration : 0.7986612319946289 seconds for 2 pages
Reviews Data extraction for company_id cibformation.fr complete and saved to JSON.
*****************************************************************
Reviews data extraction for company_id: cofidis.fr
*****************************************************************


company_id: cofidis.fr  page: 1
company_id: cofidis.fr  page: 2


Company data extraction time duration : 1.0210845470428467 seconds for 2 pages
Reviews Data extraction for company_id cofidis.fr complete and saved to JSON.
*****************************************************************
Reviews data extraction for company_id: qonto.com
*****************************************************************


company_id: qonto.com  page: 1
company_id: qonto.com  page: 2


Company data extraction time duration : 0.7209863662719727 seconds for 2 pages
Reviews Data extraction for company_id qonto.com complete and saved to JSON.
*****************************************************************
Reviews data extraction for company_id: pixpay.eu
*****************************************************************


company_id: pixpay.eu  page: 1
company_id: pixpay.eu  page: 2


Company data extraction time duration : 0.999596357345581 seconds for 2 pages
Reviews Data extraction for company_id pixpay.eu complete and saved to JSON.
*****************************************************************
Reviews data extraction for company_id: pennypet.io
*****************************************************************


company_id: pennypet.io  page: 1
company_id: pennypet.io  page: 2


Company data extraction time duration : 0.6820588111877441 seconds for 2 pages
Reviews Data extraction for company_id pennypet.io complete and saved to JSON.
*****************************************************************
Reviews data extraction for company_id: shine.fr
*****************************************************************


company_id: shine.fr  page: 1
company_id: shine.fr  page: 2


Company data extraction time duration : 0.7502248287200928 seconds for 2 pages
Reviews Data extraction for company_id shine.fr complete and saved to JSON.
*****************************************************************
Reviews data extraction for company_id: moneywalkie.com
*****************************************************************


company_id: moneywalkie.com  page: 1
company_id: moneywalkie.com  page: 2


Company data extraction time duration : 0.8334503173828125 seconds for 2 pages
Reviews Data extraction for company_id moneywalkie.com complete and saved to JSON.
*****************************************************************
Reviews data extraction for company_id: anyti.me
*****************************************************************


company_id: anyti.me  page: 1
company_id: anyti.me  page: 2


Company data extraction time duration : 1.2525160312652588 seconds for 2 pages
Reviews Data extraction for company_id anyti.me complete and saved to JSON.
*****************************************************************
Reviews data extraction for company_id: boursobank.com
*****************************************************************


company_id: boursobank.com  page: 1
company_id: boursobank.com  page: 2


Company data extraction time duration : 0.7004034519195557 seconds for 2 pages
Reviews Data extraction for company_id boursobank.com complete and saved to JSON.
*****************************************************************
Reviews data extraction for company_id: blank.app
*****************************************************************


company_id: blank.app  page: 1
company_id: blank.app  page: 2


Company data extraction time duration : 0.991126298904419 seconds for 2 pages
Reviews Data extraction for company_id blank.app complete and saved to JSON.
*****************************************************************
Reviews data extraction for company_id: propulsebyca.fr
*****************************************************************


company_id: propulsebyca.fr  page: 1
company_id: propulsebyca.fr  page: 2


Company data extraction time duration : 1.611823558807373 seconds for 2 pages
Reviews Data extraction for company_id propulsebyca.fr complete and saved to JSON.
*****************************************************************
Reviews data extraction for company_id: www.monabanq.com
*****************************************************************


company_id: www.monabanq.com  page: 1
company_id: www.monabanq.com  page: 2


Company data extraction time duration : 0.6065382957458496 seconds for 2 pages
Reviews Data extraction for company_id www.monabanq.com complete and saved to JSON.
*****************************************************************
Reviews data extraction for company_id: fortuneo.fr
*****************************************************************


company_id: fortuneo.fr  page: 1
company_id: fortuneo.fr  page: 2


Company data extraction time duration : 0.670846700668335 seconds for 2 pages
Reviews Data extraction for company_id fortuneo.fr complete and saved to JSON.
*****************************************************************
Reviews data extraction for company_id: helios.do
*****************************************************************


company_id: helios.do  page: 1
company_id: helios.do  page: 2


Company data extraction time duration : 0.9246416091918945 seconds for 2 pages
Reviews Data extraction for company_id helios.do complete and saved to JSON.
*****************************************************************
Reviews data extraction for company_id: immopret.fr
*****************************************************************


company_id: immopret.fr  page: 1
company_id: immopret.fr  page: 2


Company data extraction time duration : 0.864879846572876 seconds for 2 pages
Reviews Data extraction for company_id immopret.fr complete and saved to JSON.
*****************************************************************
Reviews data extraction for company_id: www.francescpi.com
*****************************************************************


company_id: www.francescpi.com  page: 1
company_id: www.francescpi.com  page: 2


Company data extraction time duration : 0.8811690807342529 seconds for 2 pages
Reviews Data extraction for company_id www.francescpi.com complete and saved to JSON.
*****************************************************************
Reviews data extraction for company_id: cofidis.pt
*****************************************************************


company_id: cofidis.pt  page: 1
company_id: cofidis.pt  page: 2


Company data extraction time duration : 1.246851921081543 seconds for 2 pages
Reviews Data extraction for company_id cofidis.pt complete and saved to JSON.
*****************************************************************
Reviews data extraction for company_id: 01banque-en-ligne.fr
*****************************************************************


company_id: 01banque-en-ligne.fr  page: 1
company_id: 01banque-en-ligne.fr  page: 2


Company data extraction time duration : 0.7743420600891113 seconds for 2 pages
[2024-07-05T10:11:16.882+0000] {docker.py:436} INFO - Reviews Data extraction for company_id 01banque-en-ligne.fr complete and saved to JSON.
*****************************************************************
Reviews data extraction for company_id: green-got.com
*****************************************************************


company_id: green-got.com  page: 1
company_id: green-got.com  page: 2


Company data extraction time duration : 1.1795330047607422 seconds for 2 pages
Reviews Data extraction for company_id green-got.com complete and saved to JSON.
*****************************************************************
Reviews data extraction for company_id: bcfinance.fr
*****************************************************************


company_id: bcfinance.fr  page: 1
company_id: bcfinance.fr  page: 2


Company data extraction time duration : 0.6672132015228271 seconds for 2 pages
Reviews Data extraction for company_id bcfinance.fr complete and saved to JSON.
*****************************************************************
Reviews data extraction for company_id: www.vybecard.com
*****************************************************************


company_id: www.vybecard.com  page: 1
company_id: www.vybecard.com  page: 2


Company data extraction time duration : 1.0917422771453857 seconds for 2 pages
Reviews Data extraction for company_id www.vybecard.com complete and saved to JSON.
*****************************************************************
Reviews data extraction for company_id: kard.eu
*****************************************************************


company_id: kard.eu  page: 1
company_id: kard.eu  page: 2


Company data extraction time duration : 0.7599897384643555 seconds for 2 pages
Reviews Data extraction for company_id kard.eu complete and saved to JSON.
*****************************************************************
Reviews data extraction for company_id: www.lanef.com
*****************************************************************


company_id: www.lanef.com  page: 1
company_id: www.lanef.com  page: 2


Company data extraction time duration : 0.8195679187774658 seconds for 2 pages
Reviews Data extraction for company_id www.lanef.com complete and saved to JSON.
*****************************************************************
Reviews data extraction for company_id: britline.com
*****************************************************************


company_id: britline.com  page: 1
404 Client Error: Not Found for url: https://fr.trustpilot.com/review/britline.com?page=2&sort=recency
page_data = {'error': '404 Client Error: Not Found for url: https://fr.trustpilot.com/review/britline.com?page=2&sort=recency'}   False


Company data extraction time duration : 1.128753900527954 seconds for 1 pages
Reviews Data extraction for company_id britline.com complete and saved to JSON.
*****************************************************************
Reviews data extraction for company_id: moneynow.fr
*****************************************************************


company_id: moneynow.fr  page: 1
404 Client Error: Not Found for url: https://fr.trustpilot.com/review/moneynow.fr?page=2&sort=recency
page_data = {'error': '404 Client Error: Not Found for url: https://fr.trustpilot.com/review/moneynow.fr?page=2&sort=recency'}   False


Company data extraction time duration : 0.5106770992279053 seconds for 1 pages
Reviews Data extraction for company_id moneynow.fr complete and saved to JSON.
*****************************************************************
Reviews data extraction for company_id: orangebank.fr
*****************************************************************


company_id: orangebank.fr  page: 1
company_id: orangebank.fr  page: 2


Company data extraction time duration : 0.74704909324646 seconds for 2 pages
Reviews Data extraction for company_id orangebank.fr complete and saved to JSON.
*****************************************************************
Reviews data extraction for company_id: sumeria.eu
*****************************************************************


company_id: sumeria.eu  page: 1
company_id: sumeria.eu  page: 2


Company data extraction time duration : 1.0267868041992188 seconds for 2 pages
Reviews Data extraction for company_id sumeria.eu complete and saved to JSON.
*****************************************************************
Reviews data extraction for company_id: bpe.fr
*****************************************************************


company_id: bpe.fr  page: 1
company_id: bpe.fr  page: 2


Company data extraction time duration : 0.8535494804382324 seconds for 2 pages
Reviews Data extraction for company_id bpe.fr complete and saved to JSON.
*****************************************************************
Reviews data extraction for company_id: hellobank.fr
*****************************************************************


company_id: hellobank.fr  page: 1
company_id: hellobank.fr  page: 2


Company data extraction time duration : 0.8485002517700195 seconds for 2 pages
Reviews Data extraction for company_id hellobank.fr complete and saved to JSON.
*****************************************************************
Reviews data extraction for company_id: www.mafrenchbank.fr
*****************************************************************


company_id: www.mafrenchbank.fr  page: 1
company_id: www.mafrenchbank.fr  page: 2


Company data extraction time duration : 1.050156593322754 seconds for 2 pages
Reviews Data extraction for company_id www.mafrenchbank.fr complete and saved to JSON.
*****************************************************************
Reviews data extraction for company_id: floapay.com
*****************************************************************


company_id: floapay.com  page: 1
company_id: floapay.com  page: 2


Company data extraction time duration : 0.9682302474975586 seconds for 2 pages
Reviews Data extraction for company_id floapay.com complete and saved to JSON.
*****************************************************************
Reviews data extraction for company_id: connectbanque.com
*****************************************************************


company_id: connectbanque.com  page: 1
company_id: connectbanque.com  page: 2


Company data extraction time duration : 0.6566104888916016 seconds for 2 pages
Reviews Data extraction for company_id connectbanque.com complete and saved to JSON.
*****************************************************************
Reviews data extraction for company_id: idealpret.fr
*****************************************************************


company_id: idealpret.fr  page: 1
404 Client Error: Not Found for url: https://fr.trustpilot.com/review/idealpret.fr?page=2&sort=recency
page_data = {'error': '404 Client Error: Not Found for url: https://fr.trustpilot.com/review/idealpret.fr?page=2&sort=recency'}   False


Company data extraction time duration : 0.4548606872558594 seconds for 1 pages
Reviews Data extraction for company_id idealpret.fr complete and saved to JSON.
*****************************************************************
Reviews data extraction for company_id: sofinco.fr
*****************************************************************


company_id: sofinco.fr  page: 1
company_id: sofinco.fr  page: 2


Company data extraction time duration : 0.9018363952636719 seconds for 2 pages
Reviews Data extraction for company_id sofinco.fr complete and saved to JSON.
*****************************************************************
Reviews data extraction for company_id: changermabanque.com
*****************************************************************


company_id: changermabanque.com  page: 1
404 Client Error: Not Found for url: https://fr.trustpilot.com/review/changermabanque.com?page=2&sort=recency
page_data = {'error': '404 Client Error: Not Found for url: https://fr.trustpilot.com/review/changermabanque.com?page=2&sort=recency'}   False


Company data extraction time duration : 0.5206270217895508 seconds for 1 pages
Reviews Data extraction for company_id changermabanque.com complete and saved to JSON.
*****************************************************************
Reviews data extraction for company_id: floabank.fr
[2024-07-05T10:11:20.028+0000] {docker.py:436} INFO - *****************************************************************


company_id: floabank.fr  page: 1
company_id: floabank.fr  page: 2


Company data extraction time duration : 1.0286221504211426 seconds for 2 pages
Reviews Data extraction for company_id floabank.fr complete and saved to JSON.
*****************************************************************
Reviews data extraction for company_id: moneco.app
*****************************************************************


company_id: moneco.app  page: 1
company_id: moneco.app  page: 2


Company data extraction time duration : 0.6551165580749512 seconds for 2 pages
Reviews Data extraction for company_id moneco.app complete and saved to JSON.
*****************************************************************
Reviews data extraction for company_id: plusq1taux.com
*****************************************************************


company_id: plusq1taux.com  page: 1
404 Client Error: Not Found for url: https://fr.trustpilot.com/review/plusq1taux.com?page=2&sort=recency
page_data = {'error': '404 Client Error: Not Found for url: https://fr.trustpilot.com/review/plusq1taux.com?page=2&sort=recency'}   False


Company data extraction time duration : 0.7505676746368408 seconds for 1 pages
Reviews Data extraction for company_id plusq1taux.com complete and saved to JSON.
*****************************************************************
Reviews data extraction for company_id: onlyonecard.eu
*****************************************************************


company_id: onlyonecard.eu  page: 1
company_id: onlyonecard.eu  page: 2


Company data extraction time duration : 0.7114124298095703 seconds for 2 pages
Reviews Data extraction for company_id onlyonecard.eu complete and saved to JSON.


===================================================================================
CompleteCompanies data extraction time duration : 34.794976472854614 seconds
Reviews data extraction for all companies ends
===================================================================================
[2024-07-05T10:11:20.206+0000] {taskinstance.py:441} INFO - ::group::Post task execution logs
[2024-07-05T10:11:20.230+0000] {taskinstance.py:1206} INFO - Marking task as SUCCESS. dag_id=prod_dag, task_id=run_scraping_docker, run_id=manual__2024-07-05T10:10:41.960779+00:00, execution_date=20240705T101041, start_date=20240705T101042, end_date=20240705T101120
[2024-07-05T10:11:20.259+0000] {local_task_job_runner.py:240} INFO - Task exited with return code 0
[2024-07-05T10:11:20.276+0000] {taskinstance.py:3503} INFO - 3 downstream tasks scheduled from follow-on schedule check
[2024-07-05T10:11:20.278+0000] {local_task_job_runner.py:222} INFO - ::endgroup::
