[2024-07-05T09:28:10.632+0000] {local_task_job_runner.py:120} INFO - ::group::Pre task execution logs
[2024-07-05T09:28:10.646+0000] {taskinstance.py:2076} INFO - Dependencies all met for dep_context=non-requeueable deps ti=<TaskInstance: prod_dag.run_scraping_docker manual__2024-07-05T09:28:09.794979+00:00 [queued]>
[2024-07-05T09:28:10.655+0000] {taskinstance.py:2076} INFO - Dependencies all met for dep_context=requeueable deps ti=<TaskInstance: prod_dag.run_scraping_docker manual__2024-07-05T09:28:09.794979+00:00 [queued]>
[2024-07-05T09:28:10.655+0000] {taskinstance.py:2306} INFO - Starting attempt 1 of 2
[2024-07-05T09:28:10.670+0000] {taskinstance.py:2330} INFO - Executing <Task(DockerOperator): run_scraping_docker> on 2024-07-05 09:28:09.794979+00:00
[2024-07-05T09:28:10.674+0000] {warnings.py:112} WARNING - /home/***/.local/lib/python3.12/site-packages/***/task/task_runner/standard_task_runner.py:61: DeprecationWarning: This process (pid=128) is multi-threaded, use of fork() may lead to deadlocks in the child.
  pid = os.fork()

[2024-07-05T09:28:10.675+0000] {standard_task_runner.py:63} INFO - Started process 131 to run task
[2024-07-05T09:28:10.675+0000] {standard_task_runner.py:90} INFO - Running: ['***', 'tasks', 'run', 'prod_dag', 'run_scraping_docker', 'manual__2024-07-05T09:28:09.794979+00:00', '--job-id', '3', '--raw', '--subdir', 'DAGS_FOLDER/DAG_prod.py', '--cfg-path', '/tmp/tmpeils3d4g']
[2024-07-05T09:28:10.676+0000] {standard_task_runner.py:91} INFO - Job 3: Subtask run_scraping_docker
[2024-07-05T09:28:10.706+0000] {task_command.py:426} INFO - Running <TaskInstance: prod_dag.run_scraping_docker manual__2024-07-05T09:28:09.794979+00:00 [running]> on host d74fc8b8969f
[2024-07-05T09:28:10.765+0000] {taskinstance.py:2648} INFO - Exporting env vars: AIRFLOW_CTX_DAG_OWNER='***' AIRFLOW_CTX_DAG_ID='prod_dag' AIRFLOW_CTX_TASK_ID='run_scraping_docker' AIRFLOW_CTX_EXECUTION_DATE='2024-07-05T09:28:09.794979+00:00' AIRFLOW_CTX_TRY_NUMBER='1' AIRFLOW_CTX_DAG_RUN_ID='manual__2024-07-05T09:28:09.794979+00:00'
[2024-07-05T09:28:10.766+0000] {taskinstance.py:430} INFO - ::endgroup::
[2024-07-05T09:28:10.787+0000] {docker.py:493} INFO - Pulling docker image bost67dst/scraping_light
[2024-07-05T09:28:12.805+0000] {docker.py:507} INFO - latest: Pulling from bost67dst/scraping_light
[2024-07-05T09:28:12.805+0000] {docker.py:507} INFO - f7b75fe1f735: Pulling fs layer
[2024-07-05T09:28:12.805+0000] {docker.py:507} INFO - 6fb769904474: Pulling fs layer
[2024-07-05T09:28:12.805+0000] {docker.py:507} INFO - 6b4a7fcc3dd3: Pulling fs layer
[2024-07-05T09:28:12.805+0000] {docker.py:507} INFO - 4cbb06924c13: Pulling fs layer
[2024-07-05T09:28:12.806+0000] {docker.py:507} INFO - a6c4281f07e9: Pulling fs layer
[2024-07-05T09:28:12.806+0000] {docker.py:507} INFO - 6fb769904474: Downloading
[2024-07-05T09:28:12.806+0000] {docker.py:507} INFO - 9de021d8b315: Pulling fs layer
[2024-07-05T09:28:12.806+0000] {docker.py:507} INFO - a05a93941833: Pulling fs layer
[2024-07-05T09:28:12.806+0000] {docker.py:507} INFO - 4cbb06924c13: Waiting
[2024-07-05T09:28:12.806+0000] {docker.py:507} INFO - a6c4281f07e9: Waiting
[2024-07-05T09:28:12.806+0000] {docker.py:507} INFO - d7db652c556d: Pulling fs layer
[2024-07-05T09:28:12.806+0000] {docker.py:507} INFO - 9de021d8b315: Waiting
[2024-07-05T09:28:12.806+0000] {docker.py:507} INFO - 95d200139452: Pulling fs layer
[2024-07-05T09:28:12.806+0000] {docker.py:507} INFO - a05a93941833: Waiting
[2024-07-05T09:28:12.806+0000] {docker.py:507} INFO - a09c12fb8087: Pulling fs layer
[2024-07-05T09:28:12.807+0000] {docker.py:507} INFO - d7db652c556d: Waiting
[2024-07-05T09:28:12.807+0000] {docker.py:507} INFO - 702bcdfc3906: Pulling fs layer
[2024-07-05T09:28:12.807+0000] {docker.py:507} INFO - 95d200139452: Waiting
[2024-07-05T09:28:12.807+0000] {docker.py:507} INFO - 40c97a8703b3: Pulling fs layer
[2024-07-05T09:28:12.807+0000] {docker.py:507} INFO - a09c12fb8087: Waiting
[2024-07-05T09:28:12.807+0000] {docker.py:507} INFO - b8d5102259b0: Pulling fs layer
[2024-07-05T09:28:12.807+0000] {docker.py:507} INFO - 702bcdfc3906: Waiting
[2024-07-05T09:28:12.807+0000] {docker.py:507} INFO - 5d3e0119aa5c: Pulling fs layer
[2024-07-05T09:28:12.807+0000] {docker.py:507} INFO - 40c97a8703b3: Waiting
[2024-07-05T09:28:12.807+0000] {docker.py:507} INFO - 4f4fb700ef54: Pulling fs layer
[2024-07-05T09:28:12.807+0000] {docker.py:507} INFO - b8d5102259b0: Waiting
[2024-07-05T09:28:12.807+0000] {docker.py:507} INFO - 4f4fb700ef54: Waiting
[2024-07-05T09:28:12.808+0000] {docker.py:507} INFO - 5d3e0119aa5c: Waiting
[2024-07-05T09:28:12.816+0000] {docker.py:507} INFO - 6b4a7fcc3dd3: Downloading
[2024-07-05T09:28:12.820+0000] {docker.py:507} INFO - f7b75fe1f735: Downloading
[2024-07-05T09:28:12.860+0000] {docker.py:507} INFO - 6fb769904474: Download complete
[2024-07-05T09:28:12.971+0000] {docker.py:507} INFO - 6b4a7fcc3dd3: Verifying Checksum
[2024-07-05T09:28:12.971+0000] {docker.py:507} INFO - 6b4a7fcc3dd3: Download complete
[2024-07-05T09:28:13.080+0000] {docker.py:507} INFO - f7b75fe1f735: Download complete
[2024-07-05T09:28:13.089+0000] {docker.py:507} INFO - f7b75fe1f735: Extracting
[2024-07-05T09:28:13.246+0000] {docker.py:507} INFO - 4cbb06924c13: Downloading
[2024-07-05T09:28:13.246+0000] {docker.py:507} INFO - 4cbb06924c13: Verifying Checksum
[2024-07-05T09:28:13.246+0000] {docker.py:507} INFO - 4cbb06924c13: Download complete
[2024-07-05T09:28:13.346+0000] {docker.py:507} INFO - a6c4281f07e9: Downloading
[2024-07-05T09:28:13.396+0000] {docker.py:507} INFO - a6c4281f07e9: Download complete
[2024-07-05T09:28:13.480+0000] {docker.py:507} INFO - 9de021d8b315: Downloading
[2024-07-05T09:28:13.547+0000] {docker.py:507} INFO - 9de021d8b315: Verifying Checksum
[2024-07-05T09:28:13.548+0000] {docker.py:507} INFO - 9de021d8b315: Download complete
[2024-07-05T09:28:13.605+0000] {docker.py:507} INFO - a05a93941833: Downloading
[2024-07-05T09:28:13.665+0000] {docker.py:507} INFO - a05a93941833: Verifying Checksum
[2024-07-05T09:28:13.665+0000] {docker.py:507} INFO - a05a93941833: Download complete
[2024-07-05T09:28:13.740+0000] {docker.py:507} INFO - f7b75fe1f735: Pull complete
[2024-07-05T09:28:13.752+0000] {docker.py:507} INFO - 6fb769904474: Extracting
[2024-07-05T09:28:13.756+0000] {docker.py:507} INFO - d7db652c556d: Downloading
[2024-07-05T09:28:13.794+0000] {docker.py:507} INFO - d7db652c556d: Download complete
[2024-07-05T09:28:13.838+0000] {docker.py:507} INFO - 6fb769904474: Pull complete
[2024-07-05T09:28:13.851+0000] {docker.py:507} INFO - 6b4a7fcc3dd3: Extracting
[2024-07-05T09:28:13.905+0000] {docker.py:507} INFO - 95d200139452: Downloading
[2024-07-05T09:28:13.905+0000] {docker.py:507} INFO - 95d200139452: Verifying Checksum
[2024-07-05T09:28:13.905+0000] {docker.py:507} INFO - 95d200139452: Download complete
[2024-07-05T09:28:14.012+0000] {docker.py:507} INFO - a09c12fb8087: Downloading
[2024-07-05T09:28:14.012+0000] {docker.py:507} INFO - a09c12fb8087: Verifying Checksum
[2024-07-05T09:28:14.012+0000] {docker.py:507} INFO - a09c12fb8087: Download complete
[2024-07-05T09:28:14.060+0000] {docker.py:507} INFO - 6b4a7fcc3dd3: Pull complete
[2024-07-05T09:28:14.073+0000] {docker.py:507} INFO - 4cbb06924c13: Extracting
[2024-07-05T09:28:14.119+0000] {docker.py:507} INFO - 4cbb06924c13: Pull complete
[2024-07-05T09:28:14.131+0000] {docker.py:507} INFO - a6c4281f07e9: Extracting
[2024-07-05T09:28:14.148+0000] {docker.py:507} INFO - 702bcdfc3906: Downloading
[2024-07-05T09:28:14.148+0000] {docker.py:507} INFO - 702bcdfc3906: Verifying Checksum
[2024-07-05T09:28:14.148+0000] {docker.py:507} INFO - 702bcdfc3906: Download complete
[2024-07-05T09:28:14.259+0000] {docker.py:507} INFO - 40c97a8703b3: Downloading
[2024-07-05T09:28:14.259+0000] {docker.py:507} INFO - 40c97a8703b3: Verifying Checksum
[2024-07-05T09:28:14.259+0000] {docker.py:507} INFO - 40c97a8703b3: Download complete
[2024-07-05T09:28:14.274+0000] {docker.py:507} INFO - a6c4281f07e9: Pull complete
[2024-07-05T09:28:14.286+0000] {docker.py:507} INFO - 9de021d8b315: Extracting
[2024-07-05T09:28:14.363+0000] {docker.py:507} INFO - b8d5102259b0: Downloading
[2024-07-05T09:28:14.363+0000] {docker.py:507} INFO - b8d5102259b0: Verifying Checksum
[2024-07-05T09:28:14.363+0000] {docker.py:507} INFO - b8d5102259b0: Download complete
[2024-07-05T09:28:14.496+0000] {docker.py:507} INFO - 5d3e0119aa5c: Downloading
[2024-07-05T09:28:14.497+0000] {docker.py:507} INFO - 5d3e0119aa5c: Verifying Checksum
[2024-07-05T09:28:14.497+0000] {docker.py:507} INFO - 5d3e0119aa5c: Download complete
[2024-07-05T09:28:14.511+0000] {docker.py:507} INFO - 9de021d8b315: Pull complete
[2024-07-05T09:28:14.524+0000] {docker.py:507} INFO - a05a93941833: Extracting
[2024-07-05T09:28:14.606+0000] {docker.py:507} INFO - a05a93941833: Pull complete
[2024-07-05T09:28:14.612+0000] {docker.py:507} INFO - 4f4fb700ef54: Downloading
[2024-07-05T09:28:14.612+0000] {docker.py:507} INFO - 4f4fb700ef54: Verifying Checksum
[2024-07-05T09:28:14.613+0000] {docker.py:507} INFO - 4f4fb700ef54: Download complete
[2024-07-05T09:28:14.619+0000] {docker.py:507} INFO - d7db652c556d: Extracting
[2024-07-05T09:28:14.691+0000] {docker.py:507} INFO - d7db652c556d: Pull complete
[2024-07-05T09:28:14.704+0000] {docker.py:507} INFO - 95d200139452: Extracting
[2024-07-05T09:28:14.754+0000] {docker.py:507} INFO - 95d200139452: Pull complete
[2024-07-05T09:28:14.766+0000] {docker.py:507} INFO - a09c12fb8087: Extracting
[2024-07-05T09:28:14.816+0000] {docker.py:507} INFO - a09c12fb8087: Pull complete
[2024-07-05T09:28:14.828+0000] {docker.py:507} INFO - 702bcdfc3906: Extracting
[2024-07-05T09:28:14.878+0000] {docker.py:507} INFO - 702bcdfc3906: Pull complete
[2024-07-05T09:28:14.894+0000] {docker.py:507} INFO - 40c97a8703b3: Extracting
[2024-07-05T09:28:14.946+0000] {docker.py:507} INFO - 40c97a8703b3: Pull complete
[2024-07-05T09:28:14.959+0000] {docker.py:507} INFO - b8d5102259b0: Extracting
[2024-07-05T09:28:15.005+0000] {docker.py:507} INFO - b8d5102259b0: Pull complete
[2024-07-05T09:28:15.017+0000] {docker.py:507} INFO - 5d3e0119aa5c: Extracting
[2024-07-05T09:28:15.067+0000] {docker.py:507} INFO - 5d3e0119aa5c: Pull complete
[2024-07-05T09:28:15.079+0000] {docker.py:507} INFO - 4f4fb700ef54: Extracting
[2024-07-05T09:28:15.130+0000] {docker.py:507} INFO - 4f4fb700ef54: Pull complete
[2024-07-05T09:28:15.157+0000] {docker.py:502} INFO - Digest: sha256:962f60c3d7a4332526f01b1a3cded48766c3178cad4b6f1b775c29a27433e2a7
[2024-07-05T09:28:15.172+0000] {docker.py:502} INFO - Status: Downloaded newer image for bost67dst/scraping_light:latest
[2024-07-05T09:28:15.177+0000] {docker.py:366} INFO - Starting docker container from image bost67dst/scraping_light
[2024-07-05T09:28:28.271+0000] {docker.py:436} INFO - SCRAPING START
bank Companies Data extraction complete and saved to JSON.
===================================================================================
Reviews data extraction for all companies starts:
===================================================================================


*****************************************************************
Reviews data extraction for company_id: www.younited-credit.com
*****************************************************************


company_id: www.younited-credit.com  page: 1
company_id: www.younited-credit.com  page: 2


Company data extraction time duration : 0.8362247943878174 seconds for 2 pages
Reviews Data extraction for company_id www.younited-credit.com complete and saved to JSON.
*****************************************************************
Reviews data extraction for company_id: cibformation.fr
*****************************************************************


company_id: cibformation.fr  page: 1
company_id: cibformation.fr  page: 2


Company data extraction time duration : 0.18184542655944824 seconds for 2 pages
Reviews Data extraction for company_id cibformation.fr complete and saved to JSON.
*****************************************************************
Reviews data extraction for company_id: cofidis.fr
*****************************************************************


company_id: cofidis.fr  page: 1
company_id: cofidis.fr  page: 2


Company data extraction time duration : 1.208418607711792 seconds for 2 pages
Reviews Data extraction for company_id cofidis.fr complete and saved to JSON.
*****************************************************************
Reviews data extraction for company_id: qonto.com
*****************************************************************


company_id: qonto.com  page: 1
company_id: qonto.com  page: 2


Company data extraction time duration : 0.598665714263916 seconds for 2 pages
Reviews Data extraction for company_id qonto.com complete and saved to JSON.
*****************************************************************
Reviews data extraction for company_id: pixpay.eu
*****************************************************************


company_id: pixpay.eu  page: 1
company_id: pixpay.eu  page: 2


Company data extraction time duration : 0.95100998878479 seconds for 2 pages
Reviews Data extraction for company_id pixpay.eu complete and saved to JSON.
*****************************************************************
Reviews data extraction for company_id: pennypet.io
*****************************************************************


company_id: pennypet.io  page: 1
company_id: pennypet.io  page: 2


Company data extraction time duration : 0.1729736328125 seconds for 2 pages
Reviews Data extraction for company_id pennypet.io complete and saved to JSON.
*****************************************************************
Reviews data extraction for company_id: shine.fr
*****************************************************************


company_id: shine.fr  page: 1
company_id: shine.fr  page: 2


Company data extraction time duration : 1.2471308708190918 seconds for 2 pages
Reviews Data extraction for company_id shine.fr complete and saved to JSON.
*****************************************************************
Reviews data extraction for company_id: moneywalkie.com
*****************************************************************


company_id: moneywalkie.com  page: 1
company_id: moneywalkie.com  page: 2


Company data extraction time duration : 0.2496504783630371 seconds for 2 pages
Reviews Data extraction for company_id moneywalkie.com complete and saved to JSON.
*****************************************************************
Reviews data extraction for company_id: anyti.me
*****************************************************************


company_id: anyti.me  page: 1
company_id: anyti.me  page: 2


Company data extraction time duration : 0.1787724494934082 seconds for 2 pages
Reviews Data extraction for company_id anyti.me complete and saved to JSON.
*****************************************************************
Reviews data extraction for company_id: boursobank.com
*****************************************************************


company_id: boursobank.com  page: 1
company_id: boursobank.com  page: 2


Company data extraction time duration : 0.517770528793335 seconds for 2 pages
Reviews Data extraction for company_id boursobank.com complete and saved to JSON.
*****************************************************************
Reviews data extraction for company_id: blank.app
*****************************************************************


company_id: blank.app  page: 1
company_id: blank.app  page: 2


Company data extraction time duration : 0.9999580383300781 seconds for 2 pages
Reviews Data extraction for company_id blank.app complete and saved to JSON.
*****************************************************************
Reviews data extraction for company_id: propulsebyca.fr
*****************************************************************


company_id: propulsebyca.fr  page: 1
company_id: propulsebyca.fr  page: 2


Company data extraction time duration : 0.6532549858093262 seconds for 2 pages
Reviews Data extraction for company_id propulsebyca.fr complete and saved to JSON.
*****************************************************************
Reviews data extraction for company_id: www.monabanq.com
*****************************************************************


company_id: www.monabanq.com  page: 1
company_id: www.monabanq.com  page: 2


Company data extraction time duration : 0.17722177505493164 seconds for 2 pages
Reviews Data extraction for company_id www.monabanq.com complete and saved to JSON.
*****************************************************************
Reviews data extraction for company_id: fortuneo.fr
*****************************************************************


company_id: fortuneo.fr  page: 1
company_id: fortuneo.fr  page: 2


Company data extraction time duration : 0.7163960933685303 seconds for 2 pages
Reviews Data extraction for company_id fortuneo.fr complete and saved to JSON.
*****************************************************************
Reviews data extraction for company_id: helios.do
*****************************************************************


company_id: helios.do  page: 1
company_id: helios.do  page: 2


Company data extraction time duration : 0.39167284965515137 seconds for 2 pages
Reviews Data extraction for company_id helios.do complete and saved to JSON.
*****************************************************************
Reviews data extraction for company_id: immopret.fr
*****************************************************************


company_id: immopret.fr  page: 1
company_id: immopret.fr  page: 2


Company data extraction time duration : 0.6480610370635986 seconds for 2 pages
Reviews Data extraction for company_id immopret.fr complete and saved to JSON.
*****************************************************************
Reviews data extraction for company_id: www.francescpi.com
*****************************************************************


company_id: www.francescpi.com  page: 1
company_id: www.francescpi.com  page: 2


Company data extraction time duration : 1.0243899822235107 seconds for 2 pages
Reviews Data extraction for company_id www.francescpi.com complete and saved to JSON.
*****************************************************************
Reviews data extraction for company_id: cofidis.pt
*****************************************************************


company_id: cofidis.pt  page: 1
company_id: cofidis.pt  page: 2


Company data extraction time duration : 0.45343947410583496 seconds for 2 pages
Reviews Data extraction for company_id cofidis.pt complete and saved to JSON.
*****************************************************************
Reviews data extraction for company_id: 01banque-en-ligne.fr
*****************************************************************


company_id: 01banque-en-ligne.fr  page: 1
company_id: 01banque-en-ligne.fr  page: 2


Company data extraction time duration : 0.6163501739501953 seconds for 2 pages
[2024-07-05T09:28:38.087+0000] {docker.py:436} INFO - Reviews Data extraction for company_id 01banque-en-ligne.fr complete and saved to JSON.
*****************************************************************
Reviews data extraction for company_id: green-got.com
*****************************************************************


company_id: green-got.com  page: 1
company_id: green-got.com  page: 2


Company data extraction time duration : 0.5495576858520508 seconds for 2 pages
Reviews Data extraction for company_id green-got.com complete and saved to JSON.
*****************************************************************
Reviews data extraction for company_id: bcfinance.fr
*****************************************************************


company_id: bcfinance.fr  page: 1
company_id: bcfinance.fr  page: 2


Company data extraction time duration : 0.43998146057128906 seconds for 2 pages
Reviews Data extraction for company_id bcfinance.fr complete and saved to JSON.
*****************************************************************
Reviews data extraction for company_id: www.vybecard.com
*****************************************************************


company_id: www.vybecard.com  page: 1
company_id: www.vybecard.com  page: 2


Company data extraction time duration : 0.8190639019012451 seconds for 2 pages
Reviews Data extraction for company_id www.vybecard.com complete and saved to JSON.
*****************************************************************
Reviews data extraction for company_id: kard.eu
*****************************************************************


company_id: kard.eu  page: 1
company_id: kard.eu  page: 2


Company data extraction time duration : 0.5876531600952148 seconds for 2 pages
Reviews Data extraction for company_id kard.eu complete and saved to JSON.
*****************************************************************
Reviews data extraction for company_id: www.lanef.com
*****************************************************************


company_id: www.lanef.com  page: 1
company_id: www.lanef.com  page: 2


Company data extraction time duration : 0.5460219383239746 seconds for 2 pages
Reviews Data extraction for company_id www.lanef.com complete and saved to JSON.
*****************************************************************
Reviews data extraction for company_id: britline.com
*****************************************************************


company_id: britline.com  page: 1
404 Client Error: Not Found for url: https://fr.trustpilot.com/review/britline.com?page=2&sort=recency
page_data = {'error': '404 Client Error: Not Found for url: https://fr.trustpilot.com/review/britline.com?page=2&sort=recency'}   False


Company data extraction time duration : 0.45596837997436523 seconds for 1 pages
Reviews Data extraction for company_id britline.com complete and saved to JSON.
*****************************************************************
Reviews data extraction for company_id: moneynow.fr
*****************************************************************


company_id: moneynow.fr  page: 1
404 Client Error: Not Found for url: https://fr.trustpilot.com/review/moneynow.fr?page=2&sort=recency
page_data = {'error': '404 Client Error: Not Found for url: https://fr.trustpilot.com/review/moneynow.fr?page=2&sort=recency'}   False


Company data extraction time duration : 0.34989047050476074 seconds for 1 pages
Reviews Data extraction for company_id moneynow.fr complete and saved to JSON.
*****************************************************************
Reviews data extraction for company_id: orangebank.fr
*****************************************************************


company_id: orangebank.fr  page: 1
company_id: orangebank.fr  page: 2


Company data extraction time duration : 0.5034174919128418 seconds for 2 pages
Reviews Data extraction for company_id orangebank.fr complete and saved to JSON.
*****************************************************************
Reviews data extraction for company_id: sumeria.eu
*****************************************************************


company_id: sumeria.eu  page: 1
company_id: sumeria.eu  page: 2


Company data extraction time duration : 0.5294878482818604 seconds for 2 pages
Reviews Data extraction for company_id sumeria.eu complete and saved to JSON.
*****************************************************************
Reviews data extraction for company_id: bpe.fr
*****************************************************************


company_id: bpe.fr  page: 1
company_id: bpe.fr  page: 2


Company data extraction time duration : 0.7487509250640869 seconds for 2 pages
Reviews Data extraction for company_id bpe.fr complete and saved to JSON.
*****************************************************************
Reviews data extraction for company_id: hellobank.fr
*****************************************************************


company_id: hellobank.fr  page: 1
company_id: hellobank.fr  page: 2


Company data extraction time duration : 0.5632987022399902 seconds for 2 pages
Reviews Data extraction for company_id hellobank.fr complete and saved to JSON.
*****************************************************************
Reviews data extraction for company_id: www.mafrenchbank.fr
*****************************************************************


company_id: www.mafrenchbank.fr  page: 1
company_id: www.mafrenchbank.fr  page: 2


Company data extraction time duration : 0.8165972232818604 seconds for 2 pages
Reviews Data extraction for company_id www.mafrenchbank.fr complete and saved to JSON.
*****************************************************************
Reviews data extraction for company_id: floapay.com
*****************************************************************


company_id: floapay.com  page: 1
company_id: floapay.com  page: 2


Company data extraction time duration : 1.0230340957641602 seconds for 2 pages
Reviews Data extraction for company_id floapay.com complete and saved to JSON.
*****************************************************************
Reviews data extraction for company_id: connectbanque.com
*****************************************************************


company_id: connectbanque.com  page: 1
company_id: connectbanque.com  page: 2


Company data extraction time duration : 0.7751960754394531 seconds for 2 pages
Reviews Data extraction for company_id connectbanque.com complete and saved to JSON.
*****************************************************************
Reviews data extraction for company_id: idealpret.fr
*****************************************************************


company_id: idealpret.fr  page: 1
404 Client Error: Not Found for url: https://fr.trustpilot.com/review/idealpret.fr?page=2&sort=recency
page_data = {'error': '404 Client Error: Not Found for url: https://fr.trustpilot.com/review/idealpret.fr?page=2&sort=recency'}   False


Company data extraction time duration : 0.251875638961792 seconds for 1 pages
Reviews Data extraction for company_id idealpret.fr complete and saved to JSON.
*****************************************************************
Reviews data extraction for company_id: sofinco.fr
*****************************************************************


company_id: sofinco.fr  page: 1
company_id: sofinco.fr  page: 2


Company data extraction time duration : 0.5136752128601074 seconds for 2 pages
Reviews Data extraction for company_id sofinco.fr complete and saved to JSON.
*****************************************************************
Reviews data extraction for company_id: changermabanque.com
*****************************************************************


company_id: changermabanque.com  page: 1
404 Client Error: Not Found for url: https://fr.trustpilot.com/review/changermabanque.com?page=2&sort=recency
page_data = {'error': '404 Client Error: Not Found for url: https://fr.trustpilot.com/review/changermabanque.com?page=2&sort=recency'}   False


Company data extraction time duration : 0.34230518341064453 seconds for 1 pages
Reviews Data extraction for company_id changermabanque.com complete and saved to JSON.
*****************************************************************
Reviews data extraction for company_id: floabank.fr
[2024-07-05T09:28:40.289+0000] {docker.py:436} INFO - *****************************************************************


company_id: floabank.fr  page: 1
company_id: floabank.fr  page: 2


Company data extraction time duration : 0.7799417972564697 seconds for 2 pages
Reviews Data extraction for company_id floabank.fr complete and saved to JSON.
*****************************************************************
Reviews data extraction for company_id: moneco.app
*****************************************************************


company_id: moneco.app  page: 1
company_id: moneco.app  page: 2


Company data extraction time duration : 0.6983520984649658 seconds for 2 pages
Reviews Data extraction for company_id moneco.app complete and saved to JSON.
*****************************************************************
Reviews data extraction for company_id: plusq1taux.com
*****************************************************************


company_id: plusq1taux.com  page: 1
404 Client Error: Not Found for url: https://fr.trustpilot.com/review/plusq1taux.com?page=2&sort=recency
page_data = {'error': '404 Client Error: Not Found for url: https://fr.trustpilot.com/review/plusq1taux.com?page=2&sort=recency'}   False


Company data extraction time duration : 0.37836122512817383 seconds for 1 pages
Reviews Data extraction for company_id plusq1taux.com complete and saved to JSON.
*****************************************************************
Reviews data extraction for company_id: onlyonecard.eu
*****************************************************************


company_id: onlyonecard.eu  page: 1
company_id: onlyonecard.eu  page: 2


Company data extraction time duration : 0.34531736373901367 seconds for 2 pages
Reviews Data extraction for company_id onlyonecard.eu complete and saved to JSON.


===================================================================================
CompleteCompanies data extraction time duration : 23.843916416168213 seconds
Reviews data extraction for all companies ends
===================================================================================
[2024-07-05T09:28:40.488+0000] {taskinstance.py:441} INFO - ::group::Post task execution logs
[2024-07-05T09:28:40.502+0000] {taskinstance.py:1206} INFO - Marking task as SUCCESS. dag_id=prod_dag, task_id=run_scraping_docker, run_id=manual__2024-07-05T09:28:09.794979+00:00, execution_date=20240705T092809, start_date=20240705T092810, end_date=20240705T092840
[2024-07-05T09:28:40.553+0000] {local_task_job_runner.py:240} INFO - Task exited with return code 0
[2024-07-05T09:28:40.566+0000] {taskinstance.py:3503} INFO - 3 downstream tasks scheduled from follow-on schedule check
[2024-07-05T09:28:40.568+0000] {local_task_job_runner.py:222} INFO - ::endgroup::
