[2024-07-05T10:43:35.461+0000] {local_task_job_runner.py:120} INFO - ::group::Pre task execution logs
[2024-07-05T10:43:35.483+0000] {taskinstance.py:2076} INFO - Dependencies all met for dep_context=non-requeueable deps ti=<TaskInstance: prod_dag.fastapi manual__2024-07-05T10:43:15.493128+00:00 [queued]>
[2024-07-05T10:43:35.491+0000] {taskinstance.py:2076} INFO - Dependencies all met for dep_context=requeueable deps ti=<TaskInstance: prod_dag.fastapi manual__2024-07-05T10:43:15.493128+00:00 [queued]>
[2024-07-05T10:43:35.492+0000] {taskinstance.py:2306} INFO - Starting attempt 1 of 2
[2024-07-05T10:43:35.506+0000] {taskinstance.py:2330} INFO - Executing <Task(DockerOperator): fastapi> on 2024-07-05 10:43:15.493128+00:00
[2024-07-05T10:43:35.514+0000] {warnings.py:112} WARNING - /home/***/.local/lib/python3.12/site-packages/***/task/task_runner/standard_task_runner.py:61: DeprecationWarning: This process (pid=311) is multi-threaded, use of fork() may lead to deadlocks in the child.
  pid = os.fork()

[2024-07-05T10:43:35.515+0000] {standard_task_runner.py:63} INFO - Started process 312 to run task
[2024-07-05T10:43:35.515+0000] {standard_task_runner.py:90} INFO - Running: ['***', 'tasks', 'run', 'prod_dag', 'fastapi', 'manual__2024-07-05T10:43:15.493128+00:00', '--job-id', '23', '--raw', '--subdir', 'DAGS_FOLDER/DAG_prod.py', '--cfg-path', '/tmp/tmpmujzat3o']
[2024-07-05T10:43:35.516+0000] {standard_task_runner.py:91} INFO - Job 23: Subtask fastapi
[2024-07-05T10:43:35.555+0000] {task_command.py:426} INFO - Running <TaskInstance: prod_dag.fastapi manual__2024-07-05T10:43:15.493128+00:00 [running]> on host 39db74c4aadf
[2024-07-05T10:43:35.620+0000] {taskinstance.py:2648} INFO - Exporting env vars: AIRFLOW_CTX_DAG_OWNER='***' AIRFLOW_CTX_DAG_ID='prod_dag' AIRFLOW_CTX_TASK_ID='fastapi' AIRFLOW_CTX_EXECUTION_DATE='2024-07-05T10:43:15.493128+00:00' AIRFLOW_CTX_TRY_NUMBER='1' AIRFLOW_CTX_DAG_RUN_ID='manual__2024-07-05T10:43:15.493128+00:00'
[2024-07-05T10:43:35.621+0000] {taskinstance.py:430} INFO - ::endgroup::
[2024-07-05T10:43:35.647+0000] {docker.py:366} INFO - Starting docker container from image curlimages/curl:latest
[2024-07-05T10:43:35.648+0000] {docker.py:374} WARNING - Using remote engine or docker-in-docker and mounting temporary volume from host is not supported. Falling back to `mount_tmp_dir=False` mode. You can set `mount_tmp_dir` parameter to False to disable mounting and remove the warning
[2024-07-05T10:43:35.985+0000] {docker.py:436} INFO - % Total    % Received % Xferd  Average Speed
[2024-07-05T10:43:35.986+0000] {docker.py:436} INFO - Time    Time     Time  Current
[2024-07-05T10:43:35.986+0000] {docker.py:436} INFO - 
[2024-07-05T10:43:35.986+0000] {docker.py:436} INFO - 
[2024-07-05T10:43:35.986+0000] {docker.py:436} INFO - Dload
[2024-07-05T10:43:35.986+0000] {docker.py:436} INFO - Uplo
[2024-07-05T10:43:35.986+0000] {docker.py:436} INFO - ad   To
[2024-07-05T10:43:35.986+0000] {docker.py:436} INFO - tal   Spen
[2024-07-05T10:43:35.986+0000] {docker.py:436} INFO - t    Left  Speed
[2024-07-05T10:43:35.986+0000] {docker.py:436} INFO - 
[2024-07-05T10:43:35.986+0000] {docker.py:436} INFO - 0     0
[2024-07-05T10:43:35.987+0000] {docker.py:436} INFO - 0     0
[2024-07-05T10:43:35.987+0000] {docker.py:436} INFO - 0
[2024-07-05T10:43:35.987+0000] {docker.py:436} INFO - 0
[2024-07-05T10:43:35.987+0000] {docker.py:436} INFO - 
[2024-07-05T10:43:35.987+0000] {docker.py:436} INFO - 0
[2024-07-05T10:43:35.987+0000] {docker.py:436} INFO - 
[2024-07-05T10:43:35.987+0000] {docker.py:436} INFO - 
[2024-07-05T10:43:35.987+0000] {docker.py:436} INFO - 0 -
[2024-07-05T10:43:35.987+0000] {docker.py:436} INFO - -:--:--
[2024-07-05T10:43:35.987+0000] {docker.py:436} INFO - --:--
[2024-07-05T10:43:35.987+0000] {docker.py:436} INFO - :-- --
[2024-07-05T10:43:35.987+0000] {docker.py:436} INFO - :--:-
[2024-07-05T10:43:35.987+0000] {docker.py:436} INFO - -     0
[2024-07-05T10:43:36.977+0000] {docker.py:436} INFO - 100     2    0     0  100     2      0      1  0:00:02  0:00:01  0:00:01     1
[2024-07-05T10:43:37.979+0000] {docker.py:436} INFO - 100     2    0     0    0     2      0      0 --:--:--  0:00:02 --:--:--     0
[2024-07-05T10:43:38.979+0000] {docker.py:436} INFO - 100     2    0     0    0     2      0      0 --:--:--  0:00:03 --:--:--     0
[2024-07-05T10:43:39.981+0000] {docker.py:436} INFO - 100     2    0     0    0     2      0      0 --:--:--  0:00:04 --:--:--     0
[2024-07-05T10:43:40.981+0000] {docker.py:436} INFO - 100     2    0     0    0     2      0      0 --:--:--
[2024-07-05T10:43:40.982+0000] {docker.py:436} INFO - 0:00:05 --:--:--
[2024-07-05T10:43:40.982+0000] {docker.py:436} INFO - 0
[2024-07-05T10:43:41.983+0000] {docker.py:436} INFO - 100     2    0     0    0     2      0      0 --:--:--  0:00:06 --:--:--     0
[2024-07-05T10:43:42.984+0000] {docker.py:436} INFO - 100     2    0     0    0     2      0      0 --:--:--  0:00:07 --:--:--     0
[2024-07-05T10:43:43.989+0000] {docker.py:436} INFO - 100     2    0     0    0     2      0      0 --:--:--  0:00:08 --:--:--     0
[2024-07-05T10:43:44.986+0000] {docker.py:436} INFO - 100     2    0     0    0     2      0      0 --:--:--  0:00:09 --:--:--     0
[2024-07-05T10:43:45.986+0000] {docker.py:436} INFO - 100     2    0     0    0     2      0      0 --:--:--  0:00:10 --:--:--     0
[2024-07-05T10:43:46.988+0000] {docker.py:436} INFO - 100     2    0     0    0     2      0      0 --:--:--  0:00:11 --:--:--     0
[2024-07-05T10:43:47.989+0000] {docker.py:436} INFO - 100     2    0     0    0     2      0      0 --:--:--  0:00:12 --:--:--     0
[2024-07-05T10:43:48.990+0000] {docker.py:436} INFO - 100     2    0     0    0     2      0      0 --:--:--  0:00:13 --:--:--     0
[2024-07-05T10:43:49.991+0000] {docker.py:436} INFO - 100     2    0     0    0     2      0      0 --:--:--  0:00:14 --:--:--     0
[2024-07-05T10:43:50.992+0000] {docker.py:436} INFO - 100     2    0     0    0     2      0      0 --:--:--  0:00:15 --:--:--     0
[2024-07-05T10:43:51.993+0000] {docker.py:436} INFO - 100     2    0     0    0     2      0      0 --:--:--  0:00:16 --:--:--     0
[2024-07-05T10:43:52.994+0000] {docker.py:436} INFO - 100     2    0     0    0     2      0      0 --:--:--  0:00:17 --:--:--     0
[2024-07-05T10:43:53.994+0000] {docker.py:436} INFO - 100     2    0     0    0     2      0      0 --:--:--  0:00:18 --:--:--     0
[2024-07-05T10:43:54.996+0000] {docker.py:436} INFO - 100     2    0     0    0     2      0      0 --:--:--  0:00:19 --:--:--     0
[2024-07-05T10:43:55.996+0000] {docker.py:436} INFO - 100     2    0     0    0     2      0      0 --:--:--  0:00:20 --:--:--     0
[2024-07-05T10:43:56.998+0000] {docker.py:436} INFO - 100     2    0     0    0     2      0      0 --:--:--  0:00:21 --:--:--     0
[2024-07-05T10:43:57.998+0000] {docker.py:436} INFO - 100     2    0     0    0     2      0      0 --:--:--  0:00:22 --:--:--     0
[2024-07-05T10:43:58.999+0000] {docker.py:436} INFO - 100     2    0     0    0     2      0      0 --:--:--  0:00:23 --:--:--     0
[2024-07-05T10:44:00.000+0000] {docker.py:436} INFO - 100     2    0     0    0     2      0      0 --:--:--  0:00:24 --:--:--     0
[2024-07-05T10:44:01.002+0000] {docker.py:436} INFO - 100     2    0     0    0     2      0      0 --:--:--  0:00:25 --:--:--     0
[2024-07-05T10:44:02.002+0000] {docker.py:436} INFO - 100     2    0     0    0     2      0      0 --:--:--  0:00:26 --:--:--     0
[2024-07-05T10:44:03.004+0000] {docker.py:436} INFO - 100     2    0     0    0     2      0      0 --:--:--  0:00:27 --:--:--     0
[2024-07-05T10:44:04.005+0000] {docker.py:436} INFO - 100     2    0     0    0     2      0      0 --:--:--  0:00:28 --:--:--     0
[2024-07-05T10:44:05.006+0000] {docker.py:436} INFO - 100     2    0     0    0     2      0      0 --:--:--  0:00:29 --:--:--     0
[2024-07-05T10:44:06.006+0000] {docker.py:436} INFO - 100     2    0     0    0     2      0      0 --:--:--  0:00:30 --:--:--
[2024-07-05T10:44:06.007+0000] {docker.py:436} INFO - 0
[2024-07-05T10:44:07.008+0000] {docker.py:436} INFO - 100     2    0     0    0     2      0      0 --:--:--  0:00:31 --:--:--     0
[2024-07-05T10:44:08.008+0000] {docker.py:436} INFO - 100     2    0     0    0     2      0      0 --:-
[2024-07-05T10:44:08.009+0000] {docker.py:436} INFO - -:--  0:00:32 --:-
[2024-07-05T10:44:08.009+0000] {docker.py:436} INFO - -:--     0
[2024-07-05T10:44:09.010+0000] {docker.py:436} INFO - 100     2    0     0    0     2      0      0 --:--:--  0:00:33 --:--:--     0
[2024-07-05T10:44:10.010+0000] {docker.py:436} INFO - 100     2    0     0    0     2      0      0 --:--:--  0:00:34
[2024-07-05T10:44:10.011+0000] {docker.py:436} INFO - --:--:--     0
[2024-07-05T10:44:11.011+0000] {docker.py:436} INFO - 100     2    0     0    0     2      0      0 --:--:
[2024-07-05T10:44:11.012+0000] {docker.py:436} INFO - --  0:00:
[2024-07-05T10:44:11.012+0000] {docker.py:436} INFO - 35 --:--
[2024-07-05T10:44:11.012+0000] {docker.py:436} INFO - :--     0
[2024-07-05T10:44:12.012+0000] {docker.py:436} INFO - 100     2    0     0    0     2      0      0 --:--:--  0:00
[2024-07-05T10:44:12.013+0000] {docker.py:436} INFO - :36 --:--:--
[2024-07-05T10:44:12.013+0000] {docker.py:436} INFO - 0
[2024-07-05T10:44:13.015+0000] {docker.py:436} INFO - 100     2    0     0    0     2      0      0 --:--:--  0:00:37 --:--:--     0
[2024-07-05T10:44:14.016+0000] {docker.py:436} INFO - 100     2    0     0    0     2      0      0 --:--:--  0:00:38 --:--:--     0
[2024-07-05T10:44:15.017+0000] {docker.py:436} INFO - 100     2    0     0    0     2      0      0 --:--:--  0:00:39 --:--:--     0
[2024-07-05T10:44:16.018+0000] {docker.py:436} INFO - 100     2    0     0    0     2      0      0 --:--:--  0:00:40 --:--:--     0
[2024-07-05T10:44:17.019+0000] {docker.py:436} INFO - 100     2    0     0    0     2      0      0 --:--:--  0:00:41 --:--:--     0
[2024-07-05T10:44:18.020+0000] {docker.py:436} INFO - 100     2    0     0    0     2      0      0 --:--:--  0:00:42 --:--:--     0
[2024-07-05T10:44:19.021+0000] {docker.py:436} INFO - 100     2    0     0    0     2      0      0 --:--:--  0:00:43 --:--:--     0
[2024-07-05T10:44:20.022+0000] {docker.py:436} INFO - 100     2    0     0    0     2      0      0 --:--:--  0:00:44 --:--:--     0
[2024-07-05T10:44:21.023+0000] {docker.py:436} INFO - 100     2    0     0    0     2      0      0 --:--:--  0:00:45 --:--:--     0
[2024-07-05T10:44:22.023+0000] {docker.py:436} INFO - 100     2    0     0    0     2      0      0 --:--:--  0:00
[2024-07-05T10:44:22.024+0000] {docker.py:436} INFO - :46 --:--:--
[2024-07-05T10:44:22.024+0000] {docker.py:436} INFO - 
[2024-07-05T10:44:22.024+0000] {docker.py:436} INFO - 0
[2024-07-05T10:44:23.025+0000] {docker.py:436} INFO - 100     2    0     0    0     2      0      0 --:--:--  0:00:47 --:--:--     0
[2024-07-05T10:44:24.026+0000] {docker.py:436} INFO - 100     2    0     0    0     2      0      0 --:--:--  0:0
[2024-07-05T10:44:24.026+0000] {docker.py:436} INFO - 0:48 --:--:--     0
[2024-07-05T10:44:25.027+0000] {docker.py:436} INFO - 100     2    0     0    0     2      0      0 --:--:--  0:00:49 --:--:--     0
[2024-07-05T10:44:26.028+0000] {docker.py:436} INFO - 100     2    0     0    0     2      0      0 --:--:--  0:00:50 --:--:--     0
[2024-07-05T10:44:27.029+0000] {docker.py:436} INFO - 100     2    0     0    0     2      0      0 --:--:--  0:00:51 --:--:--     0
[2024-07-05T10:44:28.030+0000] {docker.py:436} INFO - 100     2    0     0    0     2      0      0 --:--:--  0:00:52 --:--:--     0
[2024-07-05T10:44:29.032+0000] {docker.py:436} INFO - 100     2    0     0    0     2      0      0 --:--:--  0:00:53 --:--:--     0
[2024-07-05T10:44:30.032+0000] {docker.py:436} INFO - 100     2    0     0    0     2      0      0 --:--:--  0:00:54 --:--:--     0
[2024-07-05T10:44:31.033+0000] {docker.py:436} INFO - 100     2    0     0    0     2      0      0 --:--:--  0:00:55 --:--:--     0
[2024-07-05T10:44:32.034+0000] {docker.py:436} INFO - 100     2    0     0    0     2      0      0 --:--:--  0:00:56 --:--:--     0
[2024-07-05T10:44:33.035+0000] {docker.py:436} INFO - 100     2    0     0    0     2      0      0 --:--:--  0:00:57 --:--:--     0
[2024-07-05T10:44:34.035+0000] {docker.py:436} INFO - 100     2    0     0    0     2      0      0 --:--:--  0:00:58 --:--:--     0
[2024-07-05T10:44:35.036+0000] {docker.py:436} INFO - 100     2    0     0    0     2      0      0 --:--:--  0:00:59 --:--:--     0
[2024-07-05T10:44:36.038+0000] {docker.py:436} INFO - 100     2    0     0    0     2      0      0 --:--:--  0:01:00 --:--:--     0
[2024-07-05T10:44:37.039+0000] {docker.py:436} INFO - 100     2    0     0    0     2      0      0 --:--:--  0:01:01 --:--:--     0
[2024-07-05T10:44:38.040+0000] {docker.py:436} INFO - 100     2    0     0    0     2      0      0 --:--:--  0:01:02 --:--:--     0
[2024-07-05T10:44:39.040+0000] {docker.py:436} INFO - 100     2    0     0    0     2      0      0 --:--:--  0:01:03 -
[2024-07-05T10:44:39.041+0000] {docker.py:436} INFO - -:--:--     0
[2024-07-05T10:44:40.041+0000] {docker.py:436} INFO - 100     2    0     0    0     2      0      0 --:--:--  0:01:04 --:--:--     0
[2024-07-05T10:44:41.042+0000] {docker.py:436} INFO - 100     2    0     0    0     2      0      0 --:--:--  0:01:05 --:--:--     0
[2024-07-05T10:44:42.044+0000] {docker.py:436} INFO - 100     2    0     0    0     2      0      0 --:--:--  0:01:06 --:--:--     0
[2024-07-05T10:44:43.044+0000] {docker.py:436} INFO - 100     2    0     0    0     2      0      0 --:--:--  0:01:07 --:--:--     0
[2024-07-05T10:44:44.045+0000] {docker.py:436} INFO - 100     2    0     0    0     2      0      0 --:--:--  0:01:08 --:--:--     0
[2024-07-05T10:44:45.046+0000] {docker.py:436} INFO - 100     2    0     0    0     2      0      0 --:--:--  0:01:09 --:--:--     0
[2024-07-05T10:44:46.047+0000] {docker.py:436} INFO - 100     2    0     0    0     2      0      0 --:--:--  0:01:10 --:--:--     0
[2024-07-05T10:44:47.049+0000] {docker.py:436} INFO - 100     2    0     0    0     2      0      0 --:--:--  0:01:11 --:--:--     0
[2024-07-05T10:44:48.050+0000] {docker.py:436} INFO - 100     2    0     0    0     2      0      0 --:--:--  0:01:12 --:--:--     0
[2024-07-05T10:44:49.050+0000] {docker.py:436} INFO - 100     2    0     0    0     2      0      0 --:--:--  0:01:13 --:--:--
[2024-07-05T10:44:49.051+0000] {docker.py:436} INFO - 0
[2024-07-05T10:44:50.052+0000] {docker.py:436} INFO - 100     2    0     0    0     2      0      0 --:--:--  0:01:14 --:--:--     0
[2024-07-05T10:44:51.053+0000] {docker.py:436} INFO - 100     2    0     0    0     2      0      0 --:--:--  0:01:15 --:--:--     0
[2024-07-05T10:44:52.056+0000] {docker.py:436} INFO - 100     2    0     0    0     2      0      0 --:--:--  0:01:16 --:--:--     0
[2024-07-05T10:44:53.054+0000] {docker.py:436} INFO - 100     2    0     0    0     2      0      0 --:--:--  0:01:17 --:--:--     0
[2024-07-05T10:44:54.055+0000] {docker.py:436} INFO - 100     2    0     0    0     2      0      0 --:--:--  0:01:18 --:
[2024-07-05T10:44:54.056+0000] {docker.py:436} INFO - --:--     0
[2024-07-05T10:44:55.057+0000] {docker.py:436} INFO - 100     2    0     0    0     2      0      0 --:--:--  0:01:19 --:--:--     0
[2024-07-05T10:44:56.057+0000] {docker.py:436} INFO - 100     2    0     0    0     2      0      0 --:--:--  0:01:20 --:--:--     0
[2024-07-05T10:44:57.058+0000] {docker.py:436} INFO - 100     2    0     0    0     2      0      0 --:--:--  0:01:21 --:--:--     0
[2024-07-05T10:44:58.059+0000] {docker.py:436} INFO - 100     2    0     0    0     2      0      0 --:--:--  0:01:22 --:--:--     0
[2024-07-05T10:44:59.060+0000] {docker.py:436} INFO - 100     2    0     0    0     2      0      0 --:--:--  0:
[2024-07-05T10:44:59.061+0000] {docker.py:436} INFO - 01:23 --:--
[2024-07-05T10:44:59.061+0000] {docker.py:436} INFO - :--
[2024-07-05T10:44:59.061+0000] {docker.py:436} INFO - 0
[2024-07-05T10:45:00.061+0000] {docker.py:436} INFO - 100     2    0     0    0     2      0      0 --:--:--  0:01:24 --:--:--     0
[2024-07-05T10:45:01.063+0000] {docker.py:436} INFO - 100     2    0     0    0     2      0      0 --:--:--  0:01:25 --:--:--     0
[2024-07-05T10:45:02.065+0000] {docker.py:436} INFO - 100     2    0     0    0     2      0      0 --:--:--  0:01:26 --:--:--     0
[2024-07-05T10:45:03.065+0000] {docker.py:436} INFO - 100     2    0     0    0     2      0      0 --:--:--  0:01:27 --:--:--     0
[2024-07-05T10:45:04.066+0000] {docker.py:436} INFO - 100     2    0     0    0     2      0      0 --:--:--  0:01:28 --:--:--     0
[2024-07-05T10:45:05.066+0000] {docker.py:436} INFO - 100     2    0     0    0     2      0      0 --:--:--  0:01:29 --:--:--
[2024-07-05T10:45:05.067+0000] {docker.py:436} INFO - 0
[2024-07-05T10:45:06.067+0000] {docker.py:436} INFO - 100     2    0     0    0     2      0      0 --:--:--  0:01:30 --:--:--     0
[2024-07-05T10:45:07.068+0000] {docker.py:436} INFO - 100     2    0     0    0     2      0      0 --:--:--  0:01:31 --:--:--     0
[2024-07-05T10:45:08.069+0000] {docker.py:436} INFO - 100     2    0     0    0     2      0      0 --:--:--  0:01:32 --:--:--     0
[2024-07-05T10:45:09.070+0000] {docker.py:436} INFO - 100     2    0     0    0     2      0      0 --:--:--  0:01:33 --:--:--     0
[2024-07-05T10:45:10.071+0000] {docker.py:436} INFO - 100     2    0     0    0     2      0      0 --:--:--  0:01:34 --:--:--     0
[2024-07-05T10:45:11.073+0000] {docker.py:436} INFO - 100     2    0     0    0     2      0      0 --:--:--  0:01:35 --:--:--     0
[2024-07-05T10:45:12.074+0000] {docker.py:436} INFO - 100     2    0     0    0     2      0      0 --:--:--  0:01:36 --:--:--     0
[2024-07-05T10:45:13.074+0000] {docker.py:436} INFO - 100     2    0     0    0     2      0      0 --:--:--  0:01:37 --:--:--     0
[2024-07-05T10:45:14.075+0000] {docker.py:436} INFO - 100     2    0     0    0     2      0      0 --:--:--  0:01:38 --:--:--     0
[2024-07-05T10:45:15.076+0000] {docker.py:436} INFO - 100     2    0     0    0     2      0      0 --:--:--  0:01:39 --:--:--     0
[2024-07-05T10:45:16.078+0000] {docker.py:436} INFO - 100     2    0     0    0     2      0      0 --:--:--  0:01:40 --:--:--     0
[2024-07-05T10:45:17.078+0000] {docker.py:436} INFO - 100     2    0     0    0     2      0      0 --:--:--  0:01:41 --:--:--     0
[2024-07-05T10:45:18.080+0000] {docker.py:436} INFO - 100     2    0     0    0     2      0      0 --:--:--  0:01:42 --:--:--     0
[2024-07-05T10:45:19.081+0000] {docker.py:436} INFO - 100     2    0     0    0     2      0      0 --:--:--  0:01:43 --:--:--     0
[2024-07-05T10:45:20.081+0000] {docker.py:436} INFO - 100     2    0     0    0     2      0      0 --:--:--  0:01:44 --:--:--     0
[2024-07-05T10:45:21.084+0000] {docker.py:436} INFO - 100     2    0     0    0     2      0      0 --:--:--  0:01:45 --:--:--     0
[2024-07-05T10:45:22.085+0000] {docker.py:436} INFO - 100     2    0     0    0     2      0      0 --:--:--  0:01:46 --:--:--     0
[2024-07-05T10:45:23.086+0000] {docker.py:436} INFO - 100     2    0     0    0     2      0      0 --:--:--  0:01:47 --:--:--     0
[2024-07-05T10:45:24.087+0000] {docker.py:436} INFO - 100     2    0     0    0     2      0      0 --:--:--  0:01:48 --:--:--     0
[2024-07-05T10:45:25.087+0000] {docker.py:436} INFO - 100     2    0     0    0     2      0      0 --:--:--  0:01:49 --:--:--     0
[2024-07-05T10:45:26.089+0000] {docker.py:436} INFO - 100     2    0     0    0     2      0      0 --:--:--  0:01:50 --:--:--     0
[2024-07-05T10:45:27.090+0000] {docker.py:436} INFO - 100     2    0     0    0     2      0      0 --:--:--  0:01:51 --:--:--     0
[2024-07-05T10:45:28.091+0000] {docker.py:436} INFO - 100     2    0     0    0     2      0      0 --:--:--  0:01:52 --:--:--     0
[2024-07-05T10:45:29.092+0000] {docker.py:436} INFO - 100     2    0     0    0     2      0      0 --:--:--  0:01:53 --:--:--     0
[2024-07-05T10:45:30.093+0000] {docker.py:436} INFO - 100     2    0     0    0     2      0      0 --:--:--  0:01:54 --:--:--     0
[2024-07-05T10:45:31.095+0000] {docker.py:436} INFO - 100     2    0     0    0     2      0      0 --:--:--  0:01:55 --:--:--     0
[2024-07-05T10:45:32.095+0000] {docker.py:436} INFO - 100     2    0     0    0     2      0      0 --:--:--  0:01:56 --:--:--     0
[2024-07-05T10:45:33.096+0000] {docker.py:436} INFO - 100     2    0     0    0     2      0      0 --:--:--  0:01:57 --:--:--     0
[2024-07-05T10:45:34.097+0000] {docker.py:436} INFO - 100     2    0     0    0     2      0      0 --:--:--  0:01:58 --:--:--     0
[2024-07-05T10:45:35.098+0000] {docker.py:436} INFO - 100     2    0     0    0     2      0      0 --:--:--  0:01:59 --:--:--     0
[2024-07-05T10:45:36.098+0000] {docker.py:436} INFO - 100     2    0     0    0     2      0      0 --:--:--  0:02:00 --:--:--     0
[2024-07-05T10:45:37.099+0000] {docker.py:436} INFO - 100     2    0     0    0     2      0      0 --:--:--  0:02:01 --:--:--     0
[2024-07-05T10:45:38.100+0000] {docker.py:436} INFO - 100     2    0     0    0     2      0      0 --:--:--  0:02:02 --:--
[2024-07-05T10:45:38.101+0000] {docker.py:436} INFO - :--     0
[2024-07-05T10:45:39.101+0000] {docker.py:436} INFO - 100     2    0     0    0     2      0      0 --:--:--  0:02:03 --:--:--     0
[2024-07-05T10:45:40.103+0000] {docker.py:436} INFO - 100     2    0     0    0     2      0      0 --:--:--  0:02:04 --:--:--     0
[2024-07-05T10:45:41.103+0000] {docker.py:436} INFO - 100     2    0     0    0     2      0      0 --:--:--  0:02:05 --:--:--     0
[2024-07-05T10:45:42.106+0000] {docker.py:436} INFO - 100     2    0     0    0     2      0      0 --:--:--  0:02:06 --:--:--     0
[2024-07-05T10:45:43.107+0000] {docker.py:436} INFO - 100     2    0     0    0     2      0      0 --:--:--  0:02:07 --:--:--     0
[2024-07-05T10:45:44.107+0000] {docker.py:436} INFO - 100     2    0     0    0     2      0      0 --:--:--  0:02:08 --:--:--     0
[2024-07-05T10:45:45.109+0000] {docker.py:436} INFO - 100     2    0     0    0     2      0      0 --:--:--  0:02:09 --:--:--     0
[2024-07-05T10:45:46.110+0000] {docker.py:436} INFO - 100     2    0     0    0     2      0      0 --:--:--  0:02:10 --:--:--     0
[2024-07-05T10:45:47.110+0000] {docker.py:436} INFO - 100     2    0     0    0     2      0      0 --:--:--  0:02:11 --:--:--     0
[2024-07-05T10:45:48.111+0000] {docker.py:436} INFO - 100     2    0     0    0     2      0      0 --:--:--  0:02:12 --:
[2024-07-05T10:45:48.112+0000] {docker.py:436} INFO - --:-
[2024-07-05T10:45:48.112+0000] {docker.py:436} INFO - -     0
[2024-07-05T10:45:49.113+0000] {docker.py:436} INFO - 100     2    0     0    0     2      0      0 --:--:--  0:02:13 --:--:--     0
[2024-07-05T10:45:50.114+0000] {docker.py:436} INFO - 100     2    0     0    0     2      0      0 --:--:--  0:02:14 --:--:--     0
[2024-07-05T10:45:51.115+0000] {docker.py:436} INFO - 100     2    0     0    0     2      0      0 --:--:--  0:02:
[2024-07-05T10:45:51.115+0000] {docker.py:436} INFO - 15 --:--:--
[2024-07-05T10:45:51.115+0000] {docker.py:436} INFO - 0
[2024-07-05T10:45:52.115+0000] {docker.py:436} INFO - 100     2    0     0    0     2      0      0 --:--:--  0:
[2024-07-05T10:45:52.116+0000] {docker.py:436} INFO - 02:16 -
[2024-07-05T10:45:52.116+0000] {docker.py:436} INFO - -:--
[2024-07-05T10:45:52.116+0000] {docker.py:436} INFO - :
[2024-07-05T10:45:52.116+0000] {docker.py:436} INFO - --
[2024-07-05T10:45:52.116+0000] {docker.py:436} INFO - 
[2024-07-05T10:45:52.116+0000] {docker.py:436} INFO - 
[2024-07-05T10:45:52.116+0000] {docker.py:436} INFO - 
[2024-07-05T10:45:52.116+0000] {docker.py:436} INFO - 
[2024-07-05T10:45:52.116+0000] {docker.py:436} INFO - 0
[2024-07-05T10:45:53.117+0000] {docker.py:436} INFO - 100     2    0     0    0     2      0      0 --:--:--  0:02:17 --:--:--     0
[2024-07-05T10:45:54.118+0000] {docker.py:436} INFO - 100     2    0     0    0     2      0      0 --:--:--  0:02:18 --:--:-
[2024-07-05T10:45:54.118+0000] {docker.py:436} INFO - -     0
[2024-07-05T10:45:55.118+0000] {docker.py:436} INFO - 100     2    0     0    0     2      0      0 --:--:--  0:02:19 --:--:--     0
[2024-07-05T10:45:56.120+0000] {docker.py:436} INFO - 100     2    0     0    0     2      0      0 --:--:--  0:02:20 --:--:--     0
[2024-07-05T10:45:57.120+0000] {docker.py:436} INFO - 100     2    0     0    0     2      0      0 --:--:--  0:02:21 --:--:--     0
[2024-07-05T10:45:58.121+0000] {docker.py:436} INFO - 100     2    0     0    0     2      0      0 --:--:--  0:02:22 --:--:--     0
[2024-07-05T10:45:59.122+0000] {docker.py:436} INFO - 100     2    0     0    0     2      0      0 --:--:--  0:02:23 --:--:--     0
[2024-07-05T10:46:00.124+0000] {docker.py:436} INFO - 100     2    0     0    0     2      0      0 --:--:--  0:02:24 --:--:--     0
[2024-07-05T10:46:01.124+0000] {docker.py:436} INFO - 100     2    0     0    0     2      0      0 --:--:--  0:02:25 --:--:--     0
[2024-07-05T10:46:02.126+0000] {docker.py:436} INFO - 100     2    0     0    0     2      0      0 --:--:--  0:02:26 --:--:--     0
[2024-07-05T10:46:03.127+0000] {docker.py:436} INFO - 100     2    0     0    0     2      0      0 --:--:--  0:02:27 --:--:--     0
[2024-07-05T10:46:04.127+0000] {docker.py:436} INFO - 100     2    0     0    0     2      0      0 --:--:--  0:02:28 --:--:--     0
[2024-07-05T10:46:05.128+0000] {docker.py:436} INFO - 100     2    0     0    0     2      0      0 --:--:--  0:02:29 --:--:--
[2024-07-05T10:46:05.129+0000] {docker.py:436} INFO - 0
[2024-07-05T10:46:06.130+0000] {docker.py:436} INFO - 100     2    0     0    0     2      0      0 --:--:--  0:02:30 --:--:--     0
[2024-07-05T10:46:07.136+0000] {docker.py:436} INFO - 100     2    0     0    0     2      0      0 --:--:--  0:02:31 --:--:--     0
[2024-07-05T10:46:08.132+0000] {docker.py:436} INFO - 100     2    0     0    0     2      0      0 --:--:--  0:02:32 --:--:--     0
[2024-07-05T10:46:09.133+0000] {docker.py:436} INFO - 100     2    0     0    0     2      0      0 --:--:--  0:02:33 --:--:--     0
[2024-07-05T10:46:10.134+0000] {docker.py:436} INFO - 100     2    0     0    0     2      0      0 --:--:--  0:02:34 --:--:--     0
[2024-07-05T10:46:11.135+0000] {docker.py:436} INFO - 100     2    0     0    0     2      0      0 --:--:--  0:02:35 --:--:--     0
[2024-07-05T10:46:12.136+0000] {docker.py:436} INFO - 100     2    0     0    0     2      0      0 --:--:--  0:02:36 --:--:--     0
[2024-07-05T10:46:13.137+0000] {docker.py:436} INFO - 100     2    0     0    0     2      0      0 --:--:--  0:02:37 --:--:--
[2024-07-05T10:46:13.137+0000] {docker.py:436} INFO - 0
[2024-07-05T10:46:14.138+0000] {docker.py:436} INFO - 100     2    0     0    0     2      0      0 --:--:--  0:02:38 --:--:--     0
[2024-07-05T10:46:15.139+0000] {docker.py:436} INFO - 100     2    0     0    0     2      0      0 --:--:--  0:02:39 --:--:--     0
[2024-07-05T10:46:16.140+0000] {docker.py:436} INFO - 100     2    0     0    0     2      0      0 --:--:--  0:02:40 --:--:--     0
[2024-07-05T10:46:17.141+0000] {docker.py:436} INFO - 100     2    0     0    0     2      0      0 --:--:--  0:02:41 --:--:--     0
[2024-07-05T10:46:18.142+0000] {docker.py:436} INFO - 100     2    0     0    0     2      0      0 --:--:--  0:02:42 --:--:--     0
[2024-07-05T10:46:19.143+0000] {docker.py:436} INFO - 100     2    0     0    0     2      0      0 --:--:--  0:02:43 --:--:--     0
[2024-07-05T10:46:20.145+0000] {docker.py:436} INFO - 100     2    0     0    0     2      0      0 --:--:--  0:02:44 --:--:--     0
[2024-07-05T10:46:21.144+0000] {docker.py:436} INFO - 100     2    0     0    0     2      0      0 --:--:--  0:02:45 --:--:-
[2024-07-05T10:46:21.145+0000] {docker.py:436} INFO - -     0
[2024-07-05T10:46:22.145+0000] {docker.py:436} INFO - 100     2    0     0    0     2      0      0 --:--:--  0:02:46 --:--:--     0
[2024-07-05T10:46:23.147+0000] {docker.py:436} INFO - 100     2    0     0    0     2      0      0 --:--:--  0:02:47 --:--:--     0
[2024-07-05T10:46:24.147+0000] {docker.py:436} INFO - 100     2    0     0    0     2      0      0 --:--:--  0:02:48 --:--:--     0
[2024-07-05T10:46:25.149+0000] {docker.py:436} INFO - 100     2    0     0    0     2      0      0 --:--:--  0:02:49 --:--:--     0
[2024-07-05T10:46:26.150+0000] {docker.py:436} INFO - 100     2    0     0    0     2      0      0 --:--:--  0:02:50 --:--:--     0
[2024-07-05T10:46:27.151+0000] {docker.py:436} INFO - 100     2    0     0    0     2      0      0 --:--:--  0:02:51 --:--:--     0
[2024-07-05T10:46:28.152+0000] {docker.py:436} INFO - 100     2    0     0    0     2      0      0 --:--:--  0:02:52 --:--:--     0
[2024-07-05T10:46:29.152+0000] {docker.py:436} INFO - 100     2    0     0    0     2      0      0 --:--:--  0:02:53 --:--:--     0
[2024-07-05T10:46:30.154+0000] {docker.py:436} INFO - 100     2    0     0    0     2      0      0 --:--:--  0:02:54 --:--:--     0
[2024-07-05T10:46:31.154+0000] {docker.py:436} INFO - 100     2    0     0    0     2      0      0 --:--:--  0:02:55 --:--:--     0
[2024-07-05T10:46:32.155+0000] {docker.py:436} INFO - 100     2    0     0    0     2      0      0 --:--:--  0:02:56 --:--:--     0
[2024-07-05T10:46:33.157+0000] {docker.py:436} INFO - 100     2    0     0    0     2      0      0 --:--:--  0:02:57 --:--:--     0
[2024-07-05T10:46:34.158+0000] {docker.py:436} INFO - 100     2    0     0    0     2      0      0 --:--:--  0:02:58 --:--:--     0
[2024-07-05T10:46:35.158+0000] {docker.py:436} INFO - 100     2    0     0    0     2      0      0 --:--:--  0:02:59 --:--:--     0
[2024-07-05T10:46:36.160+0000] {docker.py:436} INFO - 100     2    0     0    0     2      0      0 --:--:--  0:03:00 --:--:--     0
[2024-07-05T10:46:37.161+0000] {docker.py:436} INFO - 100     2    0     0    0     2      0      0 --:--:--  0:03:01 --:--:--     0
[2024-07-05T10:46:38.162+0000] {docker.py:436} INFO - 100     2    0     0    0     2      0      0 --:--:--  0:03:02 --:--:--     0
[2024-07-05T10:46:39.163+0000] {docker.py:436} INFO - 100     2    0     0    0     2      0      0 --:--:--  0:03:03 --:--:--     0
[2024-07-05T10:46:40.163+0000] {docker.py:436} INFO - 100     2    0     0    0     2      0      0 --:--:--  0:03:04 --:--:--     0
[2024-07-05T10:46:41.164+0000] {docker.py:436} INFO - 100     2    0     0    0     2      0      0 --:--:--  0:03:05 --:--:--     0
[2024-07-05T10:46:42.165+0000] {docker.py:436} INFO - 100     2    0     0    0     2      0      0 --:--:--  0:03:06 --:--:--     0
[2024-07-05T10:46:43.166+0000] {docker.py:436} INFO - 100     2    0     0    0     2      0      0 --:--:--  0:03:07 --:--:--     0
[2024-07-05T10:46:44.167+0000] {docker.py:436} INFO - 100     2    0     0    0     2      0      0 --:--:--  0:03:08 --:--:--     0
[2024-07-05T10:46:45.168+0000] {docker.py:436} INFO - 100     2    0     0    0     2      0      0 --:--:--  0:03:09 --:--:--     0
[2024-07-05T10:46:46.170+0000] {docker.py:436} INFO - 100     2    0     0    0     2      0      0 --:--:--  0:03:10 --:--:--     0
[2024-07-05T10:46:47.170+0000] {docker.py:436} INFO - 100     2    0     0    0     2      0      0 --:--:--  0:03:11 --:--:--     0
[2024-07-05T10:46:48.171+0000] {docker.py:436} INFO - 100     2    0     0    0     2      0      0 --:--:--  0:03:12 --:--:--     0
[2024-07-05T10:46:49.172+0000] {docker.py:436} INFO - 100     2    0     0    0     2      0      0 --:--:--  0:03:13 --:--:--     0
[2024-07-05T10:46:50.172+0000] {docker.py:436} INFO - 100     2    0     0    0     2      0      0 --:--:--  0:03:14 --:--:--     0
[2024-07-05T10:46:51.174+0000] {docker.py:436} INFO - 100     2    0     0    0     2      0      0 --:--:--  0:03:15 --:--:--     0
[2024-07-05T10:46:52.174+0000] {docker.py:436} INFO - 100     2    0     0    0     2      0      0 --:--:--  0:03:16 --:--:--     0
[2024-07-05T10:46:53.176+0000] {docker.py:436} INFO - 100     2    0     0    0     2      0      0 --:--:--  0:03:17 --:--:--     0
[2024-07-05T10:46:54.178+0000] {docker.py:436} INFO - 100     2    0     0    0     2      0      0 --:--:--  0:03:18 --:--:--     0
[2024-07-05T10:46:55.178+0000] {docker.py:436} INFO - 100     2    0     0    0     2      0      0 --:--:--  0:03:19 --:--:--     0
[2024-07-05T10:46:56.179+0000] {docker.py:436} INFO - 100     2    0     0    0     2      0      0 --:--:--  0:03:20 --:--:--     0
[2024-07-05T10:46:57.180+0000] {docker.py:436} INFO - 100     2    0     0    0     2      0      0 --:--:--  0:03:21 --:--:--     0
[2024-07-05T10:46:58.181+0000] {docker.py:436} INFO - 100     2    0     0    0     2      0      0 --:--:--  0:03:22 --:--:--     0
[2024-07-05T10:46:59.181+0000] {docker.py:436} INFO - 100     2    0     0    0     2      0      0 --:--:--  0:03:23 --:--:--     0
[2024-07-05T10:47:00.183+0000] {docker.py:436} INFO - 100     2    0     0    0     2      0      0 --:--:--  0:03:24 --:--:--     0
[2024-07-05T10:47:01.183+0000] {docker.py:436} INFO - 100     2    0     0    0     2      0      0 --:--:--  0:03:25 --:--:--     0
[2024-07-05T10:47:02.185+0000] {docker.py:436} INFO - 100     2    0     0    0     2      0      0 --:--:--  0:03:26 --:--:--     0
[2024-07-05T10:47:03.186+0000] {docker.py:436} INFO - 100     2    0     0    0     2      0      0 --:--:--  0:03:27 --:--:--     0
[2024-07-05T10:47:04.186+0000] {docker.py:436} INFO - 100     2    0     0    0     2      0      0 --:--:--  0:03:28 --:--:--
[2024-07-05T10:47:04.187+0000] {docker.py:436} INFO - 0
[2024-07-05T10:47:05.187+0000] {docker.py:436} INFO - 100     2    0     0    0     2      0
[2024-07-05T10:47:05.188+0000] {docker.py:436} INFO - 0 --:
[2024-07-05T10:47:05.188+0000] {docker.py:436} INFO - --:--
[2024-07-05T10:47:05.188+0000] {docker.py:436} INFO - 0:03
[2024-07-05T10:47:05.188+0000] {docker.py:436} INFO - :29
[2024-07-05T10:47:05.188+0000] {docker.py:436} INFO - -
[2024-07-05T10:47:05.188+0000] {docker.py:436} INFO - -:-
[2024-07-05T10:47:05.188+0000] {docker.py:436} INFO - -:
[2024-07-05T10:47:05.188+0000] {docker.py:436} INFO - --
[2024-07-05T10:47:05.188+0000] {docker.py:436} INFO - 
[2024-07-05T10:47:05.189+0000] {docker.py:436} INFO - 
[2024-07-05T10:47:05.189+0000] {docker.py:436} INFO - 0
[2024-07-05T10:47:06.188+0000] {docker.py:436} INFO - 100     2    0     0    0     2      0      0 --:--:--  0:03:30 --:--:--     0
[2024-07-05T10:47:07.190+0000] {docker.py:436} INFO - 100     2    0     0    0     2      0      0 --:--:--  0:03:31 --:--:--     0
[2024-07-05T10:47:08.190+0000] {docker.py:436} INFO - 100     2    0     0    0     2      0      0 --:--:--  0:03:32 --:--:--     0
[2024-07-05T10:47:09.203+0000] {docker.py:436} INFO - 100     2    0     0    0     2      0      0 --:--:--  0:03:33 --:--:--     0
[2024-07-05T10:47:10.193+0000] {docker.py:436} INFO - 100     2    0     0    0     2      0      0 --:--:--  0:03:34 --:--:--     0
[2024-07-05T10:47:11.194+0000] {docker.py:436} INFO - 100     2    0     0    0     2      0      0 --:--:--  0:03:35 --:--:--     0
[2024-07-05T10:47:12.195+0000] {docker.py:436} INFO - 100     2    0     0    0     2      0      0 --:--:--  0:03:36 --:--:--     0
[2024-07-05T10:47:13.195+0000] {docker.py:436} INFO - 100     2    0     0    0     2      0      0 --:--:--  0:03:37
[2024-07-05T10:47:13.196+0000] {docker.py:436} INFO - --:--:--     0
[2024-07-05T10:47:14.197+0000] {docker.py:436} INFO - 100     2    0     0    0     2      0      0 --:--:--  0:03:38 --:--:--     0
[2024-07-05T10:47:15.198+0000] {docker.py:436} INFO - 100     2    0     0    0     2      0      0 --:--:--  0:03:39 --:--:--     0
[2024-07-05T10:47:16.200+0000] {docker.py:436} INFO - 100     2    0     0    0     2      0      0 --:--:--  0:03:40 --:--:--     0
[2024-07-05T10:47:17.200+0000] {docker.py:436} INFO - 100     2    0     0    0     2      0      0 --:--:--  0:03:41 --:--:--     0
[2024-07-05T10:47:18.200+0000] {docker.py:436} INFO - 100     2    0     0    0     2      0      0 --:--:--  0:03:42 --:--:--     0
[2024-07-05T10:47:19.202+0000] {docker.py:436} INFO - 100     2    0     0    0     2      0      0 --:--:--  0:03:43 --:--:--     0
[2024-07-05T10:47:20.202+0000] {docker.py:436} INFO - 100     2    0     0    0     2      0      0 --:--:--  0:03:44 --:--:--     0
[2024-07-05T10:47:21.204+0000] {docker.py:436} INFO - 100     2    0     0    0     2      0      0 --:--:--  0:03:45 --:--:--     0
[2024-07-05T10:47:22.205+0000] {docker.py:436} INFO - 100     2    0     0    0     2      0      0 --:--:--  0:03:46 --:--:--
[2024-07-05T10:47:22.205+0000] {docker.py:436} INFO - 0
[2024-07-05T10:47:23.206+0000] {docker.py:436} INFO - 100     2    0     0    0     2      0      0 --:--:--  0:03:47 --:--:--     0
[2024-07-05T10:47:24.207+0000] {docker.py:436} INFO - 100     2    0     0    0     2      0      0 --:--:--  0:03:48 --:--:--     0
[2024-07-05T10:47:25.208+0000] {docker.py:436} INFO - 100     2    0     0    0     2      0      0 --:--:--  0:03:49 --:--:--     0
[2024-07-05T10:47:26.209+0000] {docker.py:436} INFO - 100     2    0     0    0     2      0      0 --:--:--  0:03:50 --:--:--     0
[2024-07-05T10:47:27.210+0000] {docker.py:436} INFO - 100     2    0     0    0     2      0      0 --:--:--  0:03:51 --:--:--     0
[2024-07-05T10:47:28.211+0000] {docker.py:436} INFO - 100     2    0     0    0     2      0      0 --:--:--  0:03:52 --:--:--     0
[2024-07-05T10:47:29.212+0000] {docker.py:436} INFO - 100     2    0     0    0     2      0      0 --:--:--  0:03:53 --:--:--     0
[2024-07-05T10:47:30.213+0000] {docker.py:436} INFO - 100     2    0     0    0     2      0      0 --:--:--  0:03:54 --:--:--     0
[2024-07-05T10:47:31.213+0000] {docker.py:436} INFO - 100     2    0     0    0     2      0      0 --:-
[2024-07-05T10:47:31.214+0000] {docker.py:436} INFO - -:--  0:03:55
[2024-07-05T10:47:31.214+0000] {docker.py:436} INFO - --:
[2024-07-05T10:47:31.214+0000] {docker.py:436} INFO - --
[2024-07-05T10:47:31.214+0000] {docker.py:436} INFO - :-
[2024-07-05T10:47:31.214+0000] {docker.py:436} INFO - -
[2024-07-05T10:47:31.214+0000] {docker.py:436} INFO - 0
[2024-07-05T10:47:32.214+0000] {docker.py:436} INFO - 100     2    0     0    0     2      0      0 --:--:--  0:03:56 --:--:--     0
[2024-07-05T10:47:33.216+0000] {docker.py:436} INFO - 100     2    0     0    0     2      0      0 --:--:--  0:03:57 --:--:--     0
[2024-07-05T10:47:34.216+0000] {docker.py:436} INFO - 100     2    0     0    0     2      0      0 --:--:--  0:03:58 --:--:--     0
[2024-07-05T10:47:35.218+0000] {docker.py:436} INFO - 100     2    0     0    0     2      0      0 --:--:--  0:03:59 --:--:--     0
[2024-07-05T10:47:36.219+0000] {docker.py:436} INFO - 100     2    0     0    0     2      0      0 --:--:--  0:04:00 --:--:--     0
[2024-07-05T10:47:37.220+0000] {docker.py:436} INFO - 100     2    0     0    0     2      0      0 --:--:--  0:04:01 --:--:--     0
[2024-07-05T10:47:38.221+0000] {docker.py:436} INFO - 100     2    0     0    0     2      0      0 --:--:--  0:04:02 --:--:--     0
[2024-07-05T10:47:39.221+0000] {docker.py:436} INFO - 100     2    0     0    0     2      0      0 --:--:--  0:04:03 --:--:--     0
[2024-07-05T10:47:40.223+0000] {docker.py:436} INFO - 100     2    0     0    0     2      0      0 --:--:--  0:04:04 --:--:--     0
[2024-07-05T10:47:41.226+0000] {docker.py:436} INFO - 100     2    0     0    0     2      0      0 --:--:--  0:04:05 --:--:--     0
[2024-07-05T10:47:42.227+0000] {docker.py:436} INFO - 100     2    0     0    0     2      0      0 --:--:--  0:04:06 --:--:--     0
[2024-07-05T10:47:43.228+0000] {docker.py:436} INFO - 100     2    0     0    0     2      0      0 --:--:--  0:04:07 --:--:--     0
[2024-07-05T10:47:44.229+0000] {docker.py:436} INFO - 100     2    0     0    0     2      0      0 --:--:--  0:04:08 --:--:--     0
[2024-07-05T10:47:45.230+0000] {docker.py:436} INFO - 100     2    0     0    0     2      0      0 --:--:--  0:04:09 --:--:--     0
[2024-07-05T10:47:46.231+0000] {docker.py:436} INFO - 100     2    0     0    0     2      0      0 --:--:--  0:04:10 --:--:--     0
[2024-07-05T10:47:47.233+0000] {docker.py:436} INFO - 100     2    0     0    0     2      0      0 --:--:--  0:04:11 --:--:--     0
[2024-07-05T10:47:48.234+0000] {docker.py:436} INFO - 100     2    0     0    0     2      0      0 --:--:--  0:04:12 --:--:--     0
[2024-07-05T10:47:49.234+0000] {docker.py:436} INFO - 100     2    0     0    0     2      0      0 --:--:--  0:04:13 --:--:--     0
[2024-07-05T10:47:50.236+0000] {docker.py:436} INFO - 100     2    0     0    0     2      0      0 --:--:--  0:04:14 --:--:--     0
[2024-07-05T10:47:51.237+0000] {docker.py:436} INFO - 100     2    0     0    0     2      0      0 --:--:--  0:04:15 --:--:--     0
[2024-07-05T10:47:52.238+0000] {docker.py:436} INFO - 100     2    0     0    0     2      0      0 --:--:--  0:04:16 --:--:--     0
[2024-07-05T10:47:53.239+0000] {docker.py:436} INFO - 100     2    0     0    0     2      0      0 --:--:--  0:04:17 --:--:--     0
[2024-07-05T10:47:54.240+0000] {docker.py:436} INFO - 100     2    0     0    0     2      0      0 --:--:--  0:04:18 --:--:--     0
[2024-07-05T10:47:55.241+0000] {docker.py:436} INFO - 100     2    0     0    0     2      0      0 --:--:--  0:04:19 --:--:--     0
[2024-07-05T10:47:56.242+0000] {docker.py:436} INFO - 100     2    0     0    0     2      0      0 --:--:--  0:04:20 --:--:--     0
[2024-07-05T10:47:57.243+0000] {docker.py:436} INFO - 100     2    0     0    0     2      0      0 --:--:--  0:04:21 --:--:--     0
[2024-07-05T10:47:58.243+0000] {docker.py:436} INFO - 100     2    0     0    0     2      0      0 --:--:--  0:04:22 --:--:--     0
[2024-07-05T10:47:59.245+0000] {docker.py:436} INFO - 100     2    0     0    0     2      0      0 --:--:--  0:04:23 --:--:--     0
[2024-07-05T10:48:00.247+0000] {docker.py:436} INFO - 100     2    0     0    0     2      0      0 --:--:--  0:04:24 --:--:--     0
[2024-07-05T10:48:01.249+0000] {docker.py:436} INFO - 100     2    0     0    0     2      0      0 --:--:--  0:04:25 --:--:--     0
[2024-07-05T10:48:02.249+0000] {docker.py:436} INFO - 100     2    0     0    0     2      0      0 --:--:--  0:04:26 --:--:--     0
[2024-07-05T10:48:03.251+0000] {docker.py:436} INFO - 100     2    0     0    0     2      0      0 --:--:--  0:04:27 --:--:--     0
[2024-07-05T10:48:04.251+0000] {docker.py:436} INFO - 100     2    0     0    0     2      0      0 --:--:--  0:04:28 --:--:--     0
[2024-07-05T10:48:05.262+0000] {docker.py:436} INFO - 100     2    0     0    0     2      0      0 --:--:--  0:04:29 --:--:--     0
[2024-07-05T10:48:06.254+0000] {docker.py:436} INFO - 100     2    0     0    0     2      0      0 --:--:--  0:04:30 --:--:--     0
[2024-07-05T10:48:07.256+0000] {docker.py:436} INFO - 100     2    0     0    0     2      0      0 --:--:--  0:04:31 --:--:--     0
[2024-07-05T10:48:08.256+0000] {docker.py:436} INFO - 100     2
[2024-07-05T10:48:08.257+0000] {docker.py:436} INFO - 0     0    0     2      0      0 --:--:--  0:04:32 --:--:--     0
[2024-07-05T10:48:09.257+0000] {docker.py:436} INFO - 100     2    0     0    0     2      0      0 --:--:--  0:04:33 --:--:--     0
[2024-07-05T10:48:10.258+0000] {docker.py:436} INFO - 100     2    0     0    0     2      0      0 --:--:--  0:04:34 --:--:--     0
[2024-07-05T10:48:11.260+0000] {docker.py:436} INFO - 100     2    0     0    0     2      0      0 --:--:--  0:04:35 --:--:--     0
[2024-07-05T10:48:12.261+0000] {docker.py:436} INFO - 100     2    0     0    0     2      0      0 --:--:--  0:04:36 --:--:--     0
[2024-07-05T10:48:13.261+0000] {docker.py:436} INFO - 100     2    0     0    0     2      0
[2024-07-05T10:48:13.262+0000] {docker.py:436} INFO - 0 --:--:--  0:04:
[2024-07-05T10:48:13.262+0000] {docker.py:436} INFO - 37 --:
[2024-07-05T10:48:13.262+0000] {docker.py:436} INFO - --:--
[2024-07-05T10:48:13.262+0000] {docker.py:436} INFO - 0
[2024-07-05T10:48:14.262+0000] {docker.py:436} INFO - 100     2    0     0    0     2      0      0 --:--:--  0:04:38 --:--:--     0
[2024-07-05T10:48:15.264+0000] {docker.py:436} INFO - 100     2    0     0    0     2      0      0 --:--:--  0:04:39 --:--:--     0
[2024-07-05T10:48:16.264+0000] {docker.py:436} INFO - 100     2    0     0    0     2      0      0 --:--:--  0:04:40 --:--:--     0
[2024-07-05T10:48:17.265+0000] {docker.py:436} INFO - 100     2    0     0    0     2      0      0 --:--:--  0:04:41 --:--:--     0
[2024-07-05T10:48:18.267+0000] {docker.py:436} INFO - 100     2    0     0    0     2      0      0 --:--:--  0:04:42 --:--:--     0
[2024-07-05T10:48:19.268+0000] {docker.py:436} INFO - 100     2    0     0    0     2      0      0 --:--:--  0:04:43 --:--:--     0
[2024-07-05T10:48:20.268+0000] {docker.py:436} INFO - 100     2    0     0    0     2      0      0 --:--
[2024-07-05T10:48:20.269+0000] {docker.py:436} INFO - :--  0:04:44 --:--:--
[2024-07-05T10:48:20.269+0000] {docker.py:436} INFO - 0
[2024-07-05T10:48:21.269+0000] {docker.py:436} INFO - 100     2    0     0    0     2      0      0 --:--:--  0:04:45 --:--:--     0
[2024-07-05T10:48:22.271+0000] {docker.py:436} INFO - 100     2    0     0    0     2      0      0 --:--:--  0:04:46 --:--:--     0
[2024-07-05T10:48:23.271+0000] {docker.py:436} INFO - 100     2    0     0    0     2      0      0 --:--:--  0:04:47 --:--:--     0
[2024-07-05T10:48:24.273+0000] {docker.py:436} INFO - 100     2    0     0    0     2      0      0 --:--:--  0:04:48 --:--:--     0
[2024-07-05T10:48:25.274+0000] {docker.py:436} INFO - 100     2    0     0    0     2      0      0 --:--:--  0:04:49 --:--:--     0
[2024-07-05T10:48:26.275+0000] {docker.py:436} INFO - 100     2    0     0    0     2      0      0 --:--:--  0:04:50 --:--:--     0
[2024-07-05T10:48:27.276+0000] {docker.py:436} INFO - 100     2    0     0    0     2      0      0 --:--:--  0:04:51 --:--:--     0
[2024-07-05T10:48:28.276+0000] {docker.py:436} INFO - 100     2    0     0    0     2      0      0 --:--:--  0:04:52 --:--:--     0
[2024-07-05T10:48:29.278+0000] {docker.py:436} INFO - 100     2    0     0    0     2      0      0 --:--:--  0:04:53 --:--:--     0
[2024-07-05T10:48:30.278+0000] {docker.py:436} INFO - 100     2    0     0    0     2      0      0 --:--:--  0:04:54 --:--:--     0
[2024-07-05T10:48:31.280+0000] {docker.py:436} INFO - 100     2    0     0    0     2      0      0 --:--:--  0:04:55 --:--:--     0
[2024-07-05T10:48:32.281+0000] {docker.py:436} INFO - 100     2    0     0    0     2      0      0 --:--:--  0:04:56 --:--:--     0
[2024-07-05T10:48:33.281+0000] {docker.py:436} INFO - 100     2    0     0    0     2      0      0 --:--:--  0:04:57 --:--:--     0
[2024-07-05T10:48:34.282+0000] {docker.py:436} INFO - 100     2    0     0    0     2      0      0 --:--:--  0:04:58 --:--:--     0
[2024-07-05T10:48:35.283+0000] {docker.py:436} INFO - 100     2    0     0    0     2      0      0 --:--:--  0:04:59 --:--:--     0
[2024-07-05T10:48:36.284+0000] {docker.py:436} INFO - 100     2    0     0    0     2      0      0 --:--:--  0:05:00 --:--:--     0
[2024-07-05T10:48:37.285+0000] {docker.py:436} INFO - 100     2    0     0    0     2      0      0 --:--:--  0:05:01 --:--:--     0
[2024-07-05T10:48:38.292+0000] {docker.py:436} INFO - 100     2    0     0    0     2      0      0 --:--:--  0:05:02 --:--:--     0
[2024-07-05T10:48:39.290+0000] {docker.py:436} INFO - 100     2    0     0    0     2      0      0 --:--:--  0:05:03 --:--:--     0
[2024-07-05T10:48:40.290+0000] {docker.py:436} INFO - 100     2    0     0    0     2      0      0 --:--:--  0:05:04 --:--:--     0
[2024-07-05T10:48:41.292+0000] {docker.py:436} INFO - 100     2    0     0    0     2      0      0 --:--:--  0:05:05 --:--:--     0
[2024-07-05T10:48:42.292+0000] {docker.py:436} INFO - 100     2    0     0    0     2      0      0 --:--:--  0:05:06 --:--:--     0
[2024-07-05T10:48:43.295+0000] {docker.py:436} INFO - 100     2    0     0    0     2      0      0 --:--:--  0:05:07 --:--:--     0
[2024-07-05T10:48:44.295+0000] {docker.py:436} INFO - 100     2    0     0    0     2      0      0 --:--:--  0:05:08 --:--:--     0
[2024-07-05T10:48:45.295+0000] {docker.py:436} INFO - 100     2    0     0    0     2      0      0 --:--:--  0:05:09 --:--:--     0
[2024-07-05T10:48:46.297+0000] {docker.py:436} INFO - 100     2    0     0    0     2      0      0 --:--:--  0:05:10 --:--:--     0
[2024-07-05T10:48:47.299+0000] {docker.py:436} INFO - 100     2    0     0    0     2      0      0 --:--:--  0:05:11 --:--:--     0
[2024-07-05T10:48:48.298+0000] {docker.py:436} INFO - 100     2    0     0    0     2      0      0 --:--:--  0:05:12 --:--:--     0
[2024-07-05T10:48:49.300+0000] {docker.py:436} INFO - 100     2    0     0    0     2      0      0 --:--:--  0:05:13 --:--:--     0
[2024-07-05T10:48:50.301+0000] {docker.py:436} INFO - 100     2    0     0    0     2      0      0 --:--:--  0:05:14 --:--:--     0
[2024-07-05T10:48:51.302+0000] {docker.py:436} INFO - 100     2    0     0    0     2      0      0 --:--:--  0:05:15 --:--:--     0
[2024-07-05T10:48:52.303+0000] {docker.py:436} INFO - 100     2    0     0    0     2      0      0 --:--:-
[2024-07-05T10:48:52.303+0000] {docker.py:436} INFO - -  0:05:16 --:--:--     0
[2024-07-05T10:48:53.303+0000] {docker.py:436} INFO - 100     2    0     0    0     2      0      0 --:--:--  0:05:17 --:--:--     0
[2024-07-05T10:48:54.304+0000] {docker.py:436} INFO - 100     2    0     0    0     2      0      0 --:-
[2024-07-05T10:48:54.305+0000] {docker.py:436} INFO - -:--  0:05:18 --:-
[2024-07-05T10:48:54.305+0000] {docker.py:436} INFO - -:--
[2024-07-05T10:48:54.305+0000] {docker.py:436} INFO - 
[2024-07-05T10:48:54.305+0000] {docker.py:436} INFO - 0
[2024-07-05T10:48:55.306+0000] {docker.py:436} INFO - 100     2    0     0    0     2      0      0 --:--:--  0:05:19 --:--:--     0
[2024-07-05T10:48:56.306+0000] {docker.py:436} INFO - 100     2    0     0    0     2      0      0 --:--:--  0:05:20 --:--:--
[2024-07-05T10:48:56.307+0000] {docker.py:436} INFO - 0
[2024-07-05T10:48:57.308+0000] {docker.py:436} INFO - 100     2    0     0    0     2      0      0 --:--:--  0:05:21 --:--:--     0
[2024-07-05T10:48:58.311+0000] {docker.py:436} INFO - 100     2    0     0    0     2      0      0 --:--:--  0:05:22 --:--:--     0
[2024-07-05T10:48:59.310+0000] {docker.py:436} INFO - 100     2    0     0    0     2      0      0 --:--:--  0:05:23 --:--:--     0
[2024-07-05T10:49:00.312+0000] {docker.py:436} INFO - 100     2    0     0    0     2      0      0 --:--:--  0:05:24 --:--:--     0
[2024-07-05T10:49:01.313+0000] {docker.py:436} INFO - 100     2    0     0    0     2      0      0 --:--:--  0:05:25 --:--:--     0
[2024-07-05T10:49:02.323+0000] {docker.py:436} INFO - 100     2    0     0    0     2      0      0 --:--:--  0:05:26 --:--:--     0
[2024-07-05T10:49:03.323+0000] {docker.py:436} INFO - 100     2    0     0    0     2      0      0 --:--:--  0:05:27
[2024-07-05T10:49:03.323+0000] {docker.py:436} INFO - --:--:--     0
[2024-07-05T10:49:04.324+0000] {docker.py:436} INFO - 100     2    0     0    0     2      0      0 --:--:--  0:05:28 --:--:--     0
[2024-07-05T10:49:05.324+0000] {docker.py:436} INFO - 100     2    0     0    0     2      0      0 --:--:--  0:05:29 --:--:--     0
[2024-07-05T10:49:06.325+0000] {docker.py:436} INFO - 100     2    0     0    0     2      0      0 --:--:--  0:05:30 --:--:--     0
[2024-07-05T10:49:07.326+0000] {docker.py:436} INFO - 100     2    0     0    0     2      0      0 --:--:--  0:05:31 --:--:--     0
[2024-07-05T10:49:08.327+0000] {docker.py:436} INFO - 100     2    0     0    0     2      0      0 --:--:--
[2024-07-05T10:49:08.328+0000] {docker.py:436} INFO - 0:05:32 --:--:--
[2024-07-05T10:49:08.328+0000] {docker.py:436} INFO - 
[2024-07-05T10:49:08.328+0000] {docker.py:436} INFO - 0
[2024-07-05T10:49:09.329+0000] {docker.py:436} INFO - 100     2    0     0    0     2      0      0 --:--:--  0:05:33 --:--:--     0
[2024-07-05T10:49:10.329+0000] {docker.py:436} INFO - 100     2    0     0    0     2      0      0 --:--:--  0:05:34 --:--:--     0
[2024-07-05T10:49:11.330+0000] {docker.py:436} INFO - 100     2    0     0    0     2      0      0 --:--:--  0:05:35 --:--:--
[2024-07-05T10:49:11.331+0000] {docker.py:436} INFO - 0
[2024-07-05T10:49:12.332+0000] {docker.py:436} INFO - 100     2    0     0    0     2      0      0 --:--:--  0:05:36 --:--:--     0
[2024-07-05T10:49:13.333+0000] {docker.py:436} INFO - 100     2    0     0    0     2      0      0 --:--:--  0:05:37 --:--:--     0
[2024-07-05T10:49:14.334+0000] {docker.py:436} INFO - 100     2    0     0    0     2      0      0 --:--:--  0:05:38 --:--:--     0
[2024-07-05T10:49:15.335+0000] {docker.py:436} INFO - 100     2    0     0    0     2      0      0 --:--:--  0:05:39 --:--:--     0
[2024-07-05T10:49:16.336+0000] {docker.py:436} INFO - 100     2    0     0    0     2      0      0 --:--:--  0:05:40 --:--:--     0
[2024-07-05T10:49:17.338+0000] {docker.py:436} INFO - 100     2    0     0    0     2      0      0 --:--:--  0:05:41 --:--:--     0
[2024-07-05T10:49:18.338+0000] {docker.py:436} INFO - 100     2    0     0    0     2      0      0 --:--:--  0:05:42 --:--:--     0
[2024-07-05T10:49:19.338+0000] {docker.py:436} INFO - 100     2    0     0    0     2      0      0 --:--:--  0:05:43 --:--:--     0
[2024-07-05T10:49:20.340+0000] {docker.py:436} INFO - 100     2    0     0    0     2      0      0 --:--:--  0:05:44 --:--:--     0
[2024-07-05T10:49:21.340+0000] {docker.py:436} INFO - 100     2    0     0    0     2      0      0 --:-
[2024-07-05T10:49:21.341+0000] {docker.py:436} INFO - -:--  0:05:45 --:--:--
[2024-07-05T10:49:21.341+0000] {docker.py:436} INFO - 0
[2024-07-05T10:49:22.342+0000] {docker.py:436} INFO - 100     2    0     0    0     2      0      0 --:--:--  0:05:46 --:--:--     0
[2024-07-05T10:49:23.342+0000] {docker.py:436} INFO - 100     2    0     0    0     2      0      0 --:--:--  0:05:47 --:--:--     0
[2024-07-05T10:49:24.344+0000] {docker.py:436} INFO - 100     2    0     0    0     2      0      0 --:--:--  0:05:48 --:--:--     0
[2024-07-05T10:49:25.344+0000] {docker.py:436} INFO - 100     2    0     0    0     2      0      0 --:--:--  0:05:49 --:--:--     0
[2024-07-05T10:49:26.346+0000] {docker.py:436} INFO - 100     2    0     0    0     2      0      0 --:--:--  0:05:50 --:--:--     0
[2024-07-05T10:49:27.347+0000] {docker.py:436} INFO - 100     2    0     0    0     2      0      0 --:--:--  0:05:51 --:--:-
[2024-07-05T10:49:27.347+0000] {docker.py:436} INFO - -     0
[2024-07-05T10:49:28.347+0000] {docker.py:436} INFO - 100     2    0     0    0     2      0      0 --:--:--  0:05:52 --:--:--     0
[2024-07-05T10:49:29.349+0000] {docker.py:436} INFO - 100     2    0     0    0     2      0      0 --:--:--  0:05:53 --:--:--     0
[2024-07-05T10:49:30.349+0000] {docker.py:436} INFO - 100     2    0     0    0     2      0      0 --:--:--  0:05:54 --:--:--     0
[2024-07-05T10:49:31.350+0000] {docker.py:436} INFO - 100     2    0     0    0     2      0      0 --:--:--  0:05:55 --:--:--     0
[2024-07-05T10:49:32.352+0000] {docker.py:436} INFO - 100     2    0     0    0     2      0      0 --:--:--  0:05:56 --:--:--     0
[2024-07-05T10:49:33.352+0000] {docker.py:436} INFO - 100     2    0     0    0     2      0      0 --:--:--  0:05:57 --:--:--     0
[2024-07-05T10:49:34.365+0000] {docker.py:436} INFO - 100     2    0     0    0     2      0      0 --:--:--  0:05:58 --:--:--     0
[2024-07-05T10:49:35.355+0000] {docker.py:436} INFO - 100     2    0     0    0     2      0      0 --:--:--  0:05:59 --:--:--     0
[2024-07-05T10:49:36.355+0000] {docker.py:436} INFO - 100     2    0     0    0     2      0      0 --:--:--  0:06:00 --:--:--     0
[2024-07-05T10:49:37.357+0000] {docker.py:436} INFO - 100     2    0     0    0     2      0      0 --:--:--  0:06:01 --:--:--     0
[2024-07-05T10:49:38.357+0000] {docker.py:436} INFO - 100     2    0     0    0     2      0      0 --:--:--  0:06:02 --:--:--     0
[2024-07-05T10:49:39.358+0000] {docker.py:436} INFO - 100     2    0     0    0     2      0      0 --:--:--  0:06:03 --:--:--     0
[2024-07-05T10:49:40.359+0000] {docker.py:436} INFO - 100     2    0     0    0     2      0      0 --:--:--  0:06:04 --:--:--
[2024-07-05T10:49:40.360+0000] {docker.py:436} INFO - 0
[2024-07-05T10:49:41.361+0000] {docker.py:436} INFO - 100     2    0     0    0     2      0      0 --:--:--  0:06:05 --:--:--     0
[2024-07-05T10:49:42.362+0000] {docker.py:436} INFO - 100     2    0     0    0     2      0      0 --:--:--  0:06:06 --:--:--     0
[2024-07-05T10:49:43.362+0000] {docker.py:436} INFO - 100     2    0     0    0     2      0      0 --:--:--  0:06:07 --:--:--     0
[2024-07-05T10:49:44.363+0000] {docker.py:436} INFO - 100     2    0     0    0     2      0      0 --:--:--  0:06:08 --:--:--     0
[2024-07-05T10:49:45.364+0000] {docker.py:436} INFO - 100     2    0     0    0     2      0      0 --:--:--  0:06:09 --:--:--     0
[2024-07-05T10:49:46.365+0000] {docker.py:436} INFO - 100     2    0     0    0     2      0      0 --:--:--  0:06:10 --:--:--     0
[2024-07-05T10:49:47.367+0000] {docker.py:436} INFO - 100     2    0     0    0     2      0      0 --:--:--  0:06:11 --:--:--     0
[2024-07-05T10:49:48.368+0000] {docker.py:436} INFO - 100     2    0     0    0     2      0      0 --:--:--  0:06:12 --:--:--     0
[2024-07-05T10:49:49.369+0000] {docker.py:436} INFO - 100     2    0     0    0     2      0      0 --:--:--  0:06:13 --:--:--     0
[2024-07-05T10:49:50.369+0000] {docker.py:436} INFO - 100     2    0     0    0     2      0      0 --:--:--  0:06:14 --:--:--     0
[2024-07-05T10:49:51.370+0000] {docker.py:436} INFO - 100     2    0     0    0     2      0      0 --:--:--  0:06:15 --:--:--     0
[2024-07-05T10:49:52.371+0000] {docker.py:436} INFO - 100     2    0     0    0     2      0      0 --:--:--  0:06:16 --:--:--     0
[2024-07-05T10:49:53.381+0000] {docker.py:436} INFO - 100     2    0     0    0     2      0      0 --:--:--  0:06:17 --:--:--     0
[2024-07-05T10:49:54.374+0000] {docker.py:436} INFO - 100     2    0     0    0     2      0      0 --:--:--  0:06:18 --:--:--     0
[2024-07-05T10:49:55.375+0000] {docker.py:436} INFO - 100     2    0     0    0     2      0      0 --:--:--  0:06:19 --:--:--     0
[2024-07-05T10:49:56.376+0000] {docker.py:436} INFO - 100     2    0     0    0     2      0      0 --:--:--  0:06:20 --:--:--     0
[2024-07-05T10:49:57.377+0000] {docker.py:436} INFO - 100     2    0     0    0     2      0      0 --:--:--  0:06:21 --:--:--     0
[2024-07-05T10:49:58.377+0000] {docker.py:436} INFO - 100     2    0     0    0     2      0      0 --:--:--  0:06:22 --:--:--     0
[2024-07-05T10:49:59.379+0000] {docker.py:436} INFO - 100     2    0     0    0     2      0      0 --:--:--  0:06:23 --:--:--     0
[2024-07-05T10:50:00.380+0000] {docker.py:436} INFO - 100     2    0     0    0     2      0      0 --:--:--  0:06:24 --:--:--     0
[2024-07-05T10:50:01.381+0000] {docker.py:436} INFO - 100     2    0     0    0     2      0      0 --:--:--  0:06:25 --:--:--     0
[2024-07-05T10:50:02.381+0000] {docker.py:436} INFO - 100     2    0     0    0     2      0      0 --:--:--  0:06:26 --:--:--     0
[2024-07-05T10:50:03.382+0000] {docker.py:436} INFO - 100     2    0     0    0     2      0      0 --:--:--  0:06:27 --:--:--     0
[2024-07-05T10:50:04.383+0000] {docker.py:436} INFO - 100     2    0     0    0     2      0      0 --:--:--  0:06:28 --:--:--     0
[2024-07-05T10:50:05.385+0000] {docker.py:436} INFO - 100     2    0     0    0     2      0      0 --:--:--  0:06:29 --:--:--     0
[2024-07-05T10:50:06.386+0000] {docker.py:436} INFO - 100     2    0     0    0     2      0      0 --:--:--  0:06:30 --:--:--     0
[2024-07-05T10:50:07.387+0000] {docker.py:436} INFO - 100     2    0     0    0     2      0      0 --:--:--  0:06:31 --:--:--     0
[2024-07-05T10:50:08.388+0000] {docker.py:436} INFO - 100     2    0     0    0     2      0      0 --:--:--  0:06:32 --:--:--     0
[2024-07-05T10:50:09.389+0000] {docker.py:436} INFO - 100     2    0     0    0     2      0      0 --:--:--  0:06:33 --:--:--     0
[2024-07-05T10:50:10.390+0000] {docker.py:436} INFO - 100     2    0     0    0     2      0      0 --:--:--  0:06:34 --:--:--     0
[2024-07-05T10:50:11.390+0000] {docker.py:436} INFO - 100     2    0     0    0     2      0      0 --:--:--  0:06:35 --:--:--     0
[2024-07-05T10:50:12.392+0000] {docker.py:436} INFO - 100     2    0     0    0     2      0      0 --:--:--  0:06:36 --:--:--     0
[2024-07-05T10:50:13.393+0000] {docker.py:436} INFO - 100     2    0     0    0     2      0      0 --:--:--  0:06:37 --:--:--     0
[2024-07-05T10:50:14.395+0000] {docker.py:436} INFO - 100     2    0     0    0     2      0      0 --:--:--  0:06:38 --:--:--     0
[2024-07-05T10:50:15.395+0000] {docker.py:436} INFO - 100     2    0     0    0     2      0      0 --:--:--  0:06:39 --:--:--     0
[2024-07-05T10:50:16.396+0000] {docker.py:436} INFO - 100     2    0     0    0     2      0      0 --:--:--  0:06:40 --:--:--     0
[2024-07-05T10:50:17.398+0000] {docker.py:436} INFO - 100     2    0     0    0     2      0      0 --:--:--  0:06:41 --:--:--     0
[2024-07-05T10:50:18.399+0000] {docker.py:436} INFO - 100     2    0     0    0     2      0      0 --:--:--  0:06:42 --:--:--     0
[2024-07-05T10:50:19.399+0000] {docker.py:436} INFO - 100     2    0     0    0     2      0      0 --:--:--
[2024-07-05T10:50:19.400+0000] {docker.py:436} INFO - 0:06:43 --:--:--     0
[2024-07-05T10:50:20.401+0000] {docker.py:436} INFO - 100     2    0     0    0     2      0      0 --:--:--  0:06:44 --:--:--     0
[2024-07-05T10:50:21.401+0000] {docker.py:436} INFO - 100     2    0     0    0     2      0      0 --:--:--  0:06:45 --:--:--     0
[2024-07-05T10:50:22.403+0000] {docker.py:436} INFO - 100     2    0     0    0     2      0      0 --:--:--  0:06:46 --:--:--     0
[2024-07-05T10:50:23.405+0000] {docker.py:436} INFO - 100     2    0     0    0     2      0      0 --:--:--  0:06:47 --:--:--     0
[2024-07-05T10:50:24.404+0000] {docker.py:436} INFO - 100     2    0     0    0     2      0      0 --:--:--  0:06:48 --:--:--     0
[2024-07-05T10:50:25.405+0000] {docker.py:436} INFO - 100     2    0     0    0     2      0      0 --:--:--  0:06:49 --:--:--     0
[2024-07-05T10:50:26.407+0000] {docker.py:436} INFO - 100     2    0     0    0     2      0      0 --:--:--  0:06:50 --:--:--     0
[2024-07-05T10:50:27.408+0000] {docker.py:436} INFO - 100     2    0     0    0     2      0      0 --:--:--  0:06:51 --:--:--     0
[2024-07-05T10:50:28.409+0000] {docker.py:436} INFO - 100     2    0     0    0     2      0      0 --:--:--  0:06:52 --:--:--     0
[2024-07-05T10:50:29.409+0000] {docker.py:436} INFO - 100     2    0     0    0     2      0      0 --:--:--  0:06:53 --:--:
[2024-07-05T10:50:29.410+0000] {docker.py:436} INFO - --     0
[2024-07-05T10:50:30.411+0000] {docker.py:436} INFO - 100     2    0     0    0     2      0      0 --:--:--  0:06:54 --:--:--     0
[2024-07-05T10:50:31.412+0000] {docker.py:436} INFO - 100     2    0     0    0     2      0      0 --:--:--  0:06:55 --:--:--     0
[2024-07-05T10:50:32.412+0000] {docker.py:436} INFO - 100     2    0     0    0     2      0      0 --:--:--  0:
[2024-07-05T10:50:32.413+0000] {docker.py:436} INFO - 06:56 --:--:--
[2024-07-05T10:50:32.413+0000] {docker.py:436} INFO - 0
[2024-07-05T10:50:33.414+0000] {docker.py:436} INFO - 100     2    0     0    0     2      0      0 --:--:--  0:06:57 --:--:--     0
[2024-07-05T10:50:34.415+0000] {docker.py:436} INFO - 100     2    0     0    0     2      0      0 --:--:--  0:06:58 --:--:--     0
[2024-07-05T10:50:35.416+0000] {docker.py:436} INFO - 100     2    0     0    0     2      0      0 --:--:--  0:06:59 --:--:--     0
[2024-07-05T10:50:36.417+0000] {docker.py:436} INFO - 100     2    0     0    0     2      0      0 --:--:--  0:07:00 --:--:--     0
[2024-07-05T10:50:37.418+0000] {docker.py:436} INFO - 100     2    0     0    0     2      0      0 --:--:--  0:07:01 --:--:--     0
[2024-07-05T10:50:38.418+0000] {docker.py:436} INFO - 100     2    0     0    0     2      0      0 --:--:--  0:07:02 --:--:--     0
[2024-07-05T10:50:39.420+0000] {docker.py:436} INFO - 100     2    0     0    0     2      0      0 --:--:--  0:07:03 --:--:--     0
[2024-07-05T10:50:40.421+0000] {docker.py:436} INFO - 100     2    0     0    0     2      0      0 --:--:--  0:07:04 --:--:--     0
[2024-07-05T10:50:41.421+0000] {docker.py:436} INFO - 100     2    0     0    0     2      0      0 --:--:--  0:07:05 --:--:--     0
[2024-07-05T10:50:42.423+0000] {docker.py:436} INFO - 100     2    0     0    0     2      0      0 --:--:--  0:07:06 --:--:--     0
[2024-07-05T10:50:43.424+0000] {docker.py:436} INFO - 100     2    0     0    0     2      0      0 --:--:--  0:07:07 --:--:--     0
[2024-07-05T10:50:44.425+0000] {docker.py:436} INFO - 100     2    0     0    0     2      0      0 --:--:--  0:07:08 --:--:--     0
[2024-07-05T10:50:45.426+0000] {docker.py:436} INFO - 100     2    0     0    0     2      0      0 --:--:--  0:07:09 --:--:--     0
[2024-07-05T10:50:46.426+0000] {docker.py:436} INFO - 100     2    0     0    0     2      0      0 --:--:--  0:07:10 --:--:--     0
[2024-07-05T10:50:47.427+0000] {docker.py:436} INFO - 100     2    0     0    0     2      0      0 --:--:--  0:07:11 --:--:--     0
[2024-07-05T10:50:48.429+0000] {docker.py:436} INFO - 100     2    0     0    0     2      0      0 --:--:--  0:07:12 --:--:--     0
[2024-07-05T10:50:49.429+0000] {docker.py:436} INFO - 100     2    0     0    0     2      0      0 --:--:--  0:07:13 --:--:--     0
[2024-07-05T10:50:50.432+0000] {docker.py:436} INFO - 100     2    0     0    0     2      0      0 --:--:--  0:07:14 --:--:--     0
[2024-07-05T10:50:51.432+0000] {docker.py:436} INFO - 100     2    0     0    0     2      0      0 --:--:--  0:07:15 --:--:--     0
[2024-07-05T10:50:52.433+0000] {docker.py:436} INFO - 100     2    0     0    0     2      0      0 --:--:--  0:07:16 --:--:--     0
[2024-07-05T10:50:53.434+0000] {docker.py:436} INFO - 100     2    0     0    0     2      0      0 --:--:--  0:07:17 --:--:--     0
[2024-07-05T10:50:54.434+0000] {docker.py:436} INFO - 100     2    0     0    0     2      0      0 --:--:--  0:07:18 --:--:--     0
[2024-07-05T10:50:55.435+0000] {docker.py:436} INFO - 100     2    0     0    0     2      0      0 --:--:--  0:07:19 --:--:--     0
[2024-07-05T10:50:56.436+0000] {docker.py:436} INFO - 100     2    0     0    0     2      0      0 --:--:--  0:07:20 --:--:--     0
[2024-07-05T10:50:57.438+0000] {docker.py:436} INFO - 100     2    0     0    0     2      0      0 --:--:--  0:07:21 --:--:--     0
[2024-07-05T10:50:58.439+0000] {docker.py:436} INFO - 100     2    0     0    0     2      0      0 --:--:--  0:07:22 --:--:--     0
[2024-07-05T10:50:59.440+0000] {docker.py:436} INFO - 100     2    0     0    0     2      0      0 --:--:--  0:07:23 --:--:--     0
[2024-07-05T10:51:00.441+0000] {docker.py:436} INFO - 100     2    0     0    0     2      0      0 --:--:--  0:07:24 --:--:--     0
[2024-07-05T10:51:01.442+0000] {docker.py:436} INFO - 100     2    0     0    0     2      0      0 --:--:--  0:07:25 --:--:--     0
[2024-07-05T10:51:02.442+0000] {docker.py:436} INFO - 100     2    0     0    0     2      0      0 --:--:--
[2024-07-05T10:51:02.443+0000] {docker.py:436} INFO - 0:07:26 --:--
[2024-07-05T10:51:02.443+0000] {docker.py:436} INFO - :--     0
[2024-07-05T10:51:03.444+0000] {docker.py:436} INFO - 100     2    0     0    0     2      0      0 --:--:--  0:07:27 --:--:--     0
[2024-07-05T10:51:04.445+0000] {docker.py:436} INFO - 100     2    0     0    0     2      0      0 --:--:--  0:07:28 --:--:--     0
[2024-07-05T10:51:05.446+0000] {docker.py:436} INFO - 100     2    0     0    0     2      0      0 --:--:--  0:07:29 --:--:--     0
[2024-07-05T10:51:06.446+0000] {docker.py:436} INFO - 100     2    0     0    0     2      0      0 --:--:--  0:07:30 --:--:--     0
[2024-07-05T10:51:07.447+0000] {docker.py:436} INFO - 100     2    0     0    0     2      0      0 --:--:--  0:07:31 --:--:--     0
[2024-07-05T10:51:08.449+0000] {docker.py:436} INFO - 100     2    0     0    0     2      0      0 --:--:--  0:07:32 --:--:--     0
[2024-07-05T10:51:09.450+0000] {docker.py:436} INFO - 100     2    0     0    0     2      0      0 --:--:--  0:07:33 --:--:--     0
[2024-07-05T10:51:10.450+0000] {docker.py:436} INFO - 100     2    0     0    0     2      0      0 --:--:--  0:07:34 --:--:--     0
[2024-07-05T10:51:11.453+0000] {docker.py:436} INFO - 100     2    0     0    0     2      0      0 --:--:--  0:07:35 --:--:--     0
[2024-07-05T10:51:12.452+0000] {docker.py:436} INFO - 100     2    0     0    0     2      0      0 --:--:--  0:07:36 --:--:--     0
[2024-07-05T10:51:13.454+0000] {docker.py:436} INFO - 100     2    0     0    0     2      0      0 --:--:--  0:07:37 --:--:--     0
[2024-07-05T10:51:14.455+0000] {docker.py:436} INFO - 100     2    0     0    0     2      0      0 --:--:--  0:07:38 --:--:--     0
[2024-07-05T10:51:15.456+0000] {docker.py:436} INFO - 100     2    0     0    0     2      0      0 --:--:--  0:07:39 --:--:--     0
[2024-07-05T10:51:16.457+0000] {docker.py:436} INFO - 100     2    0     0    0     2      0      0 --:--:--  0:07:40 --:--:--     0
[2024-07-05T10:51:17.457+0000] {docker.py:436} INFO - 100     2    0     0    0     2      0      0 --:--:--  0:07:41 --:-
[2024-07-05T10:51:17.458+0000] {docker.py:436} INFO - -:--     0
[2024-07-05T10:51:18.459+0000] {docker.py:436} INFO - 100     2    0     0    0     2      0      0 --:--:--  0:07:42 --:--:--     0
[2024-07-05T10:51:19.460+0000] {docker.py:436} INFO - 100     2    0     0    0     2      0      0 --:--:--  0:07:43 --:--:--     0
[2024-07-05T10:51:20.460+0000] {docker.py:436} INFO - 100     2    0     0    0     2      0      0 --:--:--  0:07:44 --:--:--     0
[2024-07-05T10:51:21.461+0000] {docker.py:436} INFO - 100     2    0     0    0     2      0      0 --:--:--  0:07:45 --:--:--     0
[2024-07-05T10:51:22.463+0000] {docker.py:436} INFO - 100     2    0     0    0     2      0      0 --:--:--  0:07:46 --:--:--     0
[2024-07-05T10:51:23.464+0000] {docker.py:436} INFO - 100     2    0     0    0     2      0      0 --:--:--  0:07:47 --:--:--     0
[2024-07-05T10:51:24.464+0000] {docker.py:436} INFO - 100     2    0     0    0     2      0      0 --:--:--  0:07:48 --:--:--     0
[2024-07-05T10:51:25.466+0000] {docker.py:436} INFO - 100     2    0     0    0     2      0      0 --:--:--  0:07:49 --:--:--     0
[2024-07-05T10:51:26.467+0000] {docker.py:436} INFO - 100     2    0     0    0     2      0      0 --:--:--  0:07:50 --:--:--     0
[2024-07-05T10:51:27.468+0000] {docker.py:436} INFO - 100     2    0     0    0     2      0      0 --:--:--  0:07:51 --:--:--     0
[2024-07-05T10:51:28.469+0000] {docker.py:436} INFO - 100     2    0     0    0     2      0      0 --:--:--  0:07:52 --:--:--     0
[2024-07-05T10:51:29.469+0000] {docker.py:436} INFO - 100     2    0     0    0     2      0      0 --:--:--  0:07:53 --:--:--     0
[2024-07-05T10:51:30.470+0000] {docker.py:436} INFO - 100     2    0     0    0     2      0      0 --:--:--  0:07:54 --:--:--     0
[2024-07-05T10:51:31.471+0000] {docker.py:436} INFO - 100     2    0     0    0     2      0      0 --:--:--  0:07:55 --:--:--     0
[2024-07-05T10:51:32.473+0000] {docker.py:436} INFO - 100     2    0     0    0     2      0      0 --:--:--  0:07:56 --:--:--     0
[2024-07-05T10:51:33.474+0000] {docker.py:436} INFO - 100     2    0     0    0     2      0      0 --:--:--
[2024-07-05T10:51:33.474+0000] {docker.py:436} INFO - 0:07:57 --:--:--
[2024-07-05T10:51:33.474+0000] {docker.py:436} INFO - 0
[2024-07-05T10:51:34.475+0000] {docker.py:436} INFO - 100     2    0     0    0     2      0      0 --:--:--  0:07:58 --:--:--     0
[2024-07-05T10:51:35.476+0000] {docker.py:436} INFO - 100     2    0     0    0     2      0      0 --:--:--  0:07:59 --:--:--     0
[2024-07-05T10:51:36.477+0000] {docker.py:436} INFO - 100     2    0     0    0     2      0      0 --
[2024-07-05T10:51:36.477+0000] {docker.py:436} INFO - :--:--  0
[2024-07-05T10:51:36.478+0000] {docker.py:436} INFO - :08
[2024-07-05T10:51:36.478+0000] {docker.py:436} INFO - :00
[2024-07-05T10:51:36.478+0000] {docker.py:436} INFO - --:--:--
[2024-07-05T10:51:36.478+0000] {docker.py:436} INFO - 0
[2024-07-05T10:51:37.477+0000] {docker.py:436} INFO - 100     2    0     0    0     2      0      0 --:--:--  0:08:01 --:--:--
[2024-07-05T10:51:37.478+0000] {docker.py:436} INFO - 0
[2024-07-05T10:51:38.478+0000] {docker.py:436} INFO - 100     2    0     0    0     2      0      0
[2024-07-05T10:51:38.479+0000] {docker.py:436} INFO - --:--:--  0:08:02 --:--
[2024-07-05T10:51:38.479+0000] {docker.py:436} INFO - :--
[2024-07-05T10:51:38.479+0000] {docker.py:436} INFO - 
[2024-07-05T10:51:38.479+0000] {docker.py:436} INFO - 0
[2024-07-05T10:51:39.479+0000] {docker.py:436} INFO - 100     2    0     0    0     2      0      0 --:-
[2024-07-05T10:51:39.480+0000] {docker.py:436} INFO - -:--  0:08:03
[2024-07-05T10:51:39.480+0000] {docker.py:436} INFO - --:--:--
[2024-07-05T10:51:39.480+0000] {docker.py:436} INFO - 0
[2024-07-05T10:51:40.330+0000] {docker.py:436} INFO - 100   134    0   132    0     2      0      0 --:--:--  0:08:0
[2024-07-05T10:51:40.330+0000] {docker.py:436} INFO - 4 --:--:--    27100   134    0   132
[2024-07-05T10:51:40.330+0000] {docker.py:436} INFO - HTTP/1.1 200 OK
[2024-07-05T10:51:40.330+0000] {docker.py:436} INFO - 0     2
[2024-07-05T10:51:40.330+0000] {docker.py:436} INFO - 0
[2024-07-05T10:51:40.330+0000] {docker.py:436} INFO - 0
[2024-07-05T10:51:40.330+0000] {docker.py:436} INFO - --:--:
[2024-07-05T10:51:40.331+0000] {docker.py:436} INFO - --
[2024-07-05T10:51:40.331+0000] {docker.py:436} INFO - 0:
[2024-07-05T10:51:40.331+0000] {docker.py:436} INFO - 08:04
[2024-07-05T10:51:40.331+0000] {docker.py:436} INFO - -
[2024-07-05T10:51:40.331+0000] {docker.py:436} INFO - -:--
[2024-07-05T10:51:40.331+0000] {docker.py:436} INFO - :-
[2024-07-05T10:51:40.331+0000] {docker.py:436} INFO - -
[2024-07-05T10:51:40.331+0000] {docker.py:436} INFO - 
[2024-07-05T10:51:40.331+0000] {docker.py:436} INFO - 3
[2024-07-05T10:51:40.331+0000] {docker.py:436} INFO - 4
[2024-07-05T10:51:40.331+0000] {docker.py:436} INFO - date: Fri, 05 Jul 2024 10:34:08 GMT
server: uvicorn
content-length: 132
content-type: application/json

{"message":"Predictions saved to /app/predictions/extraction_05072024105140.txt and Elasticsearch updated","predictions_count":1000}
[2024-07-05T10:51:40.465+0000] {taskinstance.py:441} INFO - ::group::Post task execution logs
[2024-07-05T10:51:40.479+0000] {taskinstance.py:1206} INFO - Marking task as SUCCESS. dag_id=prod_dag, task_id=fastapi, run_id=manual__2024-07-05T10:43:15.493128+00:00, execution_date=20240705T104315, start_date=20240705T104335, end_date=20240705T105140
[2024-07-05T10:51:40.502+0000] {local_task_job_runner.py:240} INFO - Task exited with return code 0
[2024-07-05T10:51:40.512+0000] {taskinstance.py:3503} INFO - 0 downstream tasks scheduled from follow-on schedule check
[2024-07-05T10:51:40.514+0000] {local_task_job_runner.py:222} INFO - ::endgroup::
