[2024-07-05T09:49:25.692+0000] {local_task_job_runner.py:120} INFO - ::group::Pre task execution logs
[2024-07-05T09:49:25.709+0000] {taskinstance.py:2076} INFO - Dependencies all met for dep_context=non-requeueable deps ti=<TaskInstance: prod_dag.fastapi manual__2024-07-05T09:48:51.074261+00:00 [queued]>
[2024-07-05T09:49:25.713+0000] {taskinstance.py:2076} INFO - Dependencies all met for dep_context=requeueable deps ti=<TaskInstance: prod_dag.fastapi manual__2024-07-05T09:48:51.074261+00:00 [queued]>
[2024-07-05T09:49:25.713+0000] {taskinstance.py:2306} INFO - Starting attempt 1 of 2
[2024-07-05T09:49:25.721+0000] {taskinstance.py:2330} INFO - Executing <Task(DockerOperator): fastapi> on 2024-07-05 09:48:51.074261+00:00
[2024-07-05T09:49:25.729+0000] {warnings.py:112} WARNING - /home/***/.local/lib/python3.12/site-packages/***/task/task_runner/standard_task_runner.py:61: DeprecationWarning: This process (pid=221) is multi-threaded, use of fork() may lead to deadlocks in the child.
  pid = os.fork()

[2024-07-05T09:49:25.730+0000] {standard_task_runner.py:63} INFO - Started process 222 to run task
[2024-07-05T09:49:25.731+0000] {standard_task_runner.py:90} INFO - Running: ['***', 'tasks', 'run', 'prod_dag', 'fastapi', 'manual__2024-07-05T09:48:51.074261+00:00', '--job-id', '13', '--raw', '--subdir', 'DAGS_FOLDER/DAG_prod.py', '--cfg-path', '/tmp/tmp3zcv5zf8']
[2024-07-05T09:49:25.731+0000] {standard_task_runner.py:91} INFO - Job 13: Subtask fastapi
[2024-07-05T09:49:25.758+0000] {task_command.py:426} INFO - Running <TaskInstance: prod_dag.fastapi manual__2024-07-05T09:48:51.074261+00:00 [running]> on host d1b8fc7d37d2
[2024-07-05T09:49:25.823+0000] {taskinstance.py:2648} INFO - Exporting env vars: AIRFLOW_CTX_DAG_OWNER='***' AIRFLOW_CTX_DAG_ID='prod_dag' AIRFLOW_CTX_TASK_ID='fastapi' AIRFLOW_CTX_EXECUTION_DATE='2024-07-05T09:48:51.074261+00:00' AIRFLOW_CTX_TRY_NUMBER='1' AIRFLOW_CTX_DAG_RUN_ID='manual__2024-07-05T09:48:51.074261+00:00'
[2024-07-05T09:49:25.824+0000] {taskinstance.py:430} INFO - ::endgroup::
[2024-07-05T09:49:25.841+0000] {docker.py:366} INFO - Starting docker container from image curlimages/curl:latest
[2024-07-05T09:49:25.842+0000] {docker.py:374} WARNING - Using remote engine or docker-in-docker and mounting temporary volume from host is not supported. Falling back to `mount_tmp_dir=False` mode. You can set `mount_tmp_dir` parameter to False to disable mounting and remove the warning
[2024-07-05T09:49:26.132+0000] {docker.py:436} INFO - % Total    % Received % Xferd  Average Speed   Time    Time     Time  Current
[2024-07-05T09:49:26.132+0000] {docker.py:436} INFO - 
[2024-07-05T09:49:26.132+0000] {docker.py:436} INFO - Dload  Upload
[2024-07-05T09:49:26.132+0000] {docker.py:436} INFO - Total   Spe
[2024-07-05T09:49:26.132+0000] {docker.py:436} INFO - nt    Left
[2024-07-05T09:49:26.132+0000] {docker.py:436} INFO - Spe
[2024-07-05T09:49:26.132+0000] {docker.py:436} INFO - ed
  0     0    0     0    0     0
[2024-07-05T09:49:26.133+0000] {docker.py:436} INFO - 0
[2024-07-05T09:49:26.133+0000] {docker.py:436} INFO - 0 --:--:-- --:
[2024-07-05T09:49:26.133+0000] {docker.py:436} INFO - --:-- --:--:--
[2024-07-05T09:49:26.133+0000] {docker.py:436} INFO - 0
[2024-07-05T09:49:27.125+0000] {docker.py:436} INFO - 100     2    0     0  100     2      0      1  0:00:02  0:00:01  0:00:01     1
[2024-07-05T09:49:28.138+0000] {docker.py:436} INFO - 100     2    0     0    0     2      0      0 --:--:--  0:00:02 --:--:--     0
[2024-07-05T09:49:29.130+0000] {docker.py:436} INFO - 100     2    0     0    0     2      0      0 --:--:--  0:00:03 --:--:--     0
[2024-07-05T09:49:30.132+0000] {docker.py:436} INFO - 100     2    0     0    0     2      0      0 --:--:--  0:00:04 --:--:--     0
[2024-07-05T09:49:31.134+0000] {docker.py:436} INFO - 100     2    0     0    0     2      0      0 --:--:--  0:00:05 --:--:--     0
[2024-07-05T09:49:32.136+0000] {docker.py:436} INFO - 100     2    0     0    0     2      0      0 --:--:--  0:00:06 --:--:--     0
[2024-07-05T09:49:33.134+0000] {docker.py:436} INFO - 100     2    0     0    0     2      0      0 --:--:--  0:00:07 --:--:--     0
[2024-07-05T09:49:34.135+0000] {docker.py:436} INFO - 100     2    0     0    0     2      0      0 --:--:--  0:00:08 --:--:--     0
[2024-07-05T09:49:35.136+0000] {docker.py:436} INFO - 100     2    0     0    0     2      0      0 --:--:--  0:00:09 --:--:--     0
[2024-07-05T09:49:36.138+0000] {docker.py:436} INFO - 100     2    0     0    0     2      0      0 --:--:--  0:00:10 --:--:--     0
[2024-07-05T09:49:37.138+0000] {docker.py:436} INFO - 100     2    0     0    0     2      0      0 --:--:--  0:00:11 --:--:--     0
[2024-07-05T09:49:38.139+0000] {docker.py:436} INFO - 100     2    0     0    0     2      0      0 --:--:--  0:00:12 --:--:--     0
[2024-07-05T09:49:39.139+0000] {docker.py:436} INFO - 100     2    0     0    0     2      0      0 --:--:--  0:00:13 --:--:--     0
[2024-07-05T09:49:40.141+0000] {docker.py:436} INFO - 100     2    0     0    0     2      0      0 --:--:--  0:00:14 --:--:--     0
[2024-07-05T09:49:41.141+0000] {docker.py:436} INFO - 100     2    0     0    0     2      0      0 --:--:--  0:00:15 -
[2024-07-05T09:49:41.142+0000] {docker.py:436} INFO - -:--:--     0
[2024-07-05T09:49:42.143+0000] {docker.py:436} INFO - 100     2    0     0    0     2      0      0 --:--:--  0:00:16 --:--:--     0
[2024-07-05T09:49:43.144+0000] {docker.py:436} INFO - 100     2    0     0    0     2      0      0 --:--:--  0:00:17 --:--:--     0
[2024-07-05T09:49:44.144+0000] {docker.py:436} INFO - 100     2    0     0    0     2      0      0 --:--:--  0:00:18 --:--:--     0
[2024-07-05T09:49:45.146+0000] {docker.py:436} INFO - 100     2    0     0    0     2      0      0 --:--:--  0:00:19 --:--:--     0
[2024-07-05T09:49:46.147+0000] {docker.py:436} INFO - 100     2    0     0    0     2      0      0 --:--:--  0:00:20 --:--:--     0
[2024-07-05T09:49:47.147+0000] {docker.py:436} INFO - 100     2    0     0    0     2      0      0 --:--:--  0:00:21 --:--:--     0
[2024-07-05T09:49:48.149+0000] {docker.py:436} INFO - 100     2    0     0    0     2      0      0 --:--:--  0:00:22 --:--:--     0
[2024-07-05T09:49:49.150+0000] {docker.py:436} INFO - 100     2    0     0    0     2      0      0 --:--:--  0:00:23 --:--:--     0
[2024-07-05T09:49:50.151+0000] {docker.py:436} INFO - 100     2    0     0    0     2      0      0 --:--:--  0:00:24 --:--:--     0
[2024-07-05T09:49:51.151+0000] {docker.py:436} INFO - 100     2    0     0    0     2      0      0 --:--:--  0:00:25 --:--:--     0
[2024-07-05T09:49:52.155+0000] {docker.py:436} INFO - 100     2    0     0    0     2      0      0 --:--:--  0:00:26 --:--:--     0
[2024-07-05T09:49:53.153+0000] {docker.py:436} INFO - 100     2    0     0    0     2      0      0 --:--:--  0:00:27 --:--:--     0
[2024-07-05T09:49:54.156+0000] {docker.py:436} INFO - 100     2    0     0    0     2      0      0 --:--:--  0:00:28 --:--:--     0
[2024-07-05T09:49:55.156+0000] {docker.py:436} INFO - 100     2    0     0    0     2      0      0 --:--:--  0:00:29
[2024-07-05T09:49:55.156+0000] {docker.py:436} INFO - --:--:--     0
[2024-07-05T09:49:56.157+0000] {docker.py:436} INFO - 100     2    0     0    0     2      0      0 --:--:--  0:00:30 --:--:--     0
[2024-07-05T09:49:57.158+0000] {docker.py:436} INFO - 100     2    0     0    0     2      0      0 --:--:--  0:00:31 --:--:--     0
[2024-07-05T09:49:58.158+0000] {docker.py:436} INFO - 100     2    0     0    0     2      0      0 --:--:--  0:00:32 --:--:--     0
[2024-07-05T09:49:59.159+0000] {docker.py:436} INFO - 100     2    0     0    0     2      0      0 --:--:--  0:
[2024-07-05T09:49:59.160+0000] {docker.py:436} INFO - 00:33 --:--:-
[2024-07-05T09:49:59.160+0000] {docker.py:436} INFO - -
[2024-07-05T09:49:59.160+0000] {docker.py:436} INFO - 0
[2024-07-05T09:50:00.160+0000] {docker.py:436} INFO - 100     2    0     0    0     2      0      0 --:--:--  0:00
[2024-07-05T09:50:00.161+0000] {docker.py:436} INFO - :34 --:--:--     0
[2024-07-05T09:50:01.162+0000] {docker.py:436} INFO - 100     2    0     0    0     2      0      0 --:--:--  0:00:35 --:--:--     0
[2024-07-05T09:50:02.163+0000] {docker.py:436} INFO - 100     2    0     0    0     2      0      0 --:--:--  0:00:36 --:--:--     0
[2024-07-05T09:50:03.163+0000] {docker.py:436} INFO - 100     2    0     0    0     2      0      0 --:--:--  0:00:37 --:--:--     0
[2024-07-05T09:50:04.165+0000] {docker.py:436} INFO - 100     2    0     0    0     2      0      0 --:--:--  0:00:38 --:--:--     0
[2024-07-05T09:50:05.166+0000] {docker.py:436} INFO - 100     2    0     0    0     2      0      0 --:--:--  0:00:39 --:--:--     0
[2024-07-05T09:50:06.168+0000] {docker.py:436} INFO - 100     2    0     0    0     2      0      0 --:--:--  0:00:40 --:--:--     0
[2024-07-05T09:50:07.169+0000] {docker.py:436} INFO - 100     2    0     0    0     2      0      0 --:--:--  0:00:41 --:--:--     0
[2024-07-05T09:50:08.170+0000] {docker.py:436} INFO - 100     2    0     0    0     2      0      0 --:--:--  0:00:42
[2024-07-05T09:50:08.170+0000] {docker.py:436} INFO - --:--:--     0
[2024-07-05T09:50:09.170+0000] {docker.py:436} INFO - 100     2    0     0    0     2      0      0 --:--:--  0:00:43 --:--:--     0
[2024-07-05T09:50:10.172+0000] {docker.py:436} INFO - 100     2    0     0    0     2      0      0 --:--:--  0:00:44 --:--:--     0
[2024-07-05T09:50:11.173+0000] {docker.py:436} INFO - 100     2    0     0    0     2      0      0 --:--:--  0:00:45 --:--:--     0
[2024-07-05T09:50:12.174+0000] {docker.py:436} INFO - 100     2    0     0    0     2      0      0 --:--:--  0:00:46 --:--:--     0
[2024-07-05T09:50:13.175+0000] {docker.py:436} INFO - 100     2    0     0    0     2      0      0
[2024-07-05T09:50:13.175+0000] {docker.py:436} INFO - --
[2024-07-05T09:50:13.175+0000] {docker.py:436} INFO - :--:--  0:00:47 --:-
[2024-07-05T09:50:13.175+0000] {docker.py:436} INFO - -:-
[2024-07-05T09:50:13.175+0000] {docker.py:436} INFO - -
[2024-07-05T09:50:13.175+0000] {docker.py:436} INFO - 
[2024-07-05T09:50:13.175+0000] {docker.py:436} INFO - 0
[2024-07-05T09:50:14.175+0000] {docker.py:436} INFO - 100     2    0     0    0     2      0      0 --:--:--  0:00:48 --:--:--     0
[2024-07-05T09:50:15.176+0000] {docker.py:436} INFO - 100     2    0     0    0     2      0      0 --:--:--  0:00:49 --:--:--     0
[2024-07-05T09:50:16.178+0000] {docker.py:436} INFO - 100     2    0     0    0     2      0      0 --:--:--  0:00:50 --:--:--     0
[2024-07-05T09:50:17.178+0000] {docker.py:436} INFO - 100     2    0     0    0     2      0      0 --:--:--  0:00:51 --:--:--     0
[2024-07-05T09:50:18.180+0000] {docker.py:436} INFO - 100     2    0     0    0     2      0      0 --:--:--  0:00:52 --:--:--     0
[2024-07-05T09:50:19.181+0000] {docker.py:436} INFO - 100     2    0     0    0     2      0      0 --:--:--  0:00:53 --:--:--     0
[2024-07-05T09:50:20.181+0000] {docker.py:436} INFO - 100     2    0     0    0     2      0      0 --:--:--  0:00:54 --:--:--     0
[2024-07-05T09:50:21.182+0000] {docker.py:436} INFO - 100     2    0     0    0     2      0      0 --:--:--  0:00:55
[2024-07-05T09:50:21.183+0000] {docker.py:436} INFO - --:--:--     0
[2024-07-05T09:50:22.183+0000] {docker.py:436} INFO - 100     2    0     0    0     2      0      0 --:--:--  0:00:56 --:--:--     0
[2024-07-05T09:50:23.185+0000] {docker.py:436} INFO - 100     2    0     0    0     2      0      0 --:--:--  0:00:57 --:--:--     0
[2024-07-05T09:50:24.186+0000] {docker.py:436} INFO - 100     2    0     0    0     2      0      0 --:--:--  0:00:58 --:--:--     0
[2024-07-05T09:50:25.186+0000] {docker.py:436} INFO - 100     2    0     0    0     2      0      0 --:--:--  0:00:59 --:--:--     0
[2024-07-05T09:50:26.188+0000] {docker.py:436} INFO - 100     2    0     0    0     2      0      0 --:--:--  0:01:00 --:--:--     0
[2024-07-05T09:50:27.188+0000] {docker.py:436} INFO - 100     2    0     0    0     2      0      0 --:--:--  0:01:01
[2024-07-05T09:50:27.189+0000] {docker.py:436} INFO - --:--:--     0
[2024-07-05T09:50:28.189+0000] {docker.py:436} INFO - 100     2    0     0    0     2      0      0 --:--:--  0:01:02
[2024-07-05T09:50:28.190+0000] {docker.py:436} INFO - --:--:--     0
[2024-07-05T09:50:29.191+0000] {docker.py:436} INFO - 100     2    0     0    0     2      0      0 --:--:--  0:01:03 --:--:--     0
[2024-07-05T09:50:30.203+0000] {docker.py:436} INFO - 100     2    0     0    0     2      0      0 --:--:--  0:01:04 --:--:--     0
[2024-07-05T09:50:31.204+0000] {docker.py:436} INFO - 100     2    0     0    0     2      0      0 --:--:--  0:01:05 --:--:--     0
[2024-07-05T09:50:32.205+0000] {docker.py:436} INFO - 100     2    0     0    0     2      0      0 --:--:--  0:01:06 --:--:--     0
[2024-07-05T09:50:33.205+0000] {docker.py:436} INFO - 100     2    0     0    0     2      0      0 --:--:--  0:01:07 --:--:--     0
[2024-07-05T09:50:34.207+0000] {docker.py:436} INFO - 100     2    0     0    0     2      0      0 --:--:--  0:01:08 --:--:--     0
[2024-07-05T09:50:35.208+0000] {docker.py:436} INFO - 100     2    0     0    0     2      0      0 --:--:--  0:01:09 --:--:--     0
[2024-07-05T09:50:36.209+0000] {docker.py:436} INFO - 100     2    0     0    0     2      0      0 --:--:--  0:01:10 --:--:--     0
[2024-07-05T09:50:37.210+0000] {docker.py:436} INFO - 100     2    0     0    0     2      0      0 --:--:--  0:01:11 --:--:--     0
[2024-07-05T09:50:38.212+0000] {docker.py:436} INFO - 100     2    0     0    0     2      0      0 --:--:--  0:01:12 --:--:--     0
[2024-07-05T09:50:39.212+0000] {docker.py:436} INFO - 100     2    0     0    0     2      0      0 --:--:--  0:01:13 --:--:--     0
[2024-07-05T09:50:40.213+0000] {docker.py:436} INFO - 100     2    0     0    0     2      0      0 --:--:--  0:01:14 --:--:--     0
[2024-07-05T09:50:41.213+0000] {docker.py:436} INFO - 100     2    0     0    0     2      0      0 --:--:--  0:01:15 --:--:--
[2024-07-05T09:50:41.214+0000] {docker.py:436} INFO - 0
[2024-07-05T09:50:42.214+0000] {docker.py:436} INFO - 100     2    0     0    0     2      0      0 --:--:--  0:01:16 --:--:--     0
[2024-07-05T09:50:43.215+0000] {docker.py:436} INFO - 100     2    0     0    0     2      0      0 --:--:--  0:01:17 --:--:--
[2024-07-05T09:50:43.216+0000] {docker.py:436} INFO - 0
[2024-07-05T09:50:44.217+0000] {docker.py:436} INFO - 100     2    0     0    0     2      0      0 --:--:--  0:01:18 --:--:--
[2024-07-05T09:50:44.217+0000] {docker.py:436} INFO - 0
[2024-07-05T09:50:45.217+0000] {docker.py:436} INFO - 100     2    0     0    0     2      0      0 --:--:--  0:01:19 --:--:--     0
[2024-07-05T09:50:46.218+0000] {docker.py:436} INFO - 100     2    0     0    0     2      0      0 --:--:--  0:01:20 --:--:--     0
[2024-07-05T09:50:47.219+0000] {docker.py:436} INFO - 100     2    0     0    0     2      0      0 --:--:--  0:01:21 --:--:--     0
[2024-07-05T09:50:48.220+0000] {docker.py:436} INFO - 100     2    0     0    0     2      0      0 --:--:--  0:01:22 --:--:--     0
[2024-07-05T09:50:49.221+0000] {docker.py:436} INFO - 100     2    0     0    0     2      0      0 --:--:--  0:01:23 --:--:--     0
[2024-07-05T09:50:50.222+0000] {docker.py:436} INFO - 100     2    0     0    0     2      0      0 --:--:--
[2024-07-05T09:50:50.223+0000] {docker.py:436} INFO - 0:01:24 --:--:--
[2024-07-05T09:50:50.223+0000] {docker.py:436} INFO - 0
[2024-07-05T09:50:51.223+0000] {docker.py:436} INFO - 100     2    0     0    0     2      0      0 --:--:--  0:01:25 --:--:
[2024-07-05T09:50:51.224+0000] {docker.py:436} INFO - --     0
[2024-07-05T09:50:52.224+0000] {docker.py:436} INFO - 100     2    0     0    0     2      0      0 --:--:--  0:01:26 --:--:--     0
[2024-07-05T09:50:53.225+0000] {docker.py:436} INFO - 100     2    0     0    0     2      0      0 --:--:--  0:01:27 --:--:--     0
[2024-07-05T09:50:54.226+0000] {docker.py:436} INFO - 100     2    0     0    0     2      0      0 --:--:--  0:01:28 --:--:--     0
[2024-07-05T09:50:55.228+0000] {docker.py:436} INFO - 100     2    0     0    0     2      0      0 --:--:--  0:01:29 --:--:--     0
[2024-07-05T09:50:56.229+0000] {docker.py:436} INFO - 100     2    0     0    0     2      0      0 --:--
[2024-07-05T09:50:56.229+0000] {docker.py:436} INFO - :--  0:01:30 --:
[2024-07-05T09:50:56.229+0000] {docker.py:436} INFO - --:--
[2024-07-05T09:50:56.229+0000] {docker.py:436} INFO - 
[2024-07-05T09:50:56.229+0000] {docker.py:436} INFO - 0
[2024-07-05T09:50:57.230+0000] {docker.py:436} INFO - 100     2    0     0    0     2      0      0 --:--:
[2024-07-05T09:50:57.230+0000] {docker.py:436} INFO - --  0:01:31 --:--:--
[2024-07-05T09:50:57.231+0000] {docker.py:436} INFO - 0
[2024-07-05T09:50:58.231+0000] {docker.py:436} INFO - 100     2    0     0    0     2      0      0 --:--:
[2024-07-05T09:50:58.231+0000] {docker.py:436} INFO - --  0:01:32
[2024-07-05T09:50:58.232+0000] {docker.py:436} INFO - --:--:--
[2024-07-05T09:50:58.232+0000] {docker.py:436} INFO - 0
[2024-07-05T09:50:59.231+0000] {docker.py:436} INFO - 100     2    0     0    0     2      0      0 --:--:-
[2024-07-05T09:50:59.232+0000] {docker.py:436} INFO - -  0:01:33 --
[2024-07-05T09:50:59.232+0000] {docker.py:436} INFO - :--:--     0
[2024-07-05T09:51:00.235+0000] {docker.py:436} INFO - 100     2    0     0    0     2      0      0 --:--:--  0:01:34 --:--:--     0
[2024-07-05T09:51:01.233+0000] {docker.py:436} INFO - 100     2    0     0    0     2      0      0 --:--:--  0:01:35 --:--:-
[2024-07-05T09:51:01.234+0000] {docker.py:436} INFO - -     0
[2024-07-05T09:51:02.235+0000] {docker.py:436} INFO - 100     2    0     0    0     2      0      0 --:--:--  0:01:36 --:--:--     0
[2024-07-05T09:51:03.236+0000] {docker.py:436} INFO - 100     2    0     0    0     2      0      0 --:--:--  0:01:37 --:--:--     0
[2024-07-05T09:51:04.237+0000] {docker.py:436} INFO - 100     2    0     0    0     2      0      0 --:--:--  0:01:38 --:--:--     0
[2024-07-05T09:51:05.237+0000] {docker.py:436} INFO - 100     2    0     0    0     2      0      0 --:--
[2024-07-05T09:51:05.238+0000] {docker.py:436} INFO - :--  0:01:3
[2024-07-05T09:51:05.238+0000] {docker.py:436} INFO - 9 -
[2024-07-05T09:51:05.238+0000] {docker.py:436} INFO - -:-
[2024-07-05T09:51:05.238+0000] {docker.py:436} INFO - -:--
[2024-07-05T09:51:05.238+0000] {docker.py:436} INFO - 0
[2024-07-05T09:51:06.238+0000] {docker.py:436} INFO - 100     2    0     0    0     2      0      0 --:--:--  0:01:40 --:--:--     0
[2024-07-05T09:51:07.239+0000] {docker.py:436} INFO - 100     2    0     0    0     2      0      0 --:--:--  0:01:41 --:--:--     0
[2024-07-05T09:51:08.240+0000] {docker.py:436} INFO - 100     2    0     0    0     2      0      0 --:--:--  0:01:42 --:--:--     0
[2024-07-05T09:51:09.241+0000] {docker.py:436} INFO - 100     2    0     0    0     2      0      0 --:--:--  0:01:43 --:--:--     0
[2024-07-05T09:51:10.242+0000] {docker.py:436} INFO - 100     2    0     0    0     2      0      0 --:--:--  0:01:44 --:--:--     0
[2024-07-05T09:51:11.244+0000] {docker.py:436} INFO - 100     2    0     0    0     2      0      0 --:--:--  0:01:45 --:--:--     0
[2024-07-05T09:51:12.244+0000] {docker.py:436} INFO - 100     2    0     0    0     2      0      0 --:--:--  0:01:46 --:--:--
[2024-07-05T09:51:12.245+0000] {docker.py:436} INFO - 0
[2024-07-05T09:51:13.245+0000] {docker.py:436} INFO - 100     2    0     0    0     2      0      0 --:--:--  0:01:47 --:--:--     0
[2024-07-05T09:51:14.248+0000] {docker.py:436} INFO - 100     2    0     0    0     2      0      0 --:--:--  0:01:48 --:--:--     0
[2024-07-05T09:51:15.248+0000] {docker.py:436} INFO - 100     2    0     0    0     2      0      0 --:--:--
[2024-07-05T09:51:15.248+0000] {docker.py:436} INFO - 0:01:49 --:--:--
[2024-07-05T09:51:15.248+0000] {docker.py:436} INFO - 0
[2024-07-05T09:51:16.248+0000] {docker.py:436} INFO - 100     2    0     0    0     2      0      0 --:--:--  0:01:50 --:--:--     0
[2024-07-05T09:51:17.249+0000] {docker.py:436} INFO - 100     2    0     0    0     2      0      0 --:--:--  0:01:51 --:--:--     0
[2024-07-05T09:51:18.250+0000] {docker.py:436} INFO - 100     2    0     0    0     2      0      0 --:--:--  0:01:52 --:--:--
[2024-07-05T09:51:18.251+0000] {docker.py:436} INFO - 0
[2024-07-05T09:51:19.251+0000] {docker.py:436} INFO - 100     2    0     0    0     2      0      0 --:--:--  0:01:53 --:--:--     0
[2024-07-05T09:51:20.255+0000] {docker.py:436} INFO - 100     2    0     0    0     2      0      0 --:--:--  0:01:54 --:--:--     0
[2024-07-05T09:51:21.253+0000] {docker.py:436} INFO - 100     2    0     0    0     2      0      0 --:--:--  0:01:55 --:--
[2024-07-05T09:51:21.254+0000] {docker.py:436} INFO - :--     0
[2024-07-05T09:51:22.255+0000] {docker.py:436} INFO - 100     2    0     0    0     2      0      0 --:--:--  0:01:56 --:--:--     0
[2024-07-05T09:51:23.256+0000] {docker.py:436} INFO - 100     2    0     0    0     2      0      0 --:--:--  0:01:57 --:--:--     0
[2024-07-05T09:51:24.257+0000] {docker.py:436} INFO - 100     2    0     0    0     2      0      0 --:--:--  0:01:58 --:--:--     0
[2024-07-05T09:51:25.258+0000] {docker.py:436} INFO - 100     2    0     0    0     2      0      0 --:--:--  0:01:59 --:--:--     0
[2024-07-05T09:51:26.258+0000] {docker.py:436} INFO - 100     2    0     0    0     2      0      0 --:--:--  0:02:00 --:--
[2024-07-05T09:51:26.259+0000] {docker.py:436} INFO - :--     0
[2024-07-05T09:51:27.259+0000] {docker.py:436} INFO - 100     2    0     0    0     2      0      0 --:--:--  0:02:01 --:--:--     0
[2024-07-05T09:51:28.260+0000] {docker.py:436} INFO - 100     2    0     0    0     2      0      0 --:--:--  0:02:02 --:--:--     0
[2024-07-05T09:51:29.261+0000] {docker.py:436} INFO - 100     2    0     0    0     2      0      0 --:--:--  0:02:03 --:--:--     0
[2024-07-05T09:51:30.262+0000] {docker.py:436} INFO - 100     2    0     0    0     2      0      0 --:--:--  0:02:04 --:--:--     0
[2024-07-05T09:51:31.263+0000] {docker.py:436} INFO - 100     2    0     0    0     2      0      0 --:--:--  0:02:05 --:--:--     0
[2024-07-05T09:51:32.265+0000] {docker.py:436} INFO - 100     2    0     0    0     2      0      0 --:--:--  0:02:06 --:--:--     0
[2024-07-05T09:51:33.265+0000] {docker.py:436} INFO - 100     2    0     0    0     2      0      0 --:--:--  0:02:07 --:--:--     0
[2024-07-05T09:51:34.266+0000] {docker.py:436} INFO - 100     2    0     0    0     2      0      0 --:--:--  0:02:08 --:--:--     0
[2024-07-05T09:51:35.267+0000] {docker.py:436} INFO - 100     2    0     0    0     2      0      0 --:--:--  0:02:09 --:--:--     0
[2024-07-05T09:51:36.268+0000] {docker.py:436} INFO - 100     2    0     0    0     2      0      0 --:--:--  0:02:10 --:--:--     0
[2024-07-05T09:51:37.270+0000] {docker.py:436} INFO - 100     2    0     0    0     2      0      0 --:--:--  0:02:11 --:--:--     0
[2024-07-05T09:51:38.271+0000] {docker.py:436} INFO - 100     2    0     0    0     2      0      0 --:
[2024-07-05T09:51:38.271+0000] {docker.py:436} INFO - --:--  0:02:
[2024-07-05T09:51:38.271+0000] {docker.py:436} INFO - 12 -
[2024-07-05T09:51:38.271+0000] {docker.py:436} INFO - -:--:--     0
[2024-07-05T09:51:39.271+0000] {docker.py:436} INFO - 100     2    0     0    0     2      0      0 --:--:--  0:02:13 --:--:--     0
[2024-07-05T09:51:40.271+0000] {docker.py:436} INFO - 100     2    0     0    0     2      0      0 --:--:--  0:02:14 --:--:--     0
[2024-07-05T09:51:41.272+0000] {docker.py:436} INFO - 100     2    0     0    0     2      0      0 --:--:--  0:02:15 --:--:--     0
[2024-07-05T09:51:42.274+0000] {docker.py:436} INFO - 100     2    0     0    0     2      0
[2024-07-05T09:51:42.274+0000] {docker.py:436} INFO - 0 --:--:--  0:02:16 --:--:--     0
[2024-07-05T09:51:43.275+0000] {docker.py:436} INFO - 100     2    0     0    0     2      0      0 --:--:--  0:02:17 --:--:--     0
[2024-07-05T09:51:44.275+0000] {docker.py:436} INFO - 100     2    0     0    0     2      0      0 --:--:--  0:02:18 --:--:--     0
[2024-07-05T09:51:45.276+0000] {docker.py:436} INFO - 100     2    0     0    0     2      0      0 --:--:--  0:02:19 --:--:--     0
[2024-07-05T09:51:46.277+0000] {docker.py:436} INFO - 100     2    0     0    0     2      0      0 --:--:--  0:02:20 --:--:--     0
[2024-07-05T09:51:47.278+0000] {docker.py:436} INFO - 100     2    0     0    0     2      0      0 --:--:--  0:02:21 --:--:--     0
[2024-07-05T09:51:48.279+0000] {docker.py:436} INFO - 100     2    0     0    0     2      0      0 --:--:--  0:02:22 --:--:--     0
[2024-07-05T09:51:49.280+0000] {docker.py:436} INFO - 100     2    0     0    0     2      0      0 --:--:--  0:0
[2024-07-05T09:51:49.281+0000] {docker.py:436} INFO - 2:23 --:--:--
[2024-07-05T09:51:49.281+0000] {docker.py:436} INFO - 
[2024-07-05T09:51:49.281+0000] {docker.py:436} INFO - 0
[2024-07-05T09:51:50.283+0000] {docker.py:436} INFO - 100     2    0     0    0     2      0      0 --:--:--  0:02:24 --:--:--     0
[2024-07-05T09:51:51.282+0000] {docker.py:436} INFO - 100     2    0     0    0     2      0      0 --:--:--  0:02:25 --:--:--     0
[2024-07-05T09:51:52.283+0000] {docker.py:436} INFO - 100     2    0     0    0     2      0      0 --:--:--  0:02:26 --:--:--     0
[2024-07-05T09:51:53.284+0000] {docker.py:436} INFO - 100     2    0     0    0     2      0      0 --:--:--  0:02:27 --:--:--
[2024-07-05T09:51:53.285+0000] {docker.py:436} INFO - 0
[2024-07-05T09:51:54.285+0000] {docker.py:436} INFO - 100     2    0     0    0     2      0      0 --:--:--  0:02:28 --:--:--     0
[2024-07-05T09:51:55.287+0000] {docker.py:436} INFO - 100     2    0     0    0     2      0      0 --:--:--  0:02:29 --:--:--     0
[2024-07-05T09:51:56.287+0000] {docker.py:436} INFO - 100     2    0     0    0     2      0      0 --:--:--  0:02:30 --:--:--
[2024-07-05T09:51:56.288+0000] {docker.py:436} INFO - 0
[2024-07-05T09:51:57.288+0000] {docker.py:436} INFO - 100     2    0     0    0     2      0      0 --:--:--  0:02:31 --:--:--     0
[2024-07-05T09:51:58.290+0000] {docker.py:436} INFO - 100     2    0     0    0     2      0      0 --:--:--  0:02:32 --:--:--     0
[2024-07-05T09:51:59.290+0000] {docker.py:436} INFO - 100     2    0     0    0     2      0      0
[2024-07-05T09:51:59.291+0000] {docker.py:436} INFO - --:--:--  0
[2024-07-05T09:51:59.291+0000] {docker.py:436} INFO - :02:33 --
[2024-07-05T09:51:59.291+0000] {docker.py:436} INFO - :-
[2024-07-05T09:51:59.291+0000] {docker.py:436} INFO - -:
[2024-07-05T09:51:59.291+0000] {docker.py:436} INFO - --
[2024-07-05T09:51:59.291+0000] {docker.py:436} INFO - 
[2024-07-05T09:51:59.291+0000] {docker.py:436} INFO - 
[2024-07-05T09:51:59.291+0000] {docker.py:436} INFO - 0
[2024-07-05T09:52:00.292+0000] {docker.py:436} INFO - 100     2    0     0    0     2      0      0 --:--:--  0:02:34 --:--:--     0
[2024-07-05T09:52:01.292+0000] {docker.py:436} INFO - 100     2    0     0    0     2      0      0 --:--:--  0:02:35 --:--:--     0
[2024-07-05T09:52:02.294+0000] {docker.py:436} INFO - 100     2    0     0    0     2      0      0 --:--:--  0:02:36 --:--:--     0
[2024-07-05T09:52:03.294+0000] {docker.py:436} INFO - 100     2    0     0    0     2      0      0 --:--:--  0:02:37 --:--
[2024-07-05T09:52:03.295+0000] {docker.py:436} INFO - :--     0
[2024-07-05T09:52:04.296+0000] {docker.py:436} INFO - 100     2    0     0    0     2      0      0 --:--:--  0:02:38 --:--:--     0
[2024-07-05T09:52:05.297+0000] {docker.py:436} INFO - 100     2    0     0    0     2      0      0 --:--:--  0:02:39 --:--:--     0
[2024-07-05T09:52:06.298+0000] {docker.py:436} INFO - 100     2    0     0    0     2      0      0 --:--:--  0:02:40 --:--:--     0
[2024-07-05T09:52:07.298+0000] {docker.py:436} INFO - 100     2    0     0    0     2      0      0 --:--:--  0:02:41 --:--:--     0
[2024-07-05T09:52:08.300+0000] {docker.py:436} INFO - 100     2    0     0    0     2      0      0 --:--:--  0:02:42 --:--:--     0
[2024-07-05T09:52:09.301+0000] {docker.py:436} INFO - 100     2    0     0    0     2      0      0 --:--:--  0:02:43 --:--:--     0
[2024-07-05T09:52:10.302+0000] {docker.py:436} INFO - 100     2    0     0    0     2      0      0 --:--:--  0:02:44 --:--:--     0
[2024-07-05T09:52:11.303+0000] {docker.py:436} INFO - 100     2    0     0    0     2      0      0 --:--:--  0:02:45 --:--:--     0
[2024-07-05T09:52:12.304+0000] {docker.py:436} INFO - 100     2    0     0    0     2      0      0 --:--:--  0:02:46 --:--:--     0
[2024-07-05T09:52:13.305+0000] {docker.py:436} INFO - 100     2    0     0    0     2      0      0 --:--:--  0:02:47 --:--:--     0
[2024-07-05T09:52:14.306+0000] {docker.py:436} INFO - 100     2    0     0    0     2      0      0 --:--:--  0:02:48 --:--:--     0
[2024-07-05T09:52:15.307+0000] {docker.py:436} INFO - 100     2    0     0    0     2      0      0 --:--:--  0:02:49 --:--:--     0
[2024-07-05T09:52:16.317+0000] {docker.py:436} INFO - 100     2    0     0    0     2      0      0 --:--:--  0:02:50 --:--:--     0
[2024-07-05T09:52:17.309+0000] {docker.py:436} INFO - 100     2    0     0    0     2      0      0 --:--:--  0:02:51 --:--:--     0
[2024-07-05T09:52:18.310+0000] {docker.py:436} INFO - 100     2    0     0    0     2      0      0 --:--:--  0:02:52 --:--:--     0
[2024-07-05T09:52:19.310+0000] {docker.py:436} INFO - 100     2    0     0    0     2      0      0 --:--:--  0:02:53 --:--:--     0
[2024-07-05T09:52:20.311+0000] {docker.py:436} INFO - 100     2    0     0    0     2      0      0 --:--:--  0:02:54 --:--:--     0
[2024-07-05T09:52:21.313+0000] {docker.py:436} INFO - 100     2    0     0    0     2      0      0 --:--:--  0:02:55 --:--:--     0
[2024-07-05T09:52:22.314+0000] {docker.py:436} INFO - 100     2    0     0    0     2      0      0 --:--:--  0:02:56 --:--:--     0
[2024-07-05T09:52:23.314+0000] {docker.py:436} INFO - 100     2    0     0    0     2      0      0 --:--:--  0:02:57 --:--:--     0
[2024-07-05T09:52:24.316+0000] {docker.py:436} INFO - 100     2    0     0    0     2      0      0 --:--:--  0:02:58 --:--:--     0
[2024-07-05T09:52:25.317+0000] {docker.py:436} INFO - 100     2    0     0    0     2      0      0 --:--:--  0:02:59 --:--:--     0
[2024-07-05T09:52:26.318+0000] {docker.py:436} INFO - 100     2    0     0    0     2      0      0 --:--:--  0:03:00 --:--:--     0
[2024-07-05T09:52:27.319+0000] {docker.py:436} INFO - 100     2    0     0    0     2      0      0 --:--:--  0:03:01 --:--:--     0
[2024-07-05T09:52:28.320+0000] {docker.py:436} INFO - 100     2    0     0    0     2      0      0 --:--:--  0:03:02 --:--:--     0
[2024-07-05T09:52:29.321+0000] {docker.py:436} INFO - 100     2    0     0    0     2      0      0 --:--:--  0:03:03 --:--:--     0
[2024-07-05T09:52:30.322+0000] {docker.py:436} INFO - 100     2    0     0    0     2      0      0 --:--:--  0:03:04 --:--:--     0
[2024-07-05T09:52:31.323+0000] {docker.py:436} INFO - 100     2    0     0    0     2      0      0 --:--:--  0:03:05 --:--:--     0
[2024-07-05T09:52:32.324+0000] {docker.py:436} INFO - 100     2    0     0    0     2      0      0 --:--:--  0:03:06 --:--:--     0
[2024-07-05T09:52:33.325+0000] {docker.py:436} INFO - 100     2    0     0    0     2      0      0 --:--:--  0:03:07 --:--:--     0
[2024-07-05T09:52:34.326+0000] {docker.py:436} INFO - 100     2    0     0    0     2      0      0 --:--:--  0:03:08 --:--:--     0
[2024-07-05T09:52:35.327+0000] {docker.py:436} INFO - 100     2    0     0    0     2      0      0 --:--:--  0:03:09 --:--:--     0
[2024-07-05T09:52:36.328+0000] {docker.py:436} INFO - 100     2    0     0    0     2      0      0 --:--:--  0:03:10 --:--:-
[2024-07-05T09:52:36.328+0000] {docker.py:436} INFO - -     0
[2024-07-05T09:52:37.328+0000] {docker.py:436} INFO - 100     2    0     0    0     2      0      0 --:--:--  0:03:11 --:--:--     0
[2024-07-05T09:52:38.330+0000] {docker.py:436} INFO - 100     2    0     0    0     2      0      0 --:--:--  0:03:12 --:--:--     0
[2024-07-05T09:52:39.331+0000] {docker.py:436} INFO - 100     2    0     0    0     2      0      0 --:--:--  0:03:13 --:--:--     0
[2024-07-05T09:52:40.332+0000] {docker.py:436} INFO - 100     2    0     0    0     2      0      0 --:--:--  0:03:14 --:--:--     0
[2024-07-05T09:52:41.333+0000] {docker.py:436} INFO - 100     2    0     0    0     2      0      0 --:--:--  0:03:15 --:--:--     0
[2024-07-05T09:52:42.333+0000] {docker.py:436} INFO - 100     2    0     0    0     2      0      0 --:--:--  0:03:16 --:--:--     0
[2024-07-05T09:52:43.340+0000] {docker.py:436} INFO - 100     2    0     0    0     2      0      0 --:--:--  0:03:17 --:--:--     0
[2024-07-05T09:52:44.341+0000] {docker.py:436} INFO - 100     2    0     0    0     2      0      0 --:--:--  0:03:18 --:--:--     0
[2024-07-05T09:52:45.341+0000] {docker.py:436} INFO - 100     2    0     0    0     2      0      0 --:--:--  0:03:19 --:--:--     0
[2024-07-05T09:52:46.342+0000] {docker.py:436} INFO - 100     2    0     0    0     2      0      0 --:--:--  0:03:20 --:--:--     0
[2024-07-05T09:52:47.346+0000] {docker.py:436} INFO - 100     2    0     0    0     2      0      0 --:--:--  0:03:21 --:--:--     0
[2024-07-05T09:52:48.344+0000] {docker.py:436} INFO - 100     2    0     0    0     2      0      0 --:--:--  0:03:22 --:--:--     0
[2024-07-05T09:52:49.346+0000] {docker.py:436} INFO - 100     2    0     0    0     2      0      0 --:--:--  0:03:23 --:--:--     0
[2024-07-05T09:52:50.347+0000] {docker.py:436} INFO - 100     2    0     0    0     2      0      0 --:--:--  0:03:24 --:--:--     0
[2024-07-05T09:52:51.347+0000] {docker.py:436} INFO - 100     2    0     0    0     2      0      0 --:--:--  0:03:25 --:--:--     0
[2024-07-05T09:52:52.349+0000] {docker.py:436} INFO - 100     2    0     0    0     2      0      0 --:--:--  0:03:26 --:--:--     0
[2024-07-05T09:52:53.350+0000] {docker.py:436} INFO - 100     2    0     0    0     2      0      0 --:--:--  0:03:27 --:--:--     0
[2024-07-05T09:52:54.351+0000] {docker.py:436} INFO - 100     2    0     0    0     2      0      0 --:--:--  0:03:28 --:--:--     0
[2024-07-05T09:52:55.352+0000] {docker.py:436} INFO - 100     2    0     0    0     2      0      0 --:--:--  0:03:29 --:--:--     0
[2024-07-05T09:52:56.353+0000] {docker.py:436} INFO - 100     2    0     0    0     2      0      0 --:--:--  0:03:30 --:--:--     0
[2024-07-05T09:52:57.354+0000] {docker.py:436} INFO - 100     2    0     0    0     2      0      0 --:--:--  0:03:31 --:--:--     0
[2024-07-05T09:52:58.355+0000] {docker.py:436} INFO - 100     2    0     0    0     2      0      0 --:--:--  0:03:32 --:--:--     0
[2024-07-05T09:52:59.355+0000] {docker.py:436} INFO - 100     2    0     0    0     2      0      0 --:--:--  0:03:33 --:--:--     0
[2024-07-05T09:53:00.357+0000] {docker.py:436} INFO - 100     2    0     0    0     2      0      0 --:--:--  0:03:34 --:--:--     0
[2024-07-05T09:53:01.358+0000] {docker.py:436} INFO - 100     2    0     0    0     2      0      0 --:--:--  0:03:35 --:--:--     0
[2024-07-05T09:53:02.359+0000] {docker.py:436} INFO - 100     2    0     0    0     2      0      0 --:--:--  0:03:36 --:--:--     0
[2024-07-05T09:53:03.359+0000] {docker.py:436} INFO - 100     2    0     0    0     2      0      0 --:--:--  0:03:37 --:--:--     0
[2024-07-05T09:53:04.361+0000] {docker.py:436} INFO - 100     2    0     0    0     2      0      0 --:--:--  0:03:38 --:--:--     0
[2024-07-05T09:53:05.362+0000] {docker.py:436} INFO - 100     2    0     0    0     2      0      0 --:--:--  0:03:39 --:--:--     0
[2024-07-05T09:53:06.363+0000] {docker.py:436} INFO - 100     2    0     0    0     2      0      0 --:--:--  0:03:40 --:--:--     0
[2024-07-05T09:53:07.368+0000] {docker.py:436} INFO - 100     2    0     0    0     2      0      0 --:--:--  0:03:41 --:--:--     0
[2024-07-05T09:53:08.367+0000] {docker.py:436} INFO - 100     2    0     0    0     2      0      0 --:--:--  0:03:42 --:--:--     0
[2024-07-05T09:53:09.367+0000] {docker.py:436} INFO - 100     2    0     0    0     2      0      0 --:--:--  0:03:43 --:--:--     0
[2024-07-05T09:53:10.369+0000] {docker.py:436} INFO - 100     2    0     0    0     2      0      0 --:--:--  0:03:44 --:--:--     0
[2024-07-05T09:53:11.370+0000] {docker.py:436} INFO - 100     2    0     0    0     2      0      0 --:--:--  0:03:45 --:--:--     0
[2024-07-05T09:53:12.371+0000] {docker.py:436} INFO - 100     2    0     0    0     2      0      0 --:--:--  0:03:46 --:--:--     0
[2024-07-05T09:53:13.371+0000] {docker.py:436} INFO - 100     2    0     0    0     2      0      0 --:--:--  0:03:47 --:--:--     0
[2024-07-05T09:53:14.373+0000] {docker.py:436} INFO - 100     2    0     0    0     2      0      0 --:--:--  0:03:48 --:--:--     0
[2024-07-05T09:53:15.373+0000] {docker.py:436} INFO - 100     2    0     0    0     2      0      0 --:--:--  0:03:49 --:--:--     0
[2024-07-05T09:53:16.375+0000] {docker.py:436} INFO - 100     2    0     0    0     2      0      0 --:--:--  0:03:50 --:--:--     0
[2024-07-05T09:53:17.376+0000] {docker.py:436} INFO - 100     2    0     0    0     2      0      0 --:--:--  0:03:51 --:--:--     0
[2024-07-05T09:53:18.376+0000] {docker.py:436} INFO - 100     2    0     0    0     2      0      0 --:--:--  0:03:52 --:--:--     0
[2024-07-05T09:53:19.377+0000] {docker.py:436} INFO - 100     2    0     0    0     2      0      0 --:--:--  0:03:53 --:--:--     0
[2024-07-05T09:53:20.379+0000] {docker.py:436} INFO - 100     2    0     0    0     2      0      0 --:--:--  0:03:54 --:--:--     0
[2024-07-05T09:53:21.380+0000] {docker.py:436} INFO - 100     2    0     0    0     2      0      0 --:--:--  0:03:55 --:--:--     0
[2024-07-05T09:53:22.380+0000] {docker.py:436} INFO - 100     2    0     0    0     2      0      0 --:--:--  0:03:56 --:--:--     0
[2024-07-05T09:53:23.381+0000] {docker.py:436} INFO - 100     2    0     0    0     2      0      0 --:--:--  0:0
[2024-07-05T09:53:23.382+0000] {docker.py:436} INFO - 3:57 --:--:--
[2024-07-05T09:53:23.382+0000] {docker.py:436} INFO - 0
[2024-07-05T09:53:24.382+0000] {docker.py:436} INFO - 100     2    0     0    0     2      0      0 --:--:--  0:03:58 --:--:--     0
[2024-07-05T09:53:25.383+0000] {docker.py:436} INFO - 100     2    0     0    0     2
[2024-07-05T09:53:25.384+0000] {docker.py:436} INFO - 0      0 --:--:--  0:03:59 --:--:--
[2024-07-05T09:53:25.384+0000] {docker.py:436} INFO - 0
[2024-07-05T09:53:26.385+0000] {docker.py:436} INFO - 100     2    0     0    0     2      0      0 --:--:--  0:04:00 --:--:--
[2024-07-05T09:53:26.385+0000] {docker.py:436} INFO - 0
[2024-07-05T09:53:27.386+0000] {docker.py:436} INFO - 100     2    0     0    0     2      0      0 --:--:--  0:04:01 --:--:--     0
[2024-07-05T09:53:28.387+0000] {docker.py:436} INFO - 100     2    0     0    0     2      0      0 --:--:--  0:04:02 --:--:--     0
[2024-07-05T09:53:29.388+0000] {docker.py:436} INFO - 100     2    0     0    0     2      0      0 --:--:--  0:04:03 --:--:--     0
[2024-07-05T09:53:30.389+0000] {docker.py:436} INFO - 100     2    0     0    0     2      0      0 --:--:--  0:04:04 --:--:--     0
[2024-07-05T09:53:31.390+0000] {docker.py:436} INFO - 100     2    0     0    0     2      0      0 --:--:--  0:04:05 --:--:--     0
[2024-07-05T09:53:32.391+0000] {docker.py:436} INFO - 100     2    0     0    0     2      0      0 --:--:--  0:04:06 --:--:--     0
[2024-07-05T09:53:33.344+0000] {docker.py:436} INFO - 100   134    0   132    0     2      0      0
[2024-07-05T09:53:33.344+0000] {docker.py:436} INFO - --:--:--  0:04:07
[2024-07-05T09:53:33.345+0000] {docker.py:436} INFO - --:--:--
[2024-07-05T09:53:33.345+0000] {docker.py:436} INFO - 26
[2024-07-05T09:53:33.345+0000] {docker.py:436} INFO - HTTP/1.1 200 OK
[2024-07-05T09:53:33.345+0000] {docker.py:436} INFO - 100   134    0
[2024-07-05T09:53:33.345+0000] {docker.py:436} INFO - 132
[2024-07-05T09:53:33.345+0000] {docker.py:436} INFO - 
[2024-07-05T09:53:33.345+0000] {docker.py:436} INFO - 0
[2024-07-05T09:53:33.345+0000] {docker.py:436} INFO - 2
[2024-07-05T09:53:33.345+0000] {docker.py:436} INFO - 0      0
[2024-07-05T09:53:33.345+0000] {docker.py:436} INFO - --
[2024-07-05T09:53:33.345+0000] {docker.py:436} INFO - :-
[2024-07-05T09:53:33.345+0000] {docker.py:436} INFO - -:--
[2024-07-05T09:53:33.345+0000] {docker.py:436} INFO - 0:
[2024-07-05T09:53:33.345+0000] {docker.py:436} INFO - 04:07
[2024-07-05T09:53:33.346+0000] {docker.py:436} INFO - --:--:--    33
[2024-07-05T09:53:33.346+0000] {docker.py:436} INFO - date: Fri, 05 Jul 2024 09:49:25 GMT
server: uvicorn
content-length: 132
content-type: application/json

{"message":"Predictions saved to /app/predictions/extraction_05072024095333.txt and Elasticsearch updated","predictions_count":1000}
[2024-07-05T09:53:33.500+0000] {taskinstance.py:441} INFO - ::group::Post task execution logs
[2024-07-05T09:53:33.517+0000] {taskinstance.py:1206} INFO - Marking task as SUCCESS. dag_id=prod_dag, task_id=fastapi, run_id=manual__2024-07-05T09:48:51.074261+00:00, execution_date=20240705T094851, start_date=20240705T094925, end_date=20240705T095333
[2024-07-05T09:53:33.548+0000] {local_task_job_runner.py:240} INFO - Task exited with return code 0
[2024-07-05T09:53:33.559+0000] {taskinstance.py:3503} INFO - 0 downstream tasks scheduled from follow-on schedule check
[2024-07-05T09:53:33.561+0000] {local_task_job_runner.py:222} INFO - ::endgroup::
