[2024-07-05T10:51:48.918+0000] {local_task_job_runner.py:120} INFO - ::group::Pre task execution logs
[2024-07-05T10:51:48.933+0000] {taskinstance.py:2076} INFO - Dependencies all met for dep_context=non-requeueable deps ti=<TaskInstance: prod_dag.fastapi manual__2024-07-05T10:51:33.327941+00:00 [queued]>
[2024-07-05T10:51:48.937+0000] {taskinstance.py:2076} INFO - Dependencies all met for dep_context=requeueable deps ti=<TaskInstance: prod_dag.fastapi manual__2024-07-05T10:51:33.327941+00:00 [queued]>
[2024-07-05T10:51:48.937+0000] {taskinstance.py:2306} INFO - Starting attempt 1 of 2
[2024-07-05T10:51:48.945+0000] {taskinstance.py:2330} INFO - Executing <Task(DockerOperator): fastapi> on 2024-07-05 10:51:33.327941+00:00
[2024-07-05T10:51:48.951+0000] {warnings.py:112} WARNING - /home/***/.local/lib/python3.12/site-packages/***/task/task_runner/standard_task_runner.py:61: DeprecationWarning: This process (pid=453) is multi-threaded, use of fork() may lead to deadlocks in the child.
  pid = os.fork()

[2024-07-05T10:51:48.951+0000] {standard_task_runner.py:63} INFO - Started process 454 to run task
[2024-07-05T10:51:48.952+0000] {standard_task_runner.py:90} INFO - Running: ['***', 'tasks', 'run', 'prod_dag', 'fastapi', 'manual__2024-07-05T10:51:33.327941+00:00', '--job-id', '29', '--raw', '--subdir', 'DAGS_FOLDER/DAG_prod.py', '--cfg-path', '/tmp/tmp9x7_ivvl']
[2024-07-05T10:51:48.952+0000] {standard_task_runner.py:91} INFO - Job 29: Subtask fastapi
[2024-07-05T10:51:48.981+0000] {task_command.py:426} INFO - Running <TaskInstance: prod_dag.fastapi manual__2024-07-05T10:51:33.327941+00:00 [running]> on host 39db74c4aadf
[2024-07-05T10:51:49.028+0000] {taskinstance.py:2648} INFO - Exporting env vars: AIRFLOW_CTX_DAG_OWNER='***' AIRFLOW_CTX_DAG_ID='prod_dag' AIRFLOW_CTX_TASK_ID='fastapi' AIRFLOW_CTX_EXECUTION_DATE='2024-07-05T10:51:33.327941+00:00' AIRFLOW_CTX_TRY_NUMBER='1' AIRFLOW_CTX_DAG_RUN_ID='manual__2024-07-05T10:51:33.327941+00:00'
[2024-07-05T10:51:49.029+0000] {taskinstance.py:430} INFO - ::endgroup::
[2024-07-05T10:51:49.048+0000] {docker.py:366} INFO - Starting docker container from image curlimages/curl:latest
[2024-07-05T10:51:49.050+0000] {docker.py:374} WARNING - Using remote engine or docker-in-docker and mounting temporary volume from host is not supported. Falling back to `mount_tmp_dir=False` mode. You can set `mount_tmp_dir` parameter to False to disable mounting and remove the warning
[2024-07-05T10:51:49.340+0000] {docker.py:436} INFO - % Total    % Received % Xferd  Average Speed   Tim
[2024-07-05T10:51:49.340+0000] {docker.py:436} INFO - e    Time     Time  Current
[2024-07-05T10:51:49.340+0000] {docker.py:436} INFO - 
[2024-07-05T10:51:49.340+0000] {docker.py:436} INFO - 
[2024-07-05T10:51:49.340+0000] {docker.py:436} INFO - 
[2024-07-05T10:51:49.341+0000] {docker.py:436} INFO - Dlo
[2024-07-05T10:51:49.341+0000] {docker.py:436} INFO - ad  Upload   T
[2024-07-05T10:51:49.341+0000] {docker.py:436} INFO - otal   Spent    Le
[2024-07-05T10:51:49.341+0000] {docker.py:436} INFO - ft
[2024-07-05T10:51:49.341+0000] {docker.py:436} INFO - Speed
[2024-07-05T10:51:49.341+0000] {docker.py:436} INFO - 
[2024-07-05T10:51:49.341+0000] {docker.py:436} INFO - 0
[2024-07-05T10:51:49.341+0000] {docker.py:436} INFO - 
[2024-07-05T10:51:49.341+0000] {docker.py:436} INFO - 0    0
[2024-07-05T10:51:49.341+0000] {docker.py:436} INFO - 0    0
[2024-07-05T10:51:49.341+0000] {docker.py:436} INFO - 0
[2024-07-05T10:51:49.341+0000] {docker.py:436} INFO - 0
[2024-07-05T10:51:49.341+0000] {docker.py:436} INFO - 0 --:
[2024-07-05T10:51:49.342+0000] {docker.py:436} INFO - --:-- --:-
[2024-07-05T10:51:49.342+0000] {docker.py:436} INFO - -:-- --:--
[2024-07-05T10:51:49.342+0000] {docker.py:436} INFO - :--     0
[2024-07-05T10:51:50.335+0000] {docker.py:436} INFO - 100     2    0     0  100     2      0      1  0:00:02  0:00:01  0:00:01     1
[2024-07-05T10:51:51.335+0000] {docker.py:436} INFO - 100     2    0     0    0     2      0      0 --:--:--  0:00:02 --:--:--     0
[2024-07-05T10:51:52.337+0000] {docker.py:436} INFO - 100     2    0     0    0     2      0      0 --:--:--  0:00:03 --:--:--     0
[2024-07-05T10:51:53.337+0000] {docker.py:436} INFO - 100     2    0     0    0     2      0      0 --:--:--  0:00:04 --:--:--     0
[2024-07-05T10:51:54.339+0000] {docker.py:436} INFO - 100     2    0     0    0     2      0      0 --:--:--  0:00:05 --:--:--     0
[2024-07-05T10:51:55.340+0000] {docker.py:436} INFO - 100     2    0     0    0     2      0      0 --:--:--  0:00:06 --:--:--     0
[2024-07-05T10:51:56.341+0000] {docker.py:436} INFO - 100     2    0     0    0     2      0      0 --:--:--  0:00:07 --:--:--     0
[2024-07-05T10:51:57.342+0000] {docker.py:436} INFO - 100     2    0     0    0     2      0      0 --:--:--  0:00:08 --:--:--     0
[2024-07-05T10:51:58.346+0000] {docker.py:436} INFO - 100     2    0     0    0     2      0      0 --:--:--  0:00:09 --:--:--     0
[2024-07-05T10:51:59.344+0000] {docker.py:436} INFO - 100     2    0     0    0     2      0      0 --:--:--  0:00:10 --:--:--     0
[2024-07-05T10:52:00.345+0000] {docker.py:436} INFO - 100     2    0     0    0     2      0      0 --:--:--  0:00:11 --:--:--     0
[2024-07-05T10:52:01.346+0000] {docker.py:436} INFO - 100     2    0     0    0     2      0      0 --:--:--  0:00:12 --:--:--     0
[2024-07-05T10:52:02.346+0000] {docker.py:436} INFO - 100     2    0     0    0     2      0      0 --:--:--  0:00:13 --:--:-
[2024-07-05T10:52:02.347+0000] {docker.py:436} INFO - -     0
[2024-07-05T10:52:03.347+0000] {docker.py:436} INFO - 100     2    0     0    0     2      0      0 --:--:--  0:00:14 --:--:-
[2024-07-05T10:52:03.348+0000] {docker.py:436} INFO - -     0
[2024-07-05T10:52:04.349+0000] {docker.py:436} INFO - 100     2    0     0    0     2      0      0 --:--:--  0:00:15 --:--:--     0
[2024-07-05T10:52:05.350+0000] {docker.py:436} INFO - 100     2    0     0    0     2      0      0 --:--:--  0:00:16
[2024-07-05T10:52:05.350+0000] {docker.py:436} INFO - --:--:--     0
[2024-07-05T10:52:06.350+0000] {docker.py:436} INFO - 100     2    0     0    0     2      0      0 --:--:--  0:00:17 --:--:--     0
[2024-07-05T10:52:07.352+0000] {docker.py:436} INFO - 100     2    0     0    0     2      0      0 --:--:--  0:00:18 --:--:--     0
[2024-07-05T10:52:08.353+0000] {docker.py:436} INFO - 100     2    0     0    0     2      0      0 --:--:--  0:00:19 --:--:--     0
[2024-07-05T10:52:09.354+0000] {docker.py:436} INFO - 100     2    0     0    0     2      0      0 --:--:--  0:00:20 --:--:--     0
[2024-07-05T10:52:10.356+0000] {docker.py:436} INFO - 100     2    0     0    0     2      0      0 --:--:--  0:00:21 --:--:--     0
[2024-07-05T10:52:11.356+0000] {docker.py:436} INFO - 100     2    0     0    0     2      0      0 --:--:--  0:00:22 --:--:--     0
[2024-07-05T10:52:12.358+0000] {docker.py:436} INFO - 100     2    0     0    0     2      0      0 --:--:--  0:00:23 --:--:--     0
[2024-07-05T10:52:13.361+0000] {docker.py:436} INFO - 100     2    0     0    0     2      0      0 --:--:--  0:00:24 --:--:--     0
[2024-07-05T10:52:14.360+0000] {docker.py:436} INFO - 100     2    0     0    0     2      0      0 --:--:--  0:00:25 --:--:--     0
[2024-07-05T10:52:15.361+0000] {docker.py:436} INFO - 100     2    0     0    0     2      0      0 --:--:--  0:00:26 --:--:--     0
[2024-07-05T10:52:16.362+0000] {docker.py:436} INFO - 100     2    0     0    0     2      0      0 --:--:--  0:00:27 --:--:--     0
[2024-07-05T10:52:17.362+0000] {docker.py:436} INFO - 100     2    0     0    0     2      0      0 --:--:--  0:00:28 --:--:--
[2024-07-05T10:52:17.362+0000] {docker.py:436} INFO - 0
[2024-07-05T10:52:18.363+0000] {docker.py:436} INFO - 100     2    0     0    0     2      0      0 --:--:--  0:00:29 --:--:--     0
[2024-07-05T10:52:19.363+0000] {docker.py:436} INFO - 100     2    0     0    0     2      0      0 --:--:--  0:00:30 --:--:--     0
[2024-07-05T10:52:20.365+0000] {docker.py:436} INFO - 100     2    0     0    0     2      0      0 --:--:--  0:00:31 --:--:--     0
[2024-07-05T10:52:21.366+0000] {docker.py:436} INFO - 100     2    0     0    0     2      0      0 --:--:--  0:00:32 --:--:--     0
[2024-07-05T10:52:22.366+0000] {docker.py:436} INFO - 100     2    0     0    0     2      0      0 --:--:--  0:00:33 --:--:--     0
[2024-07-05T10:52:23.368+0000] {docker.py:436} INFO - 100     2    0     0    0     2      0      0 --:--:--  0:00:34 --:--:--     0
[2024-07-05T10:52:24.369+0000] {docker.py:436} INFO - 100     2    0     0    0     2      0      0 --:--:--  0:00:35 --:--:--     0
[2024-07-05T10:52:25.370+0000] {docker.py:436} INFO - 100     2    0     0    0     2      0      0 --:--:--  0:00:36 --:--:--     0
[2024-07-05T10:52:26.371+0000] {docker.py:436} INFO - 100     2    0     0    0     2      0      0 --:--:--  0:00:37 --:--:--     0
[2024-07-05T10:52:27.372+0000] {docker.py:436} INFO - 100     2    0     0    0     2      0      0 --:--:--  0:00:38 --:--:--     0
[2024-07-05T10:52:28.372+0000] {docker.py:436} INFO - 100     2    0     0    0     2      0      0 --:--:--  0:00:39 --:--:--     0
[2024-07-05T10:52:29.374+0000] {docker.py:436} INFO - 100     2    0     0    0     2      0      0 --:--:--  0:00:40 --:--:--     0
[2024-07-05T10:52:30.375+0000] {docker.py:436} INFO - 100     2    0     0    0     2      0      0 --:--:--  0:00:41 --:--:--     0
[2024-07-05T10:52:31.376+0000] {docker.py:436} INFO - 100     2    0     0    0     2      0      0 --:--:--  0:00:42 --:--:--     0
[2024-07-05T10:52:32.377+0000] {docker.py:436} INFO - 100     2    0     0    0     2      0      0 --:--:--  0:00:43 --:--:--     0
[2024-07-05T10:52:33.377+0000] {docker.py:436} INFO - 100     2    0     0    0     2      0      0 --:--:--  0:00:44 --:--:--     0
[2024-07-05T10:52:34.378+0000] {docker.py:436} INFO - 100     2    0     0    0     2      0      0 --:--:--  0:00:45 --:--:--     0
[2024-07-05T10:52:35.380+0000] {docker.py:436} INFO - 100     2    0     0    0     2      0      0 --:--:--  0:00:46 --:--:--     0
[2024-07-05T10:52:36.382+0000] {docker.py:436} INFO - 100     2    0     0    0     2      0      0 --:--:--  0:00:47 --:--:--     0
[2024-07-05T10:52:37.381+0000] {docker.py:436} INFO - 100     2    0     0    0     2      0      0 --:--:--  0:00:48 --:--:--     0
[2024-07-05T10:52:38.383+0000] {docker.py:436} INFO - 100     2    0     0    0     2      0      0 --:--:--  0:00:49 --:--:--     0
[2024-07-05T10:52:39.384+0000] {docker.py:436} INFO - 100     2    0     0    0     2      0      0 --:--:--  0:00:50 --:--:--     0
[2024-07-05T10:52:40.385+0000] {docker.py:436} INFO - 100     2    0     0    0     2      0      0 --:--:--  0:00:51 --:--:--     0
[2024-07-05T10:52:41.385+0000] {docker.py:436} INFO - 100     2    0     0    0     2      0      0 --:--:--  0:00:52 --:--:--     0
[2024-07-05T10:52:42.386+0000] {docker.py:436} INFO - 100     2    0     0    0     2      0      0 --:--:--  0:00:53 --:--:--     0
[2024-07-05T10:52:43.387+0000] {docker.py:436} INFO - 100     2    0     0    0     2      0      0 --:--:--  0:00:54 --:--:--     0
[2024-07-05T10:52:44.389+0000] {docker.py:436} INFO - 100     2    0     0    0     2      0      0 --:--:--  0:00:55 --:--:--     0
[2024-07-05T10:52:45.390+0000] {docker.py:436} INFO - 100     2    0     0    0     2      0      0 --:--:--  0:00:56 --:--:--     0
[2024-07-05T10:52:46.391+0000] {docker.py:436} INFO - 100     2    0     0    0     2      0      0 --:--:--  0:00:57 --:--:--     0
[2024-07-05T10:52:47.391+0000] {docker.py:436} INFO - 100     2    0     0    0     2      0      0 --:--:--  0:00:58 --:--:--     0
[2024-07-05T10:52:48.393+0000] {docker.py:436} INFO - 100     2    0     0    0     2      0      0 --:--:--  0:00:59 --:--:--     0
[2024-07-05T10:52:49.394+0000] {docker.py:436} INFO - 100     2    0     0    0     2      0      0 --:--:--  0:01:00 --:--:--     0
[2024-07-05T10:52:50.394+0000] {docker.py:436} INFO - 100     2    0     0    0     2      0      0 --:--:--  0:01:01 --:--:--     0
[2024-07-05T10:52:51.396+0000] {docker.py:436} INFO - 100     2    0     0    0     2      0      0 --:--:--  0:01:02 --:--:--     0
[2024-07-05T10:52:52.397+0000] {docker.py:436} INFO - 100     2    0     0    0     2      0      0 --:--:--  0:01:03 --:--:--     0
[2024-07-05T10:52:53.397+0000] {docker.py:436} INFO - 100     2    0     0    0     2      0      0 --:--:--  0:01:04 --:--:--     0
[2024-07-05T10:52:54.399+0000] {docker.py:436} INFO - 100     2    0     0    0     2      0      0 --:--:--  0:01:05 --:--:--     0
[2024-07-05T10:52:55.399+0000] {docker.py:436} INFO - 100     2    0     0    0     2      0      0 --:--:--  0:01:06 --:--:--
[2024-07-05T10:52:55.400+0000] {docker.py:436} INFO - 0
[2024-07-05T10:52:56.400+0000] {docker.py:436} INFO - 100     2    0     0    0     2      0      0 --:--:--  0:01:07 --:--:--     0
[2024-07-05T10:52:57.401+0000] {docker.py:436} INFO - 100     2    0     0    0     2      0      0 --:--:--  0:01:08 --:--:--     0
[2024-07-05T10:52:58.404+0000] {docker.py:436} INFO - 100     2    0     0    0     2      0      0 --:--:--  0:01:09 --:--:--     0
[2024-07-05T10:52:59.404+0000] {docker.py:436} INFO - 100     2    0     0    0     2      0      0 --:--:--
[2024-07-05T10:52:59.405+0000] {docker.py:436} INFO - 0:01:10 --:--:-
[2024-07-05T10:52:59.405+0000] {docker.py:436} INFO - -
[2024-07-05T10:52:59.405+0000] {docker.py:436} INFO - 0
[2024-07-05T10:53:00.405+0000] {docker.py:436} INFO - 100     2    0     0    0     2      0      0 --:--:--  0:01:11 --:--:--     0
[2024-07-05T10:53:01.407+0000] {docker.py:436} INFO - 100     2    0     0    0     2      0      0 --:--:--  0:01:12 --:--:--     0
[2024-07-05T10:53:02.408+0000] {docker.py:436} INFO - 100     2    0     0    0     2      0      0 --:--:--  0:01:13 --:--:--     0
[2024-07-05T10:53:03.409+0000] {docker.py:436} INFO - 100     2    0     0    0     2      0      0 --:--:--  0:01:14 --:--:--     0
[2024-07-05T10:53:04.411+0000] {docker.py:436} INFO - 100     2    0     0    0     2      0      0 --:--:--  0:01:15 --:--:--     0
[2024-07-05T10:53:05.424+0000] {docker.py:436} INFO - 100     2    0     0    0     2      0      0 --:--:--  0:01:16 --:--:--     0
[2024-07-05T10:53:06.415+0000] {docker.py:436} INFO - 100     2    0     0    0     2      0      0 --:--:--  0:01:17 --:--:--     0
[2024-07-05T10:53:07.414+0000] {docker.py:436} INFO - 100     2    0     0    0     2      0      0 --:--:--  0:01:18 --:--:--     0
[2024-07-05T10:53:08.415+0000] {docker.py:436} INFO - 100     2    0     0    0     2      0      0 --:--:--  0:01:19 --:--:--     0
[2024-07-05T10:53:09.415+0000] {docker.py:436} INFO - 100     2    0     0    0     2      0      0 --:--:--  0:01:20 --:--:--     0
[2024-07-05T10:53:10.417+0000] {docker.py:436} INFO - 100     2    0     0    0     2      0      0 --:--:--  0:01:21 --:--:--     0
[2024-07-05T10:53:11.418+0000] {docker.py:436} INFO - 100     2    0     0    0     2      0      0 --:--:--  0:01:22 --:--:--     0
[2024-07-05T10:53:12.419+0000] {docker.py:436} INFO - 100     2    0     0    0     2      0      0 --:--:--  0:01:23 --:--:--     0
[2024-07-05T10:53:13.420+0000] {docker.py:436} INFO - 100     2    0     0    0     2      0      0 --:--:--  0:01:24 --:--:--     0
[2024-07-05T10:53:14.420+0000] {docker.py:436} INFO - 100     2    0     0    0     2      0      0 --:--:--  0:01:25 --:--:--     0
[2024-07-05T10:53:15.422+0000] {docker.py:436} INFO - 100     2    0     0    0     2      0      0 --:--:--  0:01:26 --:--:--     0
[2024-07-05T10:53:16.423+0000] {docker.py:436} INFO - 100     2    0     0    0     2      0      0 --:--:--  0:01:27 --:--:--     0
[2024-07-05T10:53:17.424+0000] {docker.py:436} INFO - 100     2    0     0    0     2      0      0 --:--:--  0:01:28 --:--:--     0
[2024-07-05T10:53:18.425+0000] {docker.py:436} INFO - 100     2    0     0    0     2      0      0 --:--:--  0:01:29 --:--:--     0
[2024-07-05T10:53:19.426+0000] {docker.py:436} INFO - 100     2    0     0    0     2      0      0 --:--:--  0:01:30 --:--:--     0
[2024-07-05T10:53:20.427+0000] {docker.py:436} INFO - 100     2    0     0    0     2      0      0 --:--:--  0:01:31 --:--:--     0
[2024-07-05T10:53:21.427+0000] {docker.py:436} INFO - 100     2    0     0    0     2      0      0 --:--:--  0:01:32 --:--:--     0
[2024-07-05T10:53:22.429+0000] {docker.py:436} INFO - 100     2    0     0    0     2      0      0 --:--:--  0:01:33 --:--:--     0
[2024-07-05T10:53:23.430+0000] {docker.py:436} INFO - 100     2    0     0    0     2      0      0 --:--:--  0:01:34 --:--:--     0
[2024-07-05T10:53:24.431+0000] {docker.py:436} INFO - 100     2    0     0    0     2      0      0 --:--:--  0:01:35 --:--:--     0
[2024-07-05T10:53:25.432+0000] {docker.py:436} INFO - 100     2    0     0    0     2      0      0 --:--:--  0:01:36 --:--:--     0
[2024-07-05T10:53:26.434+0000] {docker.py:436} INFO - 100     2    0     0    0     2      0      0 --:--:--  0:01:37 --:--:--     0
[2024-07-05T10:53:27.435+0000] {docker.py:436} INFO - 100     2    0     0    0     2      0      0 --:--:--  0:01:38 --:--:--     0
[2024-07-05T10:53:28.436+0000] {docker.py:436} INFO - 100     2    0     0    0     2      0      0 --:--:--  0:01:39 --:--:--     0
[2024-07-05T10:53:29.437+0000] {docker.py:436} INFO - 100     2    0     0    0     2      0      0 --:--:--  0:01:40 --:--:--     0
[2024-07-05T10:53:30.438+0000] {docker.py:436} INFO - 100     2    0     0    0     2      0      0 --:--:--  0:01:41 --:--:--     0
[2024-07-05T10:53:31.439+0000] {docker.py:436} INFO - 100     2    0     0    0     2      0      0 --:--:--  0:01:42 --:--:--     0
[2024-07-05T10:53:32.441+0000] {docker.py:436} INFO - 100     2    0     0    0     2      0      0 --:--:--  0:01:43 --:--:--     0
[2024-07-05T10:53:33.442+0000] {docker.py:436} INFO - 100     2    0     0    0     2      0      0 --:--:--  0:01:44 --:--:--     0
[2024-07-05T10:53:34.443+0000] {docker.py:436} INFO - 100     2    0     0    0     2      0      0 --:--:--  0:01:45 --:--:--     0
[2024-07-05T10:53:35.444+0000] {docker.py:436} INFO - 100     2    0     0    0     2      0      0 --:--:--  0:01:46 --:--:--     0
[2024-07-05T10:53:36.444+0000] {docker.py:436} INFO - 100     2    0     0    0     2      0      0 --:--:--  0:01:47 --:--:--     0
[2024-07-05T10:53:37.446+0000] {docker.py:436} INFO - 100     2    0     0    0     2      0      0 --:--:--  0:01:48 --:--:--     0
[2024-07-05T10:53:38.447+0000] {docker.py:436} INFO - 100     2    0     0    0     2      0      0 --:--:--  0:01:49 --:--:--     0
[2024-07-05T10:53:39.448+0000] {docker.py:436} INFO - 100     2    0     0    0     2      0      0 --:--:--  0:01:50 --:--:--     0
[2024-07-05T10:53:40.450+0000] {docker.py:436} INFO - 100     2    0     0    0     2      0      0 --:--:--  0:01:51 --:--:--     0
[2024-07-05T10:53:41.450+0000] {docker.py:436} INFO - 100     2    0     0    0     2      0      0 --:--:--  0:01:52 --:--:--     0
[2024-07-05T10:53:42.451+0000] {docker.py:436} INFO - 100     2    0     0    0     2      0      0 --:--:--  0:01:53 --:--:--     0
[2024-07-05T10:53:43.451+0000] {docker.py:436} INFO - 100     2    0     0    0     2      0      0 --:--:--  0:01:54 --:--:--     0
[2024-07-05T10:53:44.453+0000] {docker.py:436} INFO - 100     2    0     0    0     2      0      0 --:--:--  0:01:55 --:--:--     0
[2024-07-05T10:53:45.454+0000] {docker.py:436} INFO - 100     2    0     0    0     2      0      0 --:--:--  0:01:56 --:--:--     0
[2024-07-05T10:53:46.455+0000] {docker.py:436} INFO - 100     2    0     0    0     2      0      0 --:--:--  0:01:57 --:--:--     0
[2024-07-05T10:53:47.456+0000] {docker.py:436} INFO - 100     2    0     0    0     2      0      0 --:--:--  0:01:58 --:--:--     0
[2024-07-05T10:53:48.457+0000] {docker.py:436} INFO - 100     2    0     0    0     2      0      0 --:--:--  0:01:59 --:--:--     0
[2024-07-05T10:53:49.457+0000] {docker.py:436} INFO - 100     2    0     0    0     2      0      0 --:--:--  0:02:00 --:--:--     0
[2024-07-05T10:53:50.463+0000] {docker.py:436} INFO - 100     2    0     0    0     2      0      0 --:--:--  0:02:01 --:--:--     0
[2024-07-05T10:53:51.460+0000] {docker.py:436} INFO - 100     2    0     0    0     2      0      0 --:--:--  0:02:02 --:--:--     0
[2024-07-05T10:53:52.460+0000] {docker.py:436} INFO - 100     2    0     0    0     2      0      0 --:--:--  0:02:03 --:--:--     0
[2024-07-05T10:53:53.461+0000] {docker.py:436} INFO - 100     2    0     0    0     2      0      0 --:--:--  0:02:04 --:--:--
[2024-07-05T10:53:53.462+0000] {docker.py:436} INFO - 0
[2024-07-05T10:53:54.463+0000] {docker.py:436} INFO - 100     2    0     0    0     2      0      0 --:--:--  0:02:05 --:--:--     0
[2024-07-05T10:53:55.464+0000] {docker.py:436} INFO - 100     2    0     0    0     2      0      0 --:--:--  0:02:06 --:--:--     0
[2024-07-05T10:53:56.465+0000] {docker.py:436} INFO - 100     2    0     0    0     2      0      0 --:--:--  0:02:07 --
[2024-07-05T10:53:56.465+0000] {docker.py:436} INFO - :--:--     0
[2024-07-05T10:53:57.466+0000] {docker.py:436} INFO - 100     2    0     0    0     2      0      0 --:--:--  0:02:08 --:--:--     0
[2024-07-05T10:53:58.467+0000] {docker.py:436} INFO - 100     2    0     0    0     2      0      0 --:--:--  0:02:09 --:--:--     0
[2024-07-05T10:53:59.468+0000] {docker.py:436} INFO - 100     2    0     0    0     2      0      0 --:--:--  0:02:10 --:--:--     0
[2024-07-05T10:54:00.468+0000] {docker.py:436} INFO - 100     2    0     0    0     2      0      0 --:--:--  0:02:11 --:--:--     0
[2024-07-05T10:54:01.469+0000] {docker.py:436} INFO - 100     2    0     0    0     2      0      0 --:--:--  0:0
[2024-07-05T10:54:01.470+0000] {docker.py:436} INFO - 2:12 --:--:--
[2024-07-05T10:54:01.470+0000] {docker.py:436} INFO - 0
[2024-07-05T10:54:02.471+0000] {docker.py:436} INFO - 100     2    0     0    0     2      0      0 --:--:--  0:02:13 --:--:--     0
[2024-07-05T10:54:03.471+0000] {docker.py:436} INFO - 100     2    0     0    0     2      0      0 --:--:--  0:02:14 --:--:--     0
[2024-07-05T10:54:04.472+0000] {docker.py:436} INFO - 100     2    0     0    0     2      0      0 --:--:--  0:02:15 --:--:--     0
[2024-07-05T10:54:05.473+0000] {docker.py:436} INFO - 100     2    0     0    0     2      0      0 --:--:--  0:02:16 --:--:--     0
[2024-07-05T10:54:06.474+0000] {docker.py:436} INFO - 100     2    0     0    0     2      0      0 --:--:--  0:02:17 --:--:--     0
[2024-07-05T10:54:07.475+0000] {docker.py:436} INFO - 100     2    0     0    0     2      0      0 --:--:--  0:02:18 --:--:--     0
[2024-07-05T10:54:08.477+0000] {docker.py:436} INFO - 100     2    0     0    0     2      0      0 --:--:--  0:02:19 --:--:--     0
[2024-07-05T10:54:09.478+0000] {docker.py:436} INFO - 100     2    0     0    0     2      0      0 --:--:--  0:02:20 --:--:--     0
[2024-07-05T10:54:10.478+0000] {docker.py:436} INFO - 100     2    0     0    0     2      0      0 --:--:--  0:02:21 --:--:--     0
[2024-07-05T10:54:11.479+0000] {docker.py:436} INFO - 100     2    0     0    0     2      0      0 --:--:--  0:02:22 --:--:--     0
[2024-07-05T10:54:12.481+0000] {docker.py:436} INFO - 100     2    0     0    0     2      0      0 --:--:--  0:02:23 --:--:--     0
[2024-07-05T10:54:13.482+0000] {docker.py:436} INFO - 100     2    0     0    0     2      0      0 --:--:--  0:02:24 --:--:--     0
[2024-07-05T10:54:14.482+0000] {docker.py:436} INFO - 100     2    0     0    0     2      0      0 --:--:--  0:02:25 --:--:--     0
[2024-07-05T10:54:15.483+0000] {docker.py:436} INFO - 100     2    0     0    0     2      0      0 --:--:--  0:02:26 --:--:--     0
[2024-07-05T10:54:16.484+0000] {docker.py:436} INFO - 100     2    0     0    0     2      0      0 --:--:--  0:02:27 --:--:--     0
[2024-07-05T10:54:17.485+0000] {docker.py:436} INFO - 100     2    0     0    0     2      0      0 --:--:--  0:02:28 --:--:--
[2024-07-05T10:54:17.486+0000] {docker.py:436} INFO - 0
[2024-07-05T10:54:18.487+0000] {docker.py:436} INFO - 100     2    0     0    0     2      0      0 --:--:--  0:02:29 --:--:--     0
[2024-07-05T10:54:19.487+0000] {docker.py:436} INFO - 100     2    0     0    0     2      0      0 --:--:--  0:02:30 --:--:--     0
[2024-07-05T10:54:20.488+0000] {docker.py:436} INFO - 100     2    0     0    0     2      0      0 --:--:--  0:02:31 --:--:--     0
[2024-07-05T10:54:21.489+0000] {docker.py:436} INFO - 100     2    0     0    0     2      0      0 --:--:--  0:02:32 --:--:--     0
[2024-07-05T10:54:22.490+0000] {docker.py:436} INFO - 100     2    0     0    0     2      0      0 --
[2024-07-05T10:54:22.491+0000] {docker.py:436} INFO - :--:--  0:
[2024-07-05T10:54:22.491+0000] {docker.py:436} INFO - 02:33 -
[2024-07-05T10:54:22.491+0000] {docker.py:436} INFO - -:-
[2024-07-05T10:54:22.491+0000] {docker.py:436} INFO - -:-
[2024-07-05T10:54:22.491+0000] {docker.py:436} INFO - -     0
[2024-07-05T10:54:23.492+0000] {docker.py:436} INFO - 100     2    0     0    0     2      0      0 --:--:--  0:02:34 --:--:--     0
[2024-07-05T10:54:24.492+0000] {docker.py:436} INFO - 100     2    0     0    0     2      0      0 --:--:--  0:02:35 --:--:--     0
[2024-07-05T10:54:25.494+0000] {docker.py:436} INFO - 100     2    0     0    0     2      0      0 --:--:--  0:02:36 --:--:--     0
[2024-07-05T10:54:26.495+0000] {docker.py:436} INFO - 100     2    0     0    0     2      0      0 --:--:--  0:02:37 --:--:--     0
[2024-07-05T10:54:27.495+0000] {docker.py:436} INFO - 100     2    0     0    0     2      0      0 --:--:--  0:02:38 --:--:--     0
[2024-07-05T10:54:28.497+0000] {docker.py:436} INFO - 100     2    0     0    0     2      0      0 --:--:--  0:02:39 --:--:--     0
[2024-07-05T10:54:29.498+0000] {docker.py:436} INFO - 100     2    0     0    0     2      0      0 --:--:--  0:02:40 --:--:--     0
[2024-07-05T10:54:30.498+0000] {docker.py:436} INFO - 100     2    0     0    0     2      0      0 --:--:--  0:02:41 --:--:--     0
[2024-07-05T10:54:31.499+0000] {docker.py:436} INFO - 100     2    0     0    0     2      0      0 --:--:--  0:02:42 --:--:--     0
[2024-07-05T10:54:32.500+0000] {docker.py:436} INFO - 100     2    0     0    0     2      0      0 --:--:--  0:02:43 --:--:--     0
[2024-07-05T10:54:33.501+0000] {docker.py:436} INFO - 100     2    0     0    0     2      0      0 --
[2024-07-05T10:54:33.502+0000] {docker.py:436} INFO - :--:--  0:02:44 --:--:--     0
[2024-07-05T10:54:34.503+0000] {docker.py:436} INFO - 100     2    0     0    0     2      0      0 --:--:--  0:02:45
[2024-07-05T10:54:34.503+0000] {docker.py:436} INFO - --:--:--     0
[2024-07-05T10:54:35.504+0000] {docker.py:436} INFO - 100     2    0     0    0     2      0      0 --:--:--
[2024-07-05T10:54:35.504+0000] {docker.py:436} INFO - 0:02:46 --:--:--     0
[2024-07-05T10:54:36.504+0000] {docker.py:436} INFO - 100     2    0     0    0     2      0      0 --:--:--  0:02:47 --:--:--     0
[2024-07-05T10:54:37.505+0000] {docker.py:436} INFO - 100     2    0     0    0     2      0      0 --:--:--  0:02:48 --:--:--     0
[2024-07-05T10:54:38.507+0000] {docker.py:436} INFO - 100     2    0     0    0     2      0      0 --:--:--  0:02:49 --:-
[2024-07-05T10:54:38.507+0000] {docker.py:436} INFO - -:--     0
[2024-07-05T10:54:39.507+0000] {docker.py:436} INFO - 100     2    0     0    0     2      0      0
[2024-07-05T10:54:39.508+0000] {docker.py:436} INFO - --:--:--
[2024-07-05T10:54:39.508+0000] {docker.py:436} INFO - 0:02
[2024-07-05T10:54:39.508+0000] {docker.py:436} INFO - :50
[2024-07-05T10:54:39.508+0000] {docker.py:436} INFO - --:
[2024-07-05T10:54:39.508+0000] {docker.py:436} INFO - --:--     0
[2024-07-05T10:54:40.509+0000] {docker.py:436} INFO - 100     2    0     0    0     2      0      0 --:--:--  0
[2024-07-05T10:54:40.509+0000] {docker.py:436} INFO - :02:51 --:--:--     0
[2024-07-05T10:54:41.509+0000] {docker.py:436} INFO - 100     2    0     0    0     2      0      0 --:--:--  0:02:52 --:--:--     0
[2024-07-05T10:54:42.510+0000] {docker.py:436} INFO - 100     2    0     0    0     2      0      0 --:--:--  0:02:53 --:--:--     0
[2024-07-05T10:54:43.511+0000] {docker.py:436} INFO - 100     2    0     0    0     2      0      0 --:--:--  0:02:54 --:--:--     0
[2024-07-05T10:54:44.513+0000] {docker.py:436} INFO - 100     2    0     0    0     2      0      0 --:--:--  0:02:55 --:--:--     0
[2024-07-05T10:54:45.513+0000] {docker.py:436} INFO - 100     2    0     0    0     2      0      0 --:-
[2024-07-05T10:54:45.514+0000] {docker.py:436} INFO - -:--  0:02:5
[2024-07-05T10:54:45.514+0000] {docker.py:436} INFO - 6 --:-
[2024-07-05T10:54:45.514+0000] {docker.py:436} INFO - -:
[2024-07-05T10:54:45.514+0000] {docker.py:436} INFO - --
[2024-07-05T10:54:45.514+0000] {docker.py:436} INFO - 
[2024-07-05T10:54:45.514+0000] {docker.py:436} INFO - 
[2024-07-05T10:54:45.514+0000] {docker.py:436} INFO - 0
[2024-07-05T10:54:46.515+0000] {docker.py:436} INFO - 100     2    0     0    0     2      0      0 --:--:--  0:02:57
[2024-07-05T10:54:46.515+0000] {docker.py:436} INFO - --:--:--     0
[2024-07-05T10:54:47.515+0000] {docker.py:436} INFO - 100     2    0     0    0     2      0      0 --:--:--  0:02:58 --:--:--     0
[2024-07-05T10:54:48.516+0000] {docker.py:436} INFO - 100     2    0     0    0     2      0      0 --:--:--  0:02:59 --:--:--     0
[2024-07-05T10:54:49.517+0000] {docker.py:436} INFO - 100     2    0     0    0     2      0      0 --:--:--  0:03:00 --:--:--     0
[2024-07-05T10:54:50.518+0000] {docker.py:436} INFO - 100     2    0     0    0     2      0
[2024-07-05T10:54:50.519+0000] {docker.py:436} INFO - 0
[2024-07-05T10:54:50.519+0000] {docker.py:436} INFO - --:--:--  0
[2024-07-05T10:54:50.519+0000] {docker.py:436} INFO - :03:
[2024-07-05T10:54:50.519+0000] {docker.py:436} INFO - 01
[2024-07-05T10:54:50.519+0000] {docker.py:436} INFO - -
[2024-07-05T10:54:50.519+0000] {docker.py:436} INFO - -:--
[2024-07-05T10:54:50.519+0000] {docker.py:436} INFO - :--
[2024-07-05T10:54:50.519+0000] {docker.py:436} INFO - 0
[2024-07-05T10:54:51.519+0000] {docker.py:436} INFO - 100     2    0     0    0     2      0      0
[2024-07-05T10:54:51.520+0000] {docker.py:436} INFO - --:--:--  0
[2024-07-05T10:54:51.520+0000] {docker.py:436} INFO - :03:02 --:-
[2024-07-05T10:54:51.520+0000] {docker.py:436} INFO - -:--     0
[2024-07-05T10:54:52.520+0000] {docker.py:436} INFO - 100     2    0     0    0     2      0      0 --:--:--  0:03:03 --:--:--
[2024-07-05T10:54:52.521+0000] {docker.py:436} INFO - 0
[2024-07-05T10:54:53.522+0000] {docker.py:436} INFO - 100     2    0     0    0     2      0      0 --:--:--  0:03:04 --:--:--     0
[2024-07-05T10:54:54.522+0000] {docker.py:436} INFO - 100     2    0     0    0     2      0      0 --:--:--  0:03:05 --:--:--     0
[2024-07-05T10:54:55.523+0000] {docker.py:436} INFO - 100     2    0     0    0     2      0      0 --:--:--  0:03
[2024-07-05T10:54:55.524+0000] {docker.py:436} INFO - :06 --:--:--     0
[2024-07-05T10:54:56.524+0000] {docker.py:436} INFO - 100     2    0     0    0     2      0      0 --:--:--  0:03:07 --:--:--     0
[2024-07-05T10:54:57.525+0000] {docker.py:436} INFO - 100     2    0     0    0     2      0      0 --:--:--  0:03:08 --:--:--
[2024-07-05T10:54:57.526+0000] {docker.py:436} INFO - 0
[2024-07-05T10:54:58.526+0000] {docker.py:436} INFO - 100     2    0     0    0     2      0      0 --:--:--  0:03:09 --:--:--     0
[2024-07-05T10:54:59.527+0000] {docker.py:436} INFO - 100     2    0     0    0     2      0      0 --:--:--  0:03
[2024-07-05T10:54:59.528+0000] {docker.py:436} INFO - :10 --:--:--
[2024-07-05T10:54:59.528+0000] {docker.py:436} INFO - 
[2024-07-05T10:54:59.528+0000] {docker.py:436} INFO - 0
[2024-07-05T10:55:00.528+0000] {docker.py:436} INFO - 100     2    0     0    0     2      0      0 --:--:--  0:03:11 --:--:--     0
[2024-07-05T10:55:01.530+0000] {docker.py:436} INFO - 100     2    0     0    0     2      0      0 --:--:--  0:03:12 --:--:--     0
[2024-07-05T10:55:02.530+0000] {docker.py:436} INFO - 100     2    0     0    0     2      0      0 --:--:--  0:03:13 --:-
[2024-07-05T10:55:02.531+0000] {docker.py:436} INFO - -:--     0
[2024-07-05T10:55:03.531+0000] {docker.py:436} INFO - 100     2    0     0    0     2      0      0 --:--:--  0:03:14 --:--:--     0
[2024-07-05T10:55:04.532+0000] {docker.py:436} INFO - 100     2    0     0    0     2
[2024-07-05T10:55:04.533+0000] {docker.py:436} INFO - 0      0 --:--:--  0:03:15 --:--:--     0
[2024-07-05T10:55:05.534+0000] {docker.py:436} INFO - 100     2    0     0    0     2      0      0 --:--:--  0:03:16 --:--:--     0
[2024-07-05T10:55:06.535+0000] {docker.py:436} INFO - 100     2    0     0    0     2      0      0 --:--:--  0:03:17 --:--:--     0
[2024-07-05T10:55:07.536+0000] {docker.py:436} INFO - 100     2    0     0    0     2      0      0 --:--:--  0:03:18 --:--:--     0
[2024-07-05T10:55:08.536+0000] {docker.py:436} INFO - 100     2    0     0    0     2      0      0 --:--:--  0:03:19 --:--:--     0
[2024-07-05T10:55:09.538+0000] {docker.py:436} INFO - 100     2    0     0    0     2      0      0 --:--:--  0:03:20 --:--:--     0
[2024-07-05T10:55:10.538+0000] {docker.py:436} INFO - 100     2    0     0    0     2      0      0 --:--:--  0:03:21 --:--:--     0
[2024-07-05T10:55:11.540+0000] {docker.py:436} INFO - 100     2    0     0    0     2      0      0 --:--:--  0:03:22 --:--:--     0
[2024-07-05T10:55:12.540+0000] {docker.py:436} INFO - 100     2    0     0    0     2      0      0 --:--:--  0:03:23 --:--:
[2024-07-05T10:55:12.541+0000] {docker.py:436} INFO - --     0
[2024-07-05T10:55:13.541+0000] {docker.py:436} INFO - 100     2    0     0    0     2      0      0 --:--:--  0:03:24 --:--:--     0
[2024-07-05T10:55:14.543+0000] {docker.py:436} INFO - 100     2    0     0    0     2      0      0 --:--:--  0:03:25 --:--:--     0
[2024-07-05T10:55:15.544+0000] {docker.py:436} INFO - 100     2    0     0    0     2      0      0 --:--:--  0:03:26 --:--:--     0
[2024-07-05T10:55:16.544+0000] {docker.py:436} INFO - 100     2    0     0    0     2      0      0 --:--:--  0:03:27 --:--:--     0
[2024-07-05T10:55:17.545+0000] {docker.py:436} INFO - 100     2    0     0    0     2      0      0 --:--:--  0:03:28 --:--:--     0
[2024-07-05T10:55:18.546+0000] {docker.py:436} INFO - 100     2    0     0    0     2      0      0 --:--:--  0:03:29 --:--:--     0
[2024-07-05T10:55:19.547+0000] {docker.py:436} INFO - 100     2    0     0    0     2      0      0 --:--:--  0:03:30 --:--:--     0
[2024-07-05T10:55:20.549+0000] {docker.py:436} INFO - 100     2    0     0    0     2      0
[2024-07-05T10:55:20.550+0000] {docker.py:436} INFO - 0 --:--:--  0:03:31 -
[2024-07-05T10:55:20.550+0000] {docker.py:436} INFO - -:--:--
[2024-07-05T10:55:20.550+0000] {docker.py:436} INFO - 0
[2024-07-05T10:55:21.549+0000] {docker.py:436} INFO - 100     2    0     0    0     2      0      0 --:--:--  0:03:32 --:--:--     0
[2024-07-05T10:55:22.550+0000] {docker.py:436} INFO - 100     2    0     0    0     2      0      0 --:--:--  0:03:33 --:--:--
[2024-07-05T10:55:22.551+0000] {docker.py:436} INFO - 0
[2024-07-05T10:55:23.551+0000] {docker.py:436} INFO - 100     2    0     0    0     2      0      0 --:--:
[2024-07-05T10:55:23.552+0000] {docker.py:436} INFO - --  0:03:34 --:
[2024-07-05T10:55:23.552+0000] {docker.py:436} INFO - --:
[2024-07-05T10:55:23.552+0000] {docker.py:436} INFO - --
[2024-07-05T10:55:23.552+0000] {docker.py:436} INFO - 0
[2024-07-05T10:55:24.552+0000] {docker.py:436} INFO - 100     2    0     0    0     2      0      0 --:--:--  0:03:35 --:--:--
[2024-07-05T10:55:24.553+0000] {docker.py:436} INFO - 0
[2024-07-05T10:55:25.553+0000] {docker.py:436} INFO - 100     2    0     0    0     2      0      0 --:--:--  0:03:36 --:--:--
[2024-07-05T10:55:25.554+0000] {docker.py:436} INFO - 0
[2024-07-05T10:55:26.554+0000] {docker.py:436} INFO - 100     2    0     0    0     2      0      0 --:--:--  0:03:37 --:--:--
[2024-07-05T10:55:26.555+0000] {docker.py:436} INFO - 0
[2024-07-05T10:55:27.557+0000] {docker.py:436} INFO - 100     2    0     0    0     2      0      0 --:--:--  0:03:38 --:--:--     0
[2024-07-05T10:55:28.556+0000] {docker.py:436} INFO - 100     2    0     0    0     2      0      0 --:--:-
[2024-07-05T10:55:28.557+0000] {docker.py:436} INFO - -  0:03:39 --:
[2024-07-05T10:55:28.557+0000] {docker.py:436} INFO - --:--     0
[2024-07-05T10:55:29.557+0000] {docker.py:436} INFO - 100     2    0     0    0     2      0      0 --:--:--  0:03:40 --:--:--
[2024-07-05T10:55:29.558+0000] {docker.py:436} INFO - 0
[2024-07-05T10:55:30.558+0000] {docker.py:436} INFO - 100     2    0     0    0     2      0      0 --:--:--  0:03:41 --:--:--     0
[2024-07-05T10:55:31.560+0000] {docker.py:436} INFO - 100     2    0     0    0     2      0      0 --:--:--  0:03:42 --:--:--     0
[2024-07-05T10:55:32.561+0000] {docker.py:436} INFO - 100     2    0     0    0     2      0      0 --:--:--  0:03:43 --:--:--     0
[2024-07-05T10:55:33.561+0000] {docker.py:436} INFO - 100     2    0     0    0     2      0      0 --:--:--  0:03:44 --:--:--     0
[2024-07-05T10:55:34.563+0000] {docker.py:436} INFO - 100     2    0     0    0     2      0      0 --:--:--  0:03:45 --:--:--     0
[2024-07-05T10:55:35.564+0000] {docker.py:436} INFO - 100     2    0     0    0     2      0      0 --:--:
[2024-07-05T10:55:35.564+0000] {docker.py:436} INFO - --  0:03:46
[2024-07-05T10:55:35.564+0000] {docker.py:436} INFO - --:--:--
[2024-07-05T10:55:35.564+0000] {docker.py:436} INFO - 0
[2024-07-05T10:55:36.564+0000] {docker.py:436} INFO - 100     2    0     0    0     2      0      0 --:--
[2024-07-05T10:55:36.564+0000] {docker.py:436} INFO - :--  0:03:47 --:--
[2024-07-05T10:55:36.564+0000] {docker.py:436} INFO - :--     0
[2024-07-05T10:55:37.565+0000] {docker.py:436} INFO - 100     2    0     0    0     2      0      0 --:--:--  0:03:48 --:--:--     0
[2024-07-05T10:55:38.566+0000] {docker.py:436} INFO - 100     2    0     0    0     2      0
[2024-07-05T10:55:38.566+0000] {docker.py:436} INFO - 0 --:--
[2024-07-05T10:55:38.566+0000] {docker.py:436} INFO - :--  0:03
[2024-07-05T10:55:38.567+0000] {docker.py:436} INFO - :49 --:--:-
[2024-07-05T10:55:38.567+0000] {docker.py:436} INFO - -
[2024-07-05T10:55:38.567+0000] {docker.py:436} INFO - 0
[2024-07-05T10:55:39.567+0000] {docker.py:436} INFO - 100     2    0     0    0     2      0      0 --:--:--
[2024-07-05T10:55:39.567+0000] {docker.py:436} INFO - 0:03:50 --:--:--
[2024-07-05T10:55:39.568+0000] {docker.py:436} INFO - 0
[2024-07-05T10:55:40.568+0000] {docker.py:436} INFO - 100     2    0     0    0     2      0      0 --:--:--  0:03
[2024-07-05T10:55:40.569+0000] {docker.py:436} INFO - :51 --:--:--     0
[2024-07-05T10:55:41.569+0000] {docker.py:436} INFO - 100     2    0     0    0     2      0      0 --:--:-
[2024-07-05T10:55:41.570+0000] {docker.py:436} INFO - -  0:03:52 --:--:--
[2024-07-05T10:55:41.570+0000] {docker.py:436} INFO - 0
[2024-07-05T10:55:42.570+0000] {docker.py:436} INFO - 100     2    0     0    0     2      0      0 --:--:--  0:0
[2024-07-05T10:55:42.571+0000] {docker.py:436} INFO - 3:53 --:--:--
[2024-07-05T10:55:42.571+0000] {docker.py:436} INFO - 0
[2024-07-05T10:55:43.571+0000] {docker.py:436} INFO - 100     2    0     0    0     2      0      0 --:--:--  0:03:54 --:--:--     0
[2024-07-05T10:55:43.858+0000] {docker.py:436} INFO - 100   134    0   132    0     2      0
[2024-07-05T10:55:43.858+0000] {docker.py:436} INFO - 0 --:--:--  0
[2024-07-05T10:55:43.858+0000] {docker.py:436} INFO - :03
[2024-07-05T10:55:43.858+0000] {docker.py:436} INFO - HTTP/1.1 200 OK
[2024-07-05T10:55:43.858+0000] {docker.py:436} INFO - :54 --:-
[2024-07-05T10:55:43.859+0000] {docker.py:436} INFO - -:--    3
[2024-07-05T10:55:43.859+0000] {docker.py:436} INFO - 01
[2024-07-05T10:55:43.859+0000] {docker.py:436} INFO - 00   134
[2024-07-05T10:55:43.859+0000] {docker.py:436} INFO - 0
[2024-07-05T10:55:43.859+0000] {docker.py:436} INFO - 
[2024-07-05T10:55:43.859+0000] {docker.py:436} INFO - 132    0
[2024-07-05T10:55:43.859+0000] {docker.py:436} INFO - 
[2024-07-05T10:55:43.859+0000] {docker.py:436} INFO - 2
[2024-07-05T10:55:43.859+0000] {docker.py:436} INFO - 
[2024-07-05T10:55:43.859+0000] {docker.py:436} INFO - 0
[2024-07-05T10:55:43.859+0000] {docker.py:436} INFO - 0
[2024-07-05T10:55:43.859+0000] {docker.py:436} INFO - --
[2024-07-05T10:55:43.859+0000] {docker.py:436} INFO - :--
[2024-07-05T10:55:43.860+0000] {docker.py:436} INFO - :--
[2024-07-05T10:55:43.860+0000] {docker.py:436} INFO - 0:
[2024-07-05T10:55:43.860+0000] {docker.py:436} INFO - 03:54 --
[2024-07-05T10:55:43.860+0000] {docker.py:436} INFO - :--:--    40
[2024-07-05T10:55:43.860+0000] {docker.py:436} INFO - date: Fri, 05 Jul 2024 10:51:48 GMT
server: uvicorn
content-length: 132
content-type: application/json

{"message":"Predictions saved to /app/predictions/extraction_05072024105543.txt and Elasticsearch updated","predictions_count":1000}
[2024-07-05T10:55:43.974+0000] {taskinstance.py:441} INFO - ::group::Post task execution logs
[2024-07-05T10:55:43.987+0000] {taskinstance.py:1206} INFO - Marking task as SUCCESS. dag_id=prod_dag, task_id=fastapi, run_id=manual__2024-07-05T10:51:33.327941+00:00, execution_date=20240705T105133, start_date=20240705T105148, end_date=20240705T105543
[2024-07-05T10:55:44.037+0000] {local_task_job_runner.py:240} INFO - Task exited with return code 0
[2024-07-05T10:55:44.045+0000] {taskinstance.py:3503} INFO - 0 downstream tasks scheduled from follow-on schedule check
[2024-07-05T10:55:44.047+0000] {local_task_job_runner.py:222} INFO - ::endgroup::
