[2024-07-05T08:42:10.431+0000] {local_task_job_runner.py:120} INFO - ::group::Pre task execution logs
[2024-07-05T08:42:10.448+0000] {taskinstance.py:2076} INFO - Dependencies all met for dep_context=non-requeueable deps ti=<TaskInstance: prod_dag.fastapi manual__2024-07-05T08:41:48.579689+00:00 [queued]>
[2024-07-05T08:42:10.452+0000] {taskinstance.py:2076} INFO - Dependencies all met for dep_context=requeueable deps ti=<TaskInstance: prod_dag.fastapi manual__2024-07-05T08:41:48.579689+00:00 [queued]>
[2024-07-05T08:42:10.452+0000] {taskinstance.py:2306} INFO - Starting attempt 1 of 2
[2024-07-05T08:42:10.466+0000] {taskinstance.py:2330} INFO - Executing <Task(DockerOperator): fastapi> on 2024-07-05 08:41:48.579689+00:00
[2024-07-05T08:42:10.474+0000] {warnings.py:112} WARNING - /home/***/.local/lib/python3.12/site-packages/***/task/task_runner/standard_task_runner.py:61: DeprecationWarning: This process (pid=653) is multi-threaded, use of fork() may lead to deadlocks in the child.
  pid = os.fork()

[2024-07-05T08:42:10.475+0000] {standard_task_runner.py:63} INFO - Started process 654 to run task
[2024-07-05T08:42:10.475+0000] {standard_task_runner.py:90} INFO - Running: ['***', 'tasks', 'run', 'prod_dag', 'fastapi', 'manual__2024-07-05T08:41:48.579689+00:00', '--job-id', '323', '--raw', '--subdir', 'DAGS_FOLDER/DAG_prod.py', '--cfg-path', '/tmp/tmprrxpxe4w']
[2024-07-05T08:42:10.476+0000] {standard_task_runner.py:91} INFO - Job 323: Subtask fastapi
[2024-07-05T08:42:10.511+0000] {task_command.py:426} INFO - Running <TaskInstance: prod_dag.fastapi manual__2024-07-05T08:41:48.579689+00:00 [running]> on host 0babcc6ad8d9
[2024-07-05T08:42:10.601+0000] {taskinstance.py:2648} INFO - Exporting env vars: AIRFLOW_CTX_DAG_OWNER='***' AIRFLOW_CTX_DAG_ID='prod_dag' AIRFLOW_CTX_TASK_ID='fastapi' AIRFLOW_CTX_EXECUTION_DATE='2024-07-05T08:41:48.579689+00:00' AIRFLOW_CTX_TRY_NUMBER='1' AIRFLOW_CTX_DAG_RUN_ID='manual__2024-07-05T08:41:48.579689+00:00'
[2024-07-05T08:42:10.602+0000] {taskinstance.py:430} INFO - ::endgroup::
[2024-07-05T08:42:10.640+0000] {docker.py:366} INFO - Starting docker container from image curlimages/curl:latest
[2024-07-05T08:42:10.644+0000] {docker.py:374} WARNING - Using remote engine or docker-in-docker and mounting temporary volume from host is not supported. Falling back to `mount_tmp_dir=False` mode. You can set `mount_tmp_dir` parameter to False to disable mounting and remove the warning
[2024-07-05T08:42:11.020+0000] {docker.py:436} INFO - % Total    % Received % Xferd  Average Spee
[2024-07-05T08:42:11.020+0000] {docker.py:436} INFO - d   Time
[2024-07-05T08:42:11.021+0000] {docker.py:436} INFO - Time     Time  Current
[2024-07-05T08:42:11.021+0000] {docker.py:436} INFO - 
[2024-07-05T08:42:11.021+0000] {docker.py:436} INFO - 
[2024-07-05T08:42:11.021+0000] {docker.py:436} INFO - 
[2024-07-05T08:42:11.021+0000] {docker.py:436} INFO - Dload
[2024-07-05T08:42:11.021+0000] {docker.py:436} INFO - Upload   Total
[2024-07-05T08:42:11.021+0000] {docker.py:436} INFO - Spent
[2024-07-05T08:42:11.021+0000] {docker.py:436} INFO - Left
[2024-07-05T08:42:11.021+0000] {docker.py:436} INFO - Speed
[2024-07-05T08:42:11.021+0000] {docker.py:436} INFO - 0     0    0     0    0
[2024-07-05T08:42:11.021+0000] {docker.py:436} INFO - 0
[2024-07-05T08:42:11.021+0000] {docker.py:436} INFO - 0
[2024-07-05T08:42:11.022+0000] {docker.py:436} INFO - 0 --:--:-- --:--:-- --:--
[2024-07-05T08:42:11.022+0000] {docker.py:436} INFO - :--     0
[2024-07-05T08:42:12.011+0000] {docker.py:436} INFO - 100     2    0     0  100     2      0      1  0:00:02  0:00:01  0:00:01     2
[2024-07-05T08:42:13.013+0000] {docker.py:436} INFO - 100     2    0     0    0     2      0      0 --:--:--  0:00:02 --:--:--     0
[2024-07-05T08:42:14.013+0000] {docker.py:436} INFO - 100     2    0     0    0     2      0      0 --:--:--  0:00:03 --:--:--     0
[2024-07-05T08:42:15.015+0000] {docker.py:436} INFO - 100     2    0     0    0     2      0      0 --:--:--  0:00:04 --:--:--     0
[2024-07-05T08:42:16.016+0000] {docker.py:436} INFO - 100     2    0     0    0     2      0      0 --:--:--  0:00:05 --:--:--     0
[2024-07-05T08:42:17.021+0000] {docker.py:436} INFO - 100     2    0     0    0     2      0      0 --:--:--  0:00:06 --:--:--     0
[2024-07-05T08:42:18.022+0000] {docker.py:436} INFO - 100     2    0     0    0     2      0      0 --:--:--  0:00:07 --:--:--     0
[2024-07-05T08:42:19.022+0000] {docker.py:436} INFO - 100     2    0     0    0     2      0      0 --:--:--  0:00:08 --:--:--     0
[2024-07-05T08:42:20.024+0000] {docker.py:436} INFO - 100     2    0     0    0     2      0      0 --:--:--  0:00:09 --:--:--     0
[2024-07-05T08:42:21.025+0000] {docker.py:436} INFO - 100     2    0     0    0     2      0      0 --:--:--  0:00:10 --:--:--     0
[2024-07-05T08:42:22.026+0000] {docker.py:436} INFO - 100     2    0     0    0     2      0      0 --:--:--  0:00:11 --:--:--     0
[2024-07-05T08:42:23.026+0000] {docker.py:436} INFO - 100     2    0     0    0     2      0      0 --:--:--  0:00:12 --:--:--     0
[2024-07-05T08:42:24.028+0000] {docker.py:436} INFO - 100     2    0     0    0     2      0      0 --:--:--  0:00:13 --:--:--     0
[2024-07-05T08:42:25.029+0000] {docker.py:436} INFO - 100     2    0     0    0     2      0      0 --:--:--  0:00:14 --:--:--     0
[2024-07-05T08:42:26.030+0000] {docker.py:436} INFO - 100     2    0     0    0     2      0      0 --:--:--  0:00:15 --:--:--     0
[2024-07-05T08:42:27.031+0000] {docker.py:436} INFO - 100     2    0     0    0     2      0      0 --:--:--  0:00:16 --:--:--     0
[2024-07-05T08:42:28.031+0000] {docker.py:436} INFO - 100     2    0     0    0     2      0      0 --:--:--  0:00:17 --:--:--     0
[2024-07-05T08:42:29.033+0000] {docker.py:436} INFO - 100     2    0     0    0     2      0      0 --:--:--  0:00:18 --:--:--     0
[2024-07-05T08:42:30.035+0000] {docker.py:436} INFO - 100     2    0     0    0     2      0      0 --:--:--  0:00:19 --:--:--     0
[2024-07-05T08:42:31.035+0000] {docker.py:436} INFO - 100     2    0     0    0     2      0      0 --:--:--  0:00:20 --:--:--     0
[2024-07-05T08:42:32.036+0000] {docker.py:436} INFO - 100     2    0     0    0     2      0      0 --:--:--  0:00:21 --:--:--     0
[2024-07-05T08:42:33.037+0000] {docker.py:436} INFO - 100     2    0     0    0     2      0      0 --:--:--  0:00:22 --:--:--     0
[2024-07-05T08:42:34.038+0000] {docker.py:436} INFO - 100     2    0     0    0     2      0      0 --:--:--  0:00:23 --:--:--     0
[2024-07-05T08:42:35.039+0000] {docker.py:436} INFO - 100     2    0     0    0     2      0      0 --:--:--  0:00:24 --:--:--     0
[2024-07-05T08:42:36.040+0000] {docker.py:436} INFO - 100     2    0     0    0     2      0      0 --:--:--  0:00:25 --:--:--     0
[2024-07-05T08:42:37.040+0000] {docker.py:436} INFO - 100     2    0     0    0     2      0      0 --:--:--  0:00:26 --:--:--     0
[2024-07-05T08:42:38.042+0000] {docker.py:436} INFO - 100     2    0     0    0     2      0      0 --:--:--  0:00:27 --:--:--     0
[2024-07-05T08:42:39.043+0000] {docker.py:436} INFO - 100     2    0     0    0     2      0      0 --:--:--  0:00:28 --:--:--     0
[2024-07-05T08:42:40.043+0000] {docker.py:436} INFO - 100     2    0     0    0     2      0      0 --:--:--  0:00:29 --:--:--     0
[2024-07-05T08:42:41.045+0000] {docker.py:436} INFO - 100     2    0     0    0     2      0      0 --:--:--  0:00:30 --:--:--     0
[2024-07-05T08:42:42.046+0000] {docker.py:436} INFO - 100     2    0     0    0     2      0      0 --:--:--  0:00:31 --:--:--     0
[2024-07-05T08:42:43.046+0000] {docker.py:436} INFO - 100     2    0     0    0     2      0      0 --:--:--  0:00:32 --:--:--     0
[2024-07-05T08:42:44.048+0000] {docker.py:436} INFO - 100     2    0     0    0     2      0      0 --:--:--  0:00:33 --:--:--     0
[2024-07-05T08:42:45.049+0000] {docker.py:436} INFO - 100     2    0     0    0     2      0      0 --:--:--  0:00:34 --:--:--     0
[2024-07-05T08:42:46.050+0000] {docker.py:436} INFO - 100     2    0     0    0     2      0      0 --:--:--  0:00:35 --:--:--     0
[2024-07-05T08:42:47.050+0000] {docker.py:436} INFO - 100     2    0     0    0     2      0      0 --:--:--  0:00:
[2024-07-05T08:42:47.051+0000] {docker.py:436} INFO - 36 --:--:--     0
[2024-07-05T08:42:48.051+0000] {docker.py:436} INFO - 100     2    0     0    0     2      0      0 --:--:--  0:00:37 --:--:--     0
[2024-07-05T08:42:49.053+0000] {docker.py:436} INFO - 100     2    0     0    0     2      0      0 --:--:--  0:00:38 --:--:--     0
[2024-07-05T08:42:50.054+0000] {docker.py:436} INFO - 100     2    0     0    0     2      0      0 --:--:--  0:00:39 --:--:--     0
[2024-07-05T08:42:51.055+0000] {docker.py:436} INFO - 100     2    0     0    0     2      0      0 --:--:--  0:00:40 --:--:--     0
[2024-07-05T08:42:52.056+0000] {docker.py:436} INFO - 100     2    0     0    0     2      0      0 --:--:--  0:00:41 --:--:--     0
[2024-07-05T08:42:53.058+0000] {docker.py:436} INFO - 100     2    0     0    0     2      0      0 --:--:--  0:00:42 --:--:--     0
[2024-07-05T08:42:54.057+0000] {docker.py:436} INFO - 100     2    0     0    0     2      0      0 --:--:--  0:00:43 --:--:--     0
[2024-07-05T08:42:55.058+0000] {docker.py:436} INFO - 100     2    0     0    0     2      0      0 --:--:
[2024-07-05T08:42:55.059+0000] {docker.py:436} INFO - --  0:00:44 --:--:--
[2024-07-05T08:42:55.059+0000] {docker.py:436} INFO - 0
[2024-07-05T08:42:56.065+0000] {docker.py:436} INFO - 100     2    0     0    0     2      0      0 --:--:--  0:00:45 --:--:--     0
[2024-07-05T08:42:57.063+0000] {docker.py:436} INFO - 100     2    0     0    0     2      0      0 --:--:--  0:00:46 --:--:--     0
[2024-07-05T08:42:58.065+0000] {docker.py:436} INFO - 100     2    0     0    0     2      0      0 --:--:--  0:00:47 --:--:--     0
[2024-07-05T08:42:59.066+0000] {docker.py:436} INFO - 100     2    0     0    0     2      0      0 --:--:--  0:00:48 --:--:--     0
[2024-07-05T08:43:00.067+0000] {docker.py:436} INFO - 100     2    0     0    0     2      0      0 --:--:--  0:00:49 --:--:--     0
[2024-07-05T08:43:01.068+0000] {docker.py:436} INFO - 100     2    0     0    0     2      0      0 --:--:--  0:00:50 --:--:--     0
[2024-07-05T08:43:02.069+0000] {docker.py:436} INFO - 100     2    0     0    0     2      0      0 --:--:--  0:00:51 --:--:--     0
[2024-07-05T08:43:03.070+0000] {docker.py:436} INFO - 100     2    0     0    0     2      0      0 --:--:--  0:00:52 --:--:--     0
[2024-07-05T08:43:04.071+0000] {docker.py:436} INFO - 100     2    0     0    0     2      0      0 --:--:--  0:00:53 --:--:--     0
[2024-07-05T08:43:05.071+0000] {docker.py:436} INFO - 100     2    0     0    0     2      0      0 --:--:--
[2024-07-05T08:43:05.072+0000] {docker.py:436} INFO - 0:00:54 --:
[2024-07-05T08:43:05.072+0000] {docker.py:436} INFO - --:--
[2024-07-05T08:43:05.072+0000] {docker.py:436} INFO - 
[2024-07-05T08:43:05.072+0000] {docker.py:436} INFO - 0
[2024-07-05T08:43:06.072+0000] {docker.py:436} INFO - 100     2    0     0    0     2      0      0 --:--:--  0:00:55 --:--:--     0
[2024-07-05T08:43:07.073+0000] {docker.py:436} INFO - 100     2    0     0    0     2      0      0 --:--:--  0:00:56 --:--:--     0
[2024-07-05T08:43:08.074+0000] {docker.py:436} INFO - 100     2    0     0    0     2      0      0 --:--:--  0:00:57 --:--
[2024-07-05T08:43:08.075+0000] {docker.py:436} INFO - :--     0
[2024-07-05T08:43:09.075+0000] {docker.py:436} INFO - 100     2    0     0    0     2      0      0 --:--:--  0:00:58 --:-
[2024-07-05T08:43:09.076+0000] {docker.py:436} INFO - -:--     0
[2024-07-05T08:43:10.077+0000] {docker.py:436} INFO - 100     2    0     0    0     2      0      0 --:--:--  0:00:59 --:--:--     0
[2024-07-05T08:43:11.077+0000] {docker.py:436} INFO - 100     2    0     0    0     2      0      0 --:--:--  0:01:00 --:--:--     0
[2024-07-05T08:43:12.079+0000] {docker.py:436} INFO - 100     2    0     0    0     2      0      0 --:--:--  0:01:01 --:--:--     0
[2024-07-05T08:43:13.080+0000] {docker.py:436} INFO - 100     2    0     0    0     2      0      0 --:--:--  0:01:02 --:--:--     0
[2024-07-05T08:43:14.082+0000] {docker.py:436} INFO - 100     2    0     0    0     2      0      0 --:--:--  0:01:03 --:--:--     0
[2024-07-05T08:43:15.083+0000] {docker.py:436} INFO - 100     2    0     0    0     2      0      0 --:--:--  0:01:04 --:--:--     0
[2024-07-05T08:43:16.083+0000] {docker.py:436} INFO - 100     2    0     0    0     2      0      0 --:--:--  0:01:05 --:--:--     0
[2024-07-05T08:43:17.085+0000] {docker.py:436} INFO - 100     2    0     0    0     2      0      0 --:--:--  0:01:06 --:--:--     0
[2024-07-05T08:43:18.086+0000] {docker.py:436} INFO - 100     2    0     0    0     2      0      0 --:--:--  0:01:07 --:--:--     0
[2024-07-05T08:43:19.086+0000] {docker.py:436} INFO - 100     2    0     0    0     2      0      0 --:--:--  0:01:08 --:--:--
[2024-07-05T08:43:19.087+0000] {docker.py:436} INFO - 0
[2024-07-05T08:43:20.087+0000] {docker.py:436} INFO - 100     2    0     0    0     2      0      0 --:--:--  0:01:
[2024-07-05T08:43:20.088+0000] {docker.py:436} INFO - 09 --:--:--
[2024-07-05T08:43:20.088+0000] {docker.py:436} INFO - 0
[2024-07-05T08:43:21.089+0000] {docker.py:436} INFO - 100     2    0     0    0     2      0      0 --:--:--  0:01:10 --:--:--     0
[2024-07-05T08:43:22.089+0000] {docker.py:436} INFO - 100     2    0     0    0     2      0      0 --:--:--  0:01:11 --:--:--     0
[2024-07-05T08:43:23.091+0000] {docker.py:436} INFO - 100     2    0     0    0     2      0      0 --:--:--  0:01:12 --:--:--     0
[2024-07-05T08:43:24.092+0000] {docker.py:436} INFO - 100     2    0     0    0     2      0      0 --:--:--  0:01:13 --:--:--     0
[2024-07-05T08:43:25.093+0000] {docker.py:436} INFO - 100     2    0     0    0     2      0      0 --:--:--  0:01:14 --:--:--     0
[2024-07-05T08:43:26.094+0000] {docker.py:436} INFO - 100     2    0     0    0     2      0      0 --:--:--  0:01:15 --:--:--     0
[2024-07-05T08:43:27.094+0000] {docker.py:436} INFO - 100     2    0     0    0     2      0      0 --:--:--  0:01:16 --:--:--     0
[2024-07-05T08:43:28.096+0000] {docker.py:436} INFO - 100     2    0     0    0     2      0      0 --:--:--  0:01:17 --:--:--     0
[2024-07-05T08:43:29.096+0000] {docker.py:436} INFO - 100     2    0     0    0     2      0      0 --:--:--  0:01:18 --:--:--     0
[2024-07-05T08:43:30.098+0000] {docker.py:436} INFO - 100     2    0     0    0     2      0      0 --:--:--  0:01:19 --:--:--     0
[2024-07-05T08:43:31.099+0000] {docker.py:436} INFO - 100     2    0     0    0     2      0      0 --:--:--  0:01:20 --:--:--     0
[2024-07-05T08:43:32.100+0000] {docker.py:436} INFO - 100     2    0     0    0     2      0      0 --:--:--  0:01:21 --:--:--     0
[2024-07-05T08:43:33.101+0000] {docker.py:436} INFO - 100     2    0     0    0     2      0      0 --:--:--  0:01:22 --:--:--     0
[2024-07-05T08:43:34.101+0000] {docker.py:436} INFO - 100     2    0     0    0     2      0      0 --:--:--  0:01:23 --:--:--     0
[2024-07-05T08:43:35.103+0000] {docker.py:436} INFO - 100     2    0     0    0     2      0      0 --:--:--  0:01:24 --:--:--     0
[2024-07-05T08:43:36.103+0000] {docker.py:436} INFO - 100     2    0     0    0     2      0      0 --:--:--  0:01:25 --:--:--     0
[2024-07-05T08:43:37.104+0000] {docker.py:436} INFO - 100     2    0     0    0     2      0      0 --:--:--  0:01:26 --:--:--     0
[2024-07-05T08:43:38.106+0000] {docker.py:436} INFO - 100     2    0     0    0     2      0      0 --:--:--  0:01:27 --:--:--     0
[2024-07-05T08:43:39.107+0000] {docker.py:436} INFO - 100     2    0     0    0     2      0      0 --:--:--  0:01:28 --:--:--     0
[2024-07-05T08:43:40.107+0000] {docker.py:436} INFO - 100     2    0     0    0     2      0      0 --:--:--  0:01:29 --:--:--     0
[2024-07-05T08:43:41.109+0000] {docker.py:436} INFO - 100     2    0     0    0     2      0      0 --:--:--  0:01:30 --:--:--     0
[2024-07-05T08:43:42.110+0000] {docker.py:436} INFO - 100     2    0     0    0     2      0      0 --:--:--  0:01:31 --:--:--     0
[2024-07-05T08:43:43.120+0000] {docker.py:436} INFO - 100     2    0     0    0     2      0      0 --:--:--  0:01:32 --:--:--     0
[2024-07-05T08:43:44.120+0000] {docker.py:436} INFO - 100     2    0     0    0     2      0      0 --:--:--  0:01:33 --:--:--
[2024-07-05T08:43:44.121+0000] {docker.py:436} INFO - 0
[2024-07-05T08:43:45.122+0000] {docker.py:436} INFO - 100     2    0     0    0     2      0      0 --:--:--  0:01:34 --:--:--     0
[2024-07-05T08:43:46.122+0000] {docker.py:436} INFO - 100     2    0     0    0     2      0      0 --:--:--  0:01:35 -
[2024-07-05T08:43:46.123+0000] {docker.py:436} INFO - -:--:--     0
[2024-07-05T08:43:47.123+0000] {docker.py:436} INFO - 100     2    0     0    0     2      0      0 --:--:--  0:01:36 --:--:
[2024-07-05T08:43:47.124+0000] {docker.py:436} INFO - --     0
[2024-07-05T08:43:48.126+0000] {docker.py:436} INFO - 100     2    0     0    0     2      0      0 --:--:--  0:01:37 --:--:--     0
[2024-07-05T08:43:49.126+0000] {docker.py:436} INFO - 100     2    0     0    0     2      0      0 --:--:--  0:01:38 --:--:--
[2024-07-05T08:43:49.127+0000] {docker.py:436} INFO - 0
[2024-07-05T08:43:50.127+0000] {docker.py:436} INFO - 100     2    0     0    0     2      0      0 --:--:--  0:01:39 --:--:--     0
[2024-07-05T08:43:51.129+0000] {docker.py:436} INFO - 100     2    0     0    0     2      0      0 --:--:--  0:01:40 --:--:--     0
[2024-07-05T08:43:52.129+0000] {docker.py:436} INFO - 100     2    0     0    0     2      0      0 --:--:--  0:01:41 --:--:--     0
[2024-07-05T08:43:53.131+0000] {docker.py:436} INFO - 100     2    0     0    0     2      0      0 --:--:--  0:01:42 --:--:-
[2024-07-05T08:43:53.131+0000] {docker.py:436} INFO - -     0
[2024-07-05T08:43:54.132+0000] {docker.py:436} INFO - 100     2    0     0    0     2      0      0 --:--:--  0:01:43 --:--:--     0
[2024-07-05T08:43:55.133+0000] {docker.py:436} INFO - 100     2    0     0    0     2      0      0 --:--:--  0:01:44 --:--:--     0
[2024-07-05T08:43:56.133+0000] {docker.py:436} INFO - 100     2    0     0    0     2      0      0 --:--:--  0:01:45 --:--:--     0
[2024-07-05T08:43:57.135+0000] {docker.py:436} INFO - 100     2    0     0    0     2      0      0 --:--:--  0:01:46 --:--:--     0
[2024-07-05T08:43:58.135+0000] {docker.py:436} INFO - 100     2    0     0    0     2      0      0 --:--:--  0:01:47 --:--:--     0
[2024-07-05T08:43:59.136+0000] {docker.py:436} INFO - 100     2    0     0    0     2      0      0 --:--:--  0:01:48 --:--:--
[2024-07-05T08:43:59.137+0000] {docker.py:436} INFO - 0
[2024-07-05T08:44:00.138+0000] {docker.py:436} INFO - 100     2    0     0    0     2      0      0 --:--:--  0:01:49 --:--:--     0
[2024-07-05T08:44:01.139+0000] {docker.py:436} INFO - 100     2    0     0    0     2      0      0 --:--:--  0:01:50 --:--:--     0
[2024-07-05T08:44:02.140+0000] {docker.py:436} INFO - 100     2    0     0    0     2      0      0 --:--:--  0:01:51 --:--:--     0
[2024-07-05T08:44:03.141+0000] {docker.py:436} INFO - 100     2    0     0    0     2      0      0 --:--:--  0:01:52 --:--:--     0
[2024-07-05T08:44:04.142+0000] {docker.py:436} INFO - 100     2    0     0    0     2      0      0 --:--:--  0:01:53 --:--:--     0
[2024-07-05T08:44:05.143+0000] {docker.py:436} INFO - 100     2    0     0    0     2      0      0 --:--:--  0:01:54 --:--:--     0
[2024-07-05T08:44:06.144+0000] {docker.py:436} INFO - 100     2    0     0    0     2      0      0 --:--:--  0:01:55 --:--:--     0
[2024-07-05T08:44:07.145+0000] {docker.py:436} INFO - 100     2    0     0    0     2      0      0 --:--:--  0:01:56 --:--:--     0
[2024-07-05T08:44:08.147+0000] {docker.py:436} INFO - 100     2    0     0    0     2      0      0 --:--:--  0:01:57 --:--:--     0
[2024-07-05T08:44:09.148+0000] {docker.py:436} INFO - 100     2    0     0    0     2      0      0 --:--:--  0:01:58 --:--:--     0
[2024-07-05T08:44:10.149+0000] {docker.py:436} INFO - 100     2    0     0    0     2      0      0 --:--:--  0:01:59 --:--:--     0
[2024-07-05T08:44:11.150+0000] {docker.py:436} INFO - 100     2    0     0    0     2      0      0 --:--:--  0:02:00 --:--:--     0
[2024-07-05T08:44:12.150+0000] {docker.py:436} INFO - 100     2    0     0    0     2      0      0 --:--:--  0
[2024-07-05T08:44:12.151+0000] {docker.py:436} INFO - :02:01 --:--:--
[2024-07-05T08:44:12.151+0000] {docker.py:436} INFO - 
[2024-07-05T08:44:12.151+0000] {docker.py:436} INFO - 0
[2024-07-05T08:44:13.152+0000] {docker.py:436} INFO - 100     2    0     0    0     2      0      0 --:--:--  0:02:02 --:--:--     0
[2024-07-05T08:44:14.153+0000] {docker.py:436} INFO - 100     2    0     0    0     2      0      0 --:--:--  0:02:03 --:--:--     0
[2024-07-05T08:44:15.154+0000] {docker.py:436} INFO - 100     2    0     0    0     2      0      0 --:--:--  0:02:04 --:--:--     0
[2024-07-05T08:44:16.155+0000] {docker.py:436} INFO - 100     2    0     0    0     2      0      0 --:--:--  0:02:05 --:--:--     0
[2024-07-05T08:44:17.156+0000] {docker.py:436} INFO - 100     2    0     0    0     2      0      0 --:--:--  0:02:06 --:--:--     0
[2024-07-05T08:44:18.157+0000] {docker.py:436} INFO - 100     2    0     0    0     2      0      0 --:--:--  0:02:07 --:--:--     0
[2024-07-05T08:44:19.158+0000] {docker.py:436} INFO - 100     2    0     0    0     2      0      0 --:--:--  0:02:08 --:--:--     0
[2024-07-05T08:44:20.158+0000] {docker.py:436} INFO - 100     2    0     0    0     2      0      0 --:--:--  0:02:09 --:--:--     0
[2024-07-05T08:44:21.160+0000] {docker.py:436} INFO - 100     2    0     0    0     2      0      0 --:--:--  0:02:10 --:--:--     0
[2024-07-05T08:44:22.161+0000] {docker.py:436} INFO - 100     2    0     0    0     2      0      0 --:--:--  0:02:11 --:--:--     0
[2024-07-05T08:44:23.162+0000] {docker.py:436} INFO - 100     2    0     0    0     2      0      0 --:--:--  0:02:12 --:--:--     0
[2024-07-05T08:44:24.163+0000] {docker.py:436} INFO - 100     2    0     0    0     2      0      0 --:--:--  0:02:13 --:--:--     0
[2024-07-05T08:44:25.165+0000] {docker.py:436} INFO - 100     2    0     0    0     2      0      0 --:--:--  0:02:14 --:--:--     0
[2024-07-05T08:44:26.166+0000] {docker.py:436} INFO - 100     2    0     0    0     2      0      0 --:--:--  0:02:15 --:--:--     0
[2024-07-05T08:44:27.167+0000] {docker.py:436} INFO - 100     2    0     0    0     2      0      0 --:--:--  0:02:16 --:--:--     0
[2024-07-05T08:44:28.168+0000] {docker.py:436} INFO - 100     2    0     0    0     2      0      0 --:--:--  0:02:17 --:--:--     0
[2024-07-05T08:44:29.169+0000] {docker.py:436} INFO - 100     2    0     0    0     2      0      0 --:--:--  0:02:18 --:--:-
[2024-07-05T08:44:29.169+0000] {docker.py:436} INFO - -     0
[2024-07-05T08:44:30.170+0000] {docker.py:436} INFO - 100     2    0     0    0     2      0      0 --:--:--  0:02:19 --:--:--     0
[2024-07-05T08:44:31.170+0000] {docker.py:436} INFO - 100     2    0     0    0     2      0      0 --:--:--  0:02:20 --:--:--     0
[2024-07-05T08:44:32.172+0000] {docker.py:436} INFO - 100     2    0     0    0     2      0      0 --:--:--  0:02:21 --:--:--     0
[2024-07-05T08:44:33.172+0000] {docker.py:436} INFO - 100     2    0     0    0     2      0      0 --:--:--  0:02:22 --:--:--     0
[2024-07-05T08:44:34.174+0000] {docker.py:436} INFO - 100     2    0     0    0     2      0      0 --:--:--  0:02:23 --:--:--     0
[2024-07-05T08:44:35.175+0000] {docker.py:436} INFO - 100     2    0     0    0     2      0      0 --:--:--  0:02:24 --:--:--     0
[2024-07-05T08:44:36.176+0000] {docker.py:436} INFO - 100     2    0     0    0     2      0      0 --:--:--  0:02:25 --:--:--     0
[2024-07-05T08:44:37.177+0000] {docker.py:436} INFO - 100     2    0     0    0     2      0      0 --:--:--  0:02:26 --:--:--     0
[2024-07-05T08:44:38.178+0000] {docker.py:436} INFO - 100     2    0     0    0     2      0      0 --:--:--  0:02:27 --:--:--     0
[2024-07-05T08:44:39.178+0000] {docker.py:436} INFO - 100     2    0     0    0     2      0      0 --:--:--  0:02:28 --:--:--     0
[2024-07-05T08:44:40.180+0000] {docker.py:436} INFO - 100     2    0     0    0     2      0      0 --:--:--  0:02:29 --:--:--     0
[2024-07-05T08:44:41.181+0000] {docker.py:436} INFO - 100     2    0     0    0     2      0      0 --:--:--  0:02:30 --:--:--     0
[2024-07-05T08:44:42.181+0000] {docker.py:436} INFO - 100     2    0     0    0     2      0      0 --:--:--  0:02:31 --:--:--     0
[2024-07-05T08:44:43.183+0000] {docker.py:436} INFO - 100     2    0     0    0     2      0      0 --:--:--  0:02:32 --:--:--     0
[2024-07-05T08:44:44.184+0000] {docker.py:436} INFO - 100     2    0     0    0     2      0      0 --:--:--  0:02:33 --:--:--     0
[2024-07-05T08:44:45.185+0000] {docker.py:436} INFO - 100     2    0     0    0     2      0      0 --:--:--  0:02:34 --:--:--     0
[2024-07-05T08:44:46.185+0000] {docker.py:436} INFO - 100     2    0     0    0     2      0      0 --:--:--  0:02:35 --:--:--
[2024-07-05T08:44:46.186+0000] {docker.py:436} INFO - 0
[2024-07-05T08:44:47.187+0000] {docker.py:436} INFO - 100     2    0     0    0     2      0      0 --:--:--  0:02:36 --:--:--     0
[2024-07-05T08:44:48.188+0000] {docker.py:436} INFO - 100     2    0     0    0     2      0      0 --:--:--  0:02:37 --:--:--     0
[2024-07-05T08:44:49.191+0000] {docker.py:436} INFO - 100     2    0     0    0     2      0      0 --:--:--  0:02:38 --:--:--     0
[2024-07-05T08:44:50.190+0000] {docker.py:436} INFO - 100     2    0     0    0     2      0      0 --:--:--  0:02:39 --:--:--     0
[2024-07-05T08:44:51.190+0000] {docker.py:436} INFO - 100     2    0     0    0     2      0      0 --:--:--  0:02:40 --:--:--     0
[2024-07-05T08:44:52.191+0000] {docker.py:436} INFO - 100     2    0     0    0     2      0      0 --:--:--  0:02:41 --:--:--     0
[2024-07-05T08:44:53.193+0000] {docker.py:436} INFO - 100     2    0     0    0     2      0      0 --:--:--  0:02:42 --:--:--     0
[2024-07-05T08:44:54.194+0000] {docker.py:436} INFO - 100     2    0     0    0     2      0      0 --:--:--  0:02:43 --:--:--     0
[2024-07-05T08:44:55.195+0000] {docker.py:436} INFO - 100     2    0     0    0     2      0      0 --:--
[2024-07-05T08:44:55.195+0000] {docker.py:436} INFO - :--  0:02:44
[2024-07-05T08:44:55.195+0000] {docker.py:436} INFO - -
[2024-07-05T08:44:55.195+0000] {docker.py:436} INFO - -:
[2024-07-05T08:44:55.195+0000] {docker.py:436} INFO - --
[2024-07-05T08:44:55.195+0000] {docker.py:436} INFO - :--
[2024-07-05T08:44:55.196+0000] {docker.py:436} INFO - 
[2024-07-05T08:44:55.196+0000] {docker.py:436} INFO - 
[2024-07-05T08:44:55.196+0000] {docker.py:436} INFO - 0
[2024-07-05T08:44:56.196+0000] {docker.py:436} INFO - 100     2    0     0    0     2      0      0 --:-
[2024-07-05T08:44:56.196+0000] {docker.py:436} INFO - -:--  0:02:45 --:--
[2024-07-05T08:44:56.196+0000] {docker.py:436} INFO - :--
[2024-07-05T08:44:56.196+0000] {docker.py:436} INFO - 0
[2024-07-05T08:44:57.197+0000] {docker.py:436} INFO - 100     2    0     0    0     2      0      0 --:--:--  0:02:46 --:--:--     0
[2024-07-05T08:44:58.198+0000] {docker.py:436} INFO - 100     2    0     0    0     2      0      0 --:--:--  0:02:47 --:--:--     0
[2024-07-05T08:44:59.198+0000] {docker.py:436} INFO - 100     2    0     0    0     2      0      0 --:--:--  0:02:48 --:--:--     0
[2024-07-05T08:45:00.200+0000] {docker.py:436} INFO - 100     2    0     0    0     2      0      0 --:--:--  0:02:49 --:--:--     0
[2024-07-05T08:45:01.201+0000] {docker.py:436} INFO - 100     2    0     0    0     2      0      0 --:--:--  0:02:50 --:--:--     0
[2024-07-05T08:45:02.202+0000] {docker.py:436} INFO - 100     2    0     0    0     2      0      0 --:--:--  0:02:51 --:--:--     0
[2024-07-05T08:45:03.202+0000] {docker.py:436} INFO - 100     2    0     0    0     2      0      0 --:--
[2024-07-05T08:45:03.203+0000] {docker.py:436} INFO - :--  0:02:52
[2024-07-05T08:45:03.203+0000] {docker.py:436} INFO - --:--:--     0
[2024-07-05T08:45:04.203+0000] {docker.py:436} INFO - 100     2    0     0    0     2      0      0 --:--:--  0:02:
[2024-07-05T08:45:04.204+0000] {docker.py:436} INFO - 53 --:--:--     0
[2024-07-05T08:45:05.204+0000] {docker.py:436} INFO - 100     2    0     0    0     2      0      0 --:--:--
[2024-07-05T08:45:05.205+0000] {docker.py:436} INFO - 0:02:54 --:--:--
[2024-07-05T08:45:05.205+0000] {docker.py:436} INFO - 0
[2024-07-05T08:45:06.205+0000] {docker.py:436} INFO - 100     2    0     0    0     2      0      0 --:--:--  0:02:55 --:--:--     0
[2024-07-05T08:45:07.207+0000] {docker.py:436} INFO - 100     2    0     0    0     2      0      0 --:--:--  0:02:56 --:--:--     0
[2024-07-05T08:45:08.208+0000] {docker.py:436} INFO - 100     2    0     0    0     2      0      0 --:--:--  0:02:57 --:--:--     0
[2024-07-05T08:45:09.209+0000] {docker.py:436} INFO - 100     2    0     0    0     2      0      0 --:--:--  0:02:58 --:--:--     0
[2024-07-05T08:45:10.210+0000] {docker.py:436} INFO - 100     2    0     0    0     2      0      0 --:--:--  0:02:59 --:--:--     0
[2024-07-05T08:45:11.210+0000] {docker.py:436} INFO - 100     2    0     0    0     2      0      0 --:--:--  0:03:00 --:--:--     0
[2024-07-05T08:45:12.211+0000] {docker.py:436} INFO - 100     2    0     0    0     2      0      0 --:--:--  0:03:01 --:--:--     0
[2024-07-05T08:45:13.213+0000] {docker.py:436} INFO - 100     2    0     0    0     2      0      0 --:--:--  0:03:02 --:--:--     0
[2024-07-05T08:45:14.214+0000] {docker.py:436} INFO - 100     2    0     0    0     2      0      0 --:--:--  0:03:03 --:--:--     0
[2024-07-05T08:45:15.214+0000] {docker.py:436} INFO - 100     2    0     0    0     2      0      0 --:--:--  0:03:04 --:--:--     0
[2024-07-05T08:45:16.215+0000] {docker.py:436} INFO - 100     2    0     0    0     2      0      0 --:--:--  0:03:05 --:--:--     0
[2024-07-05T08:45:17.216+0000] {docker.py:436} INFO - 100     2    0     0    0     2      0      0 --:--:--  0:0
[2024-07-05T08:45:17.217+0000] {docker.py:436} INFO - 3:06 --:--:--
[2024-07-05T08:45:17.217+0000] {docker.py:436} INFO - 0
[2024-07-05T08:45:18.218+0000] {docker.py:436} INFO - 100     2    0     0    0     2      0      0 --:--:--  0:03:07 --:--:--     0
[2024-07-05T08:45:19.219+0000] {docker.py:436} INFO - 100     2    0     0    0     2      0      0 --:--:--  0:03:08 --:--:--     0
[2024-07-05T08:45:20.220+0000] {docker.py:436} INFO - 100     2    0     0    0     2      0      0 --:--:--  0:03:09 --:--:--     0
[2024-07-05T08:45:21.221+0000] {docker.py:436} INFO - 100     2    0     0    0     2      0      0 --:--:--  0:03:10 --:--:--     0
[2024-07-05T08:45:22.221+0000] {docker.py:436} INFO - 100     2    0     0    0     2      0      0 --:--:--  0:03:11 --:--:--     0
[2024-07-05T08:45:23.222+0000] {docker.py:436} INFO - 100     2    0     0    0     2      0      0 --
[2024-07-05T08:45:23.223+0000] {docker.py:436} INFO - :--:--  0:03:12 -
[2024-07-05T08:45:23.223+0000] {docker.py:436} INFO - -:--:--
[2024-07-05T08:45:23.223+0000] {docker.py:436} INFO - 0
[2024-07-05T08:45:24.224+0000] {docker.py:436} INFO - 100     2    0     0    0     2      0      0 --:--:--  0:03:13 --:--:--     0
[2024-07-05T08:45:25.224+0000] {docker.py:436} INFO - 100     2    0     0    0     2      0      0 --:--:--  0:03:14 --:--:--     0
[2024-07-05T08:45:26.226+0000] {docker.py:436} INFO - 100     2    0     0    0     2      0      0 --:--:--  0:03:15 --:--:--     0
[2024-07-05T08:45:27.227+0000] {docker.py:436} INFO - 100     2    0     0    0     2      0      0 --:--:--  0:03:16 --:--:--     0
[2024-07-05T08:45:28.228+0000] {docker.py:436} INFO - 100     2    0     0    0     2      0      0 --:--:--  0:03:17 --:--:--     0
[2024-07-05T08:45:29.229+0000] {docker.py:436} INFO - 100     2    0     0    0     2      0      0 --:--:--  0:03:18 --:--:--     0
[2024-07-05T08:45:30.229+0000] {docker.py:436} INFO - 100     2    0     0    0     2      0      0 --:--:--  0:03:19 --:--:--     0
[2024-07-05T08:45:31.230+0000] {docker.py:436} INFO - 100     2    0     0    0     2      0      0 --:--:--  0:03:20 --:--:--
[2024-07-05T08:45:31.231+0000] {docker.py:436} INFO - 0
[2024-07-05T08:45:32.232+0000] {docker.py:436} INFO - 100     2    0     0    0     2      0      0 --:--:--  0:03:21 --:--:--     0
[2024-07-05T08:45:33.233+0000] {docker.py:436} INFO - 100     2    0     0    0     2      0      0 --:--:--  0:03:22 --:--:--     0
[2024-07-05T08:45:34.233+0000] {docker.py:436} INFO - 100     2    0     0    0     2      0      0 --:--:--  0:03:23 --:--:--     0
[2024-07-05T08:45:35.235+0000] {docker.py:436} INFO - 100     2    0     0    0     2      0      0 --:--:--  0:03:24 --:--:--     0
[2024-07-05T08:45:36.237+0000] {docker.py:436} INFO - 100     2    0     0    0     2      0      0 --:--:--  0:03:25 --:--:--     0
[2024-07-05T08:45:37.237+0000] {docker.py:436} INFO - 100     2    0     0    0     2      0      0 --:--:--  0:03:26 --:--:--     0
[2024-07-05T08:45:38.238+0000] {docker.py:436} INFO - 100     2    0     0    0     2      0      0 --:--:--  0:03:27 --:--:--     0
[2024-07-05T08:45:39.238+0000] {docker.py:436} INFO - 100     2    0     0    0     2      0      0 --:--:--  0:03:28 --:--:--     0
[2024-07-05T08:45:40.240+0000] {docker.py:436} INFO - 100     2    0     0    0     2      0      0 --:--:--  0:03:29 --:--:--     0
[2024-07-05T08:45:41.241+0000] {docker.py:436} INFO - 100     2    0     0    0     2      0      0 --:--:--  0:03:30 --:--:--     0
[2024-07-05T08:45:42.241+0000] {docker.py:436} INFO - 100     2    0     0    0     2      0      0 --:--:--  0:03:31 --:--:--     0
[2024-07-05T08:45:43.243+0000] {docker.py:436} INFO - 100     2    0     0    0     2      0      0 --:--:--  0:03:32 --:--:--     0
[2024-07-05T08:45:44.244+0000] {docker.py:436} INFO - 100     2    0     0    0     2      0      0 --:--:--  0:03:33 --:--:--     0
[2024-07-05T08:45:45.244+0000] {docker.py:436} INFO - 100     2    0     0    0     2      0      0 --:--:--  0:03:34 --:--:--     0
[2024-07-05T08:45:46.246+0000] {docker.py:436} INFO - 100     2    0     0    0     2      0      0 --:--:--  0:03:35 --:--:--     0
[2024-07-05T08:45:47.247+0000] {docker.py:436} INFO - 100     2    0     0    0     2      0      0 --:--:--  0:03:36 --:--:--     0
[2024-07-05T08:45:48.248+0000] {docker.py:436} INFO - 100     2    0     0    0     2      0      0 --:--:--  0:03:37 --:--:--     0
[2024-07-05T08:45:49.249+0000] {docker.py:436} INFO - 100     2    0     0    0     2      0      0 --:--:--  0:03:38 --:--:--     0
[2024-07-05T08:45:50.250+0000] {docker.py:436} INFO - 100     2    0     0    0     2      0      0 --:--:--  0:03:39 --:--:--     0
[2024-07-05T08:45:51.250+0000] {docker.py:436} INFO - 100     2    0     0    0     2      0      0 --:--:--  0:03:40 --:--:--
[2024-07-05T08:45:51.251+0000] {docker.py:436} INFO - 0
[2024-07-05T08:45:52.252+0000] {docker.py:436} INFO - 100     2    0     0    0     2      0      0 --:--:--  0:03:41 --:--:--     0
[2024-07-05T08:45:53.252+0000] {docker.py:436} INFO - 100     2    0     0    0     2      0      0 --:--:--  0:03:42 --:--:--     0
[2024-07-05T08:45:54.254+0000] {docker.py:436} INFO - 100     2    0     0    0     2      0      0 --:--:--  0:03:43 --:--:--     0
[2024-07-05T08:45:55.254+0000] {docker.py:436} INFO - 100     2    0     0    0     2      0      0 --:--:--  0:03:44 --:--:--     0
[2024-07-05T08:45:56.256+0000] {docker.py:436} INFO - 100     2    0     0    0     2      0      0 --:--:--  0:03:45 --:--:--     0
[2024-07-05T08:45:57.257+0000] {docker.py:436} INFO - 100     2    0     0    0     2      0      0 --:--:--  0:03:46 --:--:--     0
[2024-07-05T08:45:58.261+0000] {docker.py:436} INFO - 100     2    0     0    0     2      0      0 --:--:--  0:03:47 --:--:--     0
[2024-07-05T08:45:59.259+0000] {docker.py:436} INFO - 100     2    0     0    0     2      0      0 --:--:--  0:03:48 --:--:--     0
[2024-07-05T08:46:00.260+0000] {docker.py:436} INFO - 100     2    0     0    0     2      0      0 --:--:--  0:03:49 --:--:--     0
[2024-07-05T08:46:01.261+0000] {docker.py:436} INFO - 100     2    0     0    0     2      0      0 --:--:--  0:03:50 --:--:--     0
[2024-07-05T08:46:02.262+0000] {docker.py:436} INFO - 100     2    0     0    0     2      0      0 --:--:--  0:03:51 --:--:--     0
[2024-07-05T08:46:03.265+0000] {docker.py:436} INFO - 100     2    0     0    0     2      0      0 --:--:--  0:03:52 --:--:--     0
[2024-07-05T08:46:04.263+0000] {docker.py:436} INFO - 100     2    0     0    0     2      0      0 --:--:--  0:03:53 --:--:--     0
[2024-07-05T08:46:05.265+0000] {docker.py:436} INFO - 100     2    0     0    0     2      0      0 --:--:--  0:03:54 --:--:--     0
[2024-07-05T08:46:06.266+0000] {docker.py:436} INFO - 100     2    0     0    0     2      0      0 --:--:--  0:03:55 --:--:--     0
[2024-07-05T08:46:07.267+0000] {docker.py:436} INFO - 100     2    0     0    0     2      0      0 --:--:--  0:03:56 --:--:--     0
[2024-07-05T08:46:08.267+0000] {docker.py:436} INFO - 100     2    0     0    0     2      0      0 --:--:--  0:03:57 --:--:--     0
[2024-07-05T08:46:09.269+0000] {docker.py:436} INFO - 100     2    0     0    0     2      0      0 --:--:--  0:03:58 --:--:--     0
[2024-07-05T08:46:10.270+0000] {docker.py:436} INFO - 100     2    0     0    0     2      0      0 --:--:--  0:03:59 --:--:--     0
[2024-07-05T08:46:11.271+0000] {docker.py:436} INFO - 100     2    0     0    0     2      0      0 --:--:--  0:04:00 --:--:--     0
[2024-07-05T08:46:12.272+0000] {docker.py:436} INFO - 100     2    0     0    0     2      0      0 --:--:--  0:04:01 --:--:--     0
[2024-07-05T08:46:13.273+0000] {docker.py:436} INFO - 100     2    0     0    0     2      0      0 --:--:--  0:04:02 --:--:--     0
[2024-07-05T08:46:14.275+0000] {docker.py:436} INFO - 100     2    0     0    0     2      0      0 --:--:--  0:04:03 --:--:--     0
[2024-07-05T08:46:15.281+0000] {docker.py:436} INFO - 100     2    0     0    0     2      0      0 --:--:--  0:04:04 --:--:--     0
[2024-07-05T08:46:16.279+0000] {docker.py:436} INFO - 100     2    0     0    0     2      0      0 --:--:--  0:04:05 --:--:--     0
[2024-07-05T08:46:17.280+0000] {docker.py:436} INFO - 100     2    0     0    0     2      0      0 --:--:--  0:04:06 --:--:--     0
[2024-07-05T08:46:18.281+0000] {docker.py:436} INFO - 100     2    0     0    0     2      0      0 --:--:--  0:04:07 --:--:--     0
[2024-07-05T08:46:19.282+0000] {docker.py:436} INFO - 100     2    0     0    0     2      0      0 --:--:--  0
[2024-07-05T08:46:19.282+0000] {docker.py:436} INFO - :04:08 --:--:-
[2024-07-05T08:46:19.282+0000] {docker.py:436} INFO - -     0
[2024-07-05T08:46:20.283+0000] {docker.py:436} INFO - 100     2    0     0    0     2      0      0 --:--:--  0:04:09 --:--:--     0
[2024-07-05T08:46:21.283+0000] {docker.py:436} INFO - 100     2    0     0    0     2      0      0 --:--:--  0:04:10 --:--:--     0
[2024-07-05T08:46:22.285+0000] {docker.py:436} INFO - 100     2    0     0    0     2      0      0 --:--:--  0:04:11 --:--:--     0
[2024-07-05T08:46:23.286+0000] {docker.py:436} INFO - 100     2    0     0    0     2      0      0 --:--:--  0:04:12 --:--:--     0
[2024-07-05T08:46:24.287+0000] {docker.py:436} INFO - 100     2    0     0    0     2      0      0 --:--:--  0:04:13 --:--:--     0
[2024-07-05T08:46:25.288+0000] {docker.py:436} INFO - 100     2    0     0    0     2      0      0 --:--:--  0:04:14 --:--:--     0
[2024-07-05T08:46:26.289+0000] {docker.py:436} INFO - 100     2    0     0    0     2      0      0 --:--:--  0:04:15 --:--:--     0
[2024-07-05T08:46:27.290+0000] {docker.py:436} INFO - 100     2    0     0    0     2      0      0 --:--:--  0:04:16 --:--:--     0
[2024-07-05T08:46:28.291+0000] {docker.py:436} INFO - 100     2    0     0    0     2      0      0 --:--:--  0:04:17 --:--:--     0
[2024-07-05T08:46:29.291+0000] {docker.py:436} INFO - 100     2    0     0    0     2      0      0 --:--:--  0:04:18 --:--:--     0
[2024-07-05T08:46:30.292+0000] {docker.py:436} INFO - 100     2    0     0    0     2      0      0 --:--:--  0:04:19 --:--:--     0
[2024-07-05T08:46:31.293+0000] {docker.py:436} INFO - 100     2    0     0    0     2      0      0 --:--:--  0:04:20 --:--
[2024-07-05T08:46:31.294+0000] {docker.py:436} INFO - :--     0
[2024-07-05T08:46:32.296+0000] {docker.py:436} INFO - 100     2    0     0    0     2      0      0 --:--:--  0:04:21 --:--:--     0
[2024-07-05T08:46:33.296+0000] {docker.py:436} INFO - 100     2    0     0    0     2      0      0 --:--:--  0:04:22 --:--:--     0
[2024-07-05T08:46:34.297+0000] {docker.py:436} INFO - 100     2    0     0    0     2      0      0 --:--:--  0:04:23 --:--:--     0
[2024-07-05T08:46:35.297+0000] {docker.py:436} INFO - 100     2    0     0    0     2      0      0 --:--:--  0:04:24 --:--:--     0
[2024-07-05T08:46:36.298+0000] {docker.py:436} INFO - 100     2    0     0    0     2      0      0 --:--:-
[2024-07-05T08:46:36.299+0000] {docker.py:436} INFO - -  0:04:25 --:--:--
[2024-07-05T08:46:36.299+0000] {docker.py:436} INFO - 
[2024-07-05T08:46:36.299+0000] {docker.py:436} INFO - 0
[2024-07-05T08:46:37.299+0000] {docker.py:436} INFO - 100     2    0     0    0     2      0      0 --:--:--  0:04:26 --:--:--     0
[2024-07-05T08:46:38.303+0000] {docker.py:436} INFO - 100     2    0     0    0     2      0      0 --:--:--  0:04:27 --:--:--     0
[2024-07-05T08:46:39.301+0000] {docker.py:436} INFO - 100     2    0     0    0     2      0      0 --:--:--  0:04:28 --:--:--     0
[2024-07-05T08:46:40.303+0000] {docker.py:436} INFO - 100     2    0     0    0     2      0      0 --:--:--  0:04:29 --:--:--     0
[2024-07-05T08:46:41.304+0000] {docker.py:436} INFO - 100     2    0     0    0     2      0      0 --:--:--  0:04:30 --:--:--     0
[2024-07-05T08:46:42.304+0000] {docker.py:436} INFO - 100     2    0     0    0     2      0      0 --:--:--  0:04:31 --:--:--     0
[2024-07-05T08:46:43.306+0000] {docker.py:436} INFO - 100     2    0     0    0     2      0      0 --:--:--  0:04:32 --:--:--     0
[2024-07-05T08:46:44.306+0000] {docker.py:436} INFO - 100     2    0     0    0     2      0      0 --:--:--  0:04:33 --:--:--     0
[2024-07-05T08:46:45.308+0000] {docker.py:436} INFO - 100     2    0     0    0     2      0      0 --:--:--  0:04:34 --:--:--     0
[2024-07-05T08:46:46.309+0000] {docker.py:436} INFO - 100     2    0     0    0     2      0      0 --:--:--  0:04:35 --:--:--     0
[2024-07-05T08:46:47.310+0000] {docker.py:436} INFO - 100     2    0     0    0     2      0      0 --:--:--  0:04:36 --:--:--     0
[2024-07-05T08:46:48.311+0000] {docker.py:436} INFO - 100     2    0     0    0     2      0      0 --:--:--  0:04:37 --:--:--     0
[2024-07-05T08:46:49.312+0000] {docker.py:436} INFO - 100     2    0     0    0     2      0      0 --:--:--  0:04:38 --:--:--     0
[2024-07-05T08:46:50.313+0000] {docker.py:436} INFO - 100     2    0     0    0     2      0      0 --:--:--  0:04:39 --:--:--     0
[2024-07-05T08:46:51.314+0000] {docker.py:436} INFO - 100     2    0     0    0     2      0      0 --:--:--  0:04:40 --:--:--     0
[2024-07-05T08:46:52.315+0000] {docker.py:436} INFO - 100     2    0     0    0     2      0      0 --:--:--  0:04:41 --:--:--     0
[2024-07-05T08:46:53.316+0000] {docker.py:436} INFO - 100     2    0     0    0     2      0      0 --:--:--  0:04:42 --:--:--     0
[2024-07-05T08:46:54.316+0000] {docker.py:436} INFO - 100     2    0     0    0     2      0      0 --:--:--  0:04:43 --:--:--     0
[2024-07-05T08:46:55.318+0000] {docker.py:436} INFO - 100     2    0     0    0     2      0      0 --:--:--  0:04:44 --:--:--     0
[2024-07-05T08:46:56.319+0000] {docker.py:436} INFO - 100     2    0     0    0     2      0      0 --:--:--  0:04:45 --:--:--     0
[2024-07-05T08:46:57.320+0000] {docker.py:436} INFO - 100     2    0     0    0     2      0      0 --:--:--  0:04:46 --:--:--     0
[2024-07-05T08:46:58.320+0000] {docker.py:436} INFO - 100     2    0     0    0     2      0
[2024-07-05T08:46:58.321+0000] {docker.py:436} INFO - 0 --:--:--  0:04:47 --:--:-
[2024-07-05T08:46:58.321+0000] {docker.py:436} INFO - -
[2024-07-05T08:46:58.321+0000] {docker.py:436} INFO - 0
[2024-07-05T08:46:59.322+0000] {docker.py:436} INFO - 100     2    0     0    0     2      0      0 --:--:--  0:04:48 --:--:--     0
[2024-07-05T08:47:00.322+0000] {docker.py:436} INFO - 100     2    0     0    0     2      0      0 --:--:--  0:04:49 --:--:--     0
[2024-07-05T08:47:01.324+0000] {docker.py:436} INFO - 100     2    0     0    0     2      0      0 --:--:--  0:04:50 --:--:--     0
[2024-07-05T08:47:02.325+0000] {docker.py:436} INFO - 100     2    0     0    0     2      0      0 --:--:--  0:04:51 --:--:--     0
[2024-07-05T08:47:03.326+0000] {docker.py:436} INFO - 100     2    0     0    0     2      0      0 --:--:--  0:04:52 --:--:--     0
[2024-07-05T08:47:04.327+0000] {docker.py:436} INFO - 100     2    0     0    0     2      0      0 --:--:--  0:04:53 --:--:--     0
[2024-07-05T08:47:05.328+0000] {docker.py:436} INFO - 100     2    0     0    0     2      0      0 --:--:--  0:04:54 --:--:--     0
[2024-07-05T08:47:06.328+0000] {docker.py:436} INFO - 100     2    0     0    0     2      0      0 --:--:--  0:04:55 --:--:--     0
[2024-07-05T08:47:07.330+0000] {docker.py:436} INFO - 100     2    0     0    0     2      0      0 --:--:--  0:04:56 --:--:--     0
[2024-07-05T08:47:08.331+0000] {docker.py:436} INFO - 100     2    0     0    0     2      0      0 --:--:--  0:04:57 --:--:--     0
[2024-07-05T08:47:09.332+0000] {docker.py:436} INFO - 100     2    0     0    0     2      0
[2024-07-05T08:47:09.332+0000] {docker.py:436} INFO - 0 --:--:-
[2024-07-05T08:47:09.332+0000] {docker.py:436} INFO - -  0
[2024-07-05T08:47:09.332+0000] {docker.py:436} INFO - :04:
[2024-07-05T08:47:09.332+0000] {docker.py:436} INFO - 5
[2024-07-05T08:47:09.333+0000] {docker.py:436} INFO - 8
[2024-07-05T08:47:09.333+0000] {docker.py:436} INFO - -
[2024-07-05T08:47:09.333+0000] {docker.py:436} INFO - -
[2024-07-05T08:47:09.333+0000] {docker.py:436} INFO - :--:
[2024-07-05T08:47:09.333+0000] {docker.py:436} INFO - --
[2024-07-05T08:47:09.333+0000] {docker.py:436} INFO - 0
[2024-07-05T08:47:10.332+0000] {docker.py:436} INFO - 100     2    0     0    0     2      0      0 --:--:--
[2024-07-05T08:47:10.333+0000] {docker.py:436} INFO - 0:04:59 --:--:--
[2024-07-05T08:47:10.333+0000] {docker.py:436} INFO - 0
[2024-07-05T08:47:11.334+0000] {docker.py:436} INFO - 100     2    0     0    0     2      0      0 --:--:--  0:0
[2024-07-05T08:47:11.334+0000] {docker.py:436} INFO - 5:00 --:--:
[2024-07-05T08:47:11.334+0000] {docker.py:436} INFO - --
[2024-07-05T08:47:11.334+0000] {docker.py:436} INFO - 0
[2024-07-05T08:47:12.334+0000] {docker.py:436} INFO - 100     2    0     0    0     2      0      0 --:--:--  0:05:01 --:--:
[2024-07-05T08:47:12.335+0000] {docker.py:436} INFO - --     0
[2024-07-05T08:47:13.335+0000] {docker.py:436} INFO - 100     2    0     0    0     2      0      0 --:--:--  0:05:02 --:--:--     0
[2024-07-05T08:47:14.336+0000] {docker.py:436} INFO - 100     2    0     0    0     2      0      0 --:--:--  0:05:03 --:--:--     0
[2024-07-05T08:47:15.339+0000] {docker.py:436} INFO - 100     2    0     0    0     2      0      0 --:--:--  0:05:04 --:--:--     0
[2024-07-05T08:47:16.339+0000] {docker.py:436} INFO - 100     2    0     0    0     2      0      0 --:--:--  0:05:05 --:--:--     0
[2024-07-05T08:47:17.340+0000] {docker.py:436} INFO - 100     2    0     0    0     2      0      0 --:--:--  0:05:06 --:--:--     0
[2024-07-05T08:47:18.341+0000] {docker.py:436} INFO - 100     2    0     0    0     2      0      0 --:--:--  0:05:07 --:--:--     0
[2024-07-05T08:47:19.349+0000] {docker.py:436} INFO - 100     2    0     0    0     2      0      0 --:--:--  0:05:08 --:--:--
[2024-07-05T08:47:19.350+0000] {docker.py:436} INFO - 0
[2024-07-05T08:47:20.346+0000] {docker.py:436} INFO - 100     2    0     0    0     2      0      0 --:--:--  0:05:09 --:--:--     0
[2024-07-05T08:47:21.348+0000] {docker.py:436} INFO - 100     2    0     0    0     2      0      0 --:--:--  0:05:10 --:--:--     0
[2024-07-05T08:47:22.349+0000] {docker.py:436} INFO - 100     2    0     0    0     2      0      0 --:--:--  0:05:11 --:--:--     0
[2024-07-05T08:47:23.350+0000] {docker.py:436} INFO - 100     2    0     0    0     2      0      0 --:--:--  0:05:12 --:--:--     0
[2024-07-05T08:47:24.350+0000] {docker.py:436} INFO - 100     2    0     0    0     2      0      0 --:--:--  0:05:13 --:--
[2024-07-05T08:47:24.351+0000] {docker.py:436} INFO - :--     0
[2024-07-05T08:47:25.351+0000] {docker.py:436} INFO - 100     2    0     0    0     2      0      0 --:--:--  0:05:
[2024-07-05T08:47:25.352+0000] {docker.py:436} INFO - 14 --:--:--     0
[2024-07-05T08:47:26.353+0000] {docker.py:436} INFO - 100     2    0     0    0     2      0      0 --:--:--  0:05:15 --:--:--     0
[2024-07-05T08:47:27.354+0000] {docker.py:436} INFO - 100     2    0     0    0     2      0      0 --:--:--  0:05:16 --:--:--     0
[2024-07-05T08:47:28.355+0000] {docker.py:436} INFO - 100     2    0     0    0     2      0      0 --:--:--  0:05:17 --:--:--     0
[2024-07-05T08:47:29.355+0000] {docker.py:436} INFO - 100     2    0     0    0     2      0      0 --:--:--  0:05:18 --:--:--     0
[2024-07-05T08:47:30.357+0000] {docker.py:436} INFO - 100     2    0     0    0     2      0      0 --:--:--  0:05:19 --:--:--     0
[2024-07-05T08:47:31.357+0000] {docker.py:436} INFO - 100     2    0     0    0     2      0      0 --:--:--  0:05:20 --:--:--
[2024-07-05T08:47:31.358+0000] {docker.py:436} INFO - 0
[2024-07-05T08:47:32.359+0000] {docker.py:436} INFO - 100     2    0     0    0     2      0      0 --:--:--  0:05:21 --:--:--     0
[2024-07-05T08:47:33.360+0000] {docker.py:436} INFO - 100     2    0     0    0     2      0      0 --:--:--  0:05:22 --:--:--     0
[2024-07-05T08:47:34.374+0000] {docker.py:436} INFO - 100     2    0     0    0     2      0      0 --:--:--  0:05:23 --:--:--     0
[2024-07-05T08:47:35.375+0000] {docker.py:436} INFO - 100     2    0     0    0     2      0      0 --:--:--  0:05:24 --:--:--     0
[2024-07-05T08:47:36.376+0000] {docker.py:436} INFO - 100     2    0     0    0     2      0      0 --:--:--  0:05:25 --:--:--     0
[2024-07-05T08:47:37.377+0000] {docker.py:436} INFO - 100     2    0     0    0     2      0      0 --:--:--  0:05:26 --:--:--     0
[2024-07-05T08:47:38.378+0000] {docker.py:436} INFO - 100     2    0     0    0     2      0      0 --:--:--  0:05:27 --:--:--     0
[2024-07-05T08:47:39.379+0000] {docker.py:436} INFO - 100     2    0     0    0     2      0      0 --:--:--  0:05:28 --:--:--     0
[2024-07-05T08:47:40.385+0000] {docker.py:436} INFO - 100     2    0     0    0     2      0      0 --:--:--  0:05:29 --:--:--     0
[2024-07-05T08:47:41.380+0000] {docker.py:436} INFO - 100     2    0     0    0     2      0      0 --:--:--  0:05:30 --:--:--     0
[2024-07-05T08:47:42.382+0000] {docker.py:436} INFO - 100     2    0     0    0     2      0      0 --:--:--  0:05:31 --:--:--     0
[2024-07-05T08:47:43.382+0000] {docker.py:436} INFO - 100     2    0     0    0     2      0      0 --:--:--  0:05:32 --:--:--     0
[2024-07-05T08:47:44.384+0000] {docker.py:436} INFO - 100     2    0     0    0     2      0      0 --:--:--  0:05:33 --:--:--     0
[2024-07-05T08:47:45.385+0000] {docker.py:436} INFO - 100     2    0     0    0     2      0      0 --:--:--  0:05:34 --:--:--     0
[2024-07-05T08:47:46.386+0000] {docker.py:436} INFO - 100     2    0     0    0     2      0      0 --:--:--  0:05:35 --:--:--     0
[2024-07-05T08:47:47.386+0000] {docker.py:436} INFO - 100     2    0     0    0     2      0      0 --:--:--  0:05:36 --:--:--     0
[2024-07-05T08:47:48.388+0000] {docker.py:436} INFO - 100     2    0     0    0     2      0      0 --:--:--  0:05:37 --:--:--     0
[2024-07-05T08:47:49.388+0000] {docker.py:436} INFO - 100     2    0     0    0     2      0      0 --:--:--  0:05:38 --:--:--     0
[2024-07-05T08:47:50.390+0000] {docker.py:436} INFO - 100     2    0     0    0     2      0      0 --:--:--  0:05:39 --:--:--     0
[2024-07-05T08:47:51.390+0000] {docker.py:436} INFO - 100     2    0     0    0     2      0      0 --:--:--  0:05:40 --:--:--     0
[2024-07-05T08:47:52.392+0000] {docker.py:436} INFO - 100     2    0     0    0     2      0      0 --:--:--  0:05:41 --:--:--     0
[2024-07-05T08:47:53.393+0000] {docker.py:436} INFO - 100     2    0     0    0     2      0      0 --:--:--  0:05:42 --:--:--     0
[2024-07-05T08:47:54.396+0000] {docker.py:436} INFO - 100     2    0     0    0     2      0      0 --:--:--  0:05:43 --:--:--     0
[2024-07-05T08:47:55.397+0000] {docker.py:436} INFO - 100     2    0     0    0     2      0      0 --:--:--  0:05:44 --:--:--     0
[2024-07-05T08:47:56.397+0000] {docker.py:436} INFO - 100     2    0     0    0     2      0      0 --:--:--  0:05:45 --:--:--     0
[2024-07-05T08:47:57.399+0000] {docker.py:436} INFO - 100     2    0     0    0     2      0      0 --:--:--  0:05:46 --:--:--     0
[2024-07-05T08:47:58.400+0000] {docker.py:436} INFO - 100     2    0     0    0     2      0      0 --:--:--  0:05:47 --:--:--     0
[2024-07-05T08:47:59.401+0000] {docker.py:436} INFO - 100     2    0     0    0     2      0      0 --:--:--  0:05:48 --:--:--     0
[2024-07-05T08:48:00.402+0000] {docker.py:436} INFO - 100     2    0     0    0     2      0      0 --:--:--  0:05:49 --:--:--     0
[2024-07-05T08:48:01.402+0000] {docker.py:436} INFO - 100     2    0     0    0     2      0      0 --:--:--  0:05:50 --:--:--     0
[2024-07-05T08:48:02.404+0000] {docker.py:436} INFO - 100     2    0     0    0     2      0      0 --:--:--  0:05:51 --:--:--     0
[2024-07-05T08:48:03.405+0000] {docker.py:436} INFO - 100     2    0     0    0     2      0      0 --:--:--  0:05:52 --:--:--     0
[2024-07-05T08:48:04.406+0000] {docker.py:436} INFO - 100     2    0     0    0     2      0      0 --:--:--  0:05:53 --:--:--     0
[2024-07-05T08:48:05.407+0000] {docker.py:436} INFO - 100     2    0     0    0     2      0      0 --:--:--  0:05:54 --:--:--     0
[2024-07-05T08:48:06.408+0000] {docker.py:436} INFO - 100     2    0     0    0     2      0      0 --:--:--  0:05:55 --:--:--     0
[2024-07-05T08:48:07.409+0000] {docker.py:436} INFO - 100     2    0     0    0     2      0      0 --:--:--  0:05:56 --:--:--     0
[2024-07-05T08:48:08.410+0000] {docker.py:436} INFO - 100     2    0     0    0     2      0      0 --:--:--  0:05:57 --:--:--     0
[2024-07-05T08:48:09.411+0000] {docker.py:436} INFO - 100     2    0     0    0     2      0      0 --:--:--  0:05:58 --:--:--     0
[2024-07-05T08:48:10.412+0000] {docker.py:436} INFO - 100     2    0     0    0     2      0      0 --:--:--  0:05:59 --:--:--     0
[2024-07-05T08:48:11.414+0000] {docker.py:436} INFO - 100     2    0     0    0     2      0      0 --:--:--  0:06:00 --:--:--     0
[2024-07-05T08:48:12.414+0000] {docker.py:436} INFO - 100     2    0     0    0     2      0      0 --:--:--  0:06:01 --:--:--     0
[2024-07-05T08:48:13.415+0000] {docker.py:436} INFO - 100     2    0     0    0     2      0      0 --:--:--  0:06:02 --:--:--     0
[2024-07-05T08:48:14.415+0000] {docker.py:436} INFO - 100     2    0     0    0     2      0      0 --:--:--  0:06:03 --:--:--     0
[2024-07-05T08:48:15.416+0000] {docker.py:436} INFO - 100     2    0     0    0     2      0      0 --:--:--  0:06:04 --:--:--
[2024-07-05T08:48:15.417+0000] {docker.py:436} INFO - 0
[2024-07-05T08:48:16.419+0000] {docker.py:436} INFO - 100     2    0     0    0     2      0      0 --:--:--  0:06:05 --:--:--     0
[2024-07-05T08:48:17.419+0000] {docker.py:436} INFO - 100     2    0     0    0     2      0      0 --:--:--  0:06:06 --:--:--     0
[2024-07-05T08:48:18.420+0000] {docker.py:436} INFO - 100     2    0     0    0     2      0      0 --:--:--  0:06:07 --:--:--     0
[2024-07-05T08:48:19.421+0000] {docker.py:436} INFO - 100     2    0     0    0     2      0      0 --:--:--  0:06:08 --:--:--     0
[2024-07-05T08:48:20.422+0000] {docker.py:436} INFO - 100     2    0     0    0     2      0      0 --:--:--  0:06:09 --:--:--     0
[2024-07-05T08:48:21.422+0000] {docker.py:436} INFO - 100     2    0     0    0     2      0      0 --:--:--  0:06:10 --:--:--     0
[2024-07-05T08:48:22.425+0000] {docker.py:436} INFO - 100     2    0     0    0     2      0      0 --:--:--  0:06:11 --:--:--     0
[2024-07-05T08:48:23.426+0000] {docker.py:436} INFO - 100     2    0     0    0     2      0      0 --:--:--  0:06:12 --:--:--     0
[2024-07-05T08:48:24.427+0000] {docker.py:436} INFO - 100     2    0     0    0     2      0      0 --:--:--  0:06:13 --:--:--     0
[2024-07-05T08:48:25.427+0000] {docker.py:436} INFO - 100     2    0     0    0     2      0      0 --:--:--  0:06:14 --:--:--     0
[2024-07-05T08:48:26.428+0000] {docker.py:436} INFO - 100     2    0     0    0     2      0      0 --:--:--  0:06:15 --:--:--     0
[2024-07-05T08:48:27.430+0000] {docker.py:436} INFO - 100     2    0     0    0     2      0      0 --:--:--  0:06:16 --:--:--     0
[2024-07-05T08:48:28.430+0000] {docker.py:436} INFO - 100     2    0     0    0     2      0      0 --:--:--  0:06:17 --:--:--     0
[2024-07-05T08:48:29.432+0000] {docker.py:436} INFO - 100     2    0     0    0     2      0      0 --:--:--  0:06:18 --:--:--     0
[2024-07-05T08:48:30.433+0000] {docker.py:436} INFO - 100     2    0     0    0     2      0      0 --:--:--  0:06:19 --:--:--     0
[2024-07-05T08:48:31.434+0000] {docker.py:436} INFO - 100     2    0     0    0     2      0      0 --:--:--  0:06:20 --:--:--     0
[2024-07-05T08:48:32.434+0000] {docker.py:436} INFO - 100     2    0     0    0     2      0      0 --:--:--  0:06:21 --:--:--     0
[2024-07-05T08:48:33.370+0000] {docker.py:436} INFO - HTTP/1.1 200 OK
[2024-07-05T08:48:33.370+0000] {docker.py:436} INFO - 100    62    0    60    0     2      0      0 --:--:--  0:06:22 --:--:--    12
[2024-07-05T08:48:33.370+0000] {docker.py:436} INFO - date: Fri, 05 Jul 2024 08:36:47 GMT
server: uvicorn
content-length: 60
content-type: application/json

{"message":"Elasticsearch updated","predictions_count":1426}
[2024-07-05T08:48:33.511+0000] {taskinstance.py:441} INFO - ::group::Post task execution logs
[2024-07-05T08:48:33.525+0000] {taskinstance.py:1206} INFO - Marking task as SUCCESS. dag_id=prod_dag, task_id=fastapi, run_id=manual__2024-07-05T08:41:48.579689+00:00, execution_date=20240705T084148, start_date=20240705T084210, end_date=20240705T084833
[2024-07-05T08:48:33.561+0000] {local_task_job_runner.py:240} INFO - Task exited with return code 0
[2024-07-05T08:48:33.571+0000] {taskinstance.py:3503} INFO - 0 downstream tasks scheduled from follow-on schedule check
[2024-07-05T08:48:33.574+0000] {local_task_job_runner.py:222} INFO - ::endgroup::
