[2024-07-05T09:28:41.614+0000] {local_task_job_runner.py:120} INFO - ::group::Pre task execution logs
[2024-07-05T09:28:41.627+0000] {taskinstance.py:2076} INFO - Dependencies all met for dep_context=non-requeueable deps ti=<TaskInstance: prod_dag.run_elastic_docker manual__2024-07-05T09:28:09.794979+00:00 [queued]>
[2024-07-05T09:28:41.631+0000] {taskinstance.py:2076} INFO - Dependencies all met for dep_context=requeueable deps ti=<TaskInstance: prod_dag.run_elastic_docker manual__2024-07-05T09:28:09.794979+00:00 [queued]>
[2024-07-05T09:28:41.631+0000] {taskinstance.py:2306} INFO - Starting attempt 1 of 2
[2024-07-05T09:28:41.639+0000] {taskinstance.py:2330} INFO - Executing <Task(DockerOperator): run_elastic_docker> on 2024-07-05 09:28:09.794979+00:00
[2024-07-05T09:28:41.647+0000] {warnings.py:112} WARNING - /home/***/.local/lib/python3.12/site-packages/***/task/task_runner/standard_task_runner.py:61: DeprecationWarning: This process (pid=141) is multi-threaded, use of fork() may lead to deadlocks in the child.
  pid = os.fork()

[2024-07-05T09:28:41.648+0000] {standard_task_runner.py:63} INFO - Started process 142 to run task
[2024-07-05T09:28:41.649+0000] {standard_task_runner.py:90} INFO - Running: ['***', 'tasks', 'run', 'prod_dag', 'run_elastic_docker', 'manual__2024-07-05T09:28:09.794979+00:00', '--job-id', '5', '--raw', '--subdir', 'DAGS_FOLDER/DAG_prod.py', '--cfg-path', '/tmp/tmpoovom3d7']
[2024-07-05T09:28:41.650+0000] {standard_task_runner.py:91} INFO - Job 5: Subtask run_elastic_docker
[2024-07-05T09:28:41.674+0000] {task_command.py:426} INFO - Running <TaskInstance: prod_dag.run_elastic_docker manual__2024-07-05T09:28:09.794979+00:00 [running]> on host d74fc8b8969f
[2024-07-05T09:28:41.724+0000] {taskinstance.py:2648} INFO - Exporting env vars: AIRFLOW_CTX_DAG_OWNER='***' AIRFLOW_CTX_DAG_ID='prod_dag' AIRFLOW_CTX_TASK_ID='run_elastic_docker' AIRFLOW_CTX_EXECUTION_DATE='2024-07-05T09:28:09.794979+00:00' AIRFLOW_CTX_TRY_NUMBER='1' AIRFLOW_CTX_DAG_RUN_ID='manual__2024-07-05T09:28:09.794979+00:00'
[2024-07-05T09:28:41.724+0000] {taskinstance.py:430} INFO - ::endgroup::
[2024-07-05T09:28:41.744+0000] {docker.py:493} INFO - Pulling docker image bost67dst/elastic_loading:latest
[2024-07-05T09:28:42.973+0000] {docker.py:507} INFO - latest: Pulling from bost67dst/elastic_loading
[2024-07-05T09:28:42.974+0000] {docker.py:507} INFO - f11c1adaa26e: Already exists
[2024-07-05T09:28:42.997+0000] {docker.py:507} INFO - a64cae28bf14: Already exists
[2024-07-05T09:28:43.024+0000] {docker.py:507} INFO - 0e903b6a67b0: Already exists
[2024-07-05T09:28:43.048+0000] {docker.py:507} INFO - 808ac08b1607: Already exists
[2024-07-05T09:28:43.086+0000] {docker.py:507} INFO - c4e9078483aa: Already exists
[2024-07-05T09:28:43.120+0000] {docker.py:507} INFO - f6fe503c8201: Pulling fs layer
[2024-07-05T09:28:43.121+0000] {docker.py:507} INFO - 4f4fb700ef54: Pulling fs layer
[2024-07-05T09:28:43.121+0000] {docker.py:507} INFO - b1e2c8d8bce2: Pulling fs layer
[2024-07-05T09:28:43.121+0000] {docker.py:507} INFO - 0346906ea548: Pulling fs layer
[2024-07-05T09:28:43.121+0000] {docker.py:507} INFO - a0d29712f33e: Pulling fs layer
[2024-07-05T09:28:43.121+0000] {docker.py:507} INFO - 4b2b106d720a: Pulling fs layer
[2024-07-05T09:28:43.121+0000] {docker.py:507} INFO - 5ce8d4f678dc: Pulling fs layer
[2024-07-05T09:28:43.121+0000] {docker.py:507} INFO - 0346906ea548: Waiting
[2024-07-05T09:28:43.121+0000] {docker.py:507} INFO - 4b2b106d720a: Waiting
[2024-07-05T09:28:43.121+0000] {docker.py:507} INFO - a0d29712f33e: Waiting
[2024-07-05T09:28:43.122+0000] {docker.py:507} INFO - 5ce8d4f678dc: Waiting
[2024-07-05T09:28:43.122+0000] {docker.py:507} INFO - f6fe503c8201: Waiting
[2024-07-05T09:28:43.122+0000] {docker.py:507} INFO - 4f4fb700ef54: Waiting
[2024-07-05T09:28:43.122+0000] {docker.py:507} INFO - b1e2c8d8bce2: Waiting
[2024-07-05T09:28:44.560+0000] {docker.py:507} INFO - f6fe503c8201: Downloading
[2024-07-05T09:28:44.561+0000] {docker.py:507} INFO - f6fe503c8201: Verifying Checksum
[2024-07-05T09:28:44.561+0000] {docker.py:507} INFO - f6fe503c8201: Download complete
[2024-07-05T09:28:44.561+0000] {docker.py:507} INFO - f6fe503c8201: Extracting
[2024-07-05T09:28:44.641+0000] {docker.py:507} INFO - f6fe503c8201: Pull complete
[2024-07-05T09:28:45.053+0000] {docker.py:507} INFO - 4f4fb700ef54: Downloading
[2024-07-05T09:28:45.053+0000] {docker.py:507} INFO - 4f4fb700ef54: Verifying Checksum
[2024-07-05T09:28:45.053+0000] {docker.py:507} INFO - 4f4fb700ef54: Download complete
[2024-07-05T09:28:45.053+0000] {docker.py:507} INFO - 4f4fb700ef54: Extracting
[2024-07-05T09:28:45.102+0000] {docker.py:507} INFO - 4f4fb700ef54: Pull complete
[2024-07-05T09:28:45.516+0000] {docker.py:507} INFO - b1e2c8d8bce2: Downloading
[2024-07-05T09:28:45.563+0000] {docker.py:507} INFO - 0346906ea548: Downloading
[2024-07-05T09:28:45.563+0000] {docker.py:507} INFO - 0346906ea548: Download complete
[2024-07-05T09:28:45.781+0000] {docker.py:507} INFO - b1e2c8d8bce2: Verifying Checksum
[2024-07-05T09:28:45.781+0000] {docker.py:507} INFO - b1e2c8d8bce2: Download complete
[2024-07-05T09:28:45.782+0000] {docker.py:507} INFO - b1e2c8d8bce2: Extracting
[2024-07-05T09:28:46.051+0000] {docker.py:507} INFO - a0d29712f33e: Downloading
[2024-07-05T09:28:46.052+0000] {docker.py:507} INFO - a0d29712f33e: Verifying Checksum
[2024-07-05T09:28:46.052+0000] {docker.py:507} INFO - a0d29712f33e: Download complete
[2024-07-05T09:28:46.101+0000] {docker.py:507} INFO - b1e2c8d8bce2: Pull complete
[2024-07-05T09:28:46.115+0000] {docker.py:507} INFO - 0346906ea548: Extracting
[2024-07-05T09:28:46.163+0000] {docker.py:507} INFO - 0346906ea548: Pull complete
[2024-07-05T09:28:46.176+0000] {docker.py:507} INFO - a0d29712f33e: Extracting
[2024-07-05T09:28:46.226+0000] {docker.py:507} INFO - 4b2b106d720a: Downloading
[2024-07-05T09:28:46.227+0000] {docker.py:507} INFO - a0d29712f33e: Pull complete
[2024-07-05T09:28:46.227+0000] {docker.py:507} INFO - 4b2b106d720a: Verifying Checksum
[2024-07-05T09:28:46.227+0000] {docker.py:507} INFO - 4b2b106d720a: Download complete
[2024-07-05T09:28:46.238+0000] {docker.py:507} INFO - 4b2b106d720a: Extracting
[2024-07-05T09:28:46.285+0000] {docker.py:507} INFO - 4b2b106d720a: Pull complete
[2024-07-05T09:28:46.499+0000] {docker.py:507} INFO - 5ce8d4f678dc: Downloading
[2024-07-05T09:28:46.500+0000] {docker.py:507} INFO - 5ce8d4f678dc: Verifying Checksum
[2024-07-05T09:28:46.500+0000] {docker.py:507} INFO - 5ce8d4f678dc: Download complete
[2024-07-05T09:28:46.500+0000] {docker.py:507} INFO - 5ce8d4f678dc: Extracting
[2024-07-05T09:28:46.550+0000] {docker.py:507} INFO - 5ce8d4f678dc: Pull complete
[2024-07-05T09:28:46.576+0000] {docker.py:502} INFO - Digest: sha256:cad3c3596222e731857c2c06ba6d671a91284efbec9d1fa7ea8078bd87f0d4ba
[2024-07-05T09:28:46.588+0000] {docker.py:502} INFO - Status: Downloaded newer image for bost67dst/elastic_loading:latest
[2024-07-05T09:28:46.593+0000] {docker.py:366} INFO - Starting docker container from image bost67dst/elastic_loading:latest
[2024-07-05T09:28:49.837+0000] {docker.py:436} INFO - Contrôle de création de l'index : True
Dossier des fichiers de reviews à importer :  /src/../data/bank/reviews
Import de 01banque-en-ligne.fr ... 40 document(s) de l'entreprise 01banque-en-ligne.fr importé(s) !
Import de anyti.me ... 40 document(s) de l'entreprise anyti.me importé(s) !
Import de helios.do ... 40 document(s) de l'entreprise helios.do importé(s) !
Import de www.younited-credit.com ... 40 document(s) de l'entreprise www.younited-credit.com importé(s) !
Import de cibformation.fr ... 40 document(s) de l'entreprise cibformation.fr importé(s) !
Import de cofidis.fr ... 40 document(s) de l'entreprise cofidis.fr importé(s) !
Import de qonto.com ... 40 document(s) de l'entreprise qonto.com importé(s) !
Import de pixpay.eu ... 40 document(s) de l'entreprise pixpay.eu importé(s) !
Import de pennypet.io ... 40 document(s) de l'entreprise pennypet.io importé(s) !
Import de shine.fr ... 40 document(s) de l'entreprise shine.fr importé(s) !
Import de moneywalkie.com ... 40 document(s) de l'entreprise moneywalkie.com importé(s) !
Import de boursobank.com ... 40 document(s) de l'entreprise boursobank.com importé(s) !
Import de blank.app ... 40 document(s) de l'entreprise blank.app importé(s) !
Import de propulsebyca.fr ... 40 document(s) de l'entreprise propulsebyca.fr importé(s) !
Import de www.monabanq.com ... 40 document(s) de l'entreprise www.monabanq.com importé(s) !
Import de fortuneo.fr ... 40 document(s) de l'entreprise fortuneo.fr importé(s) !
Import de immopret.fr ... 40 document(s) de l'entreprise immopret.fr importé(s) !
Import de www.francescpi.com ... 40 document(s) de l'entreprise www.francescpi.com importé(s) !
Import de cofidis.pt ... 40 document(s) de l'entreprise cofidis.pt importé(s) !
Import de green-got.com ... 40 document(s) de l'entreprise green-got.com importé(s) !
Import de bcfinance.fr ... 40 document(s) de l'entreprise bcfinance.fr importé(s) !
Import de www.vybecard.com ... 40 document(s) de l'entreprise www.vybecard.com importé(s) !
Import de kard.eu ... 40 document(s) de l'entreprise kard.eu importé(s) !
Import de www.lanef.com ... 40 document(s) de l'entreprise www.lanef.com importé(s) !
Import de britline.com ... 1 document(s) de l'entreprise britline.com importé(s) !
Import de moneynow.fr ... 12 document(s) de l'entreprise moneynow.fr importé(s) !
Import de orangebank.fr ... 40 document(s) de l'entreprise orangebank.fr importé(s) !
Import de sumeria.eu ... 40 document(s) de l'entreprise sumeria.eu importé(s) !
Import de bpe.fr ... 40 document(s) de l'entreprise bpe.fr importé(s) !
Import de hellobank.fr ... 40 document(s) de l'entreprise hellobank.fr importé(s) !
Import de www.mafrenchbank.fr ... 40 document(s) de l'entreprise www.mafrenchbank.fr importé(s) !
Import de floapay.com ... 40 document(s) de l'entreprise floapay.com importé(s) !
Import de connectbanque.com ... 40 document(s) de l'entreprise connectbanque.com importé(s) !
Import de idealpret.fr ... 7 document(s) de l'entreprise idealpret.fr importé(s) !
Import de sofinco.fr ... 40 document(s) de l'entreprise sofinco.fr importé(s) !
Import de changermabanque.com ... 2 document(s) de l'entreprise changermabanque.com importé(s) !
Import de floabank.fr ... 40 document(s) de l'entreprise floabank.fr importé(s) !
Import de moneco.app ... 31 document(s) de l'entreprise moneco.app importé(s) !
Import de plusq1taux.com ... 18 document(s) de l'entreprise plusq1taux.com importé(s) !
Import de onlyonecard.eu ... 35 document(s) de l'entreprise onlyonecard.eu importé(s) !
Post DataView id reviews-dv, status code = 200
Post dashboards, status code = 200
[2024-07-05T09:28:50.132+0000] {taskinstance.py:441} INFO - ::group::Post task execution logs
[2024-07-05T09:28:50.160+0000] {taskinstance.py:1206} INFO - Marking task as SUCCESS. dag_id=prod_dag, task_id=run_elastic_docker, run_id=manual__2024-07-05T09:28:09.794979+00:00, execution_date=20240705T092809, start_date=20240705T092841, end_date=20240705T092850
[2024-07-05T09:28:50.191+0000] {local_task_job_runner.py:240} INFO - Task exited with return code 0
[2024-07-05T09:28:50.211+0000] {taskinstance.py:3503} INFO - 1 downstream tasks scheduled from follow-on schedule check
[2024-07-05T09:28:50.214+0000] {local_task_job_runner.py:222} INFO - ::endgroup::
