[2024-07-05T09:09:04.130+0000] {local_task_job_runner.py:120} INFO - ::group::Pre task execution logs
[2024-07-05T09:09:04.149+0000] {taskinstance.py:2076} INFO - Dependencies all met for dep_context=non-requeueable deps ti=<TaskInstance: prod_dag.fastapi manual__2024-07-05T09:08:39.343793+00:00 [queued]>
[2024-07-05T09:09:04.154+0000] {taskinstance.py:2076} INFO - Dependencies all met for dep_context=requeueable deps ti=<TaskInstance: prod_dag.fastapi manual__2024-07-05T09:08:39.343793+00:00 [queued]>
[2024-07-05T09:09:04.154+0000] {taskinstance.py:2306} INFO - Starting attempt 1 of 2
[2024-07-05T09:09:04.163+0000] {taskinstance.py:2330} INFO - Executing <Task(DockerOperator): fastapi> on 2024-07-05 09:08:39.343793+00:00
[2024-07-05T09:09:04.167+0000] {warnings.py:112} WARNING - /home/***/.local/lib/python3.12/site-packages/***/task/task_runner/standard_task_runner.py:61: DeprecationWarning: This process (pid=1070) is multi-threaded, use of fork() may lead to deadlocks in the child.
  pid = os.fork()

[2024-07-05T09:09:04.168+0000] {standard_task_runner.py:63} INFO - Started process 1071 to run task
[2024-07-05T09:09:04.168+0000] {standard_task_runner.py:90} INFO - Running: ['***', 'tasks', 'run', 'prod_dag', 'fastapi', 'manual__2024-07-05T09:08:39.343793+00:00', '--job-id', '333', '--raw', '--subdir', 'DAGS_FOLDER/DAG_prod.py', '--cfg-path', '/tmp/tmpjawugo3_']
[2024-07-05T09:09:04.169+0000] {standard_task_runner.py:91} INFO - Job 333: Subtask fastapi
[2024-07-05T09:09:04.217+0000] {task_command.py:426} INFO - Running <TaskInstance: prod_dag.fastapi manual__2024-07-05T09:08:39.343793+00:00 [running]> on host 0babcc6ad8d9
[2024-07-05T09:09:04.303+0000] {taskinstance.py:2648} INFO - Exporting env vars: AIRFLOW_CTX_DAG_OWNER='***' AIRFLOW_CTX_DAG_ID='prod_dag' AIRFLOW_CTX_TASK_ID='fastapi' AIRFLOW_CTX_EXECUTION_DATE='2024-07-05T09:08:39.343793+00:00' AIRFLOW_CTX_TRY_NUMBER='1' AIRFLOW_CTX_DAG_RUN_ID='manual__2024-07-05T09:08:39.343793+00:00'
[2024-07-05T09:09:04.304+0000] {taskinstance.py:430} INFO - ::endgroup::
[2024-07-05T09:09:04.333+0000] {docker.py:366} INFO - Starting docker container from image curlimages/curl:latest
[2024-07-05T09:09:04.337+0000] {docker.py:374} WARNING - Using remote engine or docker-in-docker and mounting temporary volume from host is not supported. Falling back to `mount_tmp_dir=False` mode. You can set `mount_tmp_dir` parameter to False to disable mounting and remove the warning
[2024-07-05T09:09:04.675+0000] {docker.py:436} INFO - % Total    % Received % Xferd  Average Speed   Ti
[2024-07-05T09:09:04.675+0000] {docker.py:436} INFO - me    Time     Time  C
[2024-07-05T09:09:04.676+0000] {docker.py:436} INFO - urrent
[2024-07-05T09:09:04.676+0000] {docker.py:436} INFO - Dload  Upload
[2024-07-05T09:09:04.677+0000] {docker.py:436} INFO - 
[2024-07-05T09:09:04.677+0000] {docker.py:436} INFO - To
[2024-07-05T09:09:04.677+0000] {docker.py:436} INFO - ta
[2024-07-05T09:09:04.677+0000] {docker.py:436} INFO - l   Spent
[2024-07-05T09:09:04.677+0000] {docker.py:436} INFO - Left
[2024-07-05T09:09:04.678+0000] {docker.py:436} INFO - Speed
[2024-07-05T09:09:04.678+0000] {docker.py:436} INFO - 0     0    0
[2024-07-05T09:09:04.678+0000] {docker.py:436} INFO - 0
[2024-07-05T09:09:04.678+0000] {docker.py:436} INFO - 0
[2024-07-05T09:09:04.678+0000] {docker.py:436} INFO - 0
[2024-07-05T09:09:04.678+0000] {docker.py:436} INFO - 0
[2024-07-05T09:09:04.678+0000] {docker.py:436} INFO - 0 --:
[2024-07-05T09:09:04.678+0000] {docker.py:436} INFO - --:-- --:--:--
[2024-07-05T09:09:04.678+0000] {docker.py:436} INFO - --:--:--
[2024-07-05T09:09:04.678+0000] {docker.py:436} INFO - 0
[2024-07-05T09:09:05.663+0000] {docker.py:436} INFO - 100     2    0     0  100     2      0      1  0:00:02  0:00:01  0:00:01     1
[2024-07-05T09:09:06.665+0000] {docker.py:436} INFO - 100     2    0     0    0     2      0      0 --:--:--  0:00:02 --:--:--     0
[2024-07-05T09:09:07.669+0000] {docker.py:436} INFO - 100     2    0     0    0     2      0      0 --:--:--  0:00:03 --:--:--     0
[2024-07-05T09:09:08.670+0000] {docker.py:436} INFO - 100     2    0     0    0     2      0      0 --:--:--  0:00:04 --:--:--     0
[2024-07-05T09:09:09.668+0000] {docker.py:436} INFO - 100     2    0     0    0     2      0      0 --:--:--  0:00:05 --:--:--     0
[2024-07-05T09:09:10.669+0000] {docker.py:436} INFO - 100     2    0     0    0     2      0      0 --:--:--  0:00:06 --:--:--
[2024-07-05T09:09:10.669+0000] {docker.py:436} INFO - 0
[2024-07-05T09:09:11.670+0000] {docker.py:436} INFO - 100     2    0     0    0     2      0      0 --:--:--  0:00:07 --:--:--     0
[2024-07-05T09:09:12.671+0000] {docker.py:436} INFO - 100     2    0     0    0     2      0      0 --:--:--  0:00:0
[2024-07-05T09:09:12.672+0000] {docker.py:436} INFO - 8 --:--:--     0
[2024-07-05T09:09:13.672+0000] {docker.py:436} INFO - 100     2    0     0    0     2      0      0 --:--:--  0:00:09 --:--:--     0
[2024-07-05T09:09:14.674+0000] {docker.py:436} INFO - 100     2    0     0    0     2      0      0 --:--:--  0:00:10 --:--:--     0
[2024-07-05T09:09:15.674+0000] {docker.py:436} INFO - 100     2    0     0    0     2      0      0 --:--:--  0:00:11 --:--:--     0
[2024-07-05T09:09:16.675+0000] {docker.py:436} INFO - 100     2    0     0    0     2      0      0 --:--:--  0:00:12 --:--:--     0
[2024-07-05T09:09:17.679+0000] {docker.py:436} INFO - 100     2    0     0    0     2      0      0 --:--:--  0:00:13 --:--:--     0
[2024-07-05T09:09:18.680+0000] {docker.py:436} INFO - 100     2    0     0    0     2      0      0 --:--:--  0:00:14 --:--:--     0
[2024-07-05T09:09:19.681+0000] {docker.py:436} INFO - 100     2    0     0    0     2      0      0 --:--:--  0:00:15 --:--:--     0
[2024-07-05T09:09:20.681+0000] {docker.py:436} INFO - 100     2    0     0    0     2      0      0 --:--:--  0:00:16 --:--:--     0
[2024-07-05T09:09:21.684+0000] {docker.py:436} INFO - 100     2    0     0    0     2      0      0 --:--:--  0:00:17 --:--:--     0
[2024-07-05T09:09:22.685+0000] {docker.py:436} INFO - 100     2    0     0    0     2      0      0 --:--:--  0:00:18 --:--:--     0
[2024-07-05T09:09:23.686+0000] {docker.py:436} INFO - 100     2    0     0    0     2      0      0 --:--:--  0:00:19 --:--:--     0
[2024-07-05T09:09:24.687+0000] {docker.py:436} INFO - 100     2    0     0    0     2      0      0 --:--:--  0:00:20 --:--:--     0
[2024-07-05T09:09:25.688+0000] {docker.py:436} INFO - 100     2    0     0    0     2      0      0 --:--:--  0:00:21 --:--:--     0
[2024-07-05T09:09:26.690+0000] {docker.py:436} INFO - 100     2    0     0    0     2      0      0 --:--:--  0:00:22 --:--:--     0
[2024-07-05T09:09:27.692+0000] {docker.py:436} INFO - 100     2    0     0    0     2      0      0 --:--:--  0:00:23 --:--:--     0
[2024-07-05T09:09:28.694+0000] {docker.py:436} INFO - 100     2    0     0    0     2      0      0 --:--:--  0:00:24 --:--:--     0
[2024-07-05T09:09:29.705+0000] {docker.py:436} INFO - 100     2    0     0    0     2      0      0 --:--:--  0:00:25 --:--:--     0
[2024-07-05T09:09:30.700+0000] {docker.py:436} INFO - 100     2    0     0    0     2      0      0 --:--:--  0:00:26 --:--:--     0
[2024-07-05T09:09:31.701+0000] {docker.py:436} INFO - 100     2    0     0    0     2      0      0 --:--:--  0:00:27 --:--:--     0
[2024-07-05T09:09:32.703+0000] {docker.py:436} INFO - 100     2    0     0    0     2      0      0 --:--:--  0:00:28 --:--:--     0
[2024-07-05T09:09:33.704+0000] {docker.py:436} INFO - 100     2    0     0    0     2      0      0 --:--:--  0:00:29 --:--:--     0
[2024-07-05T09:09:34.705+0000] {docker.py:436} INFO - 100     2    0     0    0     2      0      0 --:--:--  0:00:30 --:--:--     0
[2024-07-05T09:09:35.707+0000] {docker.py:436} INFO - 100     2    0     0    0     2      0      0 --:--:--  0:00:31 --:--:--     0
[2024-07-05T09:09:36.710+0000] {docker.py:436} INFO - 100     2    0     0    0     2      0      0 --:--:--  0:00:32 --:--:--     0
[2024-07-05T09:09:37.712+0000] {docker.py:436} INFO - 100     2    0     0    0     2      0      0 --:--:--  0:00:33 --:--:--     0
[2024-07-05T09:09:38.714+0000] {docker.py:436} INFO - 100     2    0     0    0     2      0      0 --:--:--  0:00:34 --:--:--     0
[2024-07-05T09:09:39.715+0000] {docker.py:436} INFO - 100     2    0     0    0     2      0      0 --:--:--  0:00:35 --:--:--     0
[2024-07-05T09:09:40.717+0000] {docker.py:436} INFO - 100     2    0     0    0     2      0      0 --:--:--  0:00:36 --:--:--     0
[2024-07-05T09:09:41.720+0000] {docker.py:436} INFO - 100     2    0     0    0     2      0      0 --:--:--  0:00:37 --:--:--     0
[2024-07-05T09:09:42.720+0000] {docker.py:436} INFO - 100     2    0     0    0     2      0      0 --:--:--  0:00:38 --:--:--     0
[2024-07-05T09:09:43.721+0000] {docker.py:436} INFO - 100     2    0     0    0     2      0      0 --:--:--  0:00:39 --:--:--     0
[2024-07-05T09:09:44.722+0000] {docker.py:436} INFO - 100     2    0     0    0     2      0      0 --:--:--  0:00:40 --:--:--     0
[2024-07-05T09:09:45.722+0000] {docker.py:436} INFO - 100     2    0     0    0     2      0      0 --:--:--  0:00:41 --:--:--     0
[2024-07-05T09:09:46.724+0000] {docker.py:436} INFO - 100     2    0     0    0     2      0      0 --:--:--  0:00:42 --:--:--     0
[2024-07-05T09:09:47.731+0000] {docker.py:436} INFO - 100     2    0     0    0     2      0      0 --:--:--  0:00:43 --:--:--     0
[2024-07-05T09:09:48.726+0000] {docker.py:436} INFO - 100     2    0     0    0     2      0      0 --:--:--  0:00:44 --:--:--     0
[2024-07-05T09:09:49.726+0000] {docker.py:436} INFO - 100     2    0     0    0     2      0      0 --:--:--  0:00:45 --:--:--     0
[2024-07-05T09:09:50.728+0000] {docker.py:436} INFO - 100     2    0     0    0     2      0      0 --:--:--  0:00:46 --:--:--     0
[2024-07-05T09:09:51.728+0000] {docker.py:436} INFO - 100     2    0     0    0     2      0      0 --:--:--  0:00:47 --:--:--     0
[2024-07-05T09:09:52.729+0000] {docker.py:436} INFO - 100     2    0     0    0     2      0      0 --:--:--  0:00:48 --:--:--     0
[2024-07-05T09:09:53.730+0000] {docker.py:436} INFO - 100     2    0     0    0     2      0      0 --:--:--  0:00:49 --:--:--     0
[2024-07-05T09:09:54.732+0000] {docker.py:436} INFO - 100     2    0     0    0     2      0      0 --:--:--  0:00:50 --:--:--     0
[2024-07-05T09:09:55.733+0000] {docker.py:436} INFO - 100     2    0     0    0     2      0      0 --:--:--  0:00:51 --:--:--     0
[2024-07-05T09:09:56.733+0000] {docker.py:436} INFO - 100     2    0     0    0     2      0      0 --:--:--  0:00:52 --:--:--     0
[2024-07-05T09:09:57.734+0000] {docker.py:436} INFO - 100     2    0     0    0     2      0      0 --:--:--  0:00:53 --:--:--
[2024-07-05T09:09:57.735+0000] {docker.py:436} INFO - 0
[2024-07-05T09:09:58.735+0000] {docker.py:436} INFO - 100     2    0     0    0     2      0      0 --:--:--  0:00:54 --:--:--     0
[2024-07-05T09:09:59.736+0000] {docker.py:436} INFO - 100     2    0     0    0     2      0      0 --:--:--  0:00:55
[2024-07-05T09:09:59.737+0000] {docker.py:436} INFO - --:--
[2024-07-05T09:09:59.737+0000] {docker.py:436} INFO - :--     0
[2024-07-05T09:10:00.737+0000] {docker.py:436} INFO - 100     2    0     0    0     2      0      0 --:--:--  0:00:56 --:--:--     0
[2024-07-05T09:10:01.739+0000] {docker.py:436} INFO - 100     2    0     0    0     2      0      0 --:--:--  0:00:57 --:--:--     0
[2024-07-05T09:10:02.739+0000] {docker.py:436} INFO - 100     2    0     0    0     2      0      0 --:--:--  0:00:58 --:--:--     0
[2024-07-05T09:10:03.740+0000] {docker.py:436} INFO - 100     2    0     0    0     2      0      0 --:--:--  0:00:59 --:--:--     0
[2024-07-05T09:10:04.741+0000] {docker.py:436} INFO - 100     2    0     0    0     2      0      0 --:--:--  0
[2024-07-05T09:10:04.742+0000] {docker.py:436} INFO - :01:00 --:--:--     0
[2024-07-05T09:10:05.742+0000] {docker.py:436} INFO - 100     2    0     0    0     2      0      0 --:--:--  0
[2024-07-05T09:10:05.743+0000] {docker.py:436} INFO - :01:01 --:--:--     0
[2024-07-05T09:10:06.743+0000] {docker.py:436} INFO - 100     2    0     0    0     2      0      0 --:--:--  0:01:02 --:--:--     0
[2024-07-05T09:10:07.745+0000] {docker.py:436} INFO - 100     2    0     0    0     2      0      0 --:--:--  0:01:03 --:--:-
[2024-07-05T09:10:07.745+0000] {docker.py:436} INFO - -     0
[2024-07-05T09:10:08.746+0000] {docker.py:436} INFO - 100     2    0     0    0     2      0      0 --:--:--  0:01:04 --:--:--     0
[2024-07-05T09:10:09.746+0000] {docker.py:436} INFO - 100     2    0     0    0     2      0      0 --:--:--  0:01:05 --:--:--     0
[2024-07-05T09:10:10.748+0000] {docker.py:436} INFO - 100     2    0     0    0     2      0      0 --:--:--  0:01:06 --:--:--     0
[2024-07-05T09:10:11.749+0000] {docker.py:436} INFO - 100     2    0     0    0     2      0      0 --:--:--  0:01:07 --:--:--     0
[2024-07-05T09:10:12.749+0000] {docker.py:436} INFO - 100     2    0     0    0     2      0      0 --:--:--  0:01:08 --:--:--     0
[2024-07-05T09:10:13.751+0000] {docker.py:436} INFO - 100     2    0     0    0     2      0      0 --:--:--  0:01:09 --:--:--     0
[2024-07-05T09:10:14.752+0000] {docker.py:436} INFO - 100     2    0     0    0     2      0      0 --:--:--  0:01:10 --:--:--     0
[2024-07-05T09:10:15.753+0000] {docker.py:436} INFO - 100     2    0     0    0     2      0      0 --:--:--  0:01:11 --:--:--     0
[2024-07-05T09:10:16.753+0000] {docker.py:436} INFO - 100     2    0     0    0     2      0      0 --:--:--  0:01:12 --:--:--     0
[2024-07-05T09:10:17.754+0000] {docker.py:436} INFO - 100     2    0     0    0     2      0      0 --:--:--  0:01:13 --:--:-
[2024-07-05T09:10:17.755+0000] {docker.py:436} INFO - -     0
[2024-07-05T09:10:18.755+0000] {docker.py:436} INFO - 100     2    0     0    0     2      0      0 --:--:--  0:01:14 --:--:--
[2024-07-05T09:10:18.756+0000] {docker.py:436} INFO - 0
[2024-07-05T09:10:19.757+0000] {docker.py:436} INFO - 100     2    0     0    0     2      0      0 --:--:--  0:01:15 --:--:--     0
[2024-07-05T09:10:20.758+0000] {docker.py:436} INFO - 100     2    0     0    0     2      0      0 --:--:--  0:01:16 --:--:--     0
[2024-07-05T09:10:21.758+0000] {docker.py:436} INFO - 100     2    0     0    0     2      0      0 --:--:--  0:01:17 --:--:--     0
[2024-07-05T09:10:22.759+0000] {docker.py:436} INFO - 100     2    0     0    0     2      0      0 --:--:--  0:01:18 --:--:--     0
[2024-07-05T09:10:23.761+0000] {docker.py:436} INFO - 100     2    0     0    0     2      0      0 --:--:--  0:01:19 --:--:--
[2024-07-05T09:10:23.761+0000] {docker.py:436} INFO - 0
[2024-07-05T09:10:24.761+0000] {docker.py:436} INFO - 100     2    0     0    0     2      0      0 --:--:--  0:01:20 --:--:--     0
[2024-07-05T09:10:25.763+0000] {docker.py:436} INFO - 100     2    0     0    0     2      0      0 --:--:--  0:01:21 --:--:--     0
[2024-07-05T09:10:26.764+0000] {docker.py:436} INFO - 100     2    0     0    0     2      0      0 --:--:--  0:01:22 --:--:--
[2024-07-05T09:10:26.764+0000] {docker.py:436} INFO - 0
[2024-07-05T09:10:27.764+0000] {docker.py:436} INFO - 100     2    0     0    0     2      0      0 --:--:
[2024-07-05T09:10:27.765+0000] {docker.py:436} INFO - --  0:01:23 --:--:--
[2024-07-05T09:10:27.765+0000] {docker.py:436} INFO - 0
[2024-07-05T09:10:28.765+0000] {docker.py:436} INFO - 100     2    0     0    0     2      0      0 --:--:--  0:01:24 --:--:--
[2024-07-05T09:10:28.766+0000] {docker.py:436} INFO - 0
[2024-07-05T09:10:29.766+0000] {docker.py:436} INFO - 100     2    0     0    0     2      0      0 --:--:--  0:01:25 --:--:--     0
[2024-07-05T09:10:30.768+0000] {docker.py:436} INFO - 100     2    0     0    0     2      0      0 --:--:--  0:01:26 --:--:--     0
[2024-07-05T09:10:31.769+0000] {docker.py:436} INFO - 100     2    0     0    0     2      0      0 --:--:--  0:01:27 --:--:--     0
[2024-07-05T09:10:32.769+0000] {docker.py:436} INFO - 100     2    0     0    0     2      0      0 --:--:--  0:01:28 --:--:--     0
[2024-07-05T09:10:33.770+0000] {docker.py:436} INFO - 100     2    0     0    0     2      0      0 --:--:--  0:01:29 --:--:--     0
[2024-07-05T09:10:34.773+0000] {docker.py:436} INFO - 100     2    0     0    0     2      0      0 --:--:--  0:01:30 --:--:--     0
[2024-07-05T09:10:35.773+0000] {docker.py:436} INFO - 100     2    0     0    0     2      0      0 --:--:-
[2024-07-05T09:10:35.773+0000] {docker.py:436} INFO - -  0:01:31 --:--:--
[2024-07-05T09:10:35.773+0000] {docker.py:436} INFO - 0
[2024-07-05T09:10:36.773+0000] {docker.py:436} INFO - 100     2    0     0    0     2      0      0 --:--:--  0:
[2024-07-05T09:10:36.774+0000] {docker.py:436} INFO - 01:32 --:--:--
[2024-07-05T09:10:36.774+0000] {docker.py:436} INFO - 0
[2024-07-05T09:10:37.774+0000] {docker.py:436} INFO - 100     2    0     0    0     2      0      0
[2024-07-05T09:10:37.775+0000] {docker.py:436} INFO - --:--:--  0:
[2024-07-05T09:10:37.775+0000] {docker.py:436} INFO - 01:3
[2024-07-05T09:10:37.775+0000] {docker.py:436} INFO - 3
[2024-07-05T09:10:37.775+0000] {docker.py:436} INFO - -
[2024-07-05T09:10:37.775+0000] {docker.py:436} INFO - -:-
[2024-07-05T09:10:37.775+0000] {docker.py:436} INFO - -
[2024-07-05T09:10:37.776+0000] {docker.py:436} INFO - :-
[2024-07-05T09:10:37.776+0000] {docker.py:436} INFO - -     0
[2024-07-05T09:10:38.775+0000] {docker.py:436} INFO - 100     2    0     0    0     2      0      0 --:--:--  0:01:34 --:--:--
[2024-07-05T09:10:38.776+0000] {docker.py:436} INFO - 0
[2024-07-05T09:10:39.776+0000] {docker.py:436} INFO - 100     2    0     0    0     2      0      0 --:--:--  0:01:35 --:--:--     0
[2024-07-05T09:10:40.778+0000] {docker.py:436} INFO - 100     2    0     0    0     2      0      0 --:--:--  0:01:36 --:--:--     0
[2024-07-05T09:10:41.778+0000] {docker.py:436} INFO - 100     2    0     0    0     2      0      0 --:--:--  0:01:37 --:--
[2024-07-05T09:10:41.779+0000] {docker.py:436} INFO - :--     0
[2024-07-05T09:10:42.779+0000] {docker.py:436} INFO - 100     2    0     0    0     2      0      0 --:--:--  0:01:38 --:--:--
[2024-07-05T09:10:42.780+0000] {docker.py:436} INFO - 0
[2024-07-05T09:10:43.780+0000] {docker.py:436} INFO - 100     2    0
[2024-07-05T09:10:43.781+0000] {docker.py:436} INFO - 0    0     2      0      0 --:--:--  0:01:39 --:--:
[2024-07-05T09:10:43.781+0000] {docker.py:436} INFO - --     0
[2024-07-05T09:10:44.781+0000] {docker.py:436} INFO - 100     2    0     0    0     2      0      0 --:--:--  0:01:40 --:--:--     0
[2024-07-05T09:10:45.782+0000] {docker.py:436} INFO - 100     2    0     0    0     2      0      0 --:--:--  0:01:41 --:--:--     0
[2024-07-05T09:10:46.783+0000] {docker.py:436} INFO - 100     2    0     0    0     2      0      0 --:-
[2024-07-05T09:10:46.784+0000] {docker.py:436} INFO - -:--  0:01:42
[2024-07-05T09:10:46.784+0000] {docker.py:436} INFO - --:--
[2024-07-05T09:10:46.784+0000] {docker.py:436} INFO - :--
[2024-07-05T09:10:46.784+0000] {docker.py:436} INFO - 
[2024-07-05T09:10:46.784+0000] {docker.py:436} INFO - 
[2024-07-05T09:10:46.784+0000] {docker.py:436} INFO - 0
[2024-07-05T09:10:47.785+0000] {docker.py:436} INFO - 100     2    0     0    0     2      0      0 --:
[2024-07-05T09:10:47.785+0000] {docker.py:436} INFO - --:--  0:01:43 --:-
[2024-07-05T09:10:47.785+0000] {docker.py:436} INFO - -:--
[2024-07-05T09:10:47.785+0000] {docker.py:436} INFO - 
[2024-07-05T09:10:47.785+0000] {docker.py:436} INFO - 
[2024-07-05T09:10:47.785+0000] {docker.py:436} INFO - 0
[2024-07-05T09:10:48.785+0000] {docker.py:436} INFO - 100     2    0     0    0     2      0      0 --:--:--  0:01:44 --:--:--     0
[2024-07-05T09:10:49.786+0000] {docker.py:436} INFO - 100     2    0     0    0     2      0      0 --:--:--  0:01:45 --:--:--     0
[2024-07-05T09:10:50.787+0000] {docker.py:436} INFO - 100     2    0     0    0     2      0      0 --:--:-
[2024-07-05T09:10:50.788+0000] {docker.py:436} INFO - -  0:01:46 --:--:--
[2024-07-05T09:10:50.788+0000] {docker.py:436} INFO - 0
[2024-07-05T09:10:51.789+0000] {docker.py:436} INFO - 100     2    0     0    0     2      0      0 --:--:--  0:01:47 --:--:--     0
[2024-07-05T09:10:52.791+0000] {docker.py:436} INFO - 100     2    0     0    0     2      0      0 --:--:--  0:01:48 --:--:--     0
[2024-07-05T09:10:53.790+0000] {docker.py:436} INFO - 100     2    0     0    0     2      0      0 --:--:--  0:01:49 --:--:--     0
[2024-07-05T09:10:54.791+0000] {docker.py:436} INFO - 100     2    0     0    0     2      0      0 --:--:--  0:01:50 --:--:--
[2024-07-05T09:10:54.792+0000] {docker.py:436} INFO - 0
[2024-07-05T09:10:55.794+0000] {docker.py:436} INFO - 100     2    0     0    0     2      0      0 --:--:--  0:01:51 --:--:--     0
[2024-07-05T09:10:56.793+0000] {docker.py:436} INFO - 100     2    0     0    0     2      0      0 --:--:--  0:01:52 --:--:
[2024-07-05T09:10:56.794+0000] {docker.py:436} INFO - --     0
[2024-07-05T09:10:57.794+0000] {docker.py:436} INFO - 100     2    0     0    0     2      0      0 --:--:--  0:01:53 --:--:--     0
[2024-07-05T09:10:58.795+0000] {docker.py:436} INFO - 100     2    0     0    0     2      0
[2024-07-05T09:10:58.796+0000] {docker.py:436} INFO - 0 --:--
[2024-07-05T09:10:58.796+0000] {docker.py:436} INFO - :--  0:01:54 --:-
[2024-07-05T09:10:58.796+0000] {docker.py:436} INFO - -:--     0
[2024-07-05T09:10:59.797+0000] {docker.py:436} INFO - 100     2    0     0    0     2      0      0 --:--:--  0:01:55 --:--:--     0
[2024-07-05T09:11:00.798+0000] {docker.py:436} INFO - 100     2    0     0    0     2      0      0 --:--:--  0:01:56 --:--:--     0
[2024-07-05T09:11:01.799+0000] {docker.py:436} INFO - 100     2    0     0    0     2      0      0 --:--:--  0:01:57 --:--:--     0
[2024-07-05T09:11:02.800+0000] {docker.py:436} INFO - 100     2    0     0    0     2      0      0 --:--:--  0:01:58 --:--:--     0
[2024-07-05T09:11:03.801+0000] {docker.py:436} INFO - 100     2    0     0    0     2      0      0 --:--:--  0:01:59 --:--:--     0
[2024-07-05T09:11:04.802+0000] {docker.py:436} INFO - 100     2    0     0    0     2      0      0 --:--:--  0:02:00 --:--:--     0
[2024-07-05T09:11:05.803+0000] {docker.py:436} INFO - 100     2    0     0    0     2      0      0 --:--:--  0:02:01 --:--:--     0
[2024-07-05T09:11:06.804+0000] {docker.py:436} INFO - 100     2    0     0    0     2      0      0 --:--:--  0:02:02 --:--:--     0
[2024-07-05T09:11:07.804+0000] {docker.py:436} INFO - 100     2    0     0    0     2      0      0 --:--:-
[2024-07-05T09:11:07.805+0000] {docker.py:436} INFO - -  0:02:03 --:
[2024-07-05T09:11:07.805+0000] {docker.py:436} INFO - --
[2024-07-05T09:11:07.805+0000] {docker.py:436} INFO - :-
[2024-07-05T09:11:07.805+0000] {docker.py:436} INFO - -
[2024-07-05T09:11:07.805+0000] {docker.py:436} INFO - 
[2024-07-05T09:11:07.805+0000] {docker.py:436} INFO - 0
[2024-07-05T09:11:08.805+0000] {docker.py:436} INFO - 100     2    0     0    0     2      0      0 --:--:--  0:02:04 --:--:--
[2024-07-05T09:11:08.806+0000] {docker.py:436} INFO - 0
[2024-07-05T09:11:09.806+0000] {docker.py:436} INFO - 100     2    0     0    0     2      0      0 --:--:--  0:02:05 --:--:--
[2024-07-05T09:11:09.807+0000] {docker.py:436} INFO - 0
[2024-07-05T09:11:10.808+0000] {docker.py:436} INFO - 100     2    0     0    0     2      0      0 --:--:--  0:02:06 --:--:--     0
[2024-07-05T09:11:11.808+0000] {docker.py:436} INFO - 100     2    0     0    0     2      0      0 --:--:--  0:02:07 --:--:--     0
[2024-07-05T09:11:12.809+0000] {docker.py:436} INFO - 100     2    0     0    0     2      0      0 --:--:--  0
[2024-07-05T09:11:12.810+0000] {docker.py:436} INFO - :02:08 --:--:--
[2024-07-05T09:11:12.810+0000] {docker.py:436} INFO - 0
[2024-07-05T09:11:13.810+0000] {docker.py:436} INFO - 100     2    0     0    0     2      0      0 --:--:--  0:02:09 --:--:--     0
[2024-07-05T09:11:14.811+0000] {docker.py:436} INFO - 100     2    0     0    0     2      0      0 --:--:--  0:02:10 --:--:--     0
[2024-07-05T09:11:15.812+0000] {docker.py:436} INFO - 100     2    0     0    0     2      0      0 --:--:--  0:02:11 --:--:--     0
[2024-07-05T09:11:16.814+0000] {docker.py:436} INFO - 100     2    0     0    0     2      0      0 --:--:--  0:02:12 --:--:--     0
[2024-07-05T09:11:17.815+0000] {docker.py:436} INFO - 100     2    0     0    0     2      0      0 --:--:--  0:02:13 --:--:--     0
[2024-07-05T09:11:18.815+0000] {docker.py:436} INFO - 100     2    0     0    0     2      0      0 --:--:--  0:02:14 --:--:--     0
[2024-07-05T09:11:19.816+0000] {docker.py:436} INFO - 100     2    0     0    0     2      0      0 --:--:--  0:02:15 --:--:--     0
[2024-07-05T09:11:20.817+0000] {docker.py:436} INFO - 100     2    0     0    0     2      0      0 --:--:--  0:02:16 --:--:--     0
[2024-07-05T09:11:21.818+0000] {docker.py:436} INFO - 100     2    0     0    0     2      0      0 --:--:--  0:02:17 --:--:--     0
[2024-07-05T09:11:22.819+0000] {docker.py:436} INFO - 100     2    0     0    0     2      0
[2024-07-05T09:11:22.819+0000] {docker.py:436} INFO - 0 --:--:--  0:0
[2024-07-05T09:11:22.819+0000] {docker.py:436} INFO - 2:1
[2024-07-05T09:11:22.819+0000] {docker.py:436} INFO - 8 -
[2024-07-05T09:11:22.819+0000] {docker.py:436} INFO - -:
[2024-07-05T09:11:22.819+0000] {docker.py:436} INFO - --:-
[2024-07-05T09:11:22.819+0000] {docker.py:436} INFO - -
[2024-07-05T09:11:22.820+0000] {docker.py:436} INFO - 
[2024-07-05T09:11:22.820+0000] {docker.py:436} INFO - 0
[2024-07-05T09:11:23.819+0000] {docker.py:436} INFO - 100     2    0     0    0     2      0      0 --:--:--  0:02:19 --:--:--     0
[2024-07-05T09:11:24.820+0000] {docker.py:436} INFO - 100     2    0     0    0     2      0      0 --:--:--  0:02:20 --:--:--     0
[2024-07-05T09:11:25.822+0000] {docker.py:436} INFO - 100     2    0     0    0     2      0      0 --:--:--  0:02:21 --:--:--     0
[2024-07-05T09:11:26.822+0000] {docker.py:436} INFO - 100     2    0     0    0     2      0      0 --:--:--
[2024-07-05T09:11:26.823+0000] {docker.py:436} INFO - 0:02:22 --:--
[2024-07-05T09:11:26.823+0000] {docker.py:436} INFO - :--
[2024-07-05T09:11:26.823+0000] {docker.py:436} INFO - 
[2024-07-05T09:11:26.823+0000] {docker.py:436} INFO - 0
[2024-07-05T09:11:27.823+0000] {docker.py:436} INFO - 100     2    0     0    0     2      0      0 --:--:--  0:02:23 --:--:--     0
[2024-07-05T09:11:28.825+0000] {docker.py:436} INFO - 100     2    0     0    0     2      0      0 --:--:--  0:02:24 --:--:--     0
[2024-07-05T09:11:29.825+0000] {docker.py:436} INFO - 100     2    0     0    0     2      0      0 --:--:--  0:02:25 --:--:--     0
[2024-07-05T09:11:30.827+0000] {docker.py:436} INFO - 100     2    0     0    0     2      0      0 --:--:--  0:02:26 --:--:--     0
[2024-07-05T09:11:31.829+0000] {docker.py:436} INFO - 100     2    0     0    0     2      0      0 --:--:--  0:02:27 --:--:--     0
[2024-07-05T09:11:32.829+0000] {docker.py:436} INFO - 100     2    0     0    0     2      0      0 --:--:--  0:02:28 --:--:--     0
[2024-07-05T09:11:33.829+0000] {docker.py:436} INFO - 100     2    0     0    0     2      0      0 --:--:--  0:02:29 --:--:--     0
[2024-07-05T09:11:34.830+0000] {docker.py:436} INFO - 100     2    0     0    0     2      0      0 --:--:--  0:02:30 --:--:--     0
[2024-07-05T09:11:35.832+0000] {docker.py:436} INFO - 100     2    0     0    0     2      0      0 --:--:--  0:02:31 --:--:--     0
[2024-07-05T09:11:36.833+0000] {docker.py:436} INFO - 100     2    0     0    0     2      0      0 --:--:--  0:02:32 --:--:--     0
[2024-07-05T09:11:37.834+0000] {docker.py:436} INFO - 100     2    0     0    0     2      0      0 --:--:--  0:02:33 --:--:--     0
[2024-07-05T09:11:38.834+0000] {docker.py:436} INFO - 100     2    0     0    0     2      0      0 --:--:--  0:02:34 --:--:--     0
[2024-07-05T09:11:39.835+0000] {docker.py:436} INFO - 100     2    0     0    0     2      0      0 --:--:--  0:02:35 --:--:--     0
[2024-07-05T09:11:40.836+0000] {docker.py:436} INFO - 100     2    0     0    0     2      0      0 --:--:--  0:02:36
[2024-07-05T09:11:40.837+0000] {docker.py:436} INFO - --:--:--
[2024-07-05T09:11:40.837+0000] {docker.py:436} INFO - 0
[2024-07-05T09:11:41.837+0000] {docker.py:436} INFO - 100     2    0     0    0     2      0      0 --:--:--  0:02:37 --:--:--     0
[2024-07-05T09:11:42.839+0000] {docker.py:436} INFO - 100     2    0     0    0     2      0      0 --:--:--  0:02:38 --:--:--     0
[2024-07-05T09:11:43.839+0000] {docker.py:436} INFO - 100     2    0     0    0     2      0      0 --:--:--  0:02:39 --:--:--     0
[2024-07-05T09:11:44.840+0000] {docker.py:436} INFO - 100     2    0     0    0     2      0      0 --:--:--  0:02:40 --:--:--     0
[2024-07-05T09:11:45.841+0000] {docker.py:436} INFO - 100     2    0     0    0     2      0      0 --:--:--  0:02:41 --:--:--     0
[2024-07-05T09:11:46.842+0000] {docker.py:436} INFO - 100     2    0     0    0     2      0      0 --:--:--  0:02:42 --:--:--     0
[2024-07-05T09:11:47.843+0000] {docker.py:436} INFO - 100     2    0     0    0     2      0      0 --:--:--  0:02:43 --:--:--     0
[2024-07-05T09:11:48.844+0000] {docker.py:436} INFO - 100     2    0     0    0     2      0      0 --:--:--  0:02:44 --:--:--     0
[2024-07-05T09:11:49.845+0000] {docker.py:436} INFO - 100     2    0     0    0     2      0      0 --:--:--  0:02:45 --:--:--     0
[2024-07-05T09:11:50.847+0000] {docker.py:436} INFO - 100     2    0     0    0     2      0      0 --:--:--  0:02:46 --:--:--     0
[2024-07-05T09:11:51.848+0000] {docker.py:436} INFO - 100     2    0     0    0     2      0      0 --:--:--  0:02:47 --:--:--     0
[2024-07-05T09:11:52.849+0000] {docker.py:436} INFO - 100     2    0     0    0     2      0      0 --:--:--  0:02:48 --:--:--     0
[2024-07-05T09:11:53.853+0000] {docker.py:436} INFO - 100     2    0     0    0     2      0      0 --:--:--  0:0
[2024-07-05T09:11:53.853+0000] {docker.py:436} INFO - 2:49 --:--:--     0
[2024-07-05T09:11:54.851+0000] {docker.py:436} INFO - 100     2    0     0    0     2      0      0 --:--:--  0:02:50 --:--:--     0
[2024-07-05T09:11:55.852+0000] {docker.py:436} INFO - 100     2    0     0    0     2      0      0 --:--:--  0:02:51 --:--:--     0
[2024-07-05T09:11:56.853+0000] {docker.py:436} INFO - 100     2    0     0    0     2      0      0 --:--:--  0:02:52 --:--:--     0
[2024-07-05T09:11:57.854+0000] {docker.py:436} INFO - 100     2    0     0    0     2      0      0 --:--:--  0:02:53 --:--:--     0
[2024-07-05T09:11:58.855+0000] {docker.py:436} INFO - 100     2    0     0    0     2      0      0
[2024-07-05T09:11:58.856+0000] {docker.py:436} INFO - --:--:--  0:02:54 --:--:--     0
[2024-07-05T09:11:59.857+0000] {docker.py:436} INFO - 100     2    0     0    0     2      0      0 --:--:--  0:02:55 --:--:--     0
[2024-07-05T09:12:00.857+0000] {docker.py:436} INFO - 100     2    0     0    0     2      0      0 --:--:--  0:02:56 --:--:--     0
[2024-07-05T09:12:01.858+0000] {docker.py:436} INFO - 100     2    0     0    0     2      0      0 --:--:--  0:02:57 --:--:--     0
[2024-07-05T09:12:02.859+0000] {docker.py:436} INFO - 100     2    0     0    0     2      0      0 --:--:--  0:02:58 --:--:--     0
[2024-07-05T09:12:03.860+0000] {docker.py:436} INFO - 100     2    0     0    0     2      0      0 --:--:--  0:02:59 --:--:--     0
[2024-07-05T09:12:04.862+0000] {docker.py:436} INFO - 100     2    0     0    0     2      0      0 --:--:--  0:03:00 --:--:--     0
[2024-07-05T09:12:05.862+0000] {docker.py:436} INFO - 100     2    0     0    0     2      0      0 --:--:--  0:03:0
[2024-07-05T09:12:05.863+0000] {docker.py:436} INFO - 1 --:--:--     0
[2024-07-05T09:12:06.864+0000] {docker.py:436} INFO - 100     2    0     0    0     2      0      0 --:--:--  0:03:02 --:--:--     0
[2024-07-05T09:12:07.865+0000] {docker.py:436} INFO - 100     2    0     0    0     2      0      0 --:--:--  0:03:03 --:--:--     0
[2024-07-05T09:12:08.878+0000] {docker.py:436} INFO - 100     2    0     0    0     2      0      0 --:--:--  0:03:04 --:--:--     0
[2024-07-05T09:12:09.879+0000] {docker.py:436} INFO - 100     2    0     0    0     2      0      0 --:--:--  0:03:05
[2024-07-05T09:12:09.880+0000] {docker.py:436} INFO - --:--:--     0
[2024-07-05T09:12:10.880+0000] {docker.py:436} INFO - 100     2    0     0    0     2      0      0 --:--:--  0:03:06 --:--:--     0
[2024-07-05T09:12:11.882+0000] {docker.py:436} INFO - 100     2    0     0    0     2      0      0 --:--:--  0:03:07 --:--:--     0
[2024-07-05T09:12:12.882+0000] {docker.py:436} INFO - 100     2    0     0    0     2      0      0 --:--:--  0:03:08 --:--:--     0
[2024-07-05T09:12:13.884+0000] {docker.py:436} INFO - 100     2    0     0    0     2      0      0 --:--:--  0:03:09 --:--:--     0
[2024-07-05T09:12:14.885+0000] {docker.py:436} INFO - 100     2    0     0    0     2      0      0 --:--:--  0:03:10 --:--:--     0
[2024-07-05T09:12:15.886+0000] {docker.py:436} INFO - 100     2    0     0    0     2      0      0 --:--:--  0:03:11 --:--:--     0
[2024-07-05T09:12:16.887+0000] {docker.py:436} INFO - 100     2    0     0    0     2      0      0 --:--:--  0:03:12 --:--:--     0
[2024-07-05T09:12:17.887+0000] {docker.py:436} INFO - 100     2    0     0    0     2      0      0 --:--:--  0:03:13 --:--:--     0
[2024-07-05T09:12:18.888+0000] {docker.py:436} INFO - 100     2    0     0    0     2      0      0 --:--:--  0:03:14 --:--:--     0
[2024-07-05T09:12:19.889+0000] {docker.py:436} INFO - 100     2    0     0    0     2      0      0 --:--:--  0:03:15 --:--:--     0
[2024-07-05T09:12:20.890+0000] {docker.py:436} INFO - 100     2    0     0    0     2      0      0 --:--:--  0:03:16 --:--:--
[2024-07-05T09:12:20.891+0000] {docker.py:436} INFO - 0
[2024-07-05T09:12:21.891+0000] {docker.py:436} INFO - 100     2    0     0    0     2      0      0 --:--:--  0:03:17 --:--:--     0
[2024-07-05T09:12:22.893+0000] {docker.py:436} INFO - 100     2    0     0    0     2      0      0 --:--:--  0:03:18 --:--:--     0
[2024-07-05T09:12:23.894+0000] {docker.py:436} INFO - 100     2    0     0    0     2      0      0 --:--:--  0:03:19 --:--:--     0
[2024-07-05T09:12:24.894+0000] {docker.py:436} INFO - 100     2    0     0    0     2      0      0 --:--:--  0:03:20 --:--:--     0
[2024-07-05T09:12:25.896+0000] {docker.py:436} INFO - 100     2    0     0    0     2      0      0 --:--:--  0:03:21 --:--:--     0
[2024-07-05T09:12:26.896+0000] {docker.py:436} INFO - 100     2    0     0    0     2      0      0 --:--:--  0:03:22 --:--:--     0
[2024-07-05T09:12:27.897+0000] {docker.py:436} INFO - 100     2    0     0    0     2      0      0 --:--:--  0:03:2
[2024-07-05T09:12:27.898+0000] {docker.py:436} INFO - 3 --:--:--     0
[2024-07-05T09:12:28.899+0000] {docker.py:436} INFO - 100     2    0     0    0     2      0      0 --:--:--  0:03:24 --:--:--     0
[2024-07-05T09:12:29.900+0000] {docker.py:436} INFO - 100     2    0     0    0     2      0      0 --:--:--  0:03:25 --:--:--     0
[2024-07-05T09:12:30.901+0000] {docker.py:436} INFO - 100     2    0     0    0     2      0      0 --:--:--  0:03:26 --:--:--     0
[2024-07-05T09:12:31.902+0000] {docker.py:436} INFO - 100     2    0     0    0     2      0      0 --:--:--  0:03:27 --:--:--     0
[2024-07-05T09:12:32.902+0000] {docker.py:436} INFO - 100     2    0     0    0     2      0      0 --:--:--  0:03:28 --:--:--     0
[2024-07-05T09:12:33.903+0000] {docker.py:436} INFO - 100     2    0     0    0     2      0      0 --:--:--  0:03:29 --:--:--     0
[2024-07-05T09:12:34.905+0000] {docker.py:436} INFO - 100     2    0     0    0     2      0      0 --:--:--  0:03:30 --:--:--     0
[2024-07-05T09:12:35.906+0000] {docker.py:436} INFO - 100     2    0     0    0     2      0      0 --:--:--  0:03:31 --:--:--     0
[2024-07-05T09:12:36.906+0000] {docker.py:436} INFO - 100     2    0     0    0     2      0      0 --:--:--  0:03
[2024-07-05T09:12:36.907+0000] {docker.py:436} INFO - :32 --:--:--     0
[2024-07-05T09:12:37.908+0000] {docker.py:436} INFO - 100     2    0     0    0     2      0      0 --:--:--  0:03:33 --:--:--     0
[2024-07-05T09:12:38.909+0000] {docker.py:436} INFO - 100     2    0     0    0     2      0      0 --:--:--  0:03:34 --:--:--     0
[2024-07-05T09:12:39.910+0000] {docker.py:436} INFO - 100     2    0     0    0     2      0      0 --:--:--  0:03:35 --:--:--     0
[2024-07-05T09:12:40.911+0000] {docker.py:436} INFO - 100     2    0     0    0     2      0      0 --:--:--  0:03:36 --:--:--     0
[2024-07-05T09:12:41.911+0000] {docker.py:436} INFO - 100     2    0     0    0     2      0      0 --:--:--  0:03:37 --:--:--     0
[2024-07-05T09:12:42.912+0000] {docker.py:436} INFO - 100     2    0     0    0     2      0      0 --:--:--  0:03:38 --:--:--     0
[2024-07-05T09:12:43.913+0000] {docker.py:436} INFO - 100     2    0     0    0     2      0      0 --:--:--  0:03:39 --:--:--     0
[2024-07-05T09:12:44.914+0000] {docker.py:436} INFO - 100     2    0     0    0     2      0      0 --:--:--  0:03:40 --:--:--     0
[2024-07-05T09:12:45.915+0000] {docker.py:436} INFO - 100     2    0     0    0     2      0      0 --:--:--  0:03:41 --:--:--     0
[2024-07-05T09:12:46.917+0000] {docker.py:436} INFO - 100     2    0     0    0     2      0      0 --:--:--  0:03:42 --:--:--     0
[2024-07-05T09:12:47.918+0000] {docker.py:436} INFO - 100     2    0     0    0     2      0      0 --:--:--  0:03:43 --:--:--     0
[2024-07-05T09:12:48.919+0000] {docker.py:436} INFO - 100     2    0     0    0     2      0      0 --:--:--  0:03:44 --:--:--     0
[2024-07-05T09:12:49.920+0000] {docker.py:436} INFO - 100     2    0     0    0     2      0      0 --:--:--  0:03:45 --:--:--     0
[2024-07-05T09:12:50.921+0000] {docker.py:436} INFO - 100     2    0     0    0     2      0      0 --:--:--  0:03:46 --:--:--     0
[2024-07-05T09:12:51.922+0000] {docker.py:436} INFO - 100     2    0     0    0     2      0      0 --:--:--  0:03:47 --:--:--     0
[2024-07-05T09:12:52.923+0000] {docker.py:436} INFO - 100     2    0     0    0     2      0      0 --:--:--  0:03:48 --:--:--     0
[2024-07-05T09:12:53.924+0000] {docker.py:436} INFO - 100     2    0     0    0     2      0      0 --:--:--  0:03:49 --:--:--     0
[2024-07-05T09:12:54.925+0000] {docker.py:436} INFO - 100     2    0     0    0     2      0      0 --:--:--  0:03:50 --:--:--     0
[2024-07-05T09:12:55.928+0000] {docker.py:436} INFO - 100     2    0     0    0     2      0      0 --:--:--  0:03:51 --:--:--     0
[2024-07-05T09:12:56.926+0000] {docker.py:436} INFO - 100     2    0     0    0     2      0      0 --:--:--  0:03:52 --:--:--     0
[2024-07-05T09:12:57.928+0000] {docker.py:436} INFO - 100     2    0     0    0     2      0      0 --:--:--  0:03:53 --:--:--     0
[2024-07-05T09:12:58.928+0000] {docker.py:436} INFO - 100     2    0     0    0     2      0      0 --:--:--  0:03:54 --:-
[2024-07-05T09:12:58.929+0000] {docker.py:436} INFO - -:--     0
[2024-07-05T09:12:59.931+0000] {docker.py:436} INFO - 100     2    0     0    0     2      0      0 --:--:--  0:03:55 --:--:--     0
[2024-07-05T09:13:00.931+0000] {docker.py:436} INFO - 100     2    0     0    0     2      0      0 --:--:--  0:03:56 --:--:--     0
[2024-07-05T09:13:01.932+0000] {docker.py:436} INFO - 100     2    0     0    0     2      0      0 --:--:--  0:03:57 --:--:--     0
[2024-07-05T09:13:02.934+0000] {docker.py:436} INFO - 100     2    0     0    0     2      0      0 --:--:--  0:03:58 --:--:--     0
[2024-07-05T09:13:03.935+0000] {docker.py:436} INFO - 100     2    0     0    0     2      0      0 --:--:--  0:03:59 --:--:--     0
[2024-07-05T09:13:04.935+0000] {docker.py:436} INFO - 100     2    0     0    0     2      0      0 --:--:--  0:04:00 --:--:--     0
[2024-07-05T09:13:05.935+0000] {docker.py:436} INFO - 100     2    0     0    0     2      0      0 --:--:--  0:04:01 --:--:--     0
[2024-07-05T09:13:06.936+0000] {docker.py:436} INFO - 100     2    0     0    0     2      0      0 --:--:--  0:04:02 --:--:--     0
[2024-07-05T09:13:07.938+0000] {docker.py:436} INFO - 100     2    0     0    0     2      0      0 --:--:--  0:04:03 --:--:--     0
[2024-07-05T09:13:08.939+0000] {docker.py:436} INFO - 100     2    0     0    0     2      0      0 --:--:--  0:04:04 --:--:--     0
[2024-07-05T09:13:09.940+0000] {docker.py:436} INFO - 100     2    0     0    0     2      0      0 --:--:--  0:04:05 --:--:--     0
[2024-07-05T09:13:10.940+0000] {docker.py:436} INFO - 100     2    0     0    0     2      0      0
[2024-07-05T09:13:10.941+0000] {docker.py:436} INFO - --:--:--  0:04
[2024-07-05T09:13:10.941+0000] {docker.py:436} INFO - :06
[2024-07-05T09:13:10.941+0000] {docker.py:436} INFO - --:
[2024-07-05T09:13:10.941+0000] {docker.py:436} INFO - --
[2024-07-05T09:13:10.941+0000] {docker.py:436} INFO - :
[2024-07-05T09:13:10.941+0000] {docker.py:436} INFO - --
[2024-07-05T09:13:10.941+0000] {docker.py:436} INFO - 
[2024-07-05T09:13:10.941+0000] {docker.py:436} INFO - 
[2024-07-05T09:13:10.941+0000] {docker.py:436} INFO - 0
[2024-07-05T09:13:11.944+0000] {docker.py:436} INFO - 100     2    0     0    0     2      0      0 --:--:--  0:04:07 --:--:--     0
[2024-07-05T09:13:12.944+0000] {docker.py:436} INFO - 100     2    0     0    0     2      0      0 --:--:--  0:04:08 --:--:--     0
[2024-07-05T09:13:13.945+0000] {docker.py:436} INFO - 100     2    0     0    0     2      0      0 --:--:--  0:04:09 --:--:--     0
[2024-07-05T09:13:14.946+0000] {docker.py:436} INFO - 100     2    0     0    0     2      0      0 --:--:--  0:04:10 --:--:--     0
[2024-07-05T09:13:15.946+0000] {docker.py:436} INFO - 100     2    0     0    0     2      0      0 --:--:--  0:04:11 --:--:--     0
[2024-07-05T09:13:16.948+0000] {docker.py:436} INFO - 100     2    0     0    0     2      0      0 --:--:--  0:04:12 --:--:--     0
[2024-07-05T09:13:17.949+0000] {docker.py:436} INFO - 100     2    0     0    0     2      0      0 --:--:--  0:04:13 --:--:--     0
[2024-07-05T09:13:18.950+0000] {docker.py:436} INFO - 100     2    0     0    0     2      0      0 --:--:--  0:04:14 --:--:--     0
[2024-07-05T09:13:19.951+0000] {docker.py:436} INFO - 100     2    0     0    0     2      0      0 --:--:--  0:04:15 --:--:--     0
[2024-07-05T09:13:20.952+0000] {docker.py:436} INFO - 100     2    0     0    0     2      0      0 --:--:--  0:04:16 --:--:--     0
[2024-07-05T09:13:21.953+0000] {docker.py:436} INFO - 100     2    0     0    0     2      0      0 --:--:--  0:04:17 --:--:--     0
[2024-07-05T09:13:22.954+0000] {docker.py:436} INFO - 100     2    0     0    0     2      0      0 --:--:--  0:04:18 --:--:--     0
[2024-07-05T09:13:23.954+0000] {docker.py:436} INFO - 100     2    0     0    0     2      0      0 --:--:--  0:04:19 --:--:--     0
[2024-07-05T09:13:24.956+0000] {docker.py:436} INFO - 100     2    0     0    0     2      0      0 --:--:--  0:04:20 --:--:--     0
[2024-07-05T09:13:25.957+0000] {docker.py:436} INFO - 100     2    0     0    0     2      0      0 --:--:--  0:04:21 --:--:--     0
[2024-07-05T09:13:26.957+0000] {docker.py:436} INFO - 100     2    0     0    0     2      0      0 --:--:--  0:04:22 --:--:--     0
[2024-07-05T09:13:27.958+0000] {docker.py:436} INFO - 100     2    0     0    0     2      0      0 --:--:--  0:04:23 --:--:--     0
[2024-07-05T09:13:28.959+0000] {docker.py:436} INFO - 100     2    0     0    0     2      0      0 --:--:--  0:04:24 --:--:--     0
[2024-07-05T09:13:29.961+0000] {docker.py:436} INFO - 100     2    0     0    0     2      0      0 --:--:--  0:04:25 --:--:--     0
[2024-07-05T09:13:30.961+0000] {docker.py:436} INFO - 100     2    0     0    0     2      0      0 --:--:--  0:04:26 --:--:--     0
[2024-07-05T09:13:31.963+0000] {docker.py:436} INFO - 100     2    0     0    0     2      0      0 --:--:--  0:04:27 --:--:--     0
[2024-07-05T09:13:32.963+0000] {docker.py:436} INFO - 100     2    0     0    0     2      0      0 --:--:--  0:04:28 --:--:--     0
[2024-07-05T09:13:33.965+0000] {docker.py:436} INFO - 100     2    0     0    0     2      0      0 --:--:--  0:04:29 --:--:--     0
[2024-07-05T09:13:34.966+0000] {docker.py:436} INFO - 100     2    0     0    0     2      0      0 --:--:--  0:04:30 --:--:--     0
[2024-07-05T09:13:35.966+0000] {docker.py:436} INFO - 100     2    0     0    0     2      0      0 --:--:--  0:04:31 --:--:--     0
[2024-07-05T09:13:36.968+0000] {docker.py:436} INFO - 100     2    0     0    0     2      0      0 --:--:--  0:04:32 --:--:--     0
[2024-07-05T09:13:37.970+0000] {docker.py:436} INFO - 100     2    0     0    0     2      0      0 --:--:--  0:04:33 --:--:--     0
[2024-07-05T09:13:38.969+0000] {docker.py:436} INFO - 100     2    0     0    0     2      0      0 --:--:--  0:04:34 --:--:--     0
[2024-07-05T09:13:39.970+0000] {docker.py:436} INFO - 100     2    0     0    0     2      0      0 --:--:--  0:04:35 --:--:--     0
[2024-07-05T09:13:40.975+0000] {docker.py:436} INFO - 100     2    0     0    0     2      0      0 --:--:--  0:04:36 --:--:--     0
[2024-07-05T09:13:41.975+0000] {docker.py:436} INFO - 100     2    0     0    0     2      0      0 --:--:--  0:04:37 --:--:--     0
[2024-07-05T09:13:42.976+0000] {docker.py:436} INFO - 100     2    0     0    0     2      0      0 --:--:--  0:04:38 --:--:--     0
[2024-07-05T09:13:43.977+0000] {docker.py:436} INFO - 100     2    0     0    0     2      0      0 --:--:--  0:04:39 --:--:--     0
[2024-07-05T09:13:44.978+0000] {docker.py:436} INFO - 100     2    0     0    0     2      0      0 --:--:--  0:04:40 --:--:--     0
[2024-07-05T09:13:45.979+0000] {docker.py:436} INFO - 100     2    0     0    0     2      0      0 --:--:--  0:04:41 --:--:--     0
[2024-07-05T09:13:46.979+0000] {docker.py:436} INFO - 100     2    0     0    0     2      0      0 --:--:--  0:04:42 --:--:--     0
[2024-07-05T09:13:47.980+0000] {docker.py:436} INFO - 100     2    0     0    0     2      0      0 --:--:--  0:04:43 --:--:--     0
[2024-07-05T09:13:48.982+0000] {docker.py:436} INFO - 100     2    0     0    0     2      0      0 --:--:--  0:04:44 --:--:--     0
[2024-07-05T09:13:49.982+0000] {docker.py:436} INFO - 100     2    0     0    0     2      0      0 --:--:--  0:04:45 --:--:--     0
[2024-07-05T09:13:50.983+0000] {docker.py:436} INFO - 100     2    0     0    0     2      0      0 --:--:--  0:04:46 --:--:--     0
[2024-07-05T09:13:51.985+0000] {docker.py:436} INFO - 100     2    0     0    0     2      0      0 --:--:--  0:04:47 --:--:--     0
[2024-07-05T09:13:52.986+0000] {docker.py:436} INFO - 100     2    0     0    0     2      0      0 --:--:--  0:04:48 --:--:--     0
[2024-07-05T09:13:53.986+0000] {docker.py:436} INFO - 100     2    0     0    0     2      0      0 --:--:--  0:04:49 --:--:--     0
[2024-07-05T09:13:54.988+0000] {docker.py:436} INFO - 100     2    0     0    0     2      0      0 --:--:--  0:04:50 --:--:--     0
[2024-07-05T09:13:55.991+0000] {docker.py:436} INFO - 100     2    0     0    0     2      0      0 --:--:--  0:04:51 --:--:--     0
[2024-07-05T09:13:56.989+0000] {docker.py:436} INFO - 100     2    0     0    0     2      0      0 --:--:--  0:0
[2024-07-05T09:13:56.990+0000] {docker.py:436} INFO - 4:52 --:-
[2024-07-05T09:13:56.990+0000] {docker.py:436} INFO - -:--
[2024-07-05T09:13:56.990+0000] {docker.py:436} INFO - 0
[2024-07-05T09:13:57.990+0000] {docker.py:436} INFO - 100     2    0     0    0     2      0      0 --:--:--  0:04:53 --:--:--
[2024-07-05T09:13:57.991+0000] {docker.py:436} INFO - 0
[2024-07-05T09:13:58.992+0000] {docker.py:436} INFO - 100     2    0     0    0     2      0      0 --:--:--  0:04:54 --:--:--     0
[2024-07-05T09:13:59.993+0000] {docker.py:436} INFO - 100     2    0     0    0     2      0      0 --:--:--  0:04:55 --:--:--     0
[2024-07-05T09:14:00.993+0000] {docker.py:436} INFO - 100     2    0     0    0     2      0      0 --:--:--  0:04:56 --:--:--     0
[2024-07-05T09:14:01.995+0000] {docker.py:436} INFO - 100     2    0     0    0     2      0      0 --:--:--  0:04:57 --:--:--     0
[2024-07-05T09:14:02.997+0000] {docker.py:436} INFO - 100     2    0     0    0     2      0      0 --:--:--  0:04:58 --:--:--     0
[2024-07-05T09:14:03.997+0000] {docker.py:436} INFO - 100     2    0     0    0     2      0      0 --:--:--  0:04:59 --:--:-
[2024-07-05T09:14:03.998+0000] {docker.py:436} INFO - -     0
[2024-07-05T09:14:05.000+0000] {docker.py:436} INFO - 100     2    0     0    0     2      0      0 --:--:--  0:05:00 --:--:--     0
[2024-07-05T09:14:06.001+0000] {docker.py:436} INFO - 100     2    0     0    0     2      0      0 --:--:--  0:05:01 --:--:--     0
[2024-07-05T09:14:07.002+0000] {docker.py:436} INFO - 100     2    0     0    0     2      0      0 --:--:--  0:05:02 --:--:--     0
[2024-07-05T09:14:08.003+0000] {docker.py:436} INFO - 100     2    0     0    0     2      0      0 --:--:--  0:05:03 --:--:--     0
[2024-07-05T09:14:09.005+0000] {docker.py:436} INFO - 100     2    0     0    0     2      0      0 --:--:--  0:05:04 --:--:--     0
[2024-07-05T09:14:10.006+0000] {docker.py:436} INFO - 100     2    0     0    0     2      0      0 --:--:--  0:05:05 --:--:--     0
[2024-07-05T09:14:11.007+0000] {docker.py:436} INFO - 100     2    0     0    0     2      0      0 --:--:--  0:05:06 --:--:--     0
[2024-07-05T09:14:12.008+0000] {docker.py:436} INFO - 100     2    0     0    0     2      0      0 --:--:--  0:05:07 --:--:--     0
[2024-07-05T09:14:13.009+0000] {docker.py:436} INFO - 100     2    0     0    0     2      0      0 --:--:--  0:05:08 --:--:--     0
[2024-07-05T09:14:14.010+0000] {docker.py:436} INFO - 100     2    0     0    0     2      0      0 --:--:--  0:05:09 --:--:--     0
[2024-07-05T09:14:15.010+0000] {docker.py:436} INFO - 100     2    0     0    0     2      0      0 --:--:--  0:05:10 --:--:--     0
[2024-07-05T09:14:16.012+0000] {docker.py:436} INFO - 100     2    0     0    0     2      0      0 --:--:--  0:05:11 --:--:--     0
[2024-07-05T09:14:17.012+0000] {docker.py:436} INFO - 100     2    0     0    0     2      0      0 --:--:--  0:05:12 --:--:--     0
[2024-07-05T09:14:18.014+0000] {docker.py:436} INFO - 100     2    0     0    0     2      0      0 --:--:--  0:05:13 --:--:--     0
[2024-07-05T09:14:19.015+0000] {docker.py:436} INFO - 100     2    0     0    0     2      0      0 --:--:--  0:05:14 --:--:--     0
[2024-07-05T09:14:20.016+0000] {docker.py:436} INFO - 100     2    0     0    0     2      0      0 --:--:--  0:05:15 --:--:--     0
[2024-07-05T09:14:21.017+0000] {docker.py:436} INFO - 100     2    0     0    0     2      0      0 --:--:--  0:05:16 --:--:--     0
[2024-07-05T09:14:22.018+0000] {docker.py:436} INFO - 100     2    0     0    0     2      0      0 --:--:--  0:05:17 --:--:--     0
[2024-07-05T09:14:23.018+0000] {docker.py:436} INFO - 100     2    0     0    0     2      0      0 --:--:--  0:05:18 --:--:--     0
[2024-07-05T09:14:24.020+0000] {docker.py:436} INFO - 100     2    0     0    0     2      0      0 --:--:--  0:05:19 --:--:--     0
[2024-07-05T09:14:25.021+0000] {docker.py:436} INFO - 100     2    0     0    0     2      0      0 --:--:--  0:05:20 --:--:--     0
[2024-07-05T09:14:26.025+0000] {docker.py:436} INFO - 100     2    0     0    0     2      0      0 --:--:--  0:05:21 --:--:--     0
[2024-07-05T09:14:27.023+0000] {docker.py:436} INFO - 100     2    0     0    0     2      0      0 --:--:--  0:05:22 --:--:--     0
[2024-07-05T09:14:28.024+0000] {docker.py:436} INFO - 100     2    0     0    0     2      0      0 --:--:--  0:05:23 --:--:--     0
[2024-07-05T09:14:29.025+0000] {docker.py:436} INFO - 100     2    0     0    0     2      0      0 --:--:--  0:05:24 --:--:--     0
[2024-07-05T09:14:30.026+0000] {docker.py:436} INFO - 100     2    0     0    0     2      0      0 --:--:--  0:05:25 --:--:--     0
[2024-07-05T09:14:31.027+0000] {docker.py:436} INFO - 100     2    0     0    0     2      0      0 --:--:--  0:05:26 --:--:--     0
[2024-07-05T09:14:32.028+0000] {docker.py:436} INFO - 100     2    0     0    0     2      0      0 --:--:--  0:05:27 --:--:--     0
[2024-07-05T09:14:33.037+0000] {docker.py:436} INFO - 100     2    0     0    0     2      0      0 --:--:--  0:05:28 --:--:--     0
[2024-07-05T09:14:34.030+0000] {docker.py:436} INFO - 100     2    0     0    0     2      0      0 --:--:--  0:05:29 --:--:--     0
[2024-07-05T09:14:35.034+0000] {docker.py:436} INFO - 100     2    0     0    0     2      0      0 --:--:--  0:05:30 --:--:--     0
[2024-07-05T09:14:36.032+0000] {docker.py:436} INFO - 100     2    0     0    0     2      0      0 --:--:--  0:05:31 --:--:--     0
[2024-07-05T09:14:37.033+0000] {docker.py:436} INFO - 100     2    0     0    0     2      0      0 --:--:--  0:05:32 --:--:--     0
[2024-07-05T09:14:38.034+0000] {docker.py:436} INFO - 100     2    0     0    0     2      0      0 --:--:--  0:05:33 --:--:--     0
[2024-07-05T09:14:39.034+0000] {docker.py:436} INFO - 100     2    0     0    0     2      0      0 --:--:--  0:05:34 --:--:--     0
[2024-07-05T09:14:40.036+0000] {docker.py:436} INFO - 100     2    0     0    0     2      0      0 --:--:--  0:05:35 --:--:--
[2024-07-05T09:14:40.036+0000] {docker.py:436} INFO - 0
[2024-07-05T09:14:41.036+0000] {docker.py:436} INFO - 100     2    0     0    0     2      0      0 --:--:--  0:05:36 --:--:--     0
[2024-07-05T09:14:42.038+0000] {docker.py:436} INFO - 100     2    0     0    0     2      0      0 --:--:--  0:05:
[2024-07-05T09:14:42.038+0000] {docker.py:436} INFO - 37 --:--:
[2024-07-05T09:14:42.038+0000] {docker.py:436} INFO - --     0
[2024-07-05T09:14:43.039+0000] {docker.py:436} INFO - 100     2    0     0    0     2      0      0 --:--:--  0:05:38 --:--:--     0
[2024-07-05T09:14:44.039+0000] {docker.py:436} INFO - 100     2    0     0    0     2      0      0 --:--:--  0:05:39 --:--:--     0
[2024-07-05T09:14:45.041+0000] {docker.py:436} INFO - 100     2    0     0    0     2      0      0 --:--:--  0:05:40 --:--:--     0
[2024-07-05T09:14:46.042+0000] {docker.py:436} INFO - 100     2    0     0    0     2      0      0 --:--:--  0:05:41 --:--:--     0
[2024-07-05T09:14:47.042+0000] {docker.py:436} INFO - 100     2    0     0    0     2      0      0 --:--:--  0:05:42 --:
[2024-07-05T09:14:47.043+0000] {docker.py:436} INFO - --:--     0
[2024-07-05T09:14:48.044+0000] {docker.py:436} INFO - 100     2    0     0    0     2      0      0 --:--:--  0:05:43 --:--:--     0
[2024-07-05T09:14:49.045+0000] {docker.py:436} INFO - 100     2    0     0    0     2      0      0 --:--:--  0:05:44 --:--:--     0
[2024-07-05T09:14:49.671+0000] {docker.py:436} INFO - 100    62    0    60    0     2      0      0 --:--:--  0:0
[2024-07-05T09:14:49.672+0000] {docker.py:436} INFO - HTTP/1.1 200 OK
[2024-07-05T09:14:49.672+0000] {docker.py:436} INFO - 5:45 --:--:--    12100    62    0    60    0     2      0      0 --:--:--  0:05:45 --:-
[2024-07-05T09:14:49.672+0000] {docker.py:436} INFO - -:--    16
[2024-07-05T09:14:49.672+0000] {docker.py:436} INFO - date: Fri, 05 Jul 2024 09:09:04 GMT
server: uvicorn
content-length: 60
content-type: application/json

{"message":"Elasticsearch updated","predictions_count":1426}
[2024-07-05T09:14:49.823+0000] {taskinstance.py:441} INFO - ::group::Post task execution logs
[2024-07-05T09:14:49.836+0000] {taskinstance.py:1206} INFO - Marking task as SUCCESS. dag_id=prod_dag, task_id=fastapi, run_id=manual__2024-07-05T09:08:39.343793+00:00, execution_date=20240705T090839, start_date=20240705T090904, end_date=20240705T091449
[2024-07-05T09:14:49.879+0000] {local_task_job_runner.py:240} INFO - Task exited with return code 0
[2024-07-05T09:14:49.891+0000] {taskinstance.py:3503} INFO - 0 downstream tasks scheduled from follow-on schedule check
[2024-07-05T09:14:49.893+0000] {local_task_job_runner.py:222} INFO - ::endgroup::
