[2024-09-12T12:03:23.121+0000] {local_task_job_runner.py:120} INFO - ::group::Pre task execution logs
[2024-09-12T12:03:23.131+0000] {taskinstance.py:2076} INFO - Dependencies all met for dep_context=non-requeueable deps ti=<TaskInstance: prod_dag.run_scraping_docker manual__2024-09-12T12:03:21.985968+00:00 [queued]>
[2024-09-12T12:03:23.135+0000] {taskinstance.py:2076} INFO - Dependencies all met for dep_context=requeueable deps ti=<TaskInstance: prod_dag.run_scraping_docker manual__2024-09-12T12:03:21.985968+00:00 [queued]>
[2024-09-12T12:03:23.135+0000] {taskinstance.py:2306} INFO - Starting attempt 1 of 2
[2024-09-12T12:03:23.145+0000] {taskinstance.py:2330} INFO - Executing <Task(DockerOperator): run_scraping_docker> on 2024-09-12 12:03:21.985968+00:00
[2024-09-12T12:03:23.149+0000] {warnings.py:112} WARNING - /home/***/.local/lib/python3.12/site-packages/***/task/task_runner/standard_task_runner.py:61: DeprecationWarning: This process (pid=80) is multi-threaded, use of fork() may lead to deadlocks in the child.
  pid = os.fork()

[2024-09-12T12:03:23.150+0000] {standard_task_runner.py:63} INFO - Started process 81 to run task
[2024-09-12T12:03:23.150+0000] {standard_task_runner.py:90} INFO - Running: ['***', 'tasks', 'run', 'prod_dag', 'run_scraping_docker', 'manual__2024-09-12T12:03:21.985968+00:00', '--job-id', '249', '--raw', '--subdir', 'DAGS_FOLDER/DAG_prod.py', '--cfg-path', '/tmp/tmprhpso5o4']
[2024-09-12T12:03:23.151+0000] {standard_task_runner.py:91} INFO - Job 249: Subtask run_scraping_docker
[2024-09-12T12:03:23.176+0000] {task_command.py:426} INFO - Running <TaskInstance: prod_dag.run_scraping_docker manual__2024-09-12T12:03:21.985968+00:00 [running]> on host c26f43b0b713
[2024-09-12T12:03:23.227+0000] {taskinstance.py:2648} INFO - Exporting env vars: AIRFLOW_CTX_DAG_OWNER='***' AIRFLOW_CTX_DAG_ID='prod_dag' AIRFLOW_CTX_TASK_ID='run_scraping_docker' AIRFLOW_CTX_EXECUTION_DATE='2024-09-12T12:03:21.985968+00:00' AIRFLOW_CTX_TRY_NUMBER='1' AIRFLOW_CTX_DAG_RUN_ID='manual__2024-09-12T12:03:21.985968+00:00'
[2024-09-12T12:03:23.227+0000] {taskinstance.py:430} INFO - ::endgroup::
[2024-09-12T12:03:23.251+0000] {docker.py:366} INFO - Starting docker container from image bost67dst/scraping
[2024-09-12T12:04:38.828+0000] {docker.py:436} INFO - SCRAPING START
404 Client Error: Not Found for url: https://fr.trustpilot.com/categories/bank?page=4
bank Companies Data extraction complete and saved to JSON.
===================================================================================
Reviews data extraction for all companies starts:
===================================================================================


*****************************************************************
Reviews data extraction for company_id: www.younited-credit.com
*****************************************************************


company_id: www.younited-credit.com  page: 1
company_id: www.younited-credit.com  page: 2
company_id: www.younited-credit.com  page: 3
company_id: www.younited-credit.com  page: 4
company_id: www.younited-credit.com  page: 5
company_id: www.younited-credit.com  page: 6
company_id: www.younited-credit.com  page: 7
company_id: www.younited-credit.com  page: 8
company_id: www.younited-credit.com  page: 9
company_id: www.younited-credit.com  page: 10
company_id: www.younited-credit.com  page: 11
company_id: www.younited-credit.com  page: 12
company_id: www.younited-credit.com  page: 13
company_id: www.younited-credit.com  page: 14
company_id: www.younited-credit.com  page: 15
company_id: www.younited-credit.com  page: 16
company_id: www.younited-credit.com  page: 17
company_id: www.younited-credit.com  page: 18
company_id: www.younited-credit.com  page: 19
company_id: www.younited-credit.com  page: 20
company_id: www.younited-credit.com  page: 21
company_id: www.younited-credit.com  page: 22
company_id: www.younited-credit.com  page: 23
company_id: www.younited-credit.com  page: 24
company_id: www.younited-credit.com  page: 25
company_id: www.younited-credit.com  page: 26
company_id: www.younited-credit.com  page: 27
company_id: www.younited-credit.com  page: 28
company_id: www.younited-credit.com  page: 29
company_id: www.younited-credit.com  page: 30
company_id: www.younited-credit.com  page: 31
company_id: www.younited-credit.com  page: 32
company_id: www.younited-credit.com  page: 33
company_id: www.younited-credit.com  page: 34
company_id: www.younited-credit.com  page: 35
company_id: www.younited-credit.com  page: 36
company_id: www.younited-credit.com  page: 37
company_id: www.younited-credit.com  page: 38
company_id: www.younited-credit.com  page: 39
company_id: www.younited-credit.com  page: 40
company_id: www.younited-credit.com  page: 41
company_id: www.younited-credit.com  page: 42
company_id: www.younited-credit.com  page: 43
company_id: www.younited-credit.com  page: 44
company_id: www.younited-credit.com  page: 45
company_id: www.younited-credit.com  page: 46
company_id: www.younited-credit.com  page: 47
company_id: www.younited-credit.com  page: 48
company_id: www.younited-credit.com  page: 49
company_id: www.younited-credit.com  page: 50
company_id: www.younited-credit.com  page: 51
company_id: www.younited-credit.com  page: 52
company_id: www.younited-credit.com  page: 53
company_id: www.younited-credit.com  page: 54
company_id: www.younited-credit.com  page: 55
company_id: www.younited-credit.com  page: 56
company_id: www.younited-credit.com  page: 57
company_id: www.younited-credit.com  page: 58
company_id: www.younited-credit.com  page: 59
company_id: www.younited-credit.com  page: 60
company_id: www.younited-credit.com  page: 61
company_id: www.younited-credit.com  page: 62
company_id: www.younited-credit.com  page: 63
company_id: www.younited-credit.com  page: 64
company_id: www.younited-credit.com  page: 65
company_id: www.younited-credit.com  page: 66
company_id: www.younited-credit.com  page: 67
company_id: www.younited-credit.com  page: 68
company_id: www.younited-credit.com  page: 69
company_id: www.younited-credit.com  page: 70
company_id: www.younited-credit.com  page: 71
company_id: www.younited-credit.com  page: 72
company_id: www.younited-credit.com  page: 73
company_id: www.younited-credit.com  page: 74
company_id: www.younited-credit.com  page: 75
company_id: www.younited-credit.com  page: 76
company_id: www.younited-credit.com  page: 77
company_id: www.younited-credit.com  page: 78
company_id: www.younited-credit.com  page: 79
company_id: www.younited-credit.com  page: 80
company_id: www.younited-credit.com  page: 81
company_id: www.younited-credit.com  page: 82
company_id: www.younited-credit.com  page: 83
company_id: www.younited-credit.com  page: 84
company_id: www.younited-credit.com  page: 85
company_id: www.younited-credit.com  page: 86
company_id: www.younited-credit.com  page: 87
company_id: www.younited-credit.com  page: 88
company_id: www.younited-credit.com  page: 89
company_id: www.younited-credit.com  page: 90
company_id: www.younited-credit.com  page: 91
company_id: www.younited-credit.com  page: 92
company_id: www.younited-credit.com  page: 93
company_id: www.younited-credit.com  page: 94
company_id: www.younited-credit.com  page: 95
company_id: www.younited-credit.com  page: 96
company_id: www.younited-credit.com  page: 97
company_id: www.younited-credit.com  page: 98
company_id: www.younited-credit.com  page: 99
company_id: www.younited-credit.com  page: 100
company_id: www.younited-credit.com  page: 101
company_id: www.younited-credit.com  page: 102
company_id: www.younited-credit.com  page: 103
company_id: www.younited-credit.com  page: 104
company_id: www.younited-credit.com  page: 105
company_id: www.younited-credit.com  page: 106
company_id: www.younited-credit.com  page: 107
company_id: www.younited-credit.com  page: 108
company_id: www.younited-credit.com  page: 109
company_id: www.younited-credit.com  page: 110
company_id: www.younited-credit.com  page: 111
company_id: www.younited-credit.com  page: 112
company_id: www.younited-credit.com  page: 113
company_id: www.younited-credit.com  page: 114
company_id: www.younited-credit.com  page: 115
company_id: www.younited-credit.com  page: 116
company_id: www.younited-credit.com  page: 117
company_id: www.younited-credit.com  page: 118
company_id: www.younited-credit.com  page: 119
company_id: www.younited-credit.com  page: 120
company_id: www.younited-credit.com  page: 121
company_id: www.younited-credit.com  page: 122
company_id: www.younited-credit.com  page: 123
company_id: www.younited-credit.com  page: 124
company_id: www.younited-credit.com  page: 125
company_id: www.younited-credit.com  page: 126
company_id: www.younited-credit.com  page: 127
company_id: www.younited-credit.com  page: 128
company_id: www.younited-credit.com  page: 129
company_id: www.younited-credit.com  page: 130
company_id: www.younited-credit.com  page: 131
company_id: www.younited-credit.com  page: 132
company_id: www.younited-credit.com  page: 133
company_id: www.younited-credit.com  page: 134
company_id: www.younited-credit.com  page: 135
company_id: www.younited-credit.com  page: 136
company_id: www.younited-credit.com  page: 137
company_id: www.younited-credit.com  page: 138
company_id: www.younited-credit.com  page: 139
company_id: www.younited-credit.com  page: 140
company_id: www.younited-credit.com  page: 141
company_id: www.younited-credit.com  page: 142
company_id: www.younited-credit.com  page: 143
company_id: www.younited-credit.com  page: 144
company_id: www.younited-credit.com  page: 145
company_id: www.younited-credit.com  page: 146
company_id: www.younited-credit.com  page: 147
company_id: www.younited-credit.com  page: 148
company_id: www.younited-credit.com  page: 149
company_id: www.younited-credit.com  page: 150
company_id: www.younited-credit.com  page: 151
company_id: www.younited-credit.com  page: 152
company_id: www.younited-credit.com  page: 153
company_id: www.younited-credit.com  page: 154
company_id: www.younited-credit.com  page: 155
company_id: www.younited-credit.com  page: 156
company_id: www.younited-credit.com  page: 157
company_id: www.younited-credit.com  page: 158
company_id: www.younited-credit.com  page: 159
company_id: www.younited-credit.com  page: 160
company_id: www.younited-credit.com  page: 161
company_id: www.younited-credit.com  page: 162
company_id: www.younited-credit.com  page: 163
company_id: www.younited-credit.com  page: 164
[2024-09-12T12:06:51.903+0000] {docker.py:436} INFO - company_id: www.younited-credit.com  page: 165
company_id: www.younited-credit.com  page: 166
company_id: www.younited-credit.com  page: 167
company_id: www.younited-credit.com  page: 168
company_id: www.younited-credit.com  page: 169
company_id: www.younited-credit.com  page: 170
company_id: www.younited-credit.com  page: 171
company_id: www.younited-credit.com  page: 172
company_id: www.younited-credit.com  page: 173
company_id: www.younited-credit.com  page: 174
company_id: www.younited-credit.com  page: 175
company_id: www.younited-credit.com  page: 176
company_id: www.younited-credit.com  page: 177
company_id: www.younited-credit.com  page: 178
company_id: www.younited-credit.com  page: 179
company_id: www.younited-credit.com  page: 180
company_id: www.younited-credit.com  page: 181
company_id: www.younited-credit.com  page: 182
company_id: www.younited-credit.com  page: 183
company_id: www.younited-credit.com  page: 184
company_id: www.younited-credit.com  page: 185
company_id: www.younited-credit.com  page: 186
company_id: www.younited-credit.com  page: 187
company_id: www.younited-credit.com  page: 188
company_id: www.younited-credit.com  page: 189
company_id: www.younited-credit.com  page: 190
company_id: www.younited-credit.com  page: 191
company_id: www.younited-credit.com  page: 192
company_id: www.younited-credit.com  page: 193
company_id: www.younited-credit.com  page: 194
company_id: www.younited-credit.com  page: 195
company_id: www.younited-credit.com  page: 196
company_id: www.younited-credit.com  page: 197
company_id: www.younited-credit.com  page: 198
company_id: www.younited-credit.com  page: 199
company_id: www.younited-credit.com  page: 200
company_id: www.younited-credit.com  page: 201
company_id: www.younited-credit.com  page: 202
company_id: www.younited-credit.com  page: 203
company_id: www.younited-credit.com  page: 204
company_id: www.younited-credit.com  page: 205
company_id: www.younited-credit.com  page: 206
company_id: www.younited-credit.com  page: 207
company_id: www.younited-credit.com  page: 208
company_id: www.younited-credit.com  page: 209
company_id: www.younited-credit.com  page: 210
company_id: www.younited-credit.com  page: 211
company_id: www.younited-credit.com  page: 212
company_id: www.younited-credit.com  page: 213
company_id: www.younited-credit.com  page: 214
company_id: www.younited-credit.com  page: 215
company_id: www.younited-credit.com  page: 216
company_id: www.younited-credit.com  page: 217
company_id: www.younited-credit.com  page: 218
company_id: www.younited-credit.com  page: 219
company_id: www.younited-credit.com  page: 220
company_id: www.younited-credit.com  page: 221
company_id: www.younited-credit.com  page: 222
company_id: www.younited-credit.com  page: 223
company_id: www.younited-credit.com  page: 224
company_id: www.younited-credit.com  page: 225
company_id: www.younited-credit.com  page: 226
company_id: www.younited-credit.com  page: 227
company_id: www.younited-credit.com  page: 228
company_id: www.younited-credit.com  page: 229
company_id: www.younited-credit.com  page: 230
company_id: www.younited-credit.com  page: 231
company_id: www.younited-credit.com  page: 232
company_id: www.younited-credit.com  page: 233
company_id: www.younited-credit.com  page: 234
company_id: www.younited-credit.com  page: 235
company_id: www.younited-credit.com  page: 236
company_id: www.younited-credit.com  page: 237
company_id: www.younited-credit.com  page: 238
company_id: www.younited-credit.com  page: 239
company_id: www.younited-credit.com  page: 240
company_id: www.younited-credit.com  page: 241
company_id: www.younited-credit.com  page: 242
company_id: www.younited-credit.com  page: 243
company_id: www.younited-credit.com  page: 244
company_id: www.younited-credit.com  page: 245
company_id: www.younited-credit.com  page: 246
company_id: www.younited-credit.com  page: 247
company_id: www.younited-credit.com  page: 248
company_id: www.younited-credit.com  page: 249
company_id: www.younited-credit.com  page: 250
company_id: www.younited-credit.com  page: 251
company_id: www.younited-credit.com  page: 252
company_id: www.younited-credit.com  page: 253
company_id: www.younited-credit.com  page: 254
company_id: www.younited-credit.com  page: 255
company_id: www.younited-credit.com  page: 256
company_id: www.younited-credit.com  page: 257
company_id: www.younited-credit.com  page: 258
company_id: www.younited-credit.com  page: 259
company_id: www.younited-credit.com  page: 260
company_id: www.younited-credit.com  page: 261
company_id: www.younited-credit.com  page: 262
company_id: www.younited-credit.com  page: 263
company_id: www.younited-credit.com  page: 264
company_id: www.younited-credit.com  page: 265
company_id: www.younited-credit.com  page: 266
company_id: www.younited-credit.com  page: 267
company_id: www.younited-credit.com  page: 268
company_id: www.younited-credit.com  page: 269
company_id: www.younited-credit.com  page: 270
company_id: www.younited-credit.com  page: 271
company_id: www.younited-credit.com  page: 272
company_id: www.younited-credit.com  page: 273
company_id: www.younited-credit.com  page: 274
company_id: www.younited-credit.com  page: 275
company_id: www.younited-credit.com  page: 276
company_id: www.younited-credit.com  page: 277
company_id: www.younited-credit.com  page: 278
company_id: www.younited-credit.com  page: 279
company_id: www.younited-credit.com  page: 280
company_id: www.younited-credit.com  page: 281
company_id: www.younited-credit.com  page: 282
company_id: www.younited-credit.com  page: 283
company_id: www.younited-credit.com  page: 284
company_id: www.younited-credit.com  page: 285
company_id: www.younited-credit.com  page: 286
company_id: www.younited-credit.com  page: 287
company_id: www.younited-credit.com  page: 288
company_id: www.younited-credit.com  page: 289
company_id: www.younited-credit.com  page: 290
company_id: www.younited-credit.com  page: 291
company_id: www.younited-credit.com  page: 292
company_id: www.younited-credit.com  page: 293
company_id: www.younited-credit.com  page: 294
company_id: www.younited-credit.com  page: 295
company_id: www.younited-credit.com  page: 296
company_id: www.younited-credit.com  page: 297
company_id: www.younited-credit.com  page: 298
company_id: www.younited-credit.com  page: 299
company_id: www.younited-credit.com  page: 300
company_id: www.younited-credit.com  page: 301
company_id: www.younited-credit.com  page: 302
company_id: www.younited-credit.com  page: 303
company_id: www.younited-credit.com  page: 304
company_id: www.younited-credit.com  page: 305
company_id: www.younited-credit.com  page: 306
company_id: www.younited-credit.com  page: 307
company_id: www.younited-credit.com  page: 308
company_id: www.younited-credit.com  page: 309
company_id: www.younited-credit.com  page: 310
company_id: www.younited-credit.com  page: 311
company_id: www.younited-credit.com  page: 312
company_id: www.younited-credit.com  page: 313
company_id: www.younited-credit.com  page: 314
company_id: www.younited-credit.com  page: 315
company_id: www.younited-credit.com  page: 316
company_id: www.younited-credit.com  page: 317
company_id: www.younited-credit.com  page: 318
company_id: www.younited-credit.com  page: 319
company_id: www.younited-credit.com  page: 320
company_id: www.younited-credit.com  page: 321
company_id: www.younited-credit.com  page: 322
company_id: www.younited-credit.com  page: 323
company_id: www.younited-credit.com  page: 324
company_id: www.younited-credit.com  page: 325
company_id: www.younited-credit.com  page: 326
company_id: www.younited-credit.com  page: 327
company_id: www.younited-credit.com  page: 328
company_id: www.younited-credit.com  page: 329
403 Client Error: Forbidden for url: https://fr.trustpilot.com/review/www.younited-credit.com?page=330&sort=recency
page_data = {'error': '403 Client Error: Forbidden for url: https://fr.trustpilot.com/review/www.younited-credit.com?page=330&sort=recency'}   True
wait 60 sec
403 Client Error: Forbidden for url: https://fr.trustpilot.com/review/www.younited-credit.com?page=330&sort=recency
page_data =
[2024-09-12T12:11:03.827+0000] {docker.py:436} INFO - {'error': '403 Client Error: Forbidden for url: https://fr.trustpilot.com/review/www.younited-credit.com?page=330&sort=recency'}   True
wait 60 sec
403 Client Error: Forbidden for url: https://fr.trustpilot.com/review/www.younited-credit.com?page=330&sort=recency
page_data = {'error': '403 Client Error: Forbidden for url: https://fr.trustpilot.com/review/www.younited-credit.com?page=330&sort=recency'}   True
wait 60 sec
403 Client Error: Forbidden for url: https://fr.trustpilot.com/review/www.younited-credit.com?page=330&sort=recency
page_data = {'error': '403 Client Error: Forbidden for url: https://fr.trustpilot.com/review/www.younited-credit.com?page=330&sort=recency'}   True
wait 60 sec
company_id: www.younited-credit.com  page: 330
company_id: www.younited-credit.com  page: 331
company_id: www.younited-credit.com  page: 332
company_id: www.younited-credit.com  page: 333
company_id: www.younited-credit.com  page: 334
company_id: www.younited-credit.com  page: 335
company_id: www.younited-credit.com  page: 336
company_id: www.younited-credit.com  page: 337
company_id: www.younited-credit.com  page: 338
company_id: www.younited-credit.com  page: 339
company_id: www.younited-credit.com  page: 340
company_id: www.younited-credit.com  page: 341
company_id: www.younited-credit.com  page: 342
company_id: www.younited-credit.com  page: 343
company_id: www.younited-credit.com  page: 344
company_id: www.younited-credit.com  page: 345
company_id: www.younited-credit.com  page: 346
company_id: www.younited-credit.com  page: 347
company_id: www.younited-credit.com  page: 348
company_id: www.younited-credit.com  page: 349
company_id: www.younited-credit.com  page: 350
company_id: www.younited-credit.com  page: 351
company_id: www.younited-credit.com  page: 352
company_id: www.younited-credit.com  page: 353
company_id: www.younited-credit.com  page: 354
company_id: www.younited-credit.com  page: 355
company_id: www.younited-credit.com  page: 356
company_id: www.younited-credit.com  page: 357
company_id: www.younited-credit.com  page: 358
company_id: www.younited-credit.com  page: 359
company_id: www.younited-credit.com  page: 360
company_id: www.younited-credit.com  page: 361
company_id: www.younited-credit.com  page: 362
company_id: www.younited-credit.com  page: 363
company_id: www.younited-credit.com  page: 364
company_id: www.younited-credit.com  page: 365
company_id: www.younited-credit.com  page: 366
company_id: www.younited-credit.com  page: 367
company_id: www.younited-credit.com  page: 368
company_id: www.younited-credit.com  page: 369
company_id: www.younited-credit.com  page: 370
company_id: www.younited-credit.com  page: 371
company_id: www.younited-credit.com  page: 372
company_id: www.younited-credit.com  page: 373
company_id: www.younited-credit.com  page: 374
company_id: www.younited-credit.com  page: 375
company_id: www.younited-credit.com  page: 376
company_id: www.younited-credit.com  page: 377
company_id: www.younited-credit.com  page: 378
company_id: www.younited-credit.com  page: 379
company_id: www.younited-credit.com  page: 380
company_id: www.younited-credit.com  page: 381
company_id: www.younited-credit.com  page: 382
company_id: www.younited-credit.com  page: 383
company_id: www.younited-credit.com  page: 384
company_id: www.younited-credit.com  page: 385
company_id: www.younited-credit.com  page: 386
company_id: www.younited-credit.com  page: 387
company_id: www.younited-credit.com  page: 388
company_id: www.younited-credit.com  page: 389
company_id: www.younited-credit.com  page: 390
company_id: www.younited-credit.com  page: 391
company_id: www.younited-credit.com  page: 392
company_id: www.younited-credit.com  page: 393
company_id: www.younited-credit.com  page: 394
company_id: www.younited-credit.com  page: 395
company_id: www.younited-credit.com  page: 396
company_id: www.younited-credit.com  page: 397
company_id: www.younited-credit.com  page: 398
company_id: www.younited-credit.com  page: 399
company_id: www.younited-credit.com  page: 400
company_id: www.younited-credit.com  page: 401
company_id: www.younited-credit.com  page: 402
company_id: www.younited-credit.com  page: 403
company_id: www.younited-credit.com  page: 404
company_id: www.younited-credit.com  page: 405
company_id: www.younited-credit.com  page: 406
company_id: www.younited-credit.com  page: 407
company_id: www.younited-credit.com  page: 408
company_id: www.younited-credit.com  page: 409
company_id: www.younited-credit.com  page: 410
company_id: www.younited-credit.com  page: 411
company_id: www.younited-credit.com  page: 412
company_id: www.younited-credit.com  page: 413
company_id: www.younited-credit.com  page: 414
company_id: www.younited-credit.com  page: 415
company_id: www.younited-credit.com  page: 416
company_id: www.younited-credit.com  page: 417
company_id: www.younited-credit.com  page: 418
company_id: www.younited-credit.com  page: 419
company_id: www.younited-credit.com  page: 420
company_id: www.younited-credit.com  page: 421
company_id: www.younited-credit.com  page: 422
company_id: www.younited-credit.com  page: 423
company_id: www.younited-credit.com  page: 424
company_id: www.younited-credit.com  page: 425
company_id: www.younited-credit.com  page: 426
company_id: www.younited-credit.com  page: 427
company_id: www.younited-credit.com  page: 428
company_id: www.younited-credit.com  page: 429
company_id: www.younited-credit.com  page: 430
company_id: www.younited-credit.com  page: 431
company_id: www.younited-credit.com  page: 432
company_id: www.younited-credit.com  page: 433
company_id: www.younited-credit.com  page: 434
company_id: www.younited-credit.com  page: 435
company_id: www.younited-credit.com  page: 436
company_id: www.younited-credit.com  page: 437
company_id: www.younited-credit.com  page: 438
company_id: www.younited-credit.com  page: 439
company_id: www.younited-credit.com  page: 440
company_id: www.younited-credit.com  page: 441
company_id: www.younited-credit.com  page: 442
company_id: www.younited-credit.com  page: 443
company_id: www.younited-credit.com  page: 444
company_id: www.younited-credit.com  page: 445
company_id: www.younited-credit.com  page: 446
company_id: www.younited-credit.com  page: 447
company_id: www.younited-credit.com  page: 448
company_id: www.younited-credit.com  page: 449
company_id: www.younited-credit.com  page: 450
company_id: www.younited-credit.com  page: 451
company_id: www.younited-credit.com  page: 452
company_id: www.younited-credit.com  page: 453
company_id: www.younited-credit.com  page: 454
company_id: www.younited-credit.com  page: 455
company_id: www.younited-credit.com  page: 456
company_id: www.younited-credit.com  page: 457
company_id: www.younited-credit.com  page: 458
company_id: www.younited-credit.com  page: 459
company_id: www.younited-credit.com  page: 460
company_id: www.younited-credit.com  page: 461
company_id: www.younited-credit.com  page: 462
company_id: www.younited-credit.com  page: 463
company_id: www.younited-credit.com  page: 464
company_id: www.younited-credit.com  page: 465
company_id: www.younited-credit.com  page: 466
company_id: www.younited-credit.com  page: 467
company_id: www.younited-credit.com  page: 468
company_id: www.younited-credit.com  page: 469
company_id: www.younited-credit.com  page: 470
company_id: www.younited-credit.com  page: 471
company_id: www.younited-credit.com  page: 472
company_id: www.younited-credit.com  page: 473
company_id: www.younited-credit.com  page: 474
company_id: www.younited-credit.com  page: 475
company_id: www.younited-credit.com  page: 476
company_id: www.younited-credit.com  page: 477
company_id: www.younited-credit.com  page: 478
company_id: www.younited-credit.com  page: 479
company_id: www.younited-credit.com  page: 480
company_id: www.younited-credit.com  page: 481
company_id: www.younited-credit.com  page: 482
company_id: www.younited-credit.com  page: 483
company_id: www.younited-credit.com  page: 484
company_id: www.younited-credit.com  page: 485
company_id: www.younited-credit.com  page: 486
company_id: www.younited-credit.com  page: 487
company_id: www.younited-credit.com  page: 488
[2024-09-12T12:16:11.743+0000] {docker.py:436} INFO - company_id: www.younited-credit.com  page: 489
company_id: www.younited-credit.com  page: 490
company_id: www.younited-credit.com  page: 491
company_id: www.younited-credit.com  page: 492
company_id: www.younited-credit.com  page: 493
company_id: www.younited-credit.com  page: 494
company_id: www.younited-credit.com  page: 495
company_id: www.younited-credit.com  page: 496
company_id: www.younited-credit.com  page: 497
company_id: www.younited-credit.com  page: 498
company_id: www.younited-credit.com  page: 499
company_id: www.younited-credit.com  page: 500
company_id: www.younited-credit.com  page: 501
company_id: www.younited-credit.com  page: 502
company_id: www.younited-credit.com  page: 503
company_id: www.younited-credit.com  page: 504
company_id: www.younited-credit.com  page: 505
company_id: www.younited-credit.com  page: 506
company_id: www.younited-credit.com  page: 507
company_id: www.younited-credit.com  page: 508
company_id: www.younited-credit.com  page: 509
company_id: www.younited-credit.com  page: 510
company_id: www.younited-credit.com  page: 511
company_id: www.younited-credit.com  page: 512
company_id: www.younited-credit.com  page: 513
company_id: www.younited-credit.com  page: 514
company_id: www.younited-credit.com  page: 515
company_id: www.younited-credit.com  page: 516
company_id: www.younited-credit.com  page: 517
company_id: www.younited-credit.com  page: 518
company_id: www.younited-credit.com  page: 519
company_id: www.younited-credit.com  page: 520
company_id: www.younited-credit.com  page: 521
company_id: www.younited-credit.com  page: 522
company_id: www.younited-credit.com  page: 523
company_id: www.younited-credit.com  page: 524
company_id: www.younited-credit.com  page: 525
company_id: www.younited-credit.com  page: 526
company_id: www.younited-credit.com  page: 527
company_id: www.younited-credit.com  page: 528
403 Client Error: Forbidden for url: https://fr.trustpilot.com/review/www.younited-credit.com?page=529&sort=recency
page_data = {'error': '403 Client Error: Forbidden for url: https://fr.trustpilot.com/review/www.younited-credit.com?page=529&sort=recency'}   True
wait 60 sec
403 Client Error: Forbidden for url: https://fr.trustpilot.com/review/www.younited-credit.com?page=529&sort=recency
page_data = {'error': '403 Client Error: Forbidden for url: https://fr.trustpilot.com/review/www.younited-credit.com?page=529&sort=recency'}   True
wait 60 sec
403 Client Error: Forbidden for url: https://fr.trustpilot.com/review/www.younited-credit.com?page=529&sort=recency
page_data = {'error': '403 Client Error: Forbidden for url: https://fr.trustpilot.com/review/www.younited-credit.com?page=529&sort=recency'}   True
wait 60 sec
403 Client Error: Forbidden for url: https://fr.trustpilot.com/review/www.younited-credit.com?page=529&sort=recency
page_data = {'error': '403 Client Error: Forbidden for url: https://fr.trustpilot.com/review/www.younited-credit.com?page=529&sort=recency'}   True
wait 60 sec
company_id: www.younited-credit.com  page: 529
company_id: www.younited-credit.com  page: 530
company_id: www.younited-credit.com  page: 531
company_id: www.younited-credit.com  page: 532
company_id: www.younited-credit.com  page: 533
company_id: www.younited-credit.com  page: 534
company_id: www.younited-credit.com  page: 535
company_id: www.younited-credit.com  page: 536
company_id: www.younited-credit.com  page: 537
company_id: www.younited-credit.com  page: 538
company_id: www.younited-credit.com  page: 539
company_id: www.younited-credit.com  page: 540
company_id: www.younited-credit.com  page: 541
company_id: www.younited-credit.com  page: 542
company_id: www.younited-credit.com  page: 543
company_id: www.younited-credit.com  page: 544
company_id: www.younited-credit.com  page: 545
company_id: www.younited-credit.com  page: 546
company_id: www.younited-credit.com  page: 547
company_id: www.younited-credit.com  page: 548
company_id: www.younited-credit.com  page: 549
company_id: www.younited-credit.com  page: 550
company_id: www.younited-credit.com  page: 551
company_id: www.younited-credit.com  page: 552
company_id: www.younited-credit.com  page: 553
company_id: www.younited-credit.com  page: 554
company_id: www.younited-credit.com  page: 555
company_id: www.younited-credit.com  page: 556
company_id: www.younited-credit.com  page: 557
company_id: www.younited-credit.com  page: 558
company_id: www.younited-credit.com  page: 559
company_id: www.younited-credit.com  page: 560
company_id: www.younited-credit.com  page: 561
company_id: www.younited-credit.com  page: 562
company_id: www.younited-credit.com  page: 563
company_id: www.younited-credit.com  page: 564
company_id: www.younited-credit.com  page: 565
company_id: www.younited-credit.com  page: 566
company_id: www.younited-credit.com  page: 567
company_id: www.younited-credit.com  page: 568
company_id: www.younited-credit.com  page: 569
company_id: www.younited-credit.com  page: 570
company_id: www.younited-credit.com  page: 571
company_id: www.younited-credit.com  page: 572
company_id: www.younited-credit.com  page: 573
company_id: www.younited-credit.com  page: 574
company_id: www.younited-credit.com  page: 575
company_id: www.younited-credit.com  page: 576
company_id: www.younited-credit.com  page: 577
company_id: www.younited-credit.com  page: 578
company_id: www.younited-credit.com  page: 579
company_id: www.younited-credit.com  page: 580
company_id: www.younited-credit.com  page: 581
company_id: www.younited-credit.com  page: 582
company_id: www.younited-credit.com  page: 583
company_id: www.younited-credit.com  page: 584
company_id: www.younited-credit.com  page: 585
company_id: www.younited-credit.com  page: 586
company_id: www.younited-credit.com  page: 587
company_id: www.younited-credit.com  page: 588
company_id: www.younited-credit.com  page: 589
company_id: www.younited-credit.com  page: 590
company_id: www.younited-credit.com  page: 591
company_id: www.younited-credit.com  page: 592
company_id: www.younited-credit.com  page: 593
company_id: www.younited-credit.com  page: 594
company_id: www.younited-credit.com  page: 595
company_id: www.younited-credit.com  page: 596
company_id: www.younited-credit.com  page: 597
company_id: www.younited-credit.com  page: 598
company_id: www.younited-credit.com  page: 599
company_id: www.younited-credit.com  page: 600
company_id: www.younited-credit.com  page: 601
company_id: www.younited-credit.com  page: 602
company_id: www.younited-credit.com  page: 603
company_id: www.younited-credit.com  page: 604
company_id: www.younited-credit.com  page: 605
company_id: www.younited-credit.com  page: 606
company_id: www.younited-credit.com  page: 607
company_id: www.younited-credit.com  page: 608
company_id: www.younited-credit.com  page: 609
company_id: www.younited-credit.com  page: 610
company_id: www.younited-credit.com  page: 611
company_id: www.younited-credit.com  page: 612
company_id: www.younited-credit.com  page: 613
company_id: www.younited-credit.com  page: 614
company_id: www.younited-credit.com  page: 615
company_id: www.younited-credit.com  page: 616
company_id: www.younited-credit.com  page: 617
company_id: www.younited-credit.com  page: 618
company_id: www.younited-credit.com  page: 619
company_id: www.younited-credit.com  page: 620
company_id: www.younited-credit.com  page: 621
company_id: www.younited-credit.com  page: 622
company_id: www.younited-credit.com  page: 623
company_id: www.younited-credit.com  page: 624
company_id: www.younited-credit.com  page: 625
company_id: www.younited-credit.com  page: 626
company_id: www.younited-credit.com  page: 627
company_id: www.younited-credit.com  page: 628
company_id: www.younited-credit.com  page: 629
company_id: www.younited-credit.com  page: 630
company_id: www.younited-credit.com  page: 631
company_id: www.younited-credit.com  page: 632
company_id: www.younited-credit.com  page: 633
company_id: www.younited-credit.com  page: 634
company_id: www.younited-credit.com  page: 635
company_id: www.younited-credit.com  page: 636
company_id: www.younited-credit.com  page: 637
company_id: www.younited-credit.com  page: 638
[2024-09-12T12:21:20.280+0000] {docker.py:436} INFO - company_id: www.younited-credit.com  page: 639
company_id: www.younited-credit.com  page: 640
company_id: www.younited-credit.com  page: 641
company_id: www.younited-credit.com  page: 642
company_id: www.younited-credit.com  page: 643
company_id: www.younited-credit.com  page: 644
company_id: www.younited-credit.com  page: 645
company_id: www.younited-credit.com  page: 646
company_id: www.younited-credit.com  page: 647
company_id: www.younited-credit.com  page: 648
company_id: www.younited-credit.com  page: 649
company_id: www.younited-credit.com  page: 650
company_id: www.younited-credit.com  page: 651
company_id: www.younited-credit.com  page: 652
company_id: www.younited-credit.com  page: 653
company_id: www.younited-credit.com  page: 654
company_id: www.younited-credit.com  page: 655
company_id: www.younited-credit.com  page: 656
company_id: www.younited-credit.com  page: 657
company_id: www.younited-credit.com  page: 658
company_id: www.younited-credit.com  page: 659
company_id: www.younited-credit.com  page: 660
company_id: www.younited-credit.com  page: 661
company_id: www.younited-credit.com  page: 662
company_id: www.younited-credit.com  page: 663
company_id: www.younited-credit.com  page: 664
company_id: www.younited-credit.com  page: 665
company_id: www.younited-credit.com  page: 666
company_id: www.younited-credit.com  page: 667
company_id: www.younited-credit.com  page: 668
company_id: www.younited-credit.com  page: 669
company_id: www.younited-credit.com  page: 670
company_id: www.younited-credit.com  page: 671
company_id: www.younited-credit.com  page: 672
company_id: www.younited-credit.com  page: 673
company_id: www.younited-credit.com  page: 674
company_id: www.younited-credit.com  page: 675
company_id: www.younited-credit.com  page: 676
company_id: www.younited-credit.com  page: 677
company_id: www.younited-credit.com  page: 678
company_id: www.younited-credit.com  page: 679
company_id: www.younited-credit.com  page: 680
company_id: www.younited-credit.com  page: 681
company_id: www.younited-credit.com  page: 682
company_id: www.younited-credit.com  page: 683
company_id: www.younited-credit.com  page: 684
company_id: www.younited-credit.com  page: 685
company_id: www.younited-credit.com  page: 686
company_id: www.younited-credit.com  page: 687
company_id: www.younited-credit.com  page: 688
company_id: www.younited-credit.com  page: 689
company_id: www.younited-credit.com  page: 690
company_id: www.younited-credit.com  page: 691
company_id: www.younited-credit.com  page: 692
company_id: www.younited-credit.com  page: 693
company_id: www.younited-credit.com  page: 694
company_id: www.younited-credit.com  page: 695
company_id: www.younited-credit.com  page: 696
company_id: www.younited-credit.com  page: 697
company_id: www.younited-credit.com  page: 698
company_id: www.younited-credit.com  page: 699
company_id: www.younited-credit.com  page: 700
company_id: www.younited-credit.com  page: 701
company_id: www.younited-credit.com  page: 702
company_id: www.younited-credit.com  page: 703
company_id: www.younited-credit.com  page: 704
company_id: www.younited-credit.com  page: 705
company_id: www.younited-credit.com  page: 706
company_id: www.younited-credit.com  page: 707
company_id: www.younited-credit.com  page: 708
company_id: www.younited-credit.com  page: 709
company_id: www.younited-credit.com  page: 710
company_id: www.younited-credit.com  page: 711
company_id: www.younited-credit.com  page: 712
company_id: www.younited-credit.com  page: 713
company_id: www.younited-credit.com  page: 714
company_id: www.younited-credit.com  page: 715
company_id: www.younited-credit.com  page: 716
company_id: www.younited-credit.com  page: 717
company_id: www.younited-credit.com  page: 718
company_id: www.younited-credit.com  page: 719
company_id: www.younited-credit.com  page: 720
company_id: www.younited-credit.com  page: 721
company_id: www.younited-credit.com  page: 722
company_id: www.younited-credit.com  page: 723
company_id: www.younited-credit.com  page: 724
company_id: www.younited-credit.com  page: 725
company_id: www.younited-credit.com  page: 726
company_id: www.younited-credit.com  page: 727
company_id: www.younited-credit.com  page: 728
company_id: www.younited-credit.com  page: 729
company_id: www.younited-credit.com  page: 730
company_id: www.younited-credit.com  page: 731
company_id: www.younited-credit.com  page: 732
company_id: www.younited-credit.com  page: 733
company_id: www.younited-credit.com  page: 734
company_id: www.younited-credit.com  page: 735
company_id: www.younited-credit.com  page: 736
company_id: www.younited-credit.com  page: 737
company_id: www.younited-credit.com  page: 738
company_id: www.younited-credit.com  page: 739
company_id: www.younited-credit.com  page: 740
company_id: www.younited-credit.com  page: 741
company_id: www.younited-credit.com  page: 742
company_id: www.younited-credit.com  page: 743
company_id: www.younited-credit.com  page: 744
company_id: www.younited-credit.com  page: 745
company_id: www.younited-credit.com  page: 746
company_id: www.younited-credit.com  page: 747
company_id: www.younited-credit.com  page: 748
company_id: www.younited-credit.com  page: 749
company_id: www.younited-credit.com  page: 750
company_id: www.younited-credit.com  page: 751
company_id: www.younited-credit.com  page: 752
company_id: www.younited-credit.com  page: 753
company_id: www.younited-credit.com  page: 754
company_id: www.younited-credit.com  page: 755
company_id: www.younited-credit.com  page: 756
company_id: www.younited-credit.com  page: 757
company_id: www.younited-credit.com  page: 758
company_id: www.younited-credit.com  page: 759
company_id: www.younited-credit.com  page: 760
company_id: www.younited-credit.com  page: 761
company_id: www.younited-credit.com  page: 762
company_id: www.younited-credit.com  page: 763
company_id: www.younited-credit.com  page: 764
company_id: www.younited-credit.com  page: 765
company_id: www.younited-credit.com  page: 766
company_id: www.younited-credit.com  page: 767
company_id: www.younited-credit.com  page: 768
company_id: www.younited-credit.com  page: 769
company_id: www.younited-credit.com  page: 770
company_id: www.younited-credit.com  page: 771
company_id: www.younited-credit.com  page: 772
company_id: www.younited-credit.com  page: 773
company_id: www.younited-credit.com  page: 774
403 Client Error: Forbidden for url: https://fr.trustpilot.com/review/www.younited-credit.com?page=775&sort=recency
page_data = {'error': '403 Client Error: Forbidden for url: https://fr.trustpilot.com/review/www.younited-credit.com?page=775&sort=recency'}   True
wait 60 sec
403 Client Error: Forbidden for url: https://fr.trustpilot.com/review/www.younited-credit.com?page=775&sort=recency
page_data = {'error': '403 Client Error: Forbidden for url: https://fr.trustpilot.com/review/www.younited-credit.com?page=775&sort=recency'}   True
wait 60 sec
403 Client Error: Forbidden for url: https://fr.trustpilot.com/review/www.younited-credit.com?page=775&sort=recency
page_data = {'error': '403 Client Error: Forbidden for url: https://fr.trustpilot.com/review/www.younited-credit.com?page=775&sort=recency'}   True
wait 60 sec
403 Client Error: Forbidden for url: https://fr.trustpilot.com/review/www.younited-credit.com?page=775&sort=recency
page_data = {'error': '403 Client Error: Forbidden for url: https://fr.trustpilot.com/review/www.younited-credit.com?page=775&sort=recency'}   True
wait 60 sec
company_id: www.younited-credit.com  page: 775
company_id: www.younited-credit.com  page: 776
company_id: www.younited-credit.com  page: 777
company_id: www.younited-credit.com  page: 778
company_id: www.younited-credit.com  page: 779
company_id: www.younited-credit.com  page: 780
company_id: www.younited-credit.com  page: 781
company_id: www.younited-credit.com  page: 782
company_id: www.younited-credit.com  page: 783
company_id: www.younited-credit.com  page: 784
company_id: www.younited-credit.com  page: 785
company_id: www.younited-credit.com  page: 786
company_id: www.younited-credit.com  page: 787
company_id: www.younited-credit.com  page: 788
[2024-09-12T12:22:40.871+0000] {docker.py:436} INFO - company_id: www.younited-credit.com  page: 789
company_id: www.younited-credit.com  page: 790
company_id: www.younited-credit.com  page: 791
company_id: www.younited-credit.com  page: 792
company_id: www.younited-credit.com  page: 793
company_id: www.younited-credit.com  page: 794
company_id: www.younited-credit.com  page: 795
company_id: www.younited-credit.com  page: 796
company_id: www.younited-credit.com  page: 797
company_id: www.younited-credit.com  page: 798
company_id: www.younited-credit.com  page: 799
company_id: www.younited-credit.com  page: 800
company_id: www.younited-credit.com  page: 801
company_id: www.younited-credit.com  page: 802
company_id: www.younited-credit.com  page: 803
company_id: www.younited-credit.com  page: 804
company_id: www.younited-credit.com  page: 805
company_id: www.younited-credit.com  page: 806
company_id: www.younited-credit.com  page: 807
company_id: www.younited-credit.com  page: 808
company_id: www.younited-credit.com  page: 809
company_id: www.younited-credit.com  page: 810
company_id: www.younited-credit.com  page: 811
company_id: www.younited-credit.com  page: 812
company_id: www.younited-credit.com  page: 813
company_id: www.younited-credit.com  page: 814
company_id: www.younited-credit.com  page: 815
company_id: www.younited-credit.com  page: 816
company_id: www.younited-credit.com  page: 817
company_id: www.younited-credit.com  page: 818
company_id: www.younited-credit.com  page: 819
company_id: www.younited-credit.com  page: 820
company_id: www.younited-credit.com  page: 821
company_id: www.younited-credit.com  page: 822
company_id: www.younited-credit.com  page: 823
company_id: www.younited-credit.com  page: 824
company_id: www.younited-credit.com  page: 825
company_id: www.younited-credit.com  page: 826
company_id: www.younited-credit.com  page: 827
company_id: www.younited-credit.com  page: 828
company_id: www.younited-credit.com  page: 829
company_id: www.younited-credit.com  page: 830
company_id: www.younited-credit.com  page: 831
company_id: www.younited-credit.com  page: 832
company_id: www.younited-credit.com  page: 833
company_id: www.younited-credit.com  page: 834
company_id: www.younited-credit.com  page: 835
company_id: www.younited-credit.com  page: 836
company_id: www.younited-credit.com  page: 837
company_id: www.younited-credit.com  page: 838
company_id: www.younited-credit.com  page: 839
company_id: www.younited-credit.com  page: 840
company_id: www.younited-credit.com  page: 841
company_id: www.younited-credit.com  page: 842
company_id: www.younited-credit.com  page: 843
company_id: www.younited-credit.com  page: 844
company_id: www.younited-credit.com  page: 845
company_id: www.younited-credit.com  page: 846
company_id: www.younited-credit.com  page: 847
company_id: www.younited-credit.com  page: 848
company_id: www.younited-credit.com  page: 849
company_id: www.younited-credit.com  page: 850
company_id: www.younited-credit.com  page: 851
company_id: www.younited-credit.com  page: 852
company_id: www.younited-credit.com  page: 853
company_id: www.younited-credit.com  page: 854
company_id: www.younited-credit.com  page: 855
company_id: www.younited-credit.com  page: 856
company_id: www.younited-credit.com  page: 857
company_id: www.younited-credit.com  page: 858
company_id: www.younited-credit.com  page: 859
company_id: www.younited-credit.com  page: 860
company_id: www.younited-credit.com  page: 861
company_id: www.younited-credit.com  page: 862
company_id: www.younited-credit.com  page: 863
company_id: www.younited-credit.com  page: 864
company_id: www.younited-credit.com  page: 865
company_id: www.younited-credit.com  page: 866
company_id: www.younited-credit.com  page: 867
company_id: www.younited-credit.com  page: 868
company_id: www.younited-credit.com  page: 869
company_id: www.younited-credit.com  page: 870
company_id: www.younited-credit.com  page: 871
company_id: www.younited-credit.com  page: 872
company_id: www.younited-credit.com  page: 873
company_id: www.younited-credit.com  page: 874
company_id: www.younited-credit.com  page: 875
company_id: www.younited-credit.com  page: 876
company_id: www.younited-credit.com  page: 877
company_id: www.younited-credit.com  page: 878
company_id: www.younited-credit.com  page: 879
company_id: www.younited-credit.com  page: 880
company_id: www.younited-credit.com  page: 881
company_id: www.younited-credit.com  page: 882
company_id: www.younited-credit.com  page: 883
company_id: www.younited-credit.com  page: 884
company_id: www.younited-credit.com  page: 885
company_id: www.younited-credit.com  page: 886
company_id: www.younited-credit.com  page: 887
company_id: www.younited-credit.com  page: 888
company_id: www.younited-credit.com  page: 889
company_id: www.younited-credit.com  page: 890
company_id: www.younited-credit.com  page: 891
company_id: www.younited-credit.com  page: 892
company_id: www.younited-credit.com  page: 893
company_id: www.younited-credit.com  page: 894
company_id: www.younited-credit.com  page: 895
company_id: www.younited-credit.com  page: 896
company_id: www.younited-credit.com  page: 897
company_id: www.younited-credit.com  page: 898
company_id: www.younited-credit.com  page: 899
company_id: www.younited-credit.com  page: 900
company_id: www.younited-credit.com  page: 901
company_id: www.younited-credit.com  page: 902
company_id: www.younited-credit.com  page: 903
company_id: www.younited-credit.com  page: 904
company_id: www.younited-credit.com  page: 905
company_id: www.younited-credit.com  page: 906
company_id: www.younited-credit.com  page: 907
company_id: www.younited-credit.com  page: 908
company_id: www.younited-credit.com  page: 909
company_id: www.younited-credit.com  page: 910
company_id: www.younited-credit.com  page: 911
company_id: www.younited-credit.com  page: 912
company_id: www.younited-credit.com  page: 913
company_id: www.younited-credit.com  page: 914
company_id: www.younited-credit.com  page: 915
company_id: www.younited-credit.com  page: 916
company_id: www.younited-credit.com  page: 917
company_id: www.younited-credit.com  page: 918
company_id: www.younited-credit.com  page: 919
company_id: www.younited-credit.com  page: 920
company_id: www.younited-credit.com  page: 921
company_id: www.younited-credit.com  page: 922
company_id: www.younited-credit.com  page: 923
company_id: www.younited-credit.com  page: 924
company_id: www.younited-credit.com  page: 925
company_id: www.younited-credit.com  page: 926
company_id: www.younited-credit.com  page: 927
company_id: www.younited-credit.com  page: 928
company_id: www.younited-credit.com  page: 929
company_id: www.younited-credit.com  page: 930
company_id: www.younited-credit.com  page: 931
company_id: www.younited-credit.com  page: 932
company_id: www.younited-credit.com  page: 933
company_id: www.younited-credit.com  page: 934
company_id: www.younited-credit.com  page: 935
company_id: www.younited-credit.com  page: 936
company_id: www.younited-credit.com  page: 937
company_id: www.younited-credit.com  page: 938
company_id: www.younited-credit.com  page: 939
company_id: www.younited-credit.com  page: 940
company_id: www.younited-credit.com  page: 941
company_id: www.younited-credit.com  page: 942
company_id: www.younited-credit.com  page: 943
company_id: www.younited-credit.com  page: 944
company_id: www.younited-credit.com  page: 945
company_id: www.younited-credit.com  page: 946
company_id: www.younited-credit.com  page: 947
company_id: www.younited-credit.com  page: 948
company_id: www.younited-credit.com  page: 949
company_id: www.younited-credit.com  page: 950
company_id: www.younited-credit.com  page: 951
company_id: www.younited-credit.com  page: 952
company_id: www.younited-credit.com  page: 953
company_id: www.younited-credit.com  page: 954
company_id: www.younited-credit.com  page: 955
company_id: www.younited-credit.com  page: 956
company_id: www.younited-credit.com  page: 957
company_id: www.younited-credit.com  page: 958
company_id: www.younited-credit.com  page: 959
company_id: www.younited-credit.com  page: 960
company_id: www.younited-credit.com  page: 961
company_id: www.younited-credit.com  page: 962
[2024-09-12T12:27:51.286+0000] {docker.py:436} INFO - company_id: www.younited-credit.com  page: 963
company_id: www.younited-credit.com  page: 964
company_id: www.younited-credit.com  page: 965
company_id: www.younited-credit.com  page: 966
company_id: www.younited-credit.com  page: 967
company_id: www.younited-credit.com  page: 968
company_id: www.younited-credit.com  page: 969
company_id: www.younited-credit.com  page: 970
company_id: www.younited-credit.com  page: 971
company_id: www.younited-credit.com  page: 972
company_id: www.younited-credit.com  page: 973
company_id: www.younited-credit.com  page: 974
company_id: www.younited-credit.com  page: 975
company_id: www.younited-credit.com  page: 976
company_id: www.younited-credit.com  page: 977
company_id: www.younited-credit.com  page: 978
company_id: www.younited-credit.com  page: 979
company_id: www.younited-credit.com  page: 980
company_id: www.younited-credit.com  page: 981
company_id: www.younited-credit.com  page: 982
company_id: www.younited-credit.com  page: 983
company_id: www.younited-credit.com  page: 984
company_id: www.younited-credit.com  page: 985
company_id: www.younited-credit.com  page: 986
company_id: www.younited-credit.com  page: 987
company_id: www.younited-credit.com  page: 988
company_id: www.younited-credit.com  page: 989
company_id: www.younited-credit.com  page: 990
company_id: www.younited-credit.com  page: 991
company_id: www.younited-credit.com  page: 992
company_id: www.younited-credit.com  page: 993
company_id: www.younited-credit.com  page: 994
company_id: www.younited-credit.com  page: 995
company_id: www.younited-credit.com  page: 996
company_id: www.younited-credit.com  page: 997
company_id: www.younited-credit.com  page: 998
company_id: www.younited-credit.com  page: 999
company_id: www.younited-credit.com  page: 1000
company_id: www.younited-credit.com  page: 1001
company_id: www.younited-credit.com  page: 1002
company_id: www.younited-credit.com  page: 1003
company_id: www.younited-credit.com  page: 1004
company_id: www.younited-credit.com  page: 1005
403 Client Error: Forbidden for url: https://fr.trustpilot.com/review/www.younited-credit.com?page=1006&sort=recency
page_data = {'error': '403 Client Error: Forbidden for url: https://fr.trustpilot.com/review/www.younited-credit.com?page=1006&sort=recency'}   True
wait 60 sec
company_id: www.younited-credit.com  page: 1006
403 Client Error: Forbidden for url: https://fr.trustpilot.com/review/www.younited-credit.com?page=1007&sort=recency
page_data = {'error': '403 Client Error: Forbidden for url: https://fr.trustpilot.com/review/www.younited-credit.com?page=1007&sort=recency'}   True
wait 60 sec
403 Client Error: Forbidden for url: https://fr.trustpilot.com/review/www.younited-credit.com?page=1007&sort=recency
page_data = {'error': '403 Client Error: Forbidden for url: https://fr.trustpilot.com/review/www.younited-credit.com?page=1007&sort=recency'}   True
wait 60 sec
403 Client Error: Forbidden for url: https://fr.trustpilot.com/review/www.younited-credit.com?page=1007&sort=recency
page_data = {'error': '403 Client Error: Forbidden for url: https://fr.trustpilot.com/review/www.younited-credit.com?page=1007&sort=recency'}   True
wait 60 sec
company_id: www.younited-credit.com  page: 1007
company_id: www.younited-credit.com  page: 1008
company_id: www.younited-credit.com  page: 1009
company_id: www.younited-credit.com  page: 1010
company_id: www.younited-credit.com  page: 1011
company_id: www.younited-credit.com  page: 1012
company_id: www.younited-credit.com  page: 1013
company_id: www.younited-credit.com  page: 1014
company_id: www.younited-credit.com  page: 1015
company_id: www.younited-credit.com  page: 1016
company_id: www.younited-credit.com  page: 1017
company_id: www.younited-credit.com  page: 1018
company_id: www.younited-credit.com  page: 1019
company_id: www.younited-credit.com  page: 1020
company_id: www.younited-credit.com  page: 1021
company_id: www.younited-credit.com  page: 1022
company_id: www.younited-credit.com  page: 1023
company_id: www.younited-credit.com  page: 1024
company_id: www.younited-credit.com  page: 1025
company_id: www.younited-credit.com  page: 1026
company_id: www.younited-credit.com  page: 1027
company_id: www.younited-credit.com  page: 1028
company_id: www.younited-credit.com  page: 1029
company_id: www.younited-credit.com  page: 1030
company_id: www.younited-credit.com  page: 1031
company_id: www.younited-credit.com  page: 1032
company_id: www.younited-credit.com  page: 1033
company_id: www.younited-credit.com  page: 1034
company_id: www.younited-credit.com  page: 1035
company_id: www.younited-credit.com  page: 1036
company_id: www.younited-credit.com  page: 1037
company_id: www.younited-credit.com  page: 1038
company_id: www.younited-credit.com  page: 1039
company_id: www.younited-credit.com  page: 1040
company_id: www.younited-credit.com  page: 1041
company_id: www.younited-credit.com  page: 1042
company_id: www.younited-credit.com  page: 1043
company_id: www.younited-credit.com  page: 1044
company_id: www.younited-credit.com  page: 1045
company_id: www.younited-credit.com  page: 1046
company_id: www.younited-credit.com  page: 1047
company_id: www.younited-credit.com  page: 1048
company_id: www.younited-credit.com  page: 1049
company_id: www.younited-credit.com  page: 1050
company_id: www.younited-credit.com  page: 1051
company_id: www.younited-credit.com  page: 1052
company_id: www.younited-credit.com  page: 1053
company_id: www.younited-credit.com  page: 1054
company_id: www.younited-credit.com  page: 1055
company_id: www.younited-credit.com  page: 1056
company_id: www.younited-credit.com  page: 1057
company_id: www.younited-credit.com  page: 1058
company_id: www.younited-credit.com  page: 1059
company_id: www.younited-credit.com  page: 1060
company_id: www.younited-credit.com  page: 1061
company_id: www.younited-credit.com  page: 1062
company_id: www.younited-credit.com  page: 1063
company_id: www.younited-credit.com  page: 1064
company_id: www.younited-credit.com  page: 1065
company_id: www.younited-credit.com  page: 1066
company_id: www.younited-credit.com  page: 1067
company_id: www.younited-credit.com  page: 1068
company_id: www.younited-credit.com  page: 1069
company_id: www.younited-credit.com  page: 1070
company_id: www.younited-credit.com  page: 1071
company_id: www.younited-credit.com  page: 1072
company_id: www.younited-credit.com  page: 1073
company_id: www.younited-credit.com  page: 1074
company_id: www.younited-credit.com  page: 1075
company_id: www.younited-credit.com  page: 1076
company_id: www.younited-credit.com  page: 1077
company_id: www.younited-credit.com  page: 1078
company_id: www.younited-credit.com  page: 1079
company_id: www.younited-credit.com  page: 1080
company_id: www.younited-credit.com  page: 1081
company_id: www.younited-credit.com  page: 1082
company_id: www.younited-credit.com  page: 1083
company_id: www.younited-credit.com  page: 1084
company_id: www.younited-credit.com  page: 1085
company_id: www.younited-credit.com  page: 1086
company_id: www.younited-credit.com  page: 1087
company_id: www.younited-credit.com  page: 1088
company_id: www.younited-credit.com  page: 1089
company_id: www.younited-credit.com  page: 1090
company_id: www.younited-credit.com  page: 1091
company_id: www.younited-credit.com  page: 1092
company_id: www.younited-credit.com  page: 1093
company_id: www.younited-credit.com  page: 1094
company_id: www.younited-credit.com  page: 1095
company_id: www.younited-credit.com  page: 1096
company_id: www.younited-credit.com  page: 1097
company_id: www.younited-credit.com  page: 1098
company_id: www.younited-credit.com  page: 1099
company_id: www.younited-credit.com  page: 1100
company_id: www.younited-credit.com  page: 1101
company_id: www.younited-credit.com  page: 1102
company_id: www.younited-credit.com  page: 1103
company_id: www.younited-credit.com  page: 1104
company_id: www.younited-credit.com  page: 1105
company_id: www.younited-credit.com  page: 1106
company_id: www.younited-credit.com  page: 1107
company_id: www.younited-credit.com  page: 1108
company_id: www.younited-credit.com  page: 1109
company_id: www.younited-credit.com  page: 1110
