[2024-07-05T08:36:47.733+0000] {local_task_job_runner.py:120} INFO - ::group::Pre task execution logs
[2024-07-05T08:36:47.745+0000] {taskinstance.py:2076} INFO - Dependencies all met for dep_context=non-requeueable deps ti=<TaskInstance: prod_dag.fastapi manual__2024-07-05T08:36:09.102039+00:00 [queued]>
[2024-07-05T08:36:47.750+0000] {taskinstance.py:2076} INFO - Dependencies all met for dep_context=requeueable deps ti=<TaskInstance: prod_dag.fastapi manual__2024-07-05T08:36:09.102039+00:00 [queued]>
[2024-07-05T08:36:47.750+0000] {taskinstance.py:2306} INFO - Starting attempt 1 of 2
[2024-07-05T08:36:47.759+0000] {taskinstance.py:2330} INFO - Executing <Task(DockerOperator): fastapi> on 2024-07-05 08:36:09.102039+00:00
[2024-07-05T08:36:47.767+0000] {warnings.py:112} WARNING - /home/***/.local/lib/python3.12/site-packages/***/task/task_runner/standard_task_runner.py:61: DeprecationWarning: This process (pid=557) is multi-threaded, use of fork() may lead to deadlocks in the child.
  pid = os.fork()

[2024-07-05T08:36:47.767+0000] {standard_task_runner.py:63} INFO - Started process 558 to run task
[2024-07-05T08:36:47.768+0000] {standard_task_runner.py:90} INFO - Running: ['***', 'tasks', 'run', 'prod_dag', 'fastapi', 'manual__2024-07-05T08:36:09.102039+00:00', '--job-id', '318', '--raw', '--subdir', 'DAGS_FOLDER/DAG_prod.py', '--cfg-path', '/tmp/tmpp42qjlmt']
[2024-07-05T08:36:47.768+0000] {standard_task_runner.py:91} INFO - Job 318: Subtask fastapi
[2024-07-05T08:36:47.791+0000] {task_command.py:426} INFO - Running <TaskInstance: prod_dag.fastapi manual__2024-07-05T08:36:09.102039+00:00 [running]> on host 0babcc6ad8d9
[2024-07-05T08:36:47.847+0000] {taskinstance.py:2648} INFO - Exporting env vars: AIRFLOW_CTX_DAG_OWNER='***' AIRFLOW_CTX_DAG_ID='prod_dag' AIRFLOW_CTX_TASK_ID='fastapi' AIRFLOW_CTX_EXECUTION_DATE='2024-07-05T08:36:09.102039+00:00' AIRFLOW_CTX_TRY_NUMBER='1' AIRFLOW_CTX_DAG_RUN_ID='manual__2024-07-05T08:36:09.102039+00:00'
[2024-07-05T08:36:47.848+0000] {taskinstance.py:430} INFO - ::endgroup::
[2024-07-05T08:36:47.868+0000] {docker.py:366} INFO - Starting docker container from image curlimages/curl:latest
[2024-07-05T08:36:47.870+0000] {docker.py:374} WARNING - Using remote engine or docker-in-docker and mounting temporary volume from host is not supported. Falling back to `mount_tmp_dir=False` mode. You can set `mount_tmp_dir` parameter to False to disable mounting and remove the warning
[2024-07-05T08:36:48.149+0000] {docker.py:436} INFO - % Total    % Received % Xferd  Average Speed   Time    Time     Time  Current
                                 Dload  Upload   Total   Spen
[2024-07-05T08:36:48.149+0000] {docker.py:436} INFO - t    Left  Speed
  0     0    0     0
[2024-07-05T08:36:48.149+0000] {docker.py:436} INFO - 0     0
[2024-07-05T08:36:48.150+0000] {docker.py:436} INFO - 0      0 --:--:-- --:
[2024-07-05T08:36:48.150+0000] {docker.py:436} INFO - --:-- --:--:--     0
[2024-07-05T08:36:49.143+0000] {docker.py:436} INFO - 100     2    0     0  100     2      0      1  0:00:02  0:00:01  0:00:01     2
[2024-07-05T08:36:50.143+0000] {docker.py:436} INFO - 100     2    0     0    0     2      0      0 --:--:--  0:00:02 --:--:--     0
[2024-07-05T08:36:51.145+0000] {docker.py:436} INFO - 100     2    0     0    0     2      0      0 --:--:--  0:00:03 --:--:--     0
[2024-07-05T08:36:52.145+0000] {docker.py:436} INFO - 100     2    0     0    0     2      0      0 --:--:--  0:00:04 --:--:--     0
[2024-07-05T08:36:53.146+0000] {docker.py:436} INFO - 100     2    0     0    0     2      0      0 --:--:--  0:00:05 --:--:--     0
[2024-07-05T08:36:54.148+0000] {docker.py:436} INFO - 100     2    0     0    0     2      0      0 --:--:--  0:00:06 --:--:--     0
[2024-07-05T08:36:55.149+0000] {docker.py:436} INFO - 100     2    0     0    0     2      0      0 --:--:--  0:00:07 --:--:--     0
[2024-07-05T08:36:56.150+0000] {docker.py:436} INFO - 100     2    0     0    0     2      0      0 --:--:--  0:00:08 --:--:--     0
[2024-07-05T08:36:57.151+0000] {docker.py:436} INFO - 100     2    0     0    0     2      0      0 --:--:--  0:00:09 --:--:--     0
[2024-07-05T08:36:58.152+0000] {docker.py:436} INFO - 100     2    0     0    0     2      0      0 --:--:--  0:00:10 --:--:--     0
[2024-07-05T08:36:59.153+0000] {docker.py:436} INFO - 100     2    0     0    0     2      0      0 --:--:--  0:00:11 --:--:--     0
[2024-07-05T08:37:00.154+0000] {docker.py:436} INFO - 100     2    0     0    0     2      0      0 --:--:--  0:00:12 --:--:--     0
[2024-07-05T08:37:01.155+0000] {docker.py:436} INFO - 100     2    0     0    0     2      0      0 --:--:--  0:00:13 --:--:--     0
[2024-07-05T08:37:02.156+0000] {docker.py:436} INFO - 100     2    0     0    0     2      0      0 --:--:--  0:00:14 --:--:--     0
[2024-07-05T08:37:03.157+0000] {docker.py:436} INFO - 100     2    0     0    0     2      0      0 --:--:--  0:00:15 --:--:--     0
[2024-07-05T08:37:04.158+0000] {docker.py:436} INFO - 100     2    0     0    0     2      0      0 --:--:--  0:00:16 --:--:--     0
[2024-07-05T08:37:05.159+0000] {docker.py:436} INFO - 100     2    0     0    0     2      0      0 --:--:--  0:00:17 --:--:--     0
[2024-07-05T08:37:06.160+0000] {docker.py:436} INFO - 100     2    0     0    0     2      0      0 --:--:--  0:00:18 --:--:--     0
[2024-07-05T08:37:07.161+0000] {docker.py:436} INFO - 100     2    0     0    0     2      0      0 --:--:--  0:00:19 --:--:--     0
[2024-07-05T08:37:08.162+0000] {docker.py:436} INFO - 100     2    0     0    0     2      0      0 --:--:--  0:00:20 --:--:--     0
[2024-07-05T08:37:09.162+0000] {docker.py:436} INFO - 100     2    0     0    0     2      0      0 --:--:--  0:00:21 --:--:--     0
[2024-07-05T08:37:10.164+0000] {docker.py:436} INFO - 100     2    0     0    0     2      0      0 --:--:--  0:00:22 --:--:--     0
[2024-07-05T08:37:11.165+0000] {docker.py:436} INFO - 100     2    0     0    0     2      0      0 --:--:--  0:00:23 --:--:--     0
[2024-07-05T08:37:12.166+0000] {docker.py:436} INFO - 100     2    0     0    0     2      0      0 --:--:--  0:00:24 --:--:--     0
[2024-07-05T08:37:13.166+0000] {docker.py:436} INFO - 100     2    0     0    0     2      0      0 --:--:--  0:00:25 --:--:--     0
[2024-07-05T08:37:14.168+0000] {docker.py:436} INFO - 100     2    0     0    0     2      0      0 --:--:--  0:00:26 --:--
[2024-07-05T08:37:14.168+0000] {docker.py:436} INFO - :--     0
[2024-07-05T08:37:15.168+0000] {docker.py:436} INFO - 100     2    0     0    0     2      0      0 --:--:--
[2024-07-05T08:37:15.169+0000] {docker.py:436} INFO - 0:00:27 --:--:--
[2024-07-05T08:37:15.169+0000] {docker.py:436} INFO - 
[2024-07-05T08:37:15.169+0000] {docker.py:436} INFO - 0
[2024-07-05T08:37:16.170+0000] {docker.py:436} INFO - 100     2    0     0    0     2      0      0 --:--:--  0:00:28 --:--:--     0
[2024-07-05T08:37:17.170+0000] {docker.py:436} INFO - 100     2    0     0    0     2      0
[2024-07-05T08:37:17.171+0000] {docker.py:436} INFO - 0 --:--:--  0:
[2024-07-05T08:37:17.171+0000] {docker.py:436} INFO - 00:29 --:--
[2024-07-05T08:37:17.171+0000] {docker.py:436} INFO - :--     0
[2024-07-05T08:37:18.171+0000] {docker.py:436} INFO - 100     2    0     0    0     2      0      0 --:--:--  0:00:30 --:--:--     0
[2024-07-05T08:37:19.173+0000] {docker.py:436} INFO - 100     2    0     0    0     2      0      0 --:--:--  0:00:31 --:--:--     0
[2024-07-05T08:37:20.174+0000] {docker.py:436} INFO - 100     2    0     0    0     2      0      0 --:--:--  0:00:32 --:--:--     0
[2024-07-05T08:37:21.174+0000] {docker.py:436} INFO - 100     2    0     0    0     2      0      0 --:--:--  0:00:33 --:--:--     0
[2024-07-05T08:37:22.176+0000] {docker.py:436} INFO - 100     2    0     0    0     2      0      0 --:--:--  0:00:34 --:--:--     0
[2024-07-05T08:37:23.176+0000] {docker.py:436} INFO - 100     2    0     0    0     2      0      0 --:--:--  0:00:35 --:--:--     0
[2024-07-05T08:37:24.177+0000] {docker.py:436} INFO - 100     2    0     0    0     2      0      0 --:--:--  0:00:36 --:--:--     0
[2024-07-05T08:37:25.178+0000] {docker.py:436} INFO - 100     2    0     0    0     2      0      0 --:--:--  0:00:37 --:--:--     0
[2024-07-05T08:37:26.179+0000] {docker.py:436} INFO - 100     2    0     0    0     2      0      0 --:--:--  0:00:38 --:--:--     0
[2024-07-05T08:37:27.181+0000] {docker.py:436} INFO - 100     2    0     0    0     2      0      0 --:--:--  0:00:39 --:--:--     0
[2024-07-05T08:37:28.181+0000] {docker.py:436} INFO - 100     2    0     0    0     2      0      0 --:--:--  0:00:40 --:--:--     0
[2024-07-05T08:37:29.184+0000] {docker.py:436} INFO - 100     2    0     0    0     2      0      0 --:--:--  0:00:41 --:--:--     0
[2024-07-05T08:37:30.183+0000] {docker.py:436} INFO - 100     2    0     0    0     2      0      0 --:--:--  0:00:42 --:--:--     0
[2024-07-05T08:37:31.186+0000] {docker.py:436} INFO - 100     2    0     0    0     2      0      0 --:--:--  0:00:43 --:--:--     0
[2024-07-05T08:37:32.185+0000] {docker.py:436} INFO - 100     2    0     0    0     2      0      0 --:--:--  0:00:44 --:--:--     0
[2024-07-05T08:37:33.187+0000] {docker.py:436} INFO - 100     2    0     0    0     2      0      0 --:--:--  0:00:45 --:--:--     0
[2024-07-05T08:37:34.188+0000] {docker.py:436} INFO - 100     2    0     0    0     2      0      0 --:--:--  0:00:46 --:--:--     0
[2024-07-05T08:37:35.189+0000] {docker.py:436} INFO - 100     2    0     0    0     2      0      0 --:--:--  0:00:47 --:--:--     0
[2024-07-05T08:37:36.190+0000] {docker.py:436} INFO - 100     2    0     0    0     2      0      0 --:--:--  0:00:48 --:--:--     0
[2024-07-05T08:37:37.191+0000] {docker.py:436} INFO - 100     2    0     0    0     2      0      0 --:--:--  0:00:49 --:--:--     0
[2024-07-05T08:37:38.192+0000] {docker.py:436} INFO - 100     2    0     0    0     2      0      0 --:--:--  0:00:50 --:--:--     0
[2024-07-05T08:37:39.194+0000] {docker.py:436} INFO - 100     2    0     0    0     2      0      0 --:--:--  0:00:51 --:--:--     0
[2024-07-05T08:37:40.195+0000] {docker.py:436} INFO - 100     2    0     0    0     2      0      0 --:--:--  0:00:52 --:--:--     0
[2024-07-05T08:37:41.209+0000] {docker.py:436} INFO - 100     2    0     0    0     2      0      0 --:--:--  0:00:53 --:--:--     0
[2024-07-05T08:37:42.196+0000] {docker.py:436} INFO - 100     2    0     0    0     2      0      0 --:--:--  0:00:54 --:--:--     0
[2024-07-05T08:37:43.196+0000] {docker.py:436} INFO - 100     2    0     0    0     2      0      0 --:--:--  0:00:55 --:--:-
[2024-07-05T08:37:43.197+0000] {docker.py:436} INFO - -     0
[2024-07-05T08:37:44.197+0000] {docker.py:436} INFO - 100     2    0     0    0     2      0      0 --:--:--  0:00:56 --:--:--     0
[2024-07-05T08:37:45.199+0000] {docker.py:436} INFO - 100     2    0     0    0     2      0      0 --:--:--  0:00:57 --:--:--     0
[2024-07-05T08:37:46.199+0000] {docker.py:436} INFO - 100     2    0     0    0     2      0      0 --:--:--  0:00:58 --:--:--     0
[2024-07-05T08:37:47.201+0000] {docker.py:436} INFO - 100     2    0     0    0     2      0      0 --:--:--  0:00:59 --:--:--     0
[2024-07-05T08:37:48.202+0000] {docker.py:436} INFO - 100     2    0     0    0     2      0      0 --:--:--  0:01:00 --:--:--     0
[2024-07-05T08:37:49.203+0000] {docker.py:436} INFO - 100     2    0     0    0     2      0      0 --:--:--  0:01:01 --:--:--     0
[2024-07-05T08:37:50.204+0000] {docker.py:436} INFO - 100     2    0     0    0     2      0      0 --:--:--  0:01:02 --:--:--     0
[2024-07-05T08:37:51.205+0000] {docker.py:436} INFO - 100     2    0     0    0     2      0      0 --:--:--  0:01:03 --:--:--     0
[2024-07-05T08:37:52.206+0000] {docker.py:436} INFO - 100     2    0     0    0     2      0      0 --:--:--  0:01:04 --:--:--     0
[2024-07-05T08:37:53.207+0000] {docker.py:436} INFO - 100     2    0     0    0     2      0      0 --:--:--  0:01:05 --:--:--     0
[2024-07-05T08:37:54.208+0000] {docker.py:436} INFO - 100     2    0     0    0     2      0      0 --:--:--  0:01:06 --:--:--     0
[2024-07-05T08:37:55.209+0000] {docker.py:436} INFO - 100     2    0     0    0     2      0      0 --:--:--  0:01:07 --:--:--     0
[2024-07-05T08:37:56.211+0000] {docker.py:436} INFO - 100     2    0     0    0     2      0      0 --:--:--  0:01:08 --:--:--     0
[2024-07-05T08:37:57.211+0000] {docker.py:436} INFO - 100     2    0     0    0     2      0      0 --:--:--  0:01:09 --:--:--     0
[2024-07-05T08:37:58.213+0000] {docker.py:436} INFO - 100     2    0     0    0     2      0      0 --:--:--  0:01:10 --:--:--     0
[2024-07-05T08:37:59.212+0000] {docker.py:436} INFO - 100     2    0     0    0     2      0      0 --:--:--  0:01:11 --:--:--     0
[2024-07-05T08:38:00.214+0000] {docker.py:436} INFO - 100     2    0     0    0     2      0      0 --:--:--  0:01:12 --:--:--     0
[2024-07-05T08:38:01.214+0000] {docker.py:436} INFO - 100     2    0     0    0     2      0      0 --:--:--  0:01:13 --:--:--     0
[2024-07-05T08:38:02.218+0000] {docker.py:436} INFO - 100     2    0     0    0     2      0      0 --:--:--  0:01:14 --:--:--     0
[2024-07-05T08:38:03.217+0000] {docker.py:436} INFO - 100     2    0     0    0     2      0      0 --:--:--  0:01:15 --:--:--     0
[2024-07-05T08:38:04.219+0000] {docker.py:436} INFO - 100     2    0     0    0     2      0      0 --:--:--  0:01:16 --:--:--     0
[2024-07-05T08:38:05.218+0000] {docker.py:436} INFO - 100     2    0     0    0     2      0      0 --:--:--  0:01:17 --:--:--     0
[2024-07-05T08:38:06.221+0000] {docker.py:436} INFO - 100     2    0     0    0     2      0      0 --:--:--  0:01:18 --:--:--     0
[2024-07-05T08:38:07.221+0000] {docker.py:436} INFO - 100     2    0     0    0     2      0      0 --:--:--  0:01:19 --:--:--     0
[2024-07-05T08:38:08.222+0000] {docker.py:436} INFO - 100     2    0     0    0     2      0      0 --:--:--  0:01:20 --:--:--     0
[2024-07-05T08:38:09.222+0000] {docker.py:436} INFO - 100     2    0     0    0     2      0      0 --:--:--  0:01:21 --:--:--     0
[2024-07-05T08:38:10.224+0000] {docker.py:436} INFO - 100     2    0     0    0     2      0      0 --:--:--  0:01:22 --:--:--     0
[2024-07-05T08:38:11.224+0000] {docker.py:436} INFO - 100     2    0     0    0     2      0      0 --:--:--  0:01:23 --:--:--     0
[2024-07-05T08:38:12.226+0000] {docker.py:436} INFO - 100     2    0     0    0     2      0      0 --:--:--  0:01:24 --:--:--     0
[2024-07-05T08:38:13.227+0000] {docker.py:436} INFO - 100     2    0     0    0     2      0      0 --:--:--  0:01:25 --:--:--     0
[2024-07-05T08:38:14.227+0000] {docker.py:436} INFO - 100     2    0     0    0     2      0      0 --:--:--  0:01:26 --:--:--     0
[2024-07-05T08:38:15.234+0000] {docker.py:436} INFO - 100     2    0     0    0     2      0      0 --:--:--  0:01:27 --:--:--     0
[2024-07-05T08:38:16.229+0000] {docker.py:436} INFO - 100     2    0     0    0     2      0      0 --:--:--  0:01:28 --:--:--     0
[2024-07-05T08:38:17.231+0000] {docker.py:436} INFO - 100     2    0     0    0     2      0      0 --:--:--  0:01:29 --:--:--     0
[2024-07-05T08:38:18.232+0000] {docker.py:436} INFO - 100     2    0     0    0     2      0      0 --:--:--  0:01:30 --:--:--     0
[2024-07-05T08:38:19.232+0000] {docker.py:436} INFO - 100     2    0     0    0     2      0      0 --:--:--  0:01:31 --:--:--     0
[2024-07-05T08:38:20.233+0000] {docker.py:436} INFO - 100     2    0     0    0     2      0      0 --:--:--  0:01:32 --:--:--
[2024-07-05T08:38:20.234+0000] {docker.py:436} INFO - 0
[2024-07-05T08:38:21.235+0000] {docker.py:436} INFO - 100     2    0     0    0     2      0      0 --:--:--  0:01:33 --:--:--     0
[2024-07-05T08:38:22.235+0000] {docker.py:436} INFO - 100     2    0     0    0     2      0      0 --:--:--  0:01:34 --:--:--     0
[2024-07-05T08:38:23.237+0000] {docker.py:436} INFO - 100     2    0     0    0     2      0      0 --:--:--  0:01:35 --:--:--     0
[2024-07-05T08:38:24.238+0000] {docker.py:436} INFO - 100     2    0     0    0     2      0      0 --:--:--  0:01:36 --:--:--     0
[2024-07-05T08:38:25.239+0000] {docker.py:436} INFO - 100     2    0     0    0     2      0      0 --:--:--  0:01:37 --:--:--     0
[2024-07-05T08:38:26.239+0000] {docker.py:436} INFO - 100     2    0     0    0     2      0      0 --:--:--  0:01:38 --:--:--
[2024-07-05T08:38:26.240+0000] {docker.py:436} INFO - 0
[2024-07-05T08:38:27.241+0000] {docker.py:436} INFO - 100     2    0     0    0     2      0      0 --:--:--  0:01:39 --:--:--     0
[2024-07-05T08:38:28.242+0000] {docker.py:436} INFO - 100     2    0     0    0     2      0      0 --:--:--  0:01:40 --:--:--     0
[2024-07-05T08:38:29.242+0000] {docker.py:436} INFO - 100     2    0     0    0     2      0      0 --:--:--  0:01:41 --:--:--     0
[2024-07-05T08:38:30.244+0000] {docker.py:436} INFO - 100     2    0     0    0     2      0      0 --:--:--  0:01:42 --:--:--     0
[2024-07-05T08:38:31.245+0000] {docker.py:436} INFO - 100     2    0     0    0     2      0      0 --:--:--  0:01:43 --:--:--     0
[2024-07-05T08:38:32.246+0000] {docker.py:436} INFO - 100     2    0     0    0     2      0      0 --:--:--  0:01:44 --:--:--     0
[2024-07-05T08:38:33.247+0000] {docker.py:436} INFO - 100     2    0     0    0     2      0      0 --:--:--  0:01:45 --:--:--     0
[2024-07-05T08:38:34.247+0000] {docker.py:436} INFO - 100     2    0     0    0     2      0      0 --:--:--  0:01:46 --:--:--     0
[2024-07-05T08:38:35.249+0000] {docker.py:436} INFO - 100     2    0     0    0     2      0      0 --:--:--  0:01:47 --:--:--     0
[2024-07-05T08:38:36.250+0000] {docker.py:436} INFO - 100     2    0     0    0     2      0      0 --:--:--  0:01:48 --:--:--     0
[2024-07-05T08:38:37.250+0000] {docker.py:436} INFO - 100     2    0     0    0     2      0      0 --:--:
[2024-07-05T08:38:37.251+0000] {docker.py:436} INFO - --  0:01:49 --:--:--     0
[2024-07-05T08:38:38.251+0000] {docker.py:436} INFO - 100     2    0     0    0     2      0      0 --:--:--  0:01:50 --:--:--     0
[2024-07-05T08:38:39.253+0000] {docker.py:436} INFO - 100     2    0     0    0     2      0      0 --:--:--  0:01:51 --:--:--     0
[2024-07-05T08:38:40.255+0000] {docker.py:436} INFO - 100     2    0     0    0     2      0      0 --:--:--  0:01:52 --:--:--     0
[2024-07-05T08:38:41.256+0000] {docker.py:436} INFO - 100     2    0     0    0     2      0      0 --:--:--  0:01:53 --:--:--     0
[2024-07-05T08:38:42.257+0000] {docker.py:436} INFO - 100     2    0     0    0     2      0      0 --:--:--  0:01:54 --:--:--     0
[2024-07-05T08:38:43.258+0000] {docker.py:436} INFO - 100     2    0     0    0     2      0      0 --:--:--  0:01:55 --:--:--     0
[2024-07-05T08:38:44.259+0000] {docker.py:436} INFO - 100     2    0     0    0     2      0      0 --:--:--  0:01:56 --:--:--     0
[2024-07-05T08:38:45.260+0000] {docker.py:436} INFO - 100     2    0     0    0     2      0      0 --:--:--  0:01:57 --:--:--     0
[2024-07-05T08:38:46.261+0000] {docker.py:436} INFO - 100     2    0     0    0     2      0      0 --:--:--  0:01:58 --:--:--     0
[2024-07-05T08:38:47.262+0000] {docker.py:436} INFO - 100     2    0     0    0     2      0      0 --:--:--  0:01:59 --:--:--     0
[2024-07-05T08:38:48.263+0000] {docker.py:436} INFO - 100     2    0     0    0     2      0      0 --:--:--  0:02:00 --:--:--     0
[2024-07-05T08:38:49.264+0000] {docker.py:436} INFO - 100     2    0     0    0     2      0      0 --:--:--  0:02:01 --:--:--     0
[2024-07-05T08:38:50.264+0000] {docker.py:436} INFO - 100     2    0     0    0     2      0      0 --:--:--  0:02:02 --:--:--     0
[2024-07-05T08:38:51.266+0000] {docker.py:436} INFO - 100     2    0     0    0     2      0      0 --:--:--  0:02:03 --:--:--     0
[2024-07-05T08:38:52.266+0000] {docker.py:436} INFO - 100     2    0     0    0     2      0      0 --:--:--  0:02:04 --:--:--     0
[2024-07-05T08:38:53.267+0000] {docker.py:436} INFO - 100     2    0     0    0     2      0      0 --:--:--  0:02:05 --:--:--     0
[2024-07-05T08:38:54.269+0000] {docker.py:436} INFO - 100     2    0     0    0     2      0      0 --:--:--  0:02:06 --:--:--     0
[2024-07-05T08:38:55.270+0000] {docker.py:436} INFO - 100     2    0     0    0     2      0      0 --:--:--  0:02:07 --:--:--     0
[2024-07-05T08:38:56.270+0000] {docker.py:436} INFO - 100     2    0     0    0     2      0      0 --:--:--  0:02:08 --:--:--     0
[2024-07-05T08:38:57.272+0000] {docker.py:436} INFO - 100     2    0     0    0     2      0      0 --:--:--  0:02:09 --:--:--     0
[2024-07-05T08:38:58.273+0000] {docker.py:436} INFO - 100     2    0     0    0     2      0      0 --:--:--  0:02:10 --:--:--     0
[2024-07-05T08:38:59.274+0000] {docker.py:436} INFO - 100     2    0     0    0     2      0      0 --:--:--  0:02:11 --:--:--     0
[2024-07-05T08:39:00.275+0000] {docker.py:436} INFO - 100     2    0     0    0     2      0      0 --:--:--  0:02:12 --:--:--     0
[2024-07-05T08:39:01.276+0000] {docker.py:436} INFO - 100     2    0     0    0     2      0      0 --:
[2024-07-05T08:39:01.276+0000] {docker.py:436} INFO - --:--  0:02
[2024-07-05T08:39:01.276+0000] {docker.py:436} INFO - :13
[2024-07-05T08:39:01.276+0000] {docker.py:436} INFO - --:--:--     0
[2024-07-05T08:39:02.277+0000] {docker.py:436} INFO - 100     2    0     0    0     2      0      0 --:--:--  0:02:14 --:--:--     0
[2024-07-05T08:39:03.278+0000] {docker.py:436} INFO - 100     2    0     0    0     2      0      0 --:--:--  0:02:15 --:--:--     0
[2024-07-05T08:39:04.278+0000] {docker.py:436} INFO - 100     2    0     0    0     2      0      0 --:--:--  0:02:16 --:--:--     0
[2024-07-05T08:39:05.280+0000] {docker.py:436} INFO - 100     2    0     0    0     2      0      0 --:--:--  0:02:17 --:--:--     0
[2024-07-05T08:39:06.281+0000] {docker.py:436} INFO - 100     2    0     0    0     2      0      0 --:--:--  0:02:18 --:--:--     0
[2024-07-05T08:39:07.281+0000] {docker.py:436} INFO - 100     2    0     0    0     2      0      0 --:--:--  0:02:19 --:--:--     0
[2024-07-05T08:39:08.284+0000] {docker.py:436} INFO - 100     2    0     0    0     2      0      0 --:--:--  0:02:20 --:--:--     0
[2024-07-05T08:39:09.284+0000] {docker.py:436} INFO - 100     2    0     0    0     2      0      0 --:--:--  0:02:21 --:--:--     0
[2024-07-05T08:39:10.285+0000] {docker.py:436} INFO - 100     2    0     0    0     2      0      0 --:--:--  0:02:22 --:--:--     0
[2024-07-05T08:39:11.286+0000] {docker.py:436} INFO - 100     2    0     0    0     2      0      0 --:--:--  0:02:23 --:--:--     0
[2024-07-05T08:39:12.286+0000] {docker.py:436} INFO - 100     2    0     0    0     2      0      0 --:--:--  0:02:2
[2024-07-05T08:39:12.286+0000] {docker.py:436} INFO - 4 --:--:--     0
[2024-07-05T08:39:13.286+0000] {docker.py:436} INFO - 100     2    0     0    0     2      0      0 --:--:--  0:02:25 --:--:--     0
[2024-07-05T08:39:14.288+0000] {docker.py:436} INFO - 100     2    0     0    0     2      0      0 --:--:--  0:02:26 --:--:--     0
[2024-07-05T08:39:15.289+0000] {docker.py:436} INFO - 100     2    0     0    0     2      0      0 --:--:--  0:02:27 --:--:--     0
[2024-07-05T08:39:16.291+0000] {docker.py:436} INFO - 100     2    0     0    0     2      0      0 --:--:--  0:02:28 --:--:--     0
[2024-07-05T08:39:17.291+0000] {docker.py:436} INFO - 100     2    0     0    0     2      0      0 --:--:--  0:02:29 --:--:--     0
[2024-07-05T08:39:18.292+0000] {docker.py:436} INFO - 100     2    0     0    0     2      0      0 --:--:--  0:02:30 --:--:--     0
[2024-07-05T08:39:19.292+0000] {docker.py:436} INFO - 100     2    0     0    0     2      0      0 --:--:--  0:02:31 --:--:--     0
[2024-07-05T08:39:20.295+0000] {docker.py:436} INFO - 100     2    0     0    0     2      0      0 --:--:--  0:02:32 --:--:--     0
[2024-07-05T08:39:21.296+0000] {docker.py:436} INFO - 100     2    0     0    0     2      0      0 --:--:--  0:02:33 --:--:--     0
[2024-07-05T08:39:22.297+0000] {docker.py:436} INFO - 100     2    0     0    0     2      0      0 --:--:--  0:02:34 --:--:--     0
[2024-07-05T08:39:23.297+0000] {docker.py:436} INFO - 100     2    0     0    0     2      0      0 --:--:--
[2024-07-05T08:39:23.298+0000] {docker.py:436} INFO - 0:02:35 --:--
[2024-07-05T08:39:23.298+0000] {docker.py:436} INFO - :--     0
[2024-07-05T08:39:24.298+0000] {docker.py:436} INFO - 100     2    0     0    0     2      0      0 --:--:--  0:02:36 --:--:
[2024-07-05T08:39:24.299+0000] {docker.py:436} INFO - --     0
[2024-07-05T08:39:25.300+0000] {docker.py:436} INFO - 100     2    0     0    0     2      0      0 --:--:--  0:02:37 --:--:--     0
[2024-07-05T08:39:26.301+0000] {docker.py:436} INFO - 100     2    0     0    0     2      0      0 --:--:--  0:02:38 --:--:--     0
[2024-07-05T08:39:27.301+0000] {docker.py:436} INFO - 100     2    0     0    0     2      0      0 --:--:--  0:02:39 --:--:--     0
[2024-07-05T08:39:28.304+0000] {docker.py:436} INFO - 100     2    0     0    0     2      0      0 --:--:--  0:02:40 --:--:--     0
[2024-07-05T08:39:29.304+0000] {docker.py:436} INFO - 100     2    0     0    0     2      0      0 --:--:--  0:02:41 --:--:--     0
[2024-07-05T08:39:30.308+0000] {docker.py:436} INFO - 100     2    0     0    0     2      0      0 --:--:--  0:02:42 --:--:--     0
[2024-07-05T08:39:31.308+0000] {docker.py:436} INFO - 100     2    0     0    0     2      0      0 --:--:--  0:02:43 --:--:--     0
[2024-07-05T08:39:32.309+0000] {docker.py:436} INFO - 100     2    0     0    0     2      0      0 --:--:--  0:02:44 --:--:--     0
[2024-07-05T08:39:33.310+0000] {docker.py:436} INFO - 100     2    0     0    0     2      0      0 --:--:--  0:02:45 --:--:--     0
[2024-07-05T08:39:34.312+0000] {docker.py:436} INFO - 100     2    0     0    0     2      0      0 --:--:--  0:02:46 --:--:--     0
[2024-07-05T08:39:35.311+0000] {docker.py:436} INFO - 100     2    0     0    0     2      0      0 --:--:--  0:02:47 --:--:--     0
[2024-07-05T08:39:36.312+0000] {docker.py:436} INFO - 100     2    0     0    0     2      0      0 --:--:--  0:02:48 --:--:
[2024-07-05T08:39:36.313+0000] {docker.py:436} INFO - --     0
[2024-07-05T08:39:37.313+0000] {docker.py:436} INFO - 100     2    0     0    0     2      0      0 --:--:--  0:02:49 --:--:--     0
[2024-07-05T08:39:38.316+0000] {docker.py:436} INFO - 100     2    0     0    0     2      0      0 --:--:--  0:02:50 --:--:--     0
[2024-07-05T08:39:39.319+0000] {docker.py:436} INFO - 100     2    0     0    0     2      0      0 --:--:--  0:02:51 --:--:--     0
[2024-07-05T08:39:40.318+0000] {docker.py:436} INFO - 100     2    0     0    0     2      0      0 --:--:--  0:02:52 --:--:--     0
[2024-07-05T08:39:41.319+0000] {docker.py:436} INFO - 100     2    0     0    0     2      0      0 --:--:--  0:02:53 --:--:--     0
[2024-07-05T08:39:42.320+0000] {docker.py:436} INFO - 100     2    0     0    0     2      0      0 --:--:--  0:02:54 --:--:--     0
[2024-07-05T08:39:43.321+0000] {docker.py:436} INFO - 100     2    0     0    0     2      0      0 --:--:--  0:02:55 --:--:--     0
[2024-07-05T08:39:44.322+0000] {docker.py:436} INFO - 100     2    0     0    0     2      0      0 --:--:--  0:02:56 --:--:--     0
[2024-07-05T08:39:45.322+0000] {docker.py:436} INFO - 100     2    0     0    0     2      0      0 --:--:--  0:02:
[2024-07-05T08:39:45.323+0000] {docker.py:436} INFO - 57 --:--:--     0
[2024-07-05T08:39:46.324+0000] {docker.py:436} INFO - 100     2    0     0    0     2      0      0 --:--:--  0:02:58 --:--:--     0
[2024-07-05T08:39:47.324+0000] {docker.py:436} INFO - 100     2    0     0    0     2      0      0 --:--:--  0:02:59 --:--:--
[2024-07-05T08:39:47.325+0000] {docker.py:436} INFO - 0
[2024-07-05T08:39:48.326+0000] {docker.py:436} INFO - 100     2    0     0    0     2      0      0 --:--:--  0:03:00 --:--:--     0
[2024-07-05T08:39:49.326+0000] {docker.py:436} INFO - 100     2    0     0    0     2      0      0 --:--:--  0:03:01 --:--:--     0
[2024-07-05T08:39:50.327+0000] {docker.py:436} INFO - 100     2    0     0    0     2      0      0 --:-
[2024-07-05T08:39:50.328+0000] {docker.py:436} INFO - -:--  0:03:02
[2024-07-05T08:39:50.328+0000] {docker.py:436} INFO - --:-
[2024-07-05T08:39:50.328+0000] {docker.py:436} INFO - -:--
[2024-07-05T08:39:50.328+0000] {docker.py:436} INFO - 
[2024-07-05T08:39:50.328+0000] {docker.py:436} INFO - 0
[2024-07-05T08:39:51.329+0000] {docker.py:436} INFO - 100     2    0     0    0     2      0      0 --:--:--  0:03:03 --:--:--     0
[2024-07-05T08:39:52.330+0000] {docker.py:436} INFO - 100     2    0     0    0     2      0      0 --:--:--  0:03:04 --:--:--     0
[2024-07-05T08:39:53.331+0000] {docker.py:436} INFO - 100     2    0     0    0     2      0      0 --:--:--  0:03:05 --:--:--     0
[2024-07-05T08:39:54.332+0000] {docker.py:436} INFO - 100     2    0     0    0     2      0      0 --:--:--  0:03:06 --:--:--     0
[2024-07-05T08:39:55.333+0000] {docker.py:436} INFO - 100     2    0     0    0     2      0      0 --:--:--  0:03:07 --:--:--     0
[2024-07-05T08:39:56.334+0000] {docker.py:436} INFO - 100     2    0     0    0     2      0      0 --:--:--  0:03:08 --:--:--     0
[2024-07-05T08:39:57.335+0000] {docker.py:436} INFO - 100     2    0     0    0     2      0      0 --:--:--  0:03:09 --:--:--     0
[2024-07-05T08:39:58.336+0000] {docker.py:436} INFO - 100     2    0     0    0     2      0      0 --:--:--  0:03:10 --:--:--     0
[2024-07-05T08:39:59.337+0000] {docker.py:436} INFO - 100     2    0     0    0     2      0      0 --:--:--  0:03:11 --:--:--     0
[2024-07-05T08:40:00.339+0000] {docker.py:436} INFO - 100     2    0     0    0     2      0      0 --:--:--  0:03:12 --:--:--     0
[2024-07-05T08:40:01.339+0000] {docker.py:436} INFO - 100     2    0     0    0     2      0      0 --:--:--  0:03:13 --:--:--     0
[2024-07-05T08:40:02.340+0000] {docker.py:436} INFO - 100     2    0     0    0     2      0      0 --:--:--  0:03:14 --:--:--     0
[2024-07-05T08:40:03.340+0000] {docker.py:436} INFO - 100     2    0     0    0     2      0      0 --:--:--  0:03:15 --:--:--     0
[2024-07-05T08:40:04.342+0000] {docker.py:436} INFO - 100     2    0     0    0     2      0      0 --:--:--  0:03:16 --:--:--     0
[2024-07-05T08:40:05.343+0000] {docker.py:436} INFO - 100     2    0     0    0     2      0      0 --:--:--  0:03:17 --:--:--
[2024-07-05T08:40:05.343+0000] {docker.py:436} INFO - 0
[2024-07-05T08:40:06.344+0000] {docker.py:436} INFO - 100     2    0     0    0     2      0      0 --:--:--  0:03:18 --:--:--     0
[2024-07-05T08:40:07.345+0000] {docker.py:436} INFO - 100     2    0     0    0     2      0      0 --:--:--  0:03:19 --:--:--     0
[2024-07-05T08:40:08.346+0000] {docker.py:436} INFO - 100     2    0     0    0     2      0      0 --:--:--  0:03:20 --:--:--     0
[2024-07-05T08:40:09.346+0000] {docker.py:436} INFO - 100     2    0     0    0     2      0      0 --:--:--  0:03:
[2024-07-05T08:40:09.347+0000] {docker.py:436} INFO - 21 --:--:--     0
[2024-07-05T08:40:10.347+0000] {docker.py:436} INFO - 100     2    0     0    0     2      0      0 --:--:--
[2024-07-05T08:40:10.348+0000] {docker.py:436} INFO - 0:03:22 --:--:--     0
[2024-07-05T08:40:11.348+0000] {docker.py:436} INFO - 100     2    0     0    0     2      0      0 --:--:--  0:03:23 --:--:--     0
[2024-07-05T08:40:12.348+0000] {docker.py:436} INFO - 100     2    0     0    0     2      0      0 --:--:--  0:03:24
[2024-07-05T08:40:12.349+0000] {docker.py:436} INFO - --:--:--     0
[2024-07-05T08:40:13.350+0000] {docker.py:436} INFO - 100     2    0     0    0     2      0      0 --:--:--  0:03:25 --:--:--     0
[2024-07-05T08:40:14.350+0000] {docker.py:436} INFO - 100     2    0     0    0     2      0      0 --:
[2024-07-05T08:40:14.351+0000] {docker.py:436} INFO - --:--  0:03:2
[2024-07-05T08:40:14.351+0000] {docker.py:436} INFO - 6 -
[2024-07-05T08:40:14.351+0000] {docker.py:436} INFO - -:--:--     0
[2024-07-05T08:40:15.352+0000] {docker.py:436} INFO - 100     2    0     0    0     2      0      0 --:--:--  0:03:27 --:--:--
[2024-07-05T08:40:15.352+0000] {docker.py:436} INFO - 0
[2024-07-05T08:40:16.352+0000] {docker.py:436} INFO - 100     2    0     0    0     2      0      0 --:--:--  0:03:28 --:--:--     0
[2024-07-05T08:40:17.354+0000] {docker.py:436} INFO - 100     2    0     0    0     2      0      0 --:--:--  0:03:29 --:--:--     0
[2024-07-05T08:40:18.355+0000] {docker.py:436} INFO - 100     2    0     0    0     2      0      0 --:--:--  0:03:30
[2024-07-05T08:40:18.355+0000] {docker.py:436} INFO - --:--:--
[2024-07-05T08:40:18.355+0000] {docker.py:436} INFO - 
[2024-07-05T08:40:18.355+0000] {docker.py:436} INFO - 0
[2024-07-05T08:40:19.356+0000] {docker.py:436} INFO - 100     2    0     0    0     2      0      0 --:--:--  0:03:31 --:--:--     0
[2024-07-05T08:40:20.356+0000] {docker.py:436} INFO - 100     2    0     0    0     2      0      0 --:--:--  0:03:32 --:--:--     0
[2024-07-05T08:40:21.358+0000] {docker.py:436} INFO - 100     2    0     0    0     2      0      0 --:--:--  0:03:33 --:--:--     0
[2024-07-05T08:40:22.359+0000] {docker.py:436} INFO - 100     2    0     0    0     2      0      0 --:--:--  0:03:34 --:--:--     0
[2024-07-05T08:40:23.360+0000] {docker.py:436} INFO - 100     2    0     0    0     2      0      0 --:--:--  0:03:35 --:--:--     0
[2024-07-05T08:40:24.360+0000] {docker.py:436} INFO - 100     2    0     0    0     2      0      0 --:--:--  0:03:36 --:--:--
[2024-07-05T08:40:24.361+0000] {docker.py:436} INFO - 0
[2024-07-05T08:40:25.362+0000] {docker.py:436} INFO - 100     2    0     0    0     2      0      0 --:--:--  0:03:37 --:--:--     0
[2024-07-05T08:40:26.364+0000] {docker.py:436} INFO - 100     2    0     0    0     2      0      0 --:--:--  0:03:38 --:--:--     0
[2024-07-05T08:40:27.364+0000] {docker.py:436} INFO - 100     2    0     0    0     2      0      0 --:--:--  0:03:39 --:--:--     0
[2024-07-05T08:40:28.366+0000] {docker.py:436} INFO - 100     2    0     0    0     2      0      0 --:--:--  0:03:40 --:--:--     0
[2024-07-05T08:40:29.367+0000] {docker.py:436} INFO - 100     2    0     0    0     2      0      0 --:--:--  0:03:41 --:--:--     0
[2024-07-05T08:40:30.368+0000] {docker.py:436} INFO - 100     2    0     0    0     2      0      0 --:--:--  0:03:42 --:--:--     0
[2024-07-05T08:40:31.369+0000] {docker.py:436} INFO - 100     2    0     0    0     2      0      0 --:--:--  0:03:43 --:--:--     0
[2024-07-05T08:40:32.370+0000] {docker.py:436} INFO - 100     2    0     0    0     2      0      0 --:--:--  0:03:44 --:--:--     0
[2024-07-05T08:40:33.371+0000] {docker.py:436} INFO - 100     2    0     0    0     2      0      0 --:--:--  0:03:45 --:--:--     0
[2024-07-05T08:40:34.371+0000] {docker.py:436} INFO - 100     2    0     0    0     2      0      0 --:--:--  0:03:46 --:--:--     0
[2024-07-05T08:40:35.373+0000] {docker.py:436} INFO - 100     2    0     0    0     2      0      0 --:--:--  0:03:47 --:--:--     0
[2024-07-05T08:40:36.376+0000] {docker.py:436} INFO - 100     2    0     0    0     2      0      0 --:--:--  0:03:48 --:--:--     0
[2024-07-05T08:40:37.375+0000] {docker.py:436} INFO - 100     2    0     0    0     2      0      0 --:--:--  0:03:49 --:--:--     0
[2024-07-05T08:40:38.376+0000] {docker.py:436} INFO - 100     2    0     0    0     2      0      0 --:--:--  0:03:50 --:--:--     0
[2024-07-05T08:40:39.379+0000] {docker.py:436} INFO - 100     2    0     0    0     2      0      0 --:--:--  0:03:51 --:--:--     0
[2024-07-05T08:40:40.378+0000] {docker.py:436} INFO - 100     2    0     0    0     2      0      0 --:--:--  0:03:52 --:--:--     0
[2024-07-05T08:40:41.379+0000] {docker.py:436} INFO - 100     2    0     0    0     2      0      0 --:--:--  0:03:53 --:--:--     0
[2024-07-05T08:40:42.380+0000] {docker.py:436} INFO - 100     2    0     0    0     2      0      0 --:--:--  0:03:54 --:--:--     0
[2024-07-05T08:40:43.380+0000] {docker.py:436} INFO - 100     2    0     0    0     2      0      0 --:--:--  0:03:55 --:--:--     0
[2024-07-05T08:40:44.382+0000] {docker.py:436} INFO - 100     2    0     0    0     2      0      0 --:--:--  0:03:56 --:--:--     0
[2024-07-05T08:40:45.383+0000] {docker.py:436} INFO - 100     2    0     0    0     2      0      0 --:--:--  0:03:57 --:--:--     0
[2024-07-05T08:40:46.384+0000] {docker.py:436} INFO - 100     2    0     0    0     2      0      0 --:--:--  0:03:58 --:--:--     0
[2024-07-05T08:40:47.385+0000] {docker.py:436} INFO - 100     2    0     0    0     2      0      0 --:--:--  0:03:59 --:--:--     0
[2024-07-05T08:40:48.388+0000] {docker.py:436} INFO - 100     2    0     0    0     2      0      0 --:--:--  0:04:00 --:--:--     0
[2024-07-05T08:40:49.386+0000] {docker.py:436} INFO - 100     2    0     0    0     2      0      0 --:--:--  0:04:01 --:--:--     0
[2024-07-05T08:40:50.388+0000] {docker.py:436} INFO - 100     2    0     0    0     2      0      0 --:--:--  0:04:02 --:--:--     0
[2024-07-05T08:40:51.388+0000] {docker.py:436} INFO - 100     2    0     0    0     2      0      0 --:--:--  0:04:03 --:--:--     0
[2024-07-05T08:40:52.390+0000] {docker.py:436} INFO - 100     2    0     0    0     2      0      0 --:--:--  0:04:04 --:--:--     0
[2024-07-05T08:40:53.391+0000] {docker.py:436} INFO - 100     2    0     0    0     2      0      0 --:--:--  0:04:05 --:--:--     0
[2024-07-05T08:40:54.392+0000] {docker.py:436} INFO - 100     2    0     0    0     2      0      0 --:--:--  0:04:06 --:--:--     0
[2024-07-05T08:40:55.392+0000] {docker.py:436} INFO - 100     2    0     0    0     2      0      0 --:--:--  0:04:07 --:--:--     0
[2024-07-05T08:40:56.394+0000] {docker.py:436} INFO - 100     2    0     0    0     2      0      0 --:--:--  0:04:08 --:--:--
[2024-07-05T08:40:56.394+0000] {docker.py:436} INFO - 0
[2024-07-05T08:40:57.395+0000] {docker.py:436} INFO - 100     2    0     0    0     2      0      0 --:--:--  0:04:09 --:--:--     0
[2024-07-05T08:40:58.395+0000] {docker.py:436} INFO - 100     2    0     0    0     2      0      0 --:--:--  0:04:10 --:--:--     0
[2024-07-05T08:40:59.397+0000] {docker.py:436} INFO - 100     2    0     0    0     2      0      0 --:--:--  0:04:11 --:--:--     0
[2024-07-05T08:41:00.397+0000] {docker.py:436} INFO - 100     2    0     0    0     2      0      0 --:--:--  0:04:12 --:--:--     0
[2024-07-05T08:41:01.399+0000] {docker.py:436} INFO - 100     2    0     0    0     2      0      0 --:--:--  0:04:13 --:--:--     0
[2024-07-05T08:41:02.399+0000] {docker.py:436} INFO - 100     2    0     0    0     2      0      0 --:--:--  0:04:14 --:--:--
[2024-07-05T08:41:02.400+0000] {docker.py:436} INFO - 0
[2024-07-05T08:41:03.400+0000] {docker.py:436} INFO - 100     2    0     0    0     2      0      0 --:--:--  0:04:15 --:--:--     0
[2024-07-05T08:41:04.401+0000] {docker.py:436} INFO - 100     2    0     0    0     2      0      0 --:--:--  0:04:16 --:--:--     0
[2024-07-05T08:41:05.402+0000] {docker.py:436} INFO - 100     2    0     0    0     2      0      0 --:--:--  0:04:17 --:--:--     0
[2024-07-05T08:41:06.403+0000] {docker.py:436} INFO - 100     2    0     0    0     2      0      0 --:--:--  0:04:18 --:--:--     0
[2024-07-05T08:41:07.405+0000] {docker.py:436} INFO - 100     2    0     0    0     2      0      0 --:--:--  0:04:19 --:--:--     0
[2024-07-05T08:41:08.405+0000] {docker.py:436} INFO - 100     2    0     0    0     2      0      0 --:
[2024-07-05T08:41:08.406+0000] {docker.py:436} INFO - --:--  0:04:2
[2024-07-05T08:41:08.406+0000] {docker.py:436} INFO - 0 --:--:--
[2024-07-05T08:41:08.406+0000] {docker.py:436} INFO - 0
[2024-07-05T08:41:09.407+0000] {docker.py:436} INFO - 100     2    0     0    0     2      0      0 --:--:--  0:04:21 --:--:--     0
[2024-07-05T08:41:10.408+0000] {docker.py:436} INFO - 100     2    0     0    0     2      0      0 --:--:--  0:04:22 --:--:--     0
[2024-07-05T08:41:11.418+0000] {docker.py:436} INFO - 100     2    0     0    0     2      0      0 --:--:--  0:04:23 --:--:--     0
[2024-07-05T08:41:12.410+0000] {docker.py:436} INFO - 100     2    0     0    0     2      0      0 --:--:--  0:04:24 --:--:--     0
[2024-07-05T08:41:13.411+0000] {docker.py:436} INFO - 100     2    0     0    0     2      0      0 --:--:--  0:04:25 --:--:--     0
[2024-07-05T08:41:14.412+0000] {docker.py:436} INFO - 100     2    0     0    0     2      0      0 --:--:--  0:04:26 --:--:--     0
[2024-07-05T08:41:15.413+0000] {docker.py:436} INFO - 100     2    0     0    0     2      0      0 --:--:--  0:04:27 --:--:--     0
[2024-07-05T08:41:16.414+0000] {docker.py:436} INFO - 100     2    0     0    0     2      0      0 --:--:--  0:04:28 --:--:--     0
[2024-07-05T08:41:17.415+0000] {docker.py:436} INFO - 100     2    0     0    0     2      0      0 --:--:--  0:04:29 --:--:--     0
[2024-07-05T08:41:18.415+0000] {docker.py:436} INFO - 100     2    0     0    0     2      0      0 --:--:--  0:04:30
[2024-07-05T08:41:18.416+0000] {docker.py:436} INFO - --:--:--     0
[2024-07-05T08:41:19.417+0000] {docker.py:436} INFO - 100     2    0     0    0     2      0      0 --:--:--  0:04:31 --:--:--     0
[2024-07-05T08:41:20.420+0000] {docker.py:436} INFO - 100     2    0     0    0     2      0      0 --:--:--  0:04:32 --:--:--     0
[2024-07-05T08:41:21.419+0000] {docker.py:436} INFO - 100     2    0     0    0     2      0      0 --:--:--  0:04:33 --:--:--     0
[2024-07-05T08:41:22.420+0000] {docker.py:436} INFO - 100     2    0     0    0     2      0
[2024-07-05T08:41:22.420+0000] {docker.py:436} INFO - 0 --:-
[2024-07-05T08:41:22.420+0000] {docker.py:436} INFO - -:--
[2024-07-05T08:41:22.420+0000] {docker.py:436} INFO - 0:04:
[2024-07-05T08:41:22.420+0000] {docker.py:436} INFO - 34 --:-
[2024-07-05T08:41:22.421+0000] {docker.py:436} INFO - -:--
[2024-07-05T08:41:22.421+0000] {docker.py:436} INFO - 0
[2024-07-05T08:41:23.420+0000] {docker.py:436} INFO - 100     2    0     0    0     2      0      0 --:--:--  0:04:35 --:--:--     0
[2024-07-05T08:41:24.422+0000] {docker.py:436} INFO - 100     2    0     0    0     2      0      0 --:--:--  0:04:36 --:--:--     0
[2024-07-05T08:41:25.423+0000] {docker.py:436} INFO - 100     2    0     0    0     2      0      0 --:--:--  0:04:37 --:--:--     0
[2024-07-05T08:41:26.424+0000] {docker.py:436} INFO - 100     2    0     0    0     2      0      0 --:--:--  0:04:38 --:--:--     0
[2024-07-05T08:41:27.431+0000] {docker.py:436} INFO - 100     2    0     0    0     2      0      0 --:--:--  0:04:39 --:--:--     0
[2024-07-05T08:41:28.426+0000] {docker.py:436} INFO - 100     2    0     0    0     2      0      0 --:--:--  0:04:40 --:--:--     0
[2024-07-05T08:41:29.426+0000] {docker.py:436} INFO - 100     2    0     0    0     2      0      0 --:--:--  0:04:41 --:--:--     0
[2024-07-05T08:41:30.427+0000] {docker.py:436} INFO - 100     2    0     0    0     2      0      0 --:--:--  0:04:42 --:--:--     0
[2024-07-05T08:41:31.429+0000] {docker.py:436} INFO - 100     2    0     0    0     2      0      0 --:--:--  0:04:43 --:--:--     0
[2024-07-05T08:41:32.429+0000] {docker.py:436} INFO - 100     2    0     0    0     2      0      0 --:--:--  0:04:44 --:--:--     0
[2024-07-05T08:41:33.431+0000] {docker.py:436} INFO - 100     2    0     0    0     2      0      0 --:--:--  0:04:45 --:--:--     0
[2024-07-05T08:41:34.431+0000] {docker.py:436} INFO - 100     2    0     0    0     2      0      0 --:--:--  0:04:46 --:--:--     0
[2024-07-05T08:41:35.432+0000] {docker.py:436} INFO - 100     2    0     0    0     2      0      0 --:--:--  0:04:47 --:--:--     0
[2024-07-05T08:41:36.433+0000] {docker.py:436} INFO - 100     2    0     0    0     2      0      0 --:--:--  0:04:48 --:--:--     0
[2024-07-05T08:41:37.433+0000] {docker.py:436} INFO - 100     2    0     0    0     2      0      0 --:--:--  0:04:49 --:--:--     0
[2024-07-05T08:41:38.434+0000] {docker.py:436} INFO - 100     2    0     0    0     2      0      0 --:-
[2024-07-05T08:41:38.435+0000] {docker.py:436} INFO - -:--  0:04:50 -
[2024-07-05T08:41:38.435+0000] {docker.py:436} INFO - -:--
[2024-07-05T08:41:38.435+0000] {docker.py:436} INFO - :--
[2024-07-05T08:41:38.435+0000] {docker.py:436} INFO - 0
[2024-07-05T08:41:39.436+0000] {docker.py:436} INFO - 100     2    0     0    0     2      0      0 --:--:--  0:04:51 --:--:--     0
[2024-07-05T08:41:40.437+0000] {docker.py:436} INFO - 100     2    0     0    0     2      0      0 --:--:--  0:04:52 --:--:--     0
[2024-07-05T08:41:41.438+0000] {docker.py:436} INFO - 100     2    0     0    0     2      0      0 --:--:--  0:04:53 --:--:--     0
[2024-07-05T08:41:42.439+0000] {docker.py:436} INFO - 100     2    0     0    0     2      0      0 --:--:--  0:04:54 --:--:--     0
[2024-07-05T08:41:43.439+0000] {docker.py:436} INFO - 100     2    0     0    0     2      0      0 --:--:--  0:04:55 --:--:--     0
[2024-07-05T08:41:44.441+0000] {docker.py:436} INFO - 100     2    0     0    0     2      0      0 --:--:--  0:04:56 --:--:--     0
[2024-07-05T08:41:45.442+0000] {docker.py:436} INFO - 100     2    0     0    0     2      0      0 --:--:--  0:04:57 --:--:--     0
[2024-07-05T08:41:46.443+0000] {docker.py:436} INFO - 100     2    0     0    0     2      0      0 --:--:--  0:04:58 --:--:--     0
[2024-07-05T08:41:47.448+0000] {docker.py:436} INFO - 100     2    0     0    0     2      0      0 --:--:--  0:04:59 --:--:--     0
[2024-07-05T08:41:48.445+0000] {docker.py:436} INFO - 100     2    0     0    0     2      0      0 --:--:--  0:05:00 --:--:--     0
[2024-07-05T08:41:49.448+0000] {docker.py:436} INFO - 100     2    0     0    0     2      0      0 --:--:--  0:05:01 --:--:--     0
[2024-07-05T08:41:50.448+0000] {docker.py:436} INFO - 100     2    0     0    0     2      0      0 --:--:--  0:05:02 --:--:--     0
[2024-07-05T08:41:51.449+0000] {docker.py:436} INFO - 100     2    0     0    0     2      0      0 --:--:--  0:05:03 --:--:--     0
[2024-07-05T08:41:52.451+0000] {docker.py:436} INFO - 100     2    0     0    0     2      0      0 --:--:--  0:05:04 --:--:--     0
[2024-07-05T08:41:53.451+0000] {docker.py:436} INFO - 100     2    0     0    0     2      0      0 --:--:--  0:05:05 --:--:--     0
[2024-07-05T08:41:54.452+0000] {docker.py:436} INFO - 100     2    0     0    0     2      0      0 --:--:--  0:05:06 --:--:--     0
[2024-07-05T08:41:55.453+0000] {docker.py:436} INFO - 100     2    0     0    0     2      0      0 --:--:--  0:05:07 --:--:--     0
[2024-07-05T08:41:56.454+0000] {docker.py:436} INFO - 100     2    0     0    0     2      0      0 --:--:--  0:05:08 --:--:--     0
[2024-07-05T08:41:57.455+0000] {docker.py:436} INFO - 100     2    0     0    0     2      0      0 --:--:--  0:05:09 --:--:--     0
[2024-07-05T08:41:58.456+0000] {docker.py:436} INFO - 100     2    0     0    0     2      0      0 --:--:--  0:05:10 --:--:--     0
[2024-07-05T08:41:59.457+0000] {docker.py:436} INFO - 100     2    0     0    0     2      0      0 --:--:--  0:05:11 --:--:--     0
[2024-07-05T08:42:00.457+0000] {docker.py:436} INFO - 100     2    0     0    0     2      0      0 --:--:--  0:05:12 --:--:--     0
[2024-07-05T08:42:01.458+0000] {docker.py:436} INFO - 100     2    0     0    0     2      0      0 --:--:--  0:05:13 --:--:--     0
[2024-07-05T08:42:02.460+0000] {docker.py:436} INFO - 100     2    0     0    0     2      0      0 --:--:--  0:05:14 --:--:--     0
[2024-07-05T08:42:03.461+0000] {docker.py:436} INFO - 100     2    0     0    0     2      0      0 --:--:--  0:05:15 --:--:--     0
[2024-07-05T08:42:04.462+0000] {docker.py:436} INFO - 100     2    0     0    0     2      0      0 --:--:--  0:05:16 --:--:--     0
[2024-07-05T08:42:05.463+0000] {docker.py:436} INFO - 100     2    0     0    0     2      0      0 --:--:--  0:05:17 --:--:--     0
[2024-07-05T08:42:06.464+0000] {docker.py:436} INFO - 100     2    0     0    0     2      0      0 --:--:--  0:05:18 --:--:--     0
[2024-07-05T08:42:07.465+0000] {docker.py:436} INFO - 100     2    0     0    0     2      0      0 --:--:--  0:05:19 --:--:--     0
[2024-07-05T08:42:08.466+0000] {docker.py:436} INFO - 100     2    0     0    0     2      0      0 --:--:--  0:05:20 --:--:--     0
[2024-07-05T08:42:09.467+0000] {docker.py:436} INFO - 100     2    0     0    0     2      0      0 --:--:--  0:05:21 --:--:--     0
[2024-07-05T08:42:10.468+0000] {docker.py:436} INFO - 100     2    0     0    0     2      0      0 --:--:--  0:05:22 --:--:--     0
[2024-07-05T08:42:11.468+0000] {docker.py:436} INFO - 100     2    0     0    0     2      0      0 --:--:--  0:05:23 --:--:--     0
[2024-07-05T08:42:12.469+0000] {docker.py:436} INFO - 100     2    0     0    0     2      0      0 --:--:--
[2024-07-05T08:42:12.470+0000] {docker.py:436} INFO - 0:05:24 --:--:--
[2024-07-05T08:42:12.470+0000] {docker.py:436} INFO - 0
[2024-07-05T08:42:13.470+0000] {docker.py:436} INFO - 100     2    0     0    0     2      0      0 --:--:--  0:05:25 --:--:--     0
[2024-07-05T08:42:14.472+0000] {docker.py:436} INFO - 100     2    0     0    0     2      0      0 --:--:--  0:05:26 --:--:--     0
[2024-07-05T08:42:15.473+0000] {docker.py:436} INFO - 100     2    0     0    0     2      0      0 --:--:--  0:05:27 --:--:--     0
[2024-07-05T08:42:16.474+0000] {docker.py:436} INFO - 100     2    0     0    0     2      0      0 --:--:--  0:05:28 --:--:--     0
[2024-07-05T08:42:17.475+0000] {docker.py:436} INFO - 100     2    0     0    0     2      0      0 --:--:--  0:05:29 --:--:--     0
[2024-07-05T08:42:18.476+0000] {docker.py:436} INFO - 100     2    0     0    0     2      0      0 --:--:--  0:05:30 --:--:--     0
[2024-07-05T08:42:19.477+0000] {docker.py:436} INFO - 100     2    0     0    0     2      0      0 --:--:--  0:05:31 --:--:--     0
[2024-07-05T08:42:20.478+0000] {docker.py:436} INFO - 100     2    0     0    0     2      0      0 --:--:--  0:05:32 --:--:--     0
[2024-07-05T08:42:21.479+0000] {docker.py:436} INFO - 100     2    0     0    0     2      0      0 --:--:--  0:05:33 --:--:--     0
[2024-07-05T08:42:22.480+0000] {docker.py:436} INFO - 100     2    0     0    0     2      0      0 --:--:--  0:05:34 --:--:--     0
[2024-07-05T08:42:23.481+0000] {docker.py:436} INFO - 100     2    0     0    0     2      0      0 --:--:--  0:05:35 --:--:--     0
[2024-07-05T08:42:24.481+0000] {docker.py:436} INFO - 100     2    0     0    0     2      0      0 --:--:--  0:05:36 --:--:--     0
[2024-07-05T08:42:25.483+0000] {docker.py:436} INFO - 100     2    0     0    0     2      0      0 --:--:--  0:05:37 --:--:--     0
[2024-07-05T08:42:26.484+0000] {docker.py:436} INFO - 100     2    0     0    0     2      0      0 --:--:--  0:05:38 --:--:--     0
[2024-07-05T08:42:27.484+0000] {docker.py:436} INFO - 100     2    0     0    0     2      0      0 --:--:--  0:05:39 --:--:--     0
[2024-07-05T08:42:28.486+0000] {docker.py:436} INFO - 100     2    0     0    0     2      0      0 --:--:--  0:05:40 --:--:--     0
[2024-07-05T08:42:28.984+0000] {docker.py:436} INFO - 100    62    0    60    0     2      0
[2024-07-05T08:42:28.984+0000] {docker.py:436} INFO - 0 --:--:--  0
[2024-07-05T08:42:28.984+0000] {docker.py:436} INFO - HTTP/1.1 200 OK
[2024-07-05T08:42:28.984+0000] {docker.py:436} INFO - :05:40 --:--:--    13
[2024-07-05T08:42:28.984+0000] {docker.py:436} INFO - date: Fri, 05 Jul 2024 08:36:47 GMT
server: uvicorn
content-length: 60
content-type: application/json

{"message":"Elasticsearch updated","predictions_count":1300}
[2024-07-05T08:42:29.143+0000] {taskinstance.py:441} INFO - ::group::Post task execution logs
[2024-07-05T08:42:29.181+0000] {taskinstance.py:1206} INFO - Marking task as SUCCESS. dag_id=prod_dag, task_id=fastapi, run_id=manual__2024-07-05T08:36:09.102039+00:00, execution_date=20240705T083609, start_date=20240705T083647, end_date=20240705T084229
[2024-07-05T08:42:29.240+0000] {local_task_job_runner.py:240} INFO - Task exited with return code 0
[2024-07-05T08:42:29.254+0000] {taskinstance.py:3503} INFO - 0 downstream tasks scheduled from follow-on schedule check
[2024-07-05T08:42:29.257+0000] {local_task_job_runner.py:222} INFO - ::endgroup::
