[2024-07-05T10:39:55.045+0000] {local_task_job_runner.py:120} INFO - ::group::Pre task execution logs
[2024-07-05T10:39:55.067+0000] {taskinstance.py:2076} INFO - Dependencies all met for dep_context=non-requeueable deps ti=<TaskInstance: prod_dag.fastapi manual__2024-07-05T10:39:32.611587+00:00 [queued]>
[2024-07-05T10:39:55.071+0000] {taskinstance.py:2076} INFO - Dependencies all met for dep_context=requeueable deps ti=<TaskInstance: prod_dag.fastapi manual__2024-07-05T10:39:32.611587+00:00 [queued]>
[2024-07-05T10:39:55.071+0000] {taskinstance.py:2306} INFO - Starting attempt 1 of 2
[2024-07-05T10:39:55.078+0000] {taskinstance.py:2330} INFO - Executing <Task(DockerOperator): fastapi> on 2024-07-05 10:39:32.611587+00:00
[2024-07-05T10:39:55.082+0000] {warnings.py:112} WARNING - /home/***/.local/lib/python3.12/site-packages/***/task/task_runner/standard_task_runner.py:61: DeprecationWarning: This process (pid=245) is multi-threaded, use of fork() may lead to deadlocks in the child.
  pid = os.fork()

[2024-07-05T10:39:55.083+0000] {standard_task_runner.py:63} INFO - Started process 246 to run task
[2024-07-05T10:39:55.083+0000] {standard_task_runner.py:90} INFO - Running: ['***', 'tasks', 'run', 'prod_dag', 'fastapi', 'manual__2024-07-05T10:39:32.611587+00:00', '--job-id', '18', '--raw', '--subdir', 'DAGS_FOLDER/DAG_prod.py', '--cfg-path', '/tmp/tmpjwlwh1m5']
[2024-07-05T10:39:55.084+0000] {standard_task_runner.py:91} INFO - Job 18: Subtask fastapi
[2024-07-05T10:39:55.121+0000] {task_command.py:426} INFO - Running <TaskInstance: prod_dag.fastapi manual__2024-07-05T10:39:32.611587+00:00 [running]> on host 39db74c4aadf
[2024-07-05T10:39:55.172+0000] {taskinstance.py:2648} INFO - Exporting env vars: AIRFLOW_CTX_DAG_OWNER='***' AIRFLOW_CTX_DAG_ID='prod_dag' AIRFLOW_CTX_TASK_ID='fastapi' AIRFLOW_CTX_EXECUTION_DATE='2024-07-05T10:39:32.611587+00:00' AIRFLOW_CTX_TRY_NUMBER='1' AIRFLOW_CTX_DAG_RUN_ID='manual__2024-07-05T10:39:32.611587+00:00'
[2024-07-05T10:39:55.172+0000] {taskinstance.py:430} INFO - ::endgroup::
[2024-07-05T10:39:55.191+0000] {docker.py:366} INFO - Starting docker container from image curlimages/curl:latest
[2024-07-05T10:39:55.194+0000] {docker.py:374} WARNING - Using remote engine or docker-in-docker and mounting temporary volume from host is not supported. Falling back to `mount_tmp_dir=False` mode. You can set `mount_tmp_dir` parameter to False to disable mounting and remove the warning
[2024-07-05T10:39:55.538+0000] {docker.py:436} INFO - % Total    % Received % Xferd  Average Speed   Time    Time     Time  Current
                                 Dload  Upload   Total   Spent    Left  Speed
  0     0    0     0    0     0      0      0 --:--:-- --:--:-- --:--:--     0
[2024-07-05T10:39:56.537+0000] {docker.py:436} INFO - 100     2    0     0  100     2      0      1  0:00:02  0:00:01  0:00:01     1
[2024-07-05T10:39:57.538+0000] {docker.py:436} INFO - 100     2    0     0    0     2      0      0 --:--:--  0:00:02 --:--:--     0
[2024-07-05T10:39:58.539+0000] {docker.py:436} INFO - 100     2    0     0    0     2      0      0 --:--:--  0:00:03 --:--:--     0
[2024-07-05T10:39:59.541+0000] {docker.py:436} INFO - 100     2    0     0    0     2      0      0 --:--
[2024-07-05T10:39:59.542+0000] {docker.py:436} INFO - :--  0:00:04 --:--
[2024-07-05T10:39:59.542+0000] {docker.py:436} INFO - :-
[2024-07-05T10:39:59.542+0000] {docker.py:436} INFO - -
[2024-07-05T10:39:59.542+0000] {docker.py:436} INFO - 
[2024-07-05T10:39:59.542+0000] {docker.py:436} INFO - 0
[2024-07-05T10:40:00.542+0000] {docker.py:436} INFO - 100     2    0     0    0     2      0      0 --:--:--  0:00:05 --:--:--     0
[2024-07-05T10:40:01.542+0000] {docker.py:436} INFO - 100     2    0     0    0     2      0      0 --:--:--  0:00:06 --:--:--     0
[2024-07-05T10:40:02.550+0000] {docker.py:436} INFO - 100     2    0     0    0     2      0      0 --:--:--  0:00:07 --:--:--     0
[2024-07-05T10:40:03.544+0000] {docker.py:436} INFO - 100     2    0     0    0     2      0      0 --:--:--  0:00:08 --:--:--     0
[2024-07-05T10:40:04.545+0000] {docker.py:436} INFO - 100     2    0     0    0     2      0      0 --:--:--  0:00:09 --:--:--     0
[2024-07-05T10:40:05.547+0000] {docker.py:436} INFO - 100     2    0     0    0     2      0      0 --:--:--  0:00:10 --:--:--     0
[2024-07-05T10:40:06.547+0000] {docker.py:436} INFO - 100     2    0     0    0     2      0      0 --:--:--  0:00:11 --:--:--
[2024-07-05T10:40:06.548+0000] {docker.py:436} INFO - 0
[2024-07-05T10:40:07.549+0000] {docker.py:436} INFO - 100     2    0     0    0     2      0      0 --:--:--  0:00:12 --:--:--     0
[2024-07-05T10:40:08.549+0000] {docker.py:436} INFO - 100     2    0     0    0     2      0      0 --:--:--  0:00:13 --:--:--     0
[2024-07-05T10:40:09.551+0000] {docker.py:436} INFO - 100     2    0     0    0     2      0      0 --:--:--  0:00:14 --:--:--     0
[2024-07-05T10:40:10.556+0000] {docker.py:436} INFO - 100     2    0     0    0     2      0      0 --:--:--  0:00:15 --:--:--     0
[2024-07-05T10:40:11.552+0000] {docker.py:436} INFO - 100     2    0     0    0     2      0      0 --:--:--  0:00:16 --:--:--
[2024-07-05T10:40:11.553+0000] {docker.py:436} INFO - 0
[2024-07-05T10:40:12.556+0000] {docker.py:436} INFO - 100     2    0     0    0     2      0      0 --:--:--  0:00:17 --:--:--     0
[2024-07-05T10:40:13.555+0000] {docker.py:436} INFO - 100     2    0     0    0     2      0      0 --:--:--  0:00:18 --:--:--     0
[2024-07-05T10:40:14.556+0000] {docker.py:436} INFO - 100     2    0     0    0     2      0      0 --:--:--  0:00:19 --:--:--     0
[2024-07-05T10:40:15.556+0000] {docker.py:436} INFO - 100     2    0     0    0     2      0      0 --:--:--  0:00:20 --:--:--     0
[2024-07-05T10:40:16.557+0000] {docker.py:436} INFO - 100     2    0     0    0     2      0      0 --:--:--  0:00:21 --:--:
[2024-07-05T10:40:16.558+0000] {docker.py:436} INFO - --     0
[2024-07-05T10:40:17.559+0000] {docker.py:436} INFO - 100     2    0     0    0     2      0      0 --:--:--  0:00:22 --:--:--     0
[2024-07-05T10:40:18.560+0000] {docker.py:436} INFO - 100     2    0     0    0     2      0      0 --:--:--  0:00:23 --:--:--     0
[2024-07-05T10:40:19.561+0000] {docker.py:436} INFO - 100     2    0     0    0     2      0      0 --:--:--  0:00:24 --:--:--     0
[2024-07-05T10:40:20.561+0000] {docker.py:436} INFO - 100     2    0     0    0     2      0      0 --:--:--  0:00:25 --:--:--     0
[2024-07-05T10:40:21.563+0000] {docker.py:436} INFO - 100     2    0     0    0     2      0      0 --:--:--  0:00:26 --:--:--     0
[2024-07-05T10:40:22.564+0000] {docker.py:436} INFO - 100     2    0     0    0     2      0      0 --:--:--  0:00:27 --:--:--     0
[2024-07-05T10:40:23.565+0000] {docker.py:436} INFO - 100     2    0     0    0     2      0      0 --:--:--  0:00:28 --:--:--     0
[2024-07-05T10:40:24.565+0000] {docker.py:436} INFO - 100     2    0     0    0     2      0      0 --:--:--  0:00:29 --:--:--     0
[2024-07-05T10:40:25.567+0000] {docker.py:436} INFO - 100     2    0     0    0     2      0      0 --:--:--  0:00:30 --:--:--     0
[2024-07-05T10:40:26.568+0000] {docker.py:436} INFO - 100     2    0     0    0     2      0      0 --:--:--  0:00:31 --:--:--     0
[2024-07-05T10:40:27.568+0000] {docker.py:436} INFO - 100     2    0     0    0     2      0      0 --:--:--  0:00:32 --:--:--     0
[2024-07-05T10:40:28.569+0000] {docker.py:436} INFO - 100     2    0     0    0     2      0      0 --:--:--  0:00:33 --:--:--     0
[2024-07-05T10:40:29.570+0000] {docker.py:436} INFO - 100     2    0     0    0     2      0      0 --:--:--  0:00:34 --:--:--
[2024-07-05T10:40:29.571+0000] {docker.py:436} INFO - 0
[2024-07-05T10:40:30.572+0000] {docker.py:436} INFO - 100     2    0     0    0     2      0      0 --:--:--  0:00:35 --:--:--     0
[2024-07-05T10:40:31.573+0000] {docker.py:436} INFO - 100     2    0     0    0     2      0      0 --:--:--  0:00:36 --:--:--     0
[2024-07-05T10:40:32.574+0000] {docker.py:436} INFO - 100     2    0     0    0     2      0      0 --:--:--  0:00:37 --:--:--     0
[2024-07-05T10:40:33.575+0000] {docker.py:436} INFO - 100     2    0     0    0     2      0      0 --:--:--  0:00:38 --:--:--     0
[2024-07-05T10:40:34.576+0000] {docker.py:436} INFO - 100     2    0     0    0     2      0      0 --:--:--  0:00:39 --:--:--     0
[2024-07-05T10:40:35.577+0000] {docker.py:436} INFO - 100     2    0     0    0     2      0      0 --:--:--  0:00:40 --:--:--     0
[2024-07-05T10:40:36.579+0000] {docker.py:436} INFO - 100     2    0     0    0     2      0      0 --:--:--  0:00:41 --:--:--     0
[2024-07-05T10:40:37.580+0000] {docker.py:436} INFO - 100     2    0     0    0     2      0      0 --:--:--  0:00:42 --:--:--     0
[2024-07-05T10:40:38.580+0000] {docker.py:436} INFO - 100     2    0     0    0     2      0      0 --:--:--  0:00:43 --:--:--     0
[2024-07-05T10:40:39.582+0000] {docker.py:436} INFO - 100     2    0     0    0     2      0      0 --:--:--  0:00:44 --:--:--     0
[2024-07-05T10:40:40.583+0000] {docker.py:436} INFO - 100     2    0     0    0     2      0      0 --:--:--  0:00:45 --:--:--     0
[2024-07-05T10:40:41.584+0000] {docker.py:436} INFO - 100     2    0     0    0     2      0      0 --:--:--  0:00:46 --:--:--     0
[2024-07-05T10:40:42.585+0000] {docker.py:436} INFO - 100     2    0     0    0     2      0      0 --:--:--  0:00:47 --:--:--     0
[2024-07-05T10:40:43.586+0000] {docker.py:436} INFO - 100     2    0     0    0     2      0      0 --:--:--  0:00:48 --:--:--     0
[2024-07-05T10:40:44.587+0000] {docker.py:436} INFO - 100     2    0     0    0     2      0      0 --:--:--  0:00:49 --:--:--     0
[2024-07-05T10:40:45.588+0000] {docker.py:436} INFO - 100     2    0     0    0     2      0      0 --:--:--  0:00:50 --:--:--     0
[2024-07-05T10:40:46.589+0000] {docker.py:436} INFO - 100     2    0     0    0     2      0      0 --:--:--  0:00:51 --:--:--     0
[2024-07-05T10:40:47.589+0000] {docker.py:436} INFO - 100     2    0     0    0     2      0      0 --:--:--  0:00:52 --:--:--     0
[2024-07-05T10:40:48.591+0000] {docker.py:436} INFO - 100     2    0     0    0     2      0      0 --:--:--  0:00:53 --:--:--     0
[2024-07-05T10:40:49.592+0000] {docker.py:436} INFO - 100     2    0     0    0     2      0      0 --:--:--
[2024-07-05T10:40:49.592+0000] {docker.py:436} INFO - 0:00:54 --:--:--
[2024-07-05T10:40:49.592+0000] {docker.py:436} INFO - 
[2024-07-05T10:40:49.592+0000] {docker.py:436} INFO - 0
[2024-07-05T10:40:50.593+0000] {docker.py:436} INFO - 100     2    0     0    0     2      0
[2024-07-05T10:40:50.593+0000] {docker.py:436} INFO - 0 --:--:--
[2024-07-05T10:40:50.593+0000] {docker.py:436} INFO - 0:00:55 --:
[2024-07-05T10:40:50.593+0000] {docker.py:436} INFO - --:--
[2024-07-05T10:40:50.593+0000] {docker.py:436} INFO - 
[2024-07-05T10:40:50.593+0000] {docker.py:436} INFO - 0
[2024-07-05T10:40:51.594+0000] {docker.py:436} INFO - 100     2    0     0    0     2      0      0 --:--:--  0:00:56 --:--:--     0
[2024-07-05T10:40:52.595+0000] {docker.py:436} INFO - 100     2    0     0    0     2      0      0 --:--:--  0:00:57 --:--:--     0
[2024-07-05T10:40:53.596+0000] {docker.py:436} INFO - 100     2    0     0    0     2      0      0 --:--:--  0:00:58 --:--:--     0
[2024-07-05T10:40:54.597+0000] {docker.py:436} INFO - 100     2    0     0    0     2      0      0 --:--:--  0:00:59 --:--:--     0
[2024-07-05T10:40:55.597+0000] {docker.py:436} INFO - 100     2    0     0    0     2      0      0 --:-
[2024-07-05T10:40:55.598+0000] {docker.py:436} INFO - -:--  0:
[2024-07-05T10:40:55.598+0000] {docker.py:436} INFO - 0
[2024-07-05T10:40:55.598+0000] {docker.py:436} INFO - 1:
[2024-07-05T10:40:55.598+0000] {docker.py:436} INFO - 00
[2024-07-05T10:40:55.598+0000] {docker.py:436} INFO - 
[2024-07-05T10:40:55.598+0000] {docker.py:436} INFO - -
[2024-07-05T10:40:55.598+0000] {docker.py:436} INFO - -
[2024-07-05T10:40:55.598+0000] {docker.py:436} INFO - :
[2024-07-05T10:40:55.598+0000] {docker.py:436} INFO - --:
[2024-07-05T10:40:55.598+0000] {docker.py:436} INFO - -
[2024-07-05T10:40:55.599+0000] {docker.py:436} INFO - -
[2024-07-05T10:40:55.599+0000] {docker.py:436} INFO - 0
[2024-07-05T10:40:56.599+0000] {docker.py:436} INFO - 100     2    0     0    0     2      0      0 --:--:--  0:01:01 --:--:--
[2024-07-05T10:40:56.599+0000] {docker.py:436} INFO - 0
[2024-07-05T10:40:57.599+0000] {docker.py:436} INFO - 100     2    0     0    0     2      0      0 --:--:--  0:01:02 --:--:--     0
[2024-07-05T10:40:58.601+0000] {docker.py:436} INFO - 100     2    0     0    0     2      0      0 --:--:--  0:01:03 --:--:--     0
[2024-07-05T10:40:59.601+0000] {docker.py:436} INFO - 100     2    0     0    0     2      0      0 --:--:--  0:01:04 --:--:--     0
[2024-07-05T10:41:00.602+0000] {docker.py:436} INFO - 100     2    0     0    0     2      0      0 --:--:--  0:01:05
[2024-07-05T10:41:00.603+0000] {docker.py:436} INFO - --:--:--     0
[2024-07-05T10:41:01.604+0000] {docker.py:436} INFO - 100     2    0     0    0     2      0      0 --:--:--  0:01:06 --:--:--     0
[2024-07-05T10:41:02.605+0000] {docker.py:436} INFO - 100     2    0     0    0     2      0      0 --:--:--  0:01:07 --:--:--     0
[2024-07-05T10:41:03.606+0000] {docker.py:436} INFO - 100     2    0     0    0     2      0      0 --:--:--  0:01:08 --:--:--     0
[2024-07-05T10:41:04.607+0000] {docker.py:436} INFO - 100     2    0     0    0     2      0      0 --:--:--  0:01:09 --:--:--     0
[2024-07-05T10:41:05.608+0000] {docker.py:436} INFO - 100     2    0     0    0     2      0      0 --:--:--  0:01:10 --:--:--     0
[2024-07-05T10:41:06.609+0000] {docker.py:436} INFO - 100     2    0     0    0     2      0      0 --:--:--  0:01:11 --:--:--     0
[2024-07-05T10:41:07.609+0000] {docker.py:436} INFO - 100     2    0     0    0     2      0      0 --:--:--  0:01:12 --:--:--     0
[2024-07-05T10:41:08.611+0000] {docker.py:436} INFO - 100     2    0     0    0     2      0      0 --:--:--  0:01:13 --:--:--     0
[2024-07-05T10:41:09.612+0000] {docker.py:436} INFO - 100     2    0     0    0     2      0      0 --:--:--  0:01:14 --:--:--
[2024-07-05T10:41:09.612+0000] {docker.py:436} INFO - 0
[2024-07-05T10:41:10.612+0000] {docker.py:436} INFO - 100     2    0     0    0     2      0      0 --:--:--  0:01:15 --:--:--
[2024-07-05T10:41:10.613+0000] {docker.py:436} INFO - 0
[2024-07-05T10:41:11.614+0000] {docker.py:436} INFO - 100     2    0     0    0     2      0      0 --:--:--  0:01:16 --:--:--     0
[2024-07-05T10:41:12.615+0000] {docker.py:436} INFO - 100     2    0     0    0     2      0      0 --:--:--  0:01:17 --:--:--     0
[2024-07-05T10:41:13.617+0000] {docker.py:436} INFO - 100     2    0     0    0     2      0      0 --:--:--  0:01:18 --:--:--     0
[2024-07-05T10:41:14.619+0000] {docker.py:436} INFO - 100     2    0     0    0     2      0      0 --:--:--  0:01:19 --:--:--     0
[2024-07-05T10:41:15.619+0000] {docker.py:436} INFO - 100     2    0     0    0     2      0      0 --:--:--  0:01:20 --:--:--     0
[2024-07-05T10:41:16.624+0000] {docker.py:436} INFO - 100     2    0     0    0     2      0      0 --:--:--  0:01:21 --:--:--     0
[2024-07-05T10:41:17.625+0000] {docker.py:436} INFO - 100     2    0     0    0     2      0      0 --:--:--  0:01:22 --:--:--     0
[2024-07-05T10:41:18.625+0000] {docker.py:436} INFO - 100     2    0     0    0     2      0      0 --:--:--  0:01:2
[2024-07-05T10:41:18.626+0000] {docker.py:436} INFO - 3 --:--:--
[2024-07-05T10:41:18.626+0000] {docker.py:436} INFO - 0
[2024-07-05T10:41:19.627+0000] {docker.py:436} INFO - 100     2    0     0    0     2      0      0 --:--:--  0:01:24 --:--:--     0
[2024-07-05T10:41:20.628+0000] {docker.py:436} INFO - 100     2    0     0    0     2      0      0 --:--:--  0:01:25 --:--:--     0
[2024-07-05T10:41:21.628+0000] {docker.py:436} INFO - 100     2    0     0    0     2      0      0 --:--:--  0:01:26 --:--:--     0
[2024-07-05T10:41:22.629+0000] {docker.py:436} INFO - 100     2    0     0    0     2      0      0 --:--:--  0:01:27 --:--:
[2024-07-05T10:41:22.630+0000] {docker.py:436} INFO - --     0
[2024-07-05T10:41:23.631+0000] {docker.py:436} INFO - 100     2    0     0    0     2      0      0 --:--:--  0:01:28 --:--:--     0
[2024-07-05T10:41:24.632+0000] {docker.py:436} INFO - 100     2    0     0    0     2      0      0 --:--:--  0:01:29 --:--:--     0
[2024-07-05T10:41:25.633+0000] {docker.py:436} INFO - 100     2    0     0    0     2      0      0 --:--:--  0:01:30 --:--:--     0
[2024-07-05T10:41:26.634+0000] {docker.py:436} INFO - 100     2    0     0    0     2      0      0 --:--:--  0:01:31 --:--:--     0
[2024-07-05T10:41:27.635+0000] {docker.py:436} INFO - 100     2    0     0    0     2      0      0 --:--:--  0:01:32 --:--:--     0
[2024-07-05T10:41:28.636+0000] {docker.py:436} INFO - 100     2    0     0    0     2      0      0 --:--:--  0:01:33 --:--:--     0
[2024-07-05T10:41:29.637+0000] {docker.py:436} INFO - 100     2    0     0    0     2      0      0 --:--:--  0:01:34 --:--:--     0
[2024-07-05T10:41:30.640+0000] {docker.py:436} INFO - 100     2    0     0    0     2      0      0 --:--:--  0:01:35 --:--:--     0
[2024-07-05T10:41:31.639+0000] {docker.py:436} INFO - 100     2    0     0    0     2      0      0 --:--:--  0:01:36 --:--:--     0
[2024-07-05T10:41:32.640+0000] {docker.py:436} INFO - 100     2    0     0    0     2      0      0 --:--:--  0:01:37 --:--:--     0
[2024-07-05T10:41:33.640+0000] {docker.py:436} INFO - 100     2    0     0    0     2      0      0 --:--:--  0:01:38 --:--:--     0
[2024-07-05T10:41:34.641+0000] {docker.py:436} INFO - 100     2    0     0    0     2      0      0 --:--:--  0:01:39 --:--:--     0
[2024-07-05T10:41:35.644+0000] {docker.py:436} INFO - 100     2    0     0    0     2      0      0 --:--:--  0:01:40 --:--:--     0
[2024-07-05T10:41:36.643+0000] {docker.py:436} INFO - 100     2    0     0    0     2      0      0 --:--:--  0:01:41 --:--:--     0
[2024-07-05T10:41:37.644+0000] {docker.py:436} INFO - 100     2    0     0    0     2      0      0 --:--:--  0:01:42 --:--:--     0
[2024-07-05T10:41:38.646+0000] {docker.py:436} INFO - 100     2    0     0    0     2      0      0 --:--:--  0:01:43 --:--:--     0
[2024-07-05T10:41:39.646+0000] {docker.py:436} INFO - 100     2    0     0    0     2      0      0 --:--:--  0:01:44 --:--:--     0
[2024-07-05T10:41:40.648+0000] {docker.py:436} INFO - 100     2    0     0    0     2      0      0 --:--:--  0:01:45 --:--:--     0
[2024-07-05T10:41:41.654+0000] {docker.py:436} INFO - 100     2    0     0    0     2      0      0 --:--:--  0:01:46 --:--:--     0
[2024-07-05T10:41:42.650+0000] {docker.py:436} INFO - 100     2    0     0    0     2      0      0 --:--:--  0:01:47 --:--:--     0
[2024-07-05T10:41:43.651+0000] {docker.py:436} INFO - 100     2    0     0    0     2      0      0 --:--:--  0:01:48 --:--:--     0
[2024-07-05T10:41:44.652+0000] {docker.py:436} INFO - 100     2    0     0    0     2      0      0 --:--:--  0:01:49 --:--:--
[2024-07-05T10:41:44.652+0000] {docker.py:436} INFO - 0
[2024-07-05T10:41:45.653+0000] {docker.py:436} INFO - 100     2    0     0    0     2      0      0 --:--:--  0:01:50 --:--:--     0
[2024-07-05T10:41:46.653+0000] {docker.py:436} INFO - 100     2    0     0    0     2      0      0 --:--:--  0:01:51 --:--:--     0
[2024-07-05T10:41:47.655+0000] {docker.py:436} INFO - 100     2    0     0    0     2      0      0 --:--:--  0:01:52 --:--:--     0
[2024-07-05T10:41:48.656+0000] {docker.py:436} INFO - 100     2    0     0    0     2      0      0 --:--:--  0:01:53 --:--:--     0
[2024-07-05T10:41:49.659+0000] {docker.py:436} INFO - 100     2    0     0    0     2      0      0 --:--:--  0:01:54 --:--:--     0
[2024-07-05T10:41:50.660+0000] {docker.py:436} INFO - 100     2    0     0    0     2      0      0 --:--:--  0:01:55 --:--:--     0
[2024-07-05T10:41:51.661+0000] {docker.py:436} INFO - 100     2    0     0    0     2      0      0 --:--:--  0:01:56 --:--:--     0
[2024-07-05T10:41:52.662+0000] {docker.py:436} INFO - 100     2    0     0    0     2      0      0 --:--:--  0:01:57 --:--:--     0
[2024-07-05T10:41:53.663+0000] {docker.py:436} INFO - 100     2    0     0    0     2      0      0 --:--:--  0:01:58 --:--:--     0
[2024-07-05T10:41:54.663+0000] {docker.py:436} INFO - 100     2    0     0    0     2      0      0 --:--:--  0:01:59 --:--:--     0
[2024-07-05T10:41:55.667+0000] {docker.py:436} INFO - 100     2    0     0    0     2      0      0 --:--:--  0:02:00 --:--:--     0
[2024-07-05T10:41:56.666+0000] {docker.py:436} INFO - 100     2    0     0    0     2      0
[2024-07-05T10:41:56.666+0000] {docker.py:436} INFO - 0 --:--:--  0:02:01 --:--:--     0
[2024-07-05T10:41:57.667+0000] {docker.py:436} INFO - 100     2    0     0    0     2      0      0 --:--:--  0:02:02 --:--:--     0
[2024-07-05T10:41:58.668+0000] {docker.py:436} INFO - 100     2    0     0    0     2      0      0 --:--:--  0:02:03 --:--:--     0
[2024-07-05T10:41:59.669+0000] {docker.py:436} INFO - 100     2    0     0    0     2      0      0 --:--:--  0:02:04 --:--:--     0
[2024-07-05T10:42:00.669+0000] {docker.py:436} INFO - 100     2    0     0    0     2      0      0 --:--:--  0:02:05 --:--:--     0
[2024-07-05T10:42:01.671+0000] {docker.py:436} INFO - 100     2    0     0    0     2      0      0 --:--:--  0:02:06 --:--:--     0
[2024-07-05T10:42:02.672+0000] {docker.py:436} INFO - 100     2    0     0    0     2      0      0 --:--:--  0:02:07 --:--:--     0
[2024-07-05T10:42:03.672+0000] {docker.py:436} INFO - 100     2    0     0    0     2      0      0 --
[2024-07-05T10:42:03.673+0000] {docker.py:436} INFO - :--:--  0:02:08
[2024-07-05T10:42:03.673+0000] {docker.py:436} INFO - --
[2024-07-05T10:42:03.673+0000] {docker.py:436} INFO - :-
[2024-07-05T10:42:03.673+0000] {docker.py:436} INFO - -:--
[2024-07-05T10:42:03.673+0000] {docker.py:436} INFO - 0
[2024-07-05T10:42:04.674+0000] {docker.py:436} INFO - 100     2    0     0    0     2      0      0 --:--:--  0:02:09 --:--:--     0
[2024-07-05T10:42:05.675+0000] {docker.py:436} INFO - 100     2    0     0    0     2      0      0 --:--:--  0:02:10 --:--:--     0
[2024-07-05T10:42:06.676+0000] {docker.py:436} INFO - 100     2    0     0    0     2      0      0 --:--:--  0:02:11 --:--:--     0
[2024-07-05T10:42:07.677+0000] {docker.py:436} INFO - 100     2    0     0    0     2      0      0 --:--:--  0:02:12 --:--:--     0
[2024-07-05T10:42:08.677+0000] {docker.py:436} INFO - 100     2    0     0    0     2      0      0 --:--:--  0:02:13 --:--:--     0
[2024-07-05T10:42:09.679+0000] {docker.py:436} INFO - 100     2    0     0    0     2      0      0 --:--:--  0:02:14 --:--:--     0
[2024-07-05T10:42:10.680+0000] {docker.py:436} INFO - 100     2    0     0    0     2      0      0 --:--:--  0:02:15 --:--:--     0
[2024-07-05T10:42:11.681+0000] {docker.py:436} INFO - 100     2    0     0    0     2      0      0 --:--:--  0:02:16 --:--:--     0
[2024-07-05T10:42:12.681+0000] {docker.py:436} INFO - 100     2    0     0    0     2      0      0 --:--:--  0:02:17 --:--:--     0
[2024-07-05T10:42:13.683+0000] {docker.py:436} INFO - 100     2    0     0    0     2      0      0 --:--:--  0:02:18 --:--:--     0
[2024-07-05T10:42:14.684+0000] {docker.py:436} INFO - 100     2    0     0    0     2      0      0 --:--:--  0:02:19 --:--:--
[2024-07-05T10:42:14.684+0000] {docker.py:436} INFO - 0
[2024-07-05T10:42:15.685+0000] {docker.py:436} INFO - 100     2    0     0    0     2      0      0 --:--:--  0:02:20 --:--:--     0
[2024-07-05T10:42:16.686+0000] {docker.py:436} INFO - 100     2    0     0    0     2      0      0 --:--:--
[2024-07-05T10:42:16.686+0000] {docker.py:436} INFO - 0:02:2
[2024-07-05T10:42:16.686+0000] {docker.py:436} INFO - 1 --:--:--
[2024-07-05T10:42:16.686+0000] {docker.py:436} INFO - 0
[2024-07-05T10:42:17.686+0000] {docker.py:436} INFO - 100     2    0     0    0     2      0      0 --:--:--  0:02:22 --:--:--     0
[2024-07-05T10:42:18.687+0000] {docker.py:436} INFO - 100     2    0     0    0     2      0      0 --:--:--  0:02:23 --:--:--     0
[2024-07-05T10:42:19.689+0000] {docker.py:436} INFO - 100     2    0     0    0     2      0      0 --:--:--  0:02:24 --:--:--     0
[2024-07-05T10:42:20.690+0000] {docker.py:436} INFO - 100     2    0     0    0     2      0      0 --:--:--  0:02:25 --:--:--     0
[2024-07-05T10:42:21.691+0000] {docker.py:436} INFO - 100     2    0     0    0     2      0      0 --:--:--  0:02:26 --:--:--     0
[2024-07-05T10:42:22.692+0000] {docker.py:436} INFO - 100     2    0     0    0     2      0      0 --:--:--  0:02:27 --:--:--     0
[2024-07-05T10:42:23.695+0000] {docker.py:436} INFO - 100     2    0     0    0     2      0      0 --:--:--  0:02:28 --:--:--     0
[2024-07-05T10:42:24.694+0000] {docker.py:436} INFO - 100     2    0     0    0     2      0      0 --:--:--  0:02:29 --:--:--     0
[2024-07-05T10:42:25.695+0000] {docker.py:436} INFO - 100     2    0     0    0     2      0      0 --:--:--  0:02:30 --:--:--     0
[2024-07-05T10:42:26.696+0000] {docker.py:436} INFO - 100     2    0     0    0     2      0      0 --:--:--  0:02:31 --:--:--     0
[2024-07-05T10:42:27.696+0000] {docker.py:436} INFO - 100     2    0     0    0     2      0      0
[2024-07-05T10:42:27.697+0000] {docker.py:436} INFO - --:--:--  0:0
[2024-07-05T10:42:27.697+0000] {docker.py:436} INFO - 2:32 --:--
[2024-07-05T10:42:27.697+0000] {docker.py:436} INFO - :--
[2024-07-05T10:42:27.697+0000] {docker.py:436} INFO - 
[2024-07-05T10:42:27.697+0000] {docker.py:436} INFO - 0
[2024-07-05T10:42:28.698+0000] {docker.py:436} INFO - 100     2    0     0    0     2      0      0 --:--:--  0:02:33 --:--:--     0
[2024-07-05T10:42:29.699+0000] {docker.py:436} INFO - 100     2    0     0    0     2      0      0 --:--:--  0:02:34 --:--:--     0
[2024-07-05T10:42:30.700+0000] {docker.py:436} INFO - 100     2    0     0    0     2      0      0 --:--:--  0:02:35 --:--:--     0
[2024-07-05T10:42:31.700+0000] {docker.py:436} INFO - 100     2    0     0    0     2      0      0 --:--:--  0:02:36 --:--:
[2024-07-05T10:42:31.701+0000] {docker.py:436} INFO - --     0
[2024-07-05T10:42:32.702+0000] {docker.py:436} INFO - 100     2    0     0    0     2      0      0 --:--:--  0:02:37 --:--:--     0
[2024-07-05T10:42:33.702+0000] {docker.py:436} INFO - 100     2    0     0    0     2      0      0 --:--:--  0:02:38 --:--:--     0
[2024-07-05T10:42:34.703+0000] {docker.py:436} INFO - 100     2    0     0    0     2      0      0 --:--:--  0:02:39 --:--:--     0
[2024-07-05T10:42:35.704+0000] {docker.py:436} INFO - 100     2    0     0    0     2      0      0 --:--:--  0:0
[2024-07-05T10:42:35.705+0000] {docker.py:436} INFO - 2:40 --:--:--
[2024-07-05T10:42:35.705+0000] {docker.py:436} INFO - 
[2024-07-05T10:42:35.705+0000] {docker.py:436} INFO - 0
[2024-07-05T10:42:36.705+0000] {docker.py:436} INFO - 100     2    0     0    0     2      0      0 --:--:--  0:02:41 --:--:--     0
[2024-07-05T10:42:37.708+0000] {docker.py:436} INFO - 100     2    0     0    0     2      0      0 --:--:--  0:02:42 --:--:--     0
[2024-07-05T10:42:38.708+0000] {docker.py:436} INFO - 100     2    0     0    0     2      0      0 --:--:--  0:02:43 --:--:--     0
[2024-07-05T10:42:39.710+0000] {docker.py:436} INFO - 100     2    0     0    0     2      0      0 --:--:--  0:02:44 --:--:--     0
[2024-07-05T10:42:40.711+0000] {docker.py:436} INFO - 100     2    0     0    0     2      0      0 --:--:--  0:02:45 --:--:--     0
[2024-07-05T10:42:41.712+0000] {docker.py:436} INFO - 100     2    0     0    0     2      0      0 --:--:--  0:02:46 --:--:--     0
[2024-07-05T10:42:42.713+0000] {docker.py:436} INFO - 100     2    0     0    0     2      0      0 --:--:--  0:02:47 --:--:--     0
[2024-07-05T10:42:43.714+0000] {docker.py:436} INFO - 100     2    0     0    0     2      0      0 --:--:--  0:02:48 --:--:--     0
[2024-07-05T10:42:44.715+0000] {docker.py:436} INFO - 100     2    0     0    0     2      0      0 --:--:--  0:02:49 --:--:--     0
[2024-07-05T10:42:45.716+0000] {docker.py:436} INFO - 100     2    0     0    0     2      0      0 --:--:--  0:02:50 --:--:--     0
[2024-07-05T10:42:46.717+0000] {docker.py:436} INFO - 100     2    0     0    0     2      0      0 --:--:--  0:02:51 --:--:--     0
[2024-07-05T10:42:47.718+0000] {docker.py:436} INFO - 100     2    0     0    0     2      0      0 --:--:--  0:02:52 --:--:--     0
[2024-07-05T10:42:48.719+0000] {docker.py:436} INFO - 100     2    0     0    0     2      0      0 --:--:--  0:02:53 --:--:--     0
[2024-07-05T10:42:49.720+0000] {docker.py:436} INFO - 100     2    0     0    0     2      0      0 --:--:--  0:02:54 --:--:--     0
[2024-07-05T10:42:50.720+0000] {docker.py:436} INFO - 100     2    0     0    0     2      0      0 --:--:--  0:02:55 --:--
[2024-07-05T10:42:50.721+0000] {docker.py:436} INFO - :--     0
[2024-07-05T10:42:51.721+0000] {docker.py:436} INFO - 100     2    0     0    0     2      0      0 --:--:--  0:02:56 --:--:--     0
[2024-07-05T10:42:52.723+0000] {docker.py:436} INFO - 100     2    0     0    0     2      0      0 --:--:--  0:02:57 --:--:--     0
[2024-07-05T10:42:53.724+0000] {docker.py:436} INFO - 100     2    0     0    0     2      0      0 --:--:--  0:02:58 --:--:--     0
[2024-07-05T10:42:54.733+0000] {docker.py:436} INFO - 100     2    0     0    0     2      0      0 --:--:--  0:02:59 --:--:--     0
[2024-07-05T10:42:55.726+0000] {docker.py:436} INFO - 100     2    0     0    0     2      0      0 --:--:--  0:03:00 --:--:--     0
[2024-07-05T10:42:56.727+0000] {docker.py:436} INFO - 100     2    0     0    0     2      0      0 --:--:--  0:03:01 --:--:--     0
[2024-07-05T10:42:57.728+0000] {docker.py:436} INFO - 100     2    0     0    0     2      0      0 --:--:--  0:03:02 --:--:--     0
[2024-07-05T10:42:58.729+0000] {docker.py:436} INFO - 100     2    0     0    0     2      0      0 --:--:--  0:03:03 --:--:--     0
[2024-07-05T10:42:59.730+0000] {docker.py:436} INFO - 100     2    0     0    0     2      0      0 --:--:--  0:03:04 --:--:--     0
[2024-07-05T10:43:00.730+0000] {docker.py:436} INFO - 100     2    0     0    0     2      0      0 --:--:--  0:03:05 --:--:--     0
[2024-07-05T10:43:01.732+0000] {docker.py:436} INFO - 100     2    0     0    0     2      0      0 --:--:--  0:03:06 --:--:--     0
[2024-07-05T10:43:02.733+0000] {docker.py:436} INFO - 100     2    0     0    0     2      0      0 --:--:--  0:03:07 --:--:--     0
[2024-07-05T10:43:03.734+0000] {docker.py:436} INFO - 100     2    0     0    0     2      0      0 --:--:--  0:03:08 --:--:--     0
[2024-07-05T10:43:04.735+0000] {docker.py:436} INFO - 100     2    0     0    0     2      0      0 --:--:--  0:03:09 --:--:--     0
[2024-07-05T10:43:05.736+0000] {docker.py:436} INFO - 100     2    0     0    0     2      0      0 --:--:--  0:03:10 --:--:--     0
[2024-07-05T10:43:06.737+0000] {docker.py:436} INFO - 100     2    0     0    0     2      0      0 --:--:--  0:03:11 --:--:--     0
[2024-07-05T10:43:07.738+0000] {docker.py:436} INFO - 100     2    0     0    0     2      0      0 --:--:--  0:03:12 --:--:--     0
[2024-07-05T10:43:08.738+0000] {docker.py:436} INFO - 100     2    0     0    0     2      0      0 --:--:--  0:03:13 --:--:--     0
[2024-07-05T10:43:09.739+0000] {docker.py:436} INFO - 100     2    0     0    0     2      0      0 --:--:--  0:03:14 --:--:--
[2024-07-05T10:43:09.740+0000] {docker.py:436} INFO - 0
[2024-07-05T10:43:10.740+0000] {docker.py:436} INFO - 100     2    0     0    0     2      0      0 --:--:--  0:03:15 --:--:--     0
[2024-07-05T10:43:11.742+0000] {docker.py:436} INFO - 100     2    0     0    0     2      0      0 --:--:--  0:03:16 --:--:--     0
[2024-07-05T10:43:12.745+0000] {docker.py:436} INFO - 100     2    0     0    0     2      0      0 --:--:--  0:03:17 --:--:--     0
[2024-07-05T10:43:13.744+0000] {docker.py:436} INFO - 100     2    0     0    0     2      0      0 --:--:--  0:03:18 --:--:--     0
[2024-07-05T10:43:14.745+0000] {docker.py:436} INFO - 100     2    0     0    0     2      0      0 --:--:--  0:03:19 --:--:--     0
[2024-07-05T10:43:15.746+0000] {docker.py:436} INFO - 100     2    0     0    0     2      0      0 --:--:--  0:03:20 --:--:--     0
[2024-07-05T10:43:16.747+0000] {docker.py:436} INFO - 100     2    0     0    0     2      0      0 --:--:--  0:03:21 --:--:--     0
[2024-07-05T10:43:17.747+0000] {docker.py:436} INFO - 100     2    0     0    0     2      0      0 --:--:--  0:03:22 --:--:--
[2024-07-05T10:43:17.748+0000] {docker.py:436} INFO - 0
[2024-07-05T10:43:18.748+0000] {docker.py:436} INFO - 100     2    0     0    0     2      0      0 --:--:--  0:03:23 --:--:--     0
[2024-07-05T10:43:19.750+0000] {docker.py:436} INFO - 100     2    0     0    0     2      0      0 --:--:--  0:03:24 --:--:--     0
[2024-07-05T10:43:20.754+0000] {docker.py:436} INFO - 100     2    0     0    0     2      0      0 --:--:--  0:03:25 --:--:--     0
[2024-07-05T10:43:21.753+0000] {docker.py:436} INFO - 100     2    0     0    0     2      0      0 --:--:--  0:03:26 --:--:--
[2024-07-05T10:43:21.753+0000] {docker.py:436} INFO - 0
[2024-07-05T10:43:22.754+0000] {docker.py:436} INFO - 100     2    0     0    0     2      0      0 --:--:--  0:03:27 --:--:--     0
[2024-07-05T10:43:23.754+0000] {docker.py:436} INFO - 100     2    0     0    0     2      0      0 --:--:--  0:03:28 --:--:--     0
[2024-07-05T10:43:24.756+0000] {docker.py:436} INFO - 100     2    0     0    0     2      0      0 --:--:--  0:03:29 --:--:--     0
[2024-07-05T10:43:25.758+0000] {docker.py:436} INFO - 100     2    0     0    0     2      0      0 --:--:--  0:03:30 --:--:--     0
[2024-07-05T10:43:26.757+0000] {docker.py:436} INFO - 100     2    0     0    0     2      0      0 --:--:--  0:03:31 --:--:--     0
[2024-07-05T10:43:27.759+0000] {docker.py:436} INFO - 100     2    0     0    0     2      0      0 --:--:--  0:03:32 --:--:--     0
[2024-07-05T10:43:28.760+0000] {docker.py:436} INFO - 100     2    0     0    0     2      0      0 --:--:--  0:03:33 --:--:--     0
[2024-07-05T10:43:29.761+0000] {docker.py:436} INFO - 100     2    0     0    0     2      0      0 --:--:--  0:03:34 --:--:--     0
[2024-07-05T10:43:30.761+0000] {docker.py:436} INFO - 100     2    0     0    0     2      0      0 --:--:--  0:03:35 --:--:--     0
[2024-07-05T10:43:31.763+0000] {docker.py:436} INFO - 100     2    0     0    0     2      0      0 --:--:--  0:03:36 --:--:--     0
[2024-07-05T10:43:32.763+0000] {docker.py:436} INFO - 100     2    0     0    0     2      0      0 --:--:--  0:03:37 --:--:
[2024-07-05T10:43:32.764+0000] {docker.py:436} INFO - --     0
[2024-07-05T10:43:33.767+0000] {docker.py:436} INFO - 100     2    0     0    0     2      0      0 --:--:--  0:03:38 --:--:--     0
[2024-07-05T10:43:34.767+0000] {docker.py:436} INFO - 100     2    0     0    0     2      0      0 --:--:--  0:03:39 --:--:--
[2024-07-05T10:43:34.768+0000] {docker.py:436} INFO - 0
[2024-07-05T10:43:35.768+0000] {docker.py:436} INFO - 100     2    0     0    0     2      0      0 --:--:--  0:03:40 --:--:--     0
[2024-07-05T10:43:36.770+0000] {docker.py:436} INFO - 100     2    0     0    0     2      0      0 --:--:--  0:03:41 --:--:--     0
[2024-07-05T10:43:37.773+0000] {docker.py:436} INFO - 100     2    0     0    0     2      0      0 --:--:--  0:03:42 --:--:--     0
[2024-07-05T10:43:38.772+0000] {docker.py:436} INFO - 100     2    0     0    0     2      0      0 --:--:--  0:03:43 --:--:--     0
[2024-07-05T10:43:39.772+0000] {docker.py:436} INFO - 100     2    0     0    0     2      0      0 --:--:--  0:03:44 --:--:--     0
[2024-07-05T10:43:40.773+0000] {docker.py:436} INFO - 100     2    0     0    0     2      0      0 --:--:--  0:03:45 --:--:--     0
[2024-07-05T10:43:41.775+0000] {docker.py:436} INFO - 100     2    0     0    0     2      0      0 --:--:--  0:03:46 --:--:--     0
[2024-07-05T10:43:42.777+0000] {docker.py:436} INFO - 100     2    0     0    0     2      0      0 --:--:--  0:03:47 --:--:--     0
[2024-07-05T10:43:43.776+0000] {docker.py:436} INFO - 100     2    0     0    0     2      0      0 --:--:--  0:03:48 --:--:--
[2024-07-05T10:43:43.777+0000] {docker.py:436} INFO - 0
[2024-07-05T10:43:44.777+0000] {docker.py:436} INFO - 100     2    0     0    0     2      0      0 --:--:--  0:03:49 --:--:--     0
[2024-07-05T10:43:45.779+0000] {docker.py:436} INFO - 100     2    0     0    0     2      0      0 --:--:--  0:03:50 --:--:--     0
[2024-07-05T10:43:46.780+0000] {docker.py:436} INFO - 100     2    0     0    0     2      0      0 --:--:--  0:03:51 --:--:--     0
[2024-07-05T10:43:47.781+0000] {docker.py:436} INFO - 100     2    0     0    0     2      0      0 --:--:--  0:03:52 --:--:--     0
[2024-07-05T10:43:48.782+0000] {docker.py:436} INFO - 100     2    0     0    0     2      0      0 --:--:--  0:03:53 --:--:--     0
[2024-07-05T10:43:49.783+0000] {docker.py:436} INFO - 100     2    0     0    0     2      0      0 --:--:--  0:03:54 --:--:--     0
[2024-07-05T10:43:50.783+0000] {docker.py:436} INFO - 100     2    0     0    0     2      0      0 --:--:--  0:03:55 --:--:--     0
[2024-07-05T10:43:51.784+0000] {docker.py:436} INFO - 100     2    0     0    0     2      0      0 --:--:--  0:03:5
[2024-07-05T10:43:51.785+0000] {docker.py:436} INFO - 6 --:--:--     0
[2024-07-05T10:43:52.786+0000] {docker.py:436} INFO - 100     2    0     0    0     2      0      0 --:--:--  0:03:57 --:--:--     0
[2024-07-05T10:43:53.786+0000] {docker.py:436} INFO - 100     2    0     0    0     2      0      0 --:--:-
[2024-07-05T10:43:53.787+0000] {docker.py:436} INFO - -  0:03:58 --:--
[2024-07-05T10:43:53.787+0000] {docker.py:436} INFO - :-
[2024-07-05T10:43:53.787+0000] {docker.py:436} INFO - -     0
[2024-07-05T10:43:54.788+0000] {docker.py:436} INFO - 100     2    0     0    0     2      0      0 --:--:--  0:03:59 --:--:--     0
[2024-07-05T10:43:55.788+0000] {docker.py:436} INFO - 100     2    0     0    0     2      0      0 --:--:--  0:04:00 --:--:--     0
[2024-07-05T10:43:56.790+0000] {docker.py:436} INFO - 100     2    0     0    0     2      0      0 --:--:--  0:04:01 --:--:--     0
[2024-07-05T10:43:57.790+0000] {docker.py:436} INFO - 100     2    0     0    0     2      0      0 --:--:--  0:04:02 --:--:--     0
[2024-07-05T10:43:58.791+0000] {docker.py:436} INFO - 100     2    0     0    0     2      0      0 --:--:--
[2024-07-05T10:43:58.792+0000] {docker.py:436} INFO - 0:04:03 --:--:--
[2024-07-05T10:43:58.792+0000] {docker.py:436} INFO - 0
[2024-07-05T10:43:59.792+0000] {docker.py:436} INFO - 100     2    0     0    0     2      0      0 --:--:--  0:04:04 --:--:--
[2024-07-05T10:43:59.793+0000] {docker.py:436} INFO - 0
[2024-07-05T10:44:00.794+0000] {docker.py:436} INFO - 100     2    0     0    0     2      0      0 --:--:--  0:04:05 --:--:--     0
[2024-07-05T10:44:01.794+0000] {docker.py:436} INFO - 100     2    0     0    0     2      0      0 --:--:--  0:04:
[2024-07-05T10:44:01.795+0000] {docker.py:436} INFO - 06 --:--:--     0
[2024-07-05T10:44:02.795+0000] {docker.py:436} INFO - 100     2    0     0    0     2      0      0 --:--:--  0:04:07 --:--:--     0
[2024-07-05T10:44:03.797+0000] {docker.py:436} INFO - 100     2    0     0    0     2      0      0 --:--:--  0:04:08 --:--:--     0
[2024-07-05T10:44:04.798+0000] {docker.py:436} INFO - 100     2    0     0    0     2      0      0 --:--:--  0:04:09 --:--:--     0
[2024-07-05T10:44:05.799+0000] {docker.py:436} INFO - 100     2    0     0    0     2      0      0 --:--:--  0:04:10 --:--:--     0
[2024-07-05T10:44:06.799+0000] {docker.py:436} INFO - 100     2    0     0    0     2      0      0 --:--:--  0:04:11 --:--:--     0
[2024-07-05T10:44:07.802+0000] {docker.py:436} INFO - 100     2    0     0    0     2      0      0 --:--:--  0:04:12 --:--:--     0
[2024-07-05T10:44:08.803+0000] {docker.py:436} INFO - 100     2    0     0    0     2      0      0 --:--:--  0:04:13 --:--:--     0
[2024-07-05T10:44:09.803+0000] {docker.py:436} INFO - 100     2    0     0    0     2      0      0 --:--:--  0:04:14 --:--:--     0
[2024-07-05T10:44:10.804+0000] {docker.py:436} INFO - 100     2    0     0    0     2      0      0 --:--:--  0:04:15 --:--:--     0
[2024-07-05T10:44:11.805+0000] {docker.py:436} INFO - 100     2    0     0    0     2      0      0 --:--:--  0:04:16 --:--:--     0
[2024-07-05T10:44:12.805+0000] {docker.py:436} INFO - 100     2    0     0    0     2      0      0 --:--:--  0:04:17 --:--:--     0
[2024-07-05T10:44:13.807+0000] {docker.py:436} INFO - 100     2    0     0    0     2      0      0 --:--:--  0:04:18 --:--:--     0
[2024-07-05T10:44:14.807+0000] {docker.py:436} INFO - 100     2    0     0    0     2      0      0 --:--:--  0:04:19 --:--:--     0
[2024-07-05T10:44:15.808+0000] {docker.py:436} INFO - 100     2    0     0    0     2      0      0 --:--:
[2024-07-05T10:44:15.809+0000] {docker.py:436} INFO - --  0:04:20 --:--:--     0
[2024-07-05T10:44:16.810+0000] {docker.py:436} INFO - 100     2    0     0    0     2      0      0 --:--:--  0:04:21 --:--:--     0
[2024-07-05T10:44:17.812+0000] {docker.py:436} INFO - 100     2    0     0    0     2      0      0 --:--:--  0:04:22 --:--:--     0
[2024-07-05T10:44:18.813+0000] {docker.py:436} INFO - 100     2    0     0    0     2      0      0 --:--:--  0:04:23 --:--:--     0
[2024-07-05T10:44:19.814+0000] {docker.py:436} INFO - 100     2    0     0    0     2      0      0 --:--:--  0:04:24 --:--:--     0
[2024-07-05T10:44:20.815+0000] {docker.py:436} INFO - 100     2    0     0    0     2      0      0 --:--:--  0:04:25 --:--:--     0
[2024-07-05T10:44:21.816+0000] {docker.py:436} INFO - 100     2    0     0    0     2      0      0 --:--:--  0:04:26 --:--:--     0
[2024-07-05T10:44:22.816+0000] {docker.py:436} INFO - 100     2    0     0    0     2      0      0 --:--:--  0:04:27 --:--:--     0
[2024-07-05T10:44:23.818+0000] {docker.py:436} INFO - 100     2    0     0    0     2      0      0 --:--:--  0:04:28 --:--:--     0
[2024-07-05T10:44:24.818+0000] {docker.py:436} INFO - 100     2    0     0    0     2      0      0 --:--:--  0:04:29 --:--:--     0
[2024-07-05T10:44:25.819+0000] {docker.py:436} INFO - 100     2    0     0    0     2      0      0 --:--:--  0:04:30 --:--:--
[2024-07-05T10:44:25.820+0000] {docker.py:436} INFO - 0
[2024-07-05T10:44:26.821+0000] {docker.py:436} INFO - 100     2    0     0    0     2      0      0 --:--:--  0:04:31 --:--:--     0
[2024-07-05T10:44:27.821+0000] {docker.py:436} INFO - 100     2    0     0    0     2      0      0 --:--:--  0:
[2024-07-05T10:44:27.822+0000] {docker.py:436} INFO - 04:32 --:--:--
[2024-07-05T10:44:27.822+0000] {docker.py:436} INFO - 0
[2024-07-05T10:44:28.823+0000] {docker.py:436} INFO - 100     2    0     0    0     2      0      0 --:--:--  0:04:33 --:--:--     0
[2024-07-05T10:44:29.824+0000] {docker.py:436} INFO - 100     2    0     0    0     2      0      0 --:--:--  0:04:34 --:--:--     0
[2024-07-05T10:44:30.824+0000] {docker.py:436} INFO - 100     2    0     0    0     2      0      0 --:--:--  0:04:35 --:--:--     0
[2024-07-05T10:44:31.826+0000] {docker.py:436} INFO - 100     2    0     0    0     2      0      0 --:--:--  0:04:36 --:--:--     0
[2024-07-05T10:44:32.827+0000] {docker.py:436} INFO - 100     2    0     0    0     2      0      0 --:--:--  0:04:37 --:--:--     0
[2024-07-05T10:44:33.828+0000] {docker.py:436} INFO - 100     2    0     0    0     2      0      0 --:--:--  0:04:38 --:--:--     0
[2024-07-05T10:44:34.828+0000] {docker.py:436} INFO - 100     2    0     0    0     2      0      0 --:--:--  0:04:39 --:--:--
[2024-07-05T10:44:34.829+0000] {docker.py:436} INFO - 0
[2024-07-05T10:44:35.830+0000] {docker.py:436} INFO - 100     2    0     0    0     2      0      0 --:--:--  0:04:40 --:--:--     0
[2024-07-05T10:44:36.830+0000] {docker.py:436} INFO - 100     2    0     0    0     2      0      0 --:--:--  0:04
[2024-07-05T10:44:36.831+0000] {docker.py:436} INFO - :41 --:--:--
[2024-07-05T10:44:36.831+0000] {docker.py:436} INFO - 0
[2024-07-05T10:44:37.832+0000] {docker.py:436} INFO - 100     2    0     0    0     2      0      0 --:--:--  0:04:42 --:--:--     0
[2024-07-05T10:44:38.834+0000] {docker.py:436} INFO - 100     2    0     0    0     2      0      0 --:--:--  0:04:43 --:--:--     0
[2024-07-05T10:44:39.835+0000] {docker.py:436} INFO - 100     2    0     0    0     2      0      0 --:--:--  0:04:44 --:--:--     0
[2024-07-05T10:44:40.836+0000] {docker.py:436} INFO - 100     2    0     0    0     2      0      0 --:--:--  0:04:45 --:--:--     0
[2024-07-05T10:44:41.836+0000] {docker.py:436} INFO - 100     2    0     0    0     2      0      0 --:--:--  0:04:46 --:--:--     0
[2024-07-05T10:44:42.838+0000] {docker.py:436} INFO - 100     2    0     0    0     2      0      0 --:--:--  0:04:47 --:--:--     0
[2024-07-05T10:44:43.839+0000] {docker.py:436} INFO - 100     2    0     0    0     2      0      0 --:--:--
[2024-07-05T10:44:43.839+0000] {docker.py:436} INFO - 0:04:48 --:
[2024-07-05T10:44:43.839+0000] {docker.py:436} INFO - --:-
[2024-07-05T10:44:43.839+0000] {docker.py:436} INFO - -
[2024-07-05T10:44:43.839+0000] {docker.py:436} INFO - 0
[2024-07-05T10:44:44.840+0000] {docker.py:436} INFO - 100     2    0     0    0     2      0      0 --:--:--  0:04:49 --:--:--     0
[2024-07-05T10:44:45.841+0000] {docker.py:436} INFO - 100     2    0     0    0     2      0      0 --:--:--  0:04:50 --:--:--     0
[2024-07-05T10:44:46.841+0000] {docker.py:436} INFO - 100     2    0     0    0     2      0      0 --:--:--  0:04:
[2024-07-05T10:44:46.842+0000] {docker.py:436} INFO - 51 --:--:--
[2024-07-05T10:44:46.842+0000] {docker.py:436} INFO - 0
[2024-07-05T10:44:47.843+0000] {docker.py:436} INFO - 100     2    0     0    0     2      0      0 --:--:--  0:04:52 --:--:--     0
[2024-07-05T10:44:48.844+0000] {docker.py:436} INFO - 100     2    0     0    0     2      0      0 --:--:--  0:04:53 --:--:--     0
[2024-07-05T10:44:49.845+0000] {docker.py:436} INFO - 100     2    0     0    0     2      0      0 --:--:--  0:04:54 --:--:--     0
[2024-07-05T10:44:50.846+0000] {docker.py:436} INFO - 100     2    0     0    0     2      0      0 --:--:--  0:04:55 --:--:--     0
[2024-07-05T10:44:51.848+0000] {docker.py:436} INFO - 100     2    0     0    0     2      0      0 --:--:--  0:04:56 --:--:--     0
[2024-07-05T10:44:52.848+0000] {docker.py:436} INFO - 100     2    0     0    0     2      0      0 --:--:--  0:04:57 --:--:--     0
[2024-07-05T10:44:53.849+0000] {docker.py:436} INFO - 100     2    0     0    0     2      0      0 --:--:--  0:04:58 --:--:--     0
[2024-07-05T10:44:54.850+0000] {docker.py:436} INFO - 100     2    0     0    0     2      0      0 --:--:--  0:04:59 --:--:--     0
[2024-07-05T10:44:55.850+0000] {docker.py:436} INFO - 100     2    0     0    0     2      0      0 --:--:--  0:05:00 --:--:--     0
[2024-07-05T10:44:56.852+0000] {docker.py:436} INFO - 100     2    0     0    0     2      0      0 --:--:--  0:05:01 --:--:--     0
[2024-07-05T10:44:57.853+0000] {docker.py:436} INFO - 100     2    0     0    0     2      0      0 --:--:--  0:05:02 --:--:--     0
[2024-07-05T10:44:58.854+0000] {docker.py:436} INFO - 100     2    0     0    0     2      0      0 --:--:--  0:05:03 --:--:--     0
[2024-07-05T10:44:59.855+0000] {docker.py:436} INFO - 100     2    0     0    0     2      0      0 --:--:--  0:05:04 --:--:--     0
[2024-07-05T10:45:00.856+0000] {docker.py:436} INFO - 100     2    0     0    0     2      0      0 --:--:--  0:05:05 --:--:--     0
[2024-07-05T10:45:01.857+0000] {docker.py:436} INFO - 100     2    0     0    0     2      0      0 --:--:--  0:05:06 --:--:--     0
[2024-07-05T10:45:02.858+0000] {docker.py:436} INFO - 100     2    0     0    0     2      0      0 --:--:--  0:05:07 --:--:--     0
[2024-07-05T10:45:03.859+0000] {docker.py:436} INFO - 100     2    0     0    0     2      0      0 --:--:--  0:05:08 --:--:--     0
[2024-07-05T10:45:04.861+0000] {docker.py:436} INFO - 100     2    0     0    0     2      0      0 --:--:--  0:05:09 --:--:--     0
[2024-07-05T10:45:05.863+0000] {docker.py:436} INFO - 100     2    0     0    0     2      0      0 --:--:--  0:05:10 --:--:--     0
[2024-07-05T10:45:06.868+0000] {docker.py:436} INFO - 100     2    0     0    0     2      0      0 --:--:--  0:05:11 --:--:--     0
[2024-07-05T10:45:07.870+0000] {docker.py:436} INFO - 100     2    0     0    0     2      0      0 --:--:--  0:05:12 --:--:--     0
[2024-07-05T10:45:08.870+0000] {docker.py:436} INFO - 100     2    0     0    0     2      0      0 --:--:--  0:05:13 --:--:--     0
[2024-07-05T10:45:09.871+0000] {docker.py:436} INFO - 100     2    0     0    0     2      0      0 --:--:--  0:05:14 --:--:--     0
[2024-07-05T10:45:10.872+0000] {docker.py:436} INFO - 100     2    0     0    0     2      0      0 --:--:--  0:05:15 --:--:--     0
[2024-07-05T10:45:11.873+0000] {docker.py:436} INFO - 100     2    0     0    0     2      0      0 --:--
[2024-07-05T10:45:11.873+0000] {docker.py:436} INFO - :--  0:05:16
[2024-07-05T10:45:11.873+0000] {docker.py:436} INFO - --:
[2024-07-05T10:45:11.873+0000] {docker.py:436} INFO - --:
[2024-07-05T10:45:11.873+0000] {docker.py:436} INFO - --
[2024-07-05T10:45:11.873+0000] {docker.py:436} INFO - 
[2024-07-05T10:45:11.873+0000] {docker.py:436} INFO - 0
[2024-07-05T10:45:12.874+0000] {docker.py:436} INFO - 100     2    0     0    0     2      0      0 --:--:--  0:05:17 --:--:--     0
[2024-07-05T10:45:13.874+0000] {docker.py:436} INFO - 100     2    0     0    0     2      0      0 --:--:--  0:05:18 --:--:--     0
[2024-07-05T10:45:14.876+0000] {docker.py:436} INFO - 100     2    0     0    0     2      0      0 --:--:--  0:05:19 --:--:--     0
[2024-07-05T10:45:15.876+0000] {docker.py:436} INFO - 100     2    0     0    0     2      0      0 --:--:--  0:05:20 --:--:--     0
[2024-07-05T10:45:16.877+0000] {docker.py:436} INFO - 100     2    0     0    0     2      0      0 --:--:--  0:05:21 --:--:--     0
[2024-07-05T10:45:17.878+0000] {docker.py:436} INFO - 100     2    0     0    0     2      0      0 --:--:--  0:05:22 --:--:--     0
[2024-07-05T10:45:18.880+0000] {docker.py:436} INFO - 100     2    0     0    0     2      0      0 --:--:--  0:05:23 --:--:--     0
[2024-07-05T10:45:19.890+0000] {docker.py:436} INFO - 100     2    0     0    0     2      0      0 --:--:--  0:05:24 --:--:--     0
[2024-07-05T10:45:20.891+0000] {docker.py:436} INFO - 100     2    0     0    0     2      0      0 --:--:--  0:05:25 --:--:--     0
[2024-07-05T10:45:21.893+0000] {docker.py:436} INFO - 100     2    0     0    0     2      0      0 --:--:--  0:05:26 --:--:--     0
[2024-07-05T10:45:22.893+0000] {docker.py:436} INFO - 100     2    0     0    0     2      0      0 --:--:--  0:05:27 --:--:--     0
[2024-07-05T10:45:23.894+0000] {docker.py:436} INFO - 100     2    0     0    0     2      0      0 --:--:--  0:05:28 --:--:--     0
[2024-07-05T10:45:24.894+0000] {docker.py:436} INFO - 100     2    0     0    0     2      0      0 --:--:--  0:05:29 --:--:--     0
[2024-07-05T10:45:25.895+0000] {docker.py:436} INFO - 100     2    0     0    0     2      0      0 --:--:--  0:05:30 --:--:--
[2024-07-05T10:45:25.896+0000] {docker.py:436} INFO - 0
[2024-07-05T10:45:26.896+0000] {docker.py:436} INFO - 100     2    0     0    0     2      0      0 --:--:--  0:05:31 --:--:--     0
[2024-07-05T10:45:27.897+0000] {docker.py:436} INFO - 100     2    0     0    0     2      0      0 --:--:--  0:05:32 --:--:--     0
[2024-07-05T10:45:28.899+0000] {docker.py:436} INFO - 100     2    0     0    0     2      0      0 --:--:--  0:05:33 --:--:--     0
[2024-07-05T10:45:29.900+0000] {docker.py:436} INFO - 100     2    0     0    0     2      0      0 --:--:--  0:05:34 --:--:--     0
[2024-07-05T10:45:30.901+0000] {docker.py:436} INFO - 100     2    0     0    0     2      0      0 --:--:--  0:05:35 --:--:--     0
[2024-07-05T10:45:31.902+0000] {docker.py:436} INFO - 100     2    0     0    0     2      0      0 --:--:--  0:05:36 --:--:--     0
[2024-07-05T10:45:32.903+0000] {docker.py:436} INFO - 100     2    0     0    0     2      0      0 --:--:--  0:05:37 --:--:--     0
[2024-07-05T10:45:33.904+0000] {docker.py:436} INFO - 100     2    0     0    0     2      0      0 --:--:--  0:05:38 --:--:--     0
[2024-07-05T10:45:34.905+0000] {docker.py:436} INFO - 100     2    0     0    0     2      0      0 --:--:--  0:05:39 --:--:--     0
[2024-07-05T10:45:35.906+0000] {docker.py:436} INFO - 100     2    0     0    0     2      0      0 --:--:--  0:05:40 --:--:--     0
[2024-07-05T10:45:36.909+0000] {docker.py:436} INFO - 100     2    0     0    0     2      0      0 --:--:--  0:05:41 --:--:--     0
[2024-07-05T10:45:37.909+0000] {docker.py:436} INFO - 100     2    0     0    0     2      0      0 --:--:--  0:05:42 --:--:--     0
[2024-07-05T10:45:38.909+0000] {docker.py:436} INFO - 100     2    0     0    0     2      0      0 --:--:--  0:05:43 --:--:--     0
[2024-07-05T10:45:39.910+0000] {docker.py:436} INFO - 100     2    0     0    0     2      0      0 --:--:--  0:05:44 --:--:--     0
[2024-07-05T10:45:40.911+0000] {docker.py:436} INFO - 100     2    0     0    0     2      0
[2024-07-05T10:45:40.911+0000] {docker.py:436} INFO - 0 --
[2024-07-05T10:45:40.911+0000] {docker.py:436} INFO - :--:
[2024-07-05T10:45:40.911+0000] {docker.py:436} INFO - --
[2024-07-05T10:45:40.911+0000] {docker.py:436} INFO - 0:
[2024-07-05T10:45:40.911+0000] {docker.py:436} INFO - 0
[2024-07-05T10:45:40.911+0000] {docker.py:436} INFO - 5:45
[2024-07-05T10:45:40.912+0000] {docker.py:436} INFO - --:--:--     0
[2024-07-05T10:45:41.912+0000] {docker.py:436} INFO - 100     2    0     0    0     2      0      0 --:--:--  0
[2024-07-05T10:45:41.912+0000] {docker.py:436} INFO - :05:46 --:--:-
[2024-07-05T10:45:41.912+0000] {docker.py:436} INFO - -     0
[2024-07-05T10:45:42.913+0000] {docker.py:436} INFO - 100     2    0     0    0     2      0      0 --:--:--  0:05:47 --:--:--     0
[2024-07-05T10:45:43.914+0000] {docker.py:436} INFO - 100     2    0     0    0     2      0      0 --:--:--  0:05:48 --:--:--     0
[2024-07-05T10:45:44.914+0000] {docker.py:436} INFO - 100     2    0     0    0     2      0      0 --:--:-
[2024-07-05T10:45:44.915+0000] {docker.py:436} INFO - -  0:05:49 --:-
[2024-07-05T10:45:44.915+0000] {docker.py:436} INFO - -:--
[2024-07-05T10:45:44.915+0000] {docker.py:436} INFO - 0
[2024-07-05T10:45:45.916+0000] {docker.py:436} INFO - 100     2    0     0    0     2      0      0 --:--:--  0:05:50 --:--:--     0
[2024-07-05T10:45:46.917+0000] {docker.py:436} INFO - 100     2    0     0    0     2      0      0 --:--:--  0:05:51 --:--:--     0
[2024-07-05T10:45:47.918+0000] {docker.py:436} INFO - 100     2    0     0    0     2      0      0 --:--:--  0
[2024-07-05T10:45:47.918+0000] {docker.py:436} INFO - :05:52 --:--
[2024-07-05T10:45:47.918+0000] {docker.py:436} INFO - :
[2024-07-05T10:45:47.918+0000] {docker.py:436} INFO - --
[2024-07-05T10:45:47.918+0000] {docker.py:436} INFO - 
[2024-07-05T10:45:47.919+0000] {docker.py:436} INFO - 
[2024-07-05T10:45:47.919+0000] {docker.py:436} INFO - 
[2024-07-05T10:45:47.919+0000] {docker.py:436} INFO - 0
[2024-07-05T10:45:48.919+0000] {docker.py:436} INFO - 100     2    0     0    0     2      0      0 --:--:--  0:05:53 --:--:--     0
[2024-07-05T10:45:49.924+0000] {docker.py:436} INFO - 100     2    0     0    0     2      0      0 --:--:--  0:05:54 --:--:--     0
[2024-07-05T10:45:50.925+0000] {docker.py:436} INFO - 100     2    0     0    0     2      0      0 --:--:--  0:05:55 --:--:--     0
[2024-07-05T10:45:51.925+0000] {docker.py:436} INFO - 100     2    0     0    0     2      0      0 --:--:--  0:05:56 --:--:
[2024-07-05T10:45:51.926+0000] {docker.py:436} INFO - --     0
[2024-07-05T10:45:52.926+0000] {docker.py:436} INFO - 100     2    0     0    0     2      0      0 --:--:--  0:05:57 --:--:--     0
[2024-07-05T10:45:53.927+0000] {docker.py:436} INFO - 100     2    0     0    0     2      0      0 --:--:--  0:05:58 --:--:--     0
[2024-07-05T10:45:54.929+0000] {docker.py:436} INFO - 100     2    0     0    0     2      0
[2024-07-05T10:45:54.929+0000] {docker.py:436} INFO - 0 --:--:--  0:05:59 --:--:--     0
[2024-07-05T10:45:55.929+0000] {docker.py:436} INFO - 100     2    0     0    0     2      0      0 --:--:--  0:06:00 --:--:--
[2024-07-05T10:45:55.930+0000] {docker.py:436} INFO - 0
[2024-07-05T10:45:56.930+0000] {docker.py:436} INFO - 100     2    0     0    0     2      0      0 --:--:--  0:06:01 --:--:--     0
[2024-07-05T10:45:57.932+0000] {docker.py:436} INFO - 100     2    0     0    0     2      0      0 --:--:--  0:06:02 --:--:--     0
[2024-07-05T10:45:58.933+0000] {docker.py:436} INFO - 100     2    0     0    0     2      0      0 --:--:--  0:06:03 --:--:--     0
[2024-07-05T10:45:59.950+0000] {docker.py:436} INFO - 100     2    0     0    0     2      0      0 --:--:--  0:06:04 --:--:--     0
[2024-07-05T10:46:00.935+0000] {docker.py:436} INFO - 100     2    0     0    0     2      0      0 --:--:--  0:06:05 --:--:--     0
[2024-07-05T10:46:01.935+0000] {docker.py:436} INFO - 100     2    0     0    0     2      0      0 --:--:--  0:06:06 --:--:--
[2024-07-05T10:46:01.936+0000] {docker.py:436} INFO - 0
[2024-07-05T10:46:02.936+0000] {docker.py:436} INFO - 100     2    0     0    0     2      0      0 --:--:--  0:06:07 --:--:--     0
[2024-07-05T10:46:03.938+0000] {docker.py:436} INFO - 100     2    0     0    0     2      0      0 --:--:--  0:06:08 --:--:--     0
[2024-07-05T10:46:04.939+0000] {docker.py:436} INFO - 100     2    0     0    0     2      0      0 --:--:--  0:06:09 --:--:--     0
[2024-07-05T10:46:05.940+0000] {docker.py:436} INFO - 100     2    0     0    0     2      0      0 --:--:--  0:06:10 --:--:--     0
[2024-07-05T10:46:06.941+0000] {docker.py:436} INFO - 100     2    0     0    0     2      0      0 --:--:--  0:06:11 --:--:--     0
[2024-07-05T10:46:07.942+0000] {docker.py:436} INFO - 100     2    0     0    0     2      0      0 --:--:--  0:06:12 --:--:--     0
[2024-07-05T10:46:08.943+0000] {docker.py:436} INFO - 100     2    0     0    0     2      0      0 --:--:--  0:06:13 --:--:--     0
[2024-07-05T10:46:09.944+0000] {docker.py:436} INFO - 100     2    0     0    0     2      0      0 --:--:--  0:06:14 --:--:--     0
[2024-07-05T10:46:10.944+0000] {docker.py:436} INFO - 100     2    0     0    0     2      0      0 --:--:--  0:06:15 --:--:--     0
[2024-07-05T10:46:11.946+0000] {docker.py:436} INFO - 100     2    0     0    0     2      0      0 --:--:--  0:06:16 --:--:--     0
[2024-07-05T10:46:12.947+0000] {docker.py:436} INFO - 100     2    0     0    0     2      0      0 --:--:--  0:06:17 --:--:--     0
[2024-07-05T10:46:13.948+0000] {docker.py:436} INFO - 100     2    0     0    0     2      0      0 --:--:--  0:06:18 --:--:--     0
[2024-07-05T10:46:14.948+0000] {docker.py:436} INFO - 100     2    0     0    0     2      0      0 --:--:--  0:06:19 --:--:--
[2024-07-05T10:46:14.949+0000] {docker.py:436} INFO - 0
[2024-07-05T10:46:15.950+0000] {docker.py:436} INFO - 100     2    0     0    0     2      0      0 --:--:--  0:06:20 --:--:--     0
[2024-07-05T10:46:16.951+0000] {docker.py:436} INFO - 100     2    0     0    0     2      0      0 --:--:--  0:06:21 --:--
[2024-07-05T10:46:16.951+0000] {docker.py:436} INFO - :--     0
[2024-07-05T10:46:17.952+0000] {docker.py:436} INFO - 100     2    0     0    0     2      0      0 --:--:--  0:06:22 --:--:--     0
[2024-07-05T10:46:18.953+0000] {docker.py:436} INFO - 100     2    0     0    0     2      0      0 --:--:--  0:06:23 --:--:--     0
[2024-07-05T10:46:19.954+0000] {docker.py:436} INFO - 100     2    0     0    0     2      0      0 --:--:--  0:06:24 --:--:--     0
[2024-07-05T10:46:20.955+0000] {docker.py:436} INFO - 100     2    0     0    0     2      0      0 --:--:--  0:06:25 --:--:--     0
[2024-07-05T10:46:21.956+0000] {docker.py:436} INFO - 100     2    0     0    0     2      0      0 --:--:--  0:06:26 --:--:--     0
[2024-07-05T10:46:22.957+0000] {docker.py:436} INFO - 100     2    0     0    0     2      0      0 --:--:--  0:06:27 --:--:--     0
[2024-07-05T10:46:23.958+0000] {docker.py:436} INFO - 100     2    0     0    0     2      0      0 --:--:--  0:06:28 --:--:--     0
[2024-07-05T10:46:24.959+0000] {docker.py:436} INFO - 100     2    0     0    0     2      0      0 --:--:--  0:06:29 --:--:--     0
[2024-07-05T10:46:25.960+0000] {docker.py:436} INFO - 100     2    0     0    0     2      0      0 --:--:--  0:06:30 --:--:--     0
[2024-07-05T10:46:26.961+0000] {docker.py:436} INFO - 100     2    0     0    0     2      0      0 --:--:--  0:06:31 --:--:--     0
[2024-07-05T10:46:27.962+0000] {docker.py:436} INFO - 100     2    0     0    0     2      0      0 --:--:--  0:06:32 --:--:--     0
[2024-07-05T10:46:28.962+0000] {docker.py:436} INFO - 100     2    0     0    0     2      0      0 --:--:--  0:06:33 --:--:--     0
[2024-07-05T10:46:29.964+0000] {docker.py:436} INFO - 100     2    0     0    0     2      0      0 --:--:--  0:06:34 --:--:--     0
[2024-07-05T10:46:30.965+0000] {docker.py:436} INFO - 100     2    0     0    0     2      0      0 --:--:--  0:06:35 --:--:--     0
[2024-07-05T10:46:31.966+0000] {docker.py:436} INFO - 100     2    0     0    0     2      0      0 --:--:--  0:06:36 --:--:--     0
[2024-07-05T10:46:32.967+0000] {docker.py:436} INFO - 100     2    0     0    0     2      0      0 --:--:--  0:06:37 --:--:--     0
[2024-07-05T10:46:33.967+0000] {docker.py:436} INFO - 100     2    0     0    0     2      0      0 --:--:--  0:06:38 --:--:--
[2024-07-05T10:46:33.968+0000] {docker.py:436} INFO - 0
[2024-07-05T10:46:34.969+0000] {docker.py:436} INFO - 100     2    0     0    0     2      0      0 --:--:--  0:06:39 --:--:--     0
[2024-07-05T10:46:35.969+0000] {docker.py:436} INFO - 100     2    0     0    0     2      0      0 --:--:--  0:06:40 --:--:--     0
[2024-07-05T10:46:36.970+0000] {docker.py:436} INFO - 100     2    0     0    0     2      0      0 --:--:--  0:06:41 --:--:--     0
[2024-07-05T10:46:37.972+0000] {docker.py:436} INFO - 100     2    0     0    0     2      0      0 --:--:--  0:06:42 --:--:--     0
[2024-07-05T10:46:38.973+0000] {docker.py:436} INFO - 100     2    0     0    0     2      0      0 --:--:--  0:06:43 --:--:--     0
[2024-07-05T10:46:39.974+0000] {docker.py:436} INFO - 100     2    0     0    0     2      0      0 --:--:--  0:06:44 --:--:--     0
[2024-07-05T10:46:40.975+0000] {docker.py:436} INFO - 100     2    0     0    0     2      0      0 --:--:--  0:06:45 --:--:--     0
[2024-07-05T10:46:41.977+0000] {docker.py:436} INFO - 100     2    0     0    0     2      0      0 --:--:--  0:06:46 --:--:--     0
[2024-07-05T10:46:42.977+0000] {docker.py:436} INFO - 100     2    0     0    0     2      0      0 --:--:--  0:06:47 --:--:--     0
[2024-07-05T10:46:43.977+0000] {docker.py:436} INFO - 100     2    0     0    0     2      0      0 --:--:--  0:06:48 --:--:--     0
[2024-07-05T10:46:44.978+0000] {docker.py:436} INFO - 100     2    0     0    0     2      0      0 --:--:--  0:06:49 --:--:--     0
[2024-07-05T10:46:45.980+0000] {docker.py:436} INFO - 100     2    0     0    0     2      0      0 --:--:--  0:06:50 --:--:--     0
[2024-07-05T10:46:46.980+0000] {docker.py:436} INFO - 100     2    0     0    0     2      0      0 --:--:--  0:06:51 --:--:--     0
[2024-07-05T10:46:47.982+0000] {docker.py:436} INFO - 100     2    0     0    0     2      0      0 --:--:--  0:06:52 --:--:--     0
[2024-07-05T10:46:48.982+0000] {docker.py:436} INFO - 100     2    0     0    0     2      0      0 --:--:--  0:06:53 --:--:--     0
[2024-07-05T10:46:49.984+0000] {docker.py:436} INFO - 100     2    0     0    0     2      0      0 --:--:--  0:06:54 --:--:--     0
[2024-07-05T10:46:50.985+0000] {docker.py:436} INFO - 100     2    0     0    0     2      0      0 --:--:--  0:06:55 --:--:--     0
[2024-07-05T10:46:51.986+0000] {docker.py:436} INFO - 100     2    0     0    0     2      0      0 --:--:--  0:06:56 --:--:--
[2024-07-05T10:46:51.986+0000] {docker.py:436} INFO - 0
[2024-07-05T10:46:52.987+0000] {docker.py:436} INFO - 100     2    0     0    0     2      0      0 --:--:--  0:06:57 --:--:--     0
[2024-07-05T10:46:53.987+0000] {docker.py:436} INFO - 100     2    0     0    0     2      0      0 --:--:--  0:06:58 --:--:--     0
[2024-07-05T10:46:54.990+0000] {docker.py:436} INFO - 100     2    0     0    0     2      0      0 --:--:--  0:06:59 --:--:--     0
[2024-07-05T10:46:55.990+0000] {docker.py:436} INFO - 100     2    0     0    0     2      0      0 --:--:--  0:07:00 --:--:--     0
[2024-07-05T10:46:56.990+0000] {docker.py:436} INFO - 100     2    0     0    0     2      0      0 --:--:--  0:07:01 --:--:--     0
[2024-07-05T10:46:57.991+0000] {docker.py:436} INFO - 100     2    0     0    0     2      0      0 --:--:--  0:07:02 --:--:--     0
[2024-07-05T10:46:58.993+0000] {docker.py:436} INFO - 100     2    0     0    0     2      0      0 --:--:--  0:07:03 --:--:--     0
[2024-07-05T10:46:59.994+0000] {docker.py:436} INFO - 100     2    0     0    0     2      0      0 --:--:--  0:07:04 --:--:--     0
[2024-07-05T10:47:00.995+0000] {docker.py:436} INFO - 100     2    0     0    0     2      0      0 --:--:--  0:07:05 --:--:--     0
[2024-07-05T10:47:01.996+0000] {docker.py:436} INFO - 100     2    0     0    0     2      0      0 --:--:--  0:07:06 --:--:--     0
[2024-07-05T10:47:02.997+0000] {docker.py:436} INFO - 100     2    0     0    0     2      0      0 --:--:--  0:07:07 --:--:--     0
[2024-07-05T10:47:03.997+0000] {docker.py:436} INFO - 100     2    0     0    0     2      0      0 --:--:--  0:07:08 --:--:--     0
[2024-07-05T10:47:04.998+0000] {docker.py:436} INFO - 100     2    0     0    0     2
[2024-07-05T10:47:04.999+0000] {docker.py:436} INFO - 0      0 --:
[2024-07-05T10:47:04.999+0000] {docker.py:436} INFO - --:--
[2024-07-05T10:47:04.999+0000] {docker.py:436} INFO - 0:07:09 --
[2024-07-05T10:47:04.999+0000] {docker.py:436} INFO - :-
[2024-07-05T10:47:04.999+0000] {docker.py:436} INFO - -:
[2024-07-05T10:47:04.999+0000] {docker.py:436} INFO - --
[2024-07-05T10:47:04.999+0000] {docker.py:436} INFO - 
[2024-07-05T10:47:04.999+0000] {docker.py:436} INFO - 
[2024-07-05T10:47:04.999+0000] {docker.py:436} INFO - 0
[2024-07-05T10:47:06.000+0000] {docker.py:436} INFO - 100     2    0     0    0     2      0      0 --:--:--  0:07:10 --:--:--     0
[2024-07-05T10:47:07.001+0000] {docker.py:436} INFO - 100     2    0     0    0     2      0      0 --:--:--  0:07:11 --:--:--     0
[2024-07-05T10:47:08.002+0000] {docker.py:436} INFO - 100     2    0     0    0     2      0      0 --:--:--  0:07:12 --:--:--     0
[2024-07-05T10:47:09.003+0000] {docker.py:436} INFO - 100     2    0     0    0     2      0      0 --:--:--  0:07:13 --:--:--     0
[2024-07-05T10:47:10.003+0000] {docker.py:436} INFO - 100     2    0     0    0     2      0      0 --:--:-
[2024-07-05T10:47:10.004+0000] {docker.py:436} INFO - -  0:07:14 --:--:--
[2024-07-05T10:47:10.004+0000] {docker.py:436} INFO - 0
[2024-07-05T10:47:11.005+0000] {docker.py:436} INFO - 100     2    0     0    0     2      0      0 --:--:--  0:07:15 --:--:--     0
[2024-07-05T10:47:12.005+0000] {docker.py:436} INFO - 100     2    0     0    0     2      0      0 --:--:--  0:07:16 --:--:--     0
[2024-07-05T10:47:13.007+0000] {docker.py:436} INFO - 100     2    0     0    0     2      0      0 --:--:--  0:07:17 --:--:--     0
[2024-07-05T10:47:14.007+0000] {docker.py:436} INFO - 100     2    0     0    0     2      0      0 --:--:--  0:07:18 --:--:--     0
[2024-07-05T10:47:14.922+0000] {docker.py:436} INFO - 100   134    0   132    0     2      0      0 --:--:--
[2024-07-05T10:47:14.923+0000] {docker.py:436} INFO - HTTP/1.1 200 OK
[2024-07-05T10:47:14.923+0000] {docker.py:436} INFO - 0:07:19 --:--:--    26100   1
[2024-07-05T10:47:14.923+0000] {docker.py:436} INFO - 34    0   132    0     2
[2024-07-05T10:47:14.923+0000] {docker.py:436} INFO - 0
[2024-07-05T10:47:14.923+0000] {docker.py:436} INFO - 0
[2024-07-05T10:47:14.923+0000] {docker.py:436} INFO - --:--:
[2024-07-05T10:47:14.923+0000] {docker.py:436} INFO - --  0:07:
[2024-07-05T10:47:14.923+0000] {docker.py:436} INFO - 19 --:--:--
[2024-07-05T10:47:14.923+0000] {docker.py:436} INFO - 33
[2024-07-05T10:47:14.923+0000] {docker.py:436} INFO - date: Fri, 05 Jul 2024 10:34:08 GMT
server: uvicorn
content-length: 132
content-type: application/json

{"message":"Predictions saved to /app/predictions/extraction_05072024104714.txt and Elasticsearch updated","predictions_count":1000}
[2024-07-05T10:47:15.068+0000] {taskinstance.py:441} INFO - ::group::Post task execution logs
[2024-07-05T10:47:15.088+0000] {taskinstance.py:1206} INFO - Marking task as SUCCESS. dag_id=prod_dag, task_id=fastapi, run_id=manual__2024-07-05T10:39:32.611587+00:00, execution_date=20240705T103932, start_date=20240705T103955, end_date=20240705T104715
[2024-07-05T10:47:15.129+0000] {local_task_job_runner.py:240} INFO - Task exited with return code 0
[2024-07-05T10:47:15.146+0000] {taskinstance.py:3503} INFO - 0 downstream tasks scheduled from follow-on schedule check
[2024-07-05T10:47:15.149+0000] {local_task_job_runner.py:222} INFO - ::endgroup::
