[2024-07-05T10:36:22.171+0000] {local_task_job_runner.py:120} INFO - ::group::Pre task execution logs
[2024-07-05T10:36:22.198+0000] {taskinstance.py:2076} INFO - Dependencies all met for dep_context=non-requeueable deps ti=<TaskInstance: prod_dag.fastapi manual__2024-07-05T10:35:59.672821+00:00 [queued]>
[2024-07-05T10:36:22.205+0000] {taskinstance.py:2076} INFO - Dependencies all met for dep_context=requeueable deps ti=<TaskInstance: prod_dag.fastapi manual__2024-07-05T10:35:59.672821+00:00 [queued]>
[2024-07-05T10:36:22.205+0000] {taskinstance.py:2306} INFO - Starting attempt 1 of 2
[2024-07-05T10:36:22.213+0000] {taskinstance.py:2330} INFO - Executing <Task(DockerOperator): fastapi> on 2024-07-05 10:35:59.672821+00:00
[2024-07-05T10:36:22.219+0000] {warnings.py:112} WARNING - /home/***/.local/lib/python3.12/site-packages/***/task/task_runner/standard_task_runner.py:61: DeprecationWarning: This process (pid=169) is multi-threaded, use of fork() may lead to deadlocks in the child.
  pid = os.fork()

[2024-07-05T10:36:22.219+0000] {standard_task_runner.py:63} INFO - Started process 170 to run task
[2024-07-05T10:36:22.220+0000] {standard_task_runner.py:90} INFO - Running: ['***', 'tasks', 'run', 'prod_dag', 'fastapi', 'manual__2024-07-05T10:35:59.672821+00:00', '--job-id', '13', '--raw', '--subdir', 'DAGS_FOLDER/DAG_prod.py', '--cfg-path', '/tmp/tmp2kvzi6r7']
[2024-07-05T10:36:22.220+0000] {standard_task_runner.py:91} INFO - Job 13: Subtask fastapi
[2024-07-05T10:36:22.259+0000] {task_command.py:426} INFO - Running <TaskInstance: prod_dag.fastapi manual__2024-07-05T10:35:59.672821+00:00 [running]> on host 39db74c4aadf
[2024-07-05T10:36:22.316+0000] {taskinstance.py:2648} INFO - Exporting env vars: AIRFLOW_CTX_DAG_OWNER='***' AIRFLOW_CTX_DAG_ID='prod_dag' AIRFLOW_CTX_TASK_ID='fastapi' AIRFLOW_CTX_EXECUTION_DATE='2024-07-05T10:35:59.672821+00:00' AIRFLOW_CTX_TRY_NUMBER='1' AIRFLOW_CTX_DAG_RUN_ID='manual__2024-07-05T10:35:59.672821+00:00'
[2024-07-05T10:36:22.316+0000] {taskinstance.py:430} INFO - ::endgroup::
[2024-07-05T10:36:22.357+0000] {docker.py:366} INFO - Starting docker container from image curlimages/curl:latest
[2024-07-05T10:36:22.359+0000] {docker.py:374} WARNING - Using remote engine or docker-in-docker and mounting temporary volume from host is not supported. Falling back to `mount_tmp_dir=False` mode. You can set `mount_tmp_dir` parameter to False to disable mounting and remove the warning
[2024-07-05T10:36:22.784+0000] {docker.py:436} INFO - % Total    % Received % Xferd  Average Speed   Time    Time     Time  Current
                                 Dload  Upload   Total   Spent    Left  Speed
  0     0    0     0    0
[2024-07-05T10:36:22.784+0000] {docker.py:436} INFO - 0      0      0 --:--
[2024-07-05T10:36:22.784+0000] {docker.py:436} INFO - :-- --:--:-
[2024-07-05T10:36:22.784+0000] {docker.py:436} INFO - - --:--:--
[2024-07-05T10:36:22.784+0000] {docker.py:436} INFO - 0
[2024-07-05T10:36:23.776+0000] {docker.py:436} INFO - 100     2    0     0  100     2      0      1  0:00:02  0:00:01  0:00:01     1
[2024-07-05T10:36:24.776+0000] {docker.py:436} INFO - 100     2    0     0    0     2      0      0 --:--:--  0:0
[2024-07-05T10:36:24.777+0000] {docker.py:436} INFO - 0:02 --:--:-
[2024-07-05T10:36:24.777+0000] {docker.py:436} INFO - -     0
[2024-07-05T10:36:25.777+0000] {docker.py:436} INFO - 100     2    0     0    0     2      0      0 --:--:--  0:00:03 --:--:--     0
[2024-07-05T10:36:26.784+0000] {docker.py:436} INFO - 100     2    0     0    0     2      0      0 --:--:--  0:00:04 --:--:--     0
[2024-07-05T10:36:27.786+0000] {docker.py:436} INFO - 100     2    0     0    0     2      0      0 --:--:--  0:00:05 --:--:--     0
[2024-07-05T10:36:28.787+0000] {docker.py:436} INFO - 100     2    0     0    0     2      0      0 --:--:--  0:00:06 --:--:--     0
[2024-07-05T10:36:29.788+0000] {docker.py:436} INFO - 100     2    0     0    0     2      0      0 --:--:--  0:00:07 --:--:--     0
[2024-07-05T10:36:30.789+0000] {docker.py:436} INFO - 100     2    0     0    0     2      0      0 --:--:--  0:00:08 --:--:--     0
[2024-07-05T10:36:31.790+0000] {docker.py:436} INFO - 100     2    0     0    0     2      0      0 --:--:--  0:00:09 --:--:--     0
[2024-07-05T10:36:32.790+0000] {docker.py:436} INFO - 100     2    0     0    0     2      0      0 --:--:--  0:00:1
[2024-07-05T10:36:32.791+0000] {docker.py:436} INFO - 0 --:--:--     0
[2024-07-05T10:36:33.791+0000] {docker.py:436} INFO - 100     2    0     0    0     2      0      0 --:--:--  0:00:11 --:--:--     0
[2024-07-05T10:36:34.793+0000] {docker.py:436} INFO - 100     2    0     0    0     2      0      0 --:--:--  0:00:12 --:--:--     0
[2024-07-05T10:36:35.794+0000] {docker.py:436} INFO - 100     2    0     0    0     2      0      0 --:--:--  0:00:13 --:--:--     0
[2024-07-05T10:36:36.795+0000] {docker.py:436} INFO - 100     2    0     0    0     2      0      0 --:--:--  0:00:14 --:--:--     0
[2024-07-05T10:36:37.796+0000] {docker.py:436} INFO - 100     2    0     0    0     2      0      0 --:--:--  0:00:15 --:--:--     0
[2024-07-05T10:36:38.796+0000] {docker.py:436} INFO - 100     2    0     0    0     2      0      0 --:--:--  0:00:16 --:--:--     0
[2024-07-05T10:36:39.797+0000] {docker.py:436} INFO - 100     2    0     0    0     2      0      0 --:--:--  0:00:17 --:--:--     0
[2024-07-05T10:36:40.798+0000] {docker.py:436} INFO - 100     2    0     0    0     2      0      0 --:--:--  0:00:18 --:--:--     0
[2024-07-05T10:36:41.800+0000] {docker.py:436} INFO - 100     2    0     0    0     2      0      0 --:--:--  0:00:19 --:--:--     0
[2024-07-05T10:36:42.801+0000] {docker.py:436} INFO - 100     2    0     0    0     2      0      0 --:--:--  0:00:20 --:--:--     0
[2024-07-05T10:36:43.801+0000] {docker.py:436} INFO - 100     2    0     0    0     2      0      0 --:--:--  0:00:21 --:--:--     0
[2024-07-05T10:36:44.802+0000] {docker.py:436} INFO - 100     2    0     0    0     2      0      0 --:--:--  0:00
[2024-07-05T10:36:44.803+0000] {docker.py:436} INFO - :22 --:--:--     0
[2024-07-05T10:36:45.804+0000] {docker.py:436} INFO - 100     2    0     0    0     2      0      0 --:--:--  0:00:23 --:--:--     0
[2024-07-05T10:36:46.805+0000] {docker.py:436} INFO - 100     2    0     0    0     2      0      0 --:--:--  0:00:24 --:--:--     0
[2024-07-05T10:36:47.806+0000] {docker.py:436} INFO - 100     2    0     0    0     2      0      0 --:--:--  0:00:25 --:--:--     0
[2024-07-05T10:36:48.807+0000] {docker.py:436} INFO - 100     2    0     0    0     2      0      0 --:--:--  0:00:26 --:--:--     0
[2024-07-05T10:36:49.808+0000] {docker.py:436} INFO - 100     2    0     0    0     2      0      0 --:--:--  0:00:27 --:--:--     0
[2024-07-05T10:36:50.812+0000] {docker.py:436} INFO - 100     2    0     0    0     2      0      0 --:--:--  0:00:28 --:--:--     0
[2024-07-05T10:36:51.809+0000] {docker.py:436} INFO - 100     2    0     0    0     2      0      0 --:--:--  0:00:29 --:--:--
[2024-07-05T10:36:51.810+0000] {docker.py:436} INFO - 0
[2024-07-05T10:36:52.811+0000] {docker.py:436} INFO - 100     2    0     0    0     2      0      0 --:--:--  0:00:30 --:--:--     0
[2024-07-05T10:36:53.812+0000] {docker.py:436} INFO - 100     2    0     0    0     2      0      0 --:--:--  0:00:31 --:--:--     0
[2024-07-05T10:36:54.813+0000] {docker.py:436} INFO - 100     2    0     0    0     2      0      0 --:--:--  0:00:32 --:--:--     0
[2024-07-05T10:36:55.814+0000] {docker.py:436} INFO - 100     2    0     0    0     2      0      0 --:--:--  0:00:33 --:--:--     0
[2024-07-05T10:36:56.816+0000] {docker.py:436} INFO - 100     2    0     0    0     2      0      0 --:--:--  0:00:34 --:--:--     0
[2024-07-05T10:36:57.816+0000] {docker.py:436} INFO - 100     2    0     0    0     2      0      0 --:--:--  0:00:35 --:--:--     0
[2024-07-05T10:36:58.817+0000] {docker.py:436} INFO - 100     2    0     0    0     2      0      0 --:--:--  0:00:36 --:--:--     0
[2024-07-05T10:36:59.818+0000] {docker.py:436} INFO - 100     2    0     0    0     2      0      0 --:--:--  0:00:37 --:--:--     0
[2024-07-05T10:37:00.819+0000] {docker.py:436} INFO - 100     2    0     0    0     2      0      0 --:--:--  0:00:38 --:--:--     0
[2024-07-05T10:37:01.820+0000] {docker.py:436} INFO - 100     2    0     0    0     2      0      0 --:--:--  0:00:39 --:--:--     0
[2024-07-05T10:37:02.821+0000] {docker.py:436} INFO - 100     2    0     0    0     2      0      0 --:--:--  0:00:40 --:--:--     0
[2024-07-05T10:37:03.822+0000] {docker.py:436} INFO - 100     2    0     0    0     2      0      0 --:--:--  0:00:41 --:--:--     0
[2024-07-05T10:37:04.822+0000] {docker.py:436} INFO - 100     2    0     0    0     2      0      0 --:--:--  0:00:42 --:--:--     0
[2024-07-05T10:37:05.824+0000] {docker.py:436} INFO - 100     2    0     0    0     2      0      0 --:--:--  0:00:43 --:--:--     0
[2024-07-05T10:37:06.825+0000] {docker.py:436} INFO - 100     2    0     0    0     2      0      0 --:--:--  0:00:44 --:--:--     0
[2024-07-05T10:37:07.826+0000] {docker.py:436} INFO - 100     2    0     0    0     2      0      0 --:--:--  0:00:45 --:--:--     0
[2024-07-05T10:37:08.826+0000] {docker.py:436} INFO - 100     2    0     0    0     2      0      0 --:--:--  0:00:46 --:--:--     0
[2024-07-05T10:37:09.828+0000] {docker.py:436} INFO - 100     2    0     0    0     2      0      0 --:--:--  0:00:47 --:--:--     0
[2024-07-05T10:37:10.829+0000] {docker.py:436} INFO - 100     2    0     0    0     2      0      0 --:--:--  0:00:48 --:--:--     0
[2024-07-05T10:37:11.830+0000] {docker.py:436} INFO - 100     2    0     0    0     2      0      0 --:--:--  0:00:49 --:--:--     0
[2024-07-05T10:37:12.830+0000] {docker.py:436} INFO - 100     2    0     0    0     2      0      0 --:--:--  0:00:50 --:--:--     0
[2024-07-05T10:37:13.832+0000] {docker.py:436} INFO - 100     2    0     0    0     2      0      0 --:--:--  0:00:51 --:--:--     0
[2024-07-05T10:37:14.832+0000] {docker.py:436} INFO - 100     2    0     0    0     2      0      0 --:--:--  0:00:52 --:--:--     0
[2024-07-05T10:37:15.833+0000] {docker.py:436} INFO - 100     2    0     0    0     2      0      0 --:--:--  0:00:53 --:--:--     0
[2024-07-05T10:37:16.835+0000] {docker.py:436} INFO - 100     2    0     0    0     2      0      0 --:--:--  0:00:54 --:--:--     0
[2024-07-05T10:37:17.836+0000] {docker.py:436} INFO - 100     2    0     0    0     2      0      0 --:--:--  0:00:55 --:--:--     0
[2024-07-05T10:37:18.836+0000] {docker.py:436} INFO - 100     2    0     0    0     2      0      0 --:--:--  0:00:56 --
[2024-07-05T10:37:18.837+0000] {docker.py:436} INFO - :--:--     0
[2024-07-05T10:37:19.838+0000] {docker.py:436} INFO - 100     2    0     0    0     2      0      0 --:--:--  0:00:57 --:--:--     0
[2024-07-05T10:37:20.839+0000] {docker.py:436} INFO - 100     2    0     0    0     2      0      0 --:--:--  0:00:58 --:--:--     0
[2024-07-05T10:37:21.840+0000] {docker.py:436} INFO - 100     2    0     0    0     2      0      0 --:--:--  0:00:59 --:--:--     0
[2024-07-05T10:37:22.842+0000] {docker.py:436} INFO - 100     2    0     0    0     2      0      0 --:--:--  0:01:00 --:--:--     0
[2024-07-05T10:37:23.843+0000] {docker.py:436} INFO - 100     2    0     0    0     2      0      0 --:--:--  0:01:01 --:--:--     0
[2024-07-05T10:37:24.844+0000] {docker.py:436} INFO - 100     2    0     0    0     2      0      0 --:--:--  0:01:02 --:--:--     0
[2024-07-05T10:37:25.845+0000] {docker.py:436} INFO - 100     2    0     0    0     2      0      0 --:--:--  0:01:03 --:--:--     0
[2024-07-05T10:37:26.846+0000] {docker.py:436} INFO - 100     2    0     0    0     2      0      0 --:--:--  0:01:04 --:--:--     0
[2024-07-05T10:37:27.847+0000] {docker.py:436} INFO - 100     2    0     0    0     2      0      0 --:--:--  0:01:05 --:--:--     0
[2024-07-05T10:37:28.847+0000] {docker.py:436} INFO - 100     2    0     0    0     2      0      0 --:--:--  0:01:06 --:--:-
[2024-07-05T10:37:28.848+0000] {docker.py:436} INFO - -     0
[2024-07-05T10:37:29.848+0000] {docker.py:436} INFO - 100     2    0     0    0     2      0      0 --:--:--  0:01:07 --:--:--     0
[2024-07-05T10:37:30.850+0000] {docker.py:436} INFO - 100     2    0     0    0     2      0      0 --:--:--  0:01:08 --:--:--     0
[2024-07-05T10:37:31.850+0000] {docker.py:436} INFO - 100     2    0     0    0     2      0      0 --:--:--  0:01:09 --:--:--
[2024-07-05T10:37:31.851+0000] {docker.py:436} INFO - 0
[2024-07-05T10:37:32.851+0000] {docker.py:436} INFO - 100     2    0     0    0     2      0      0 --:--:--  0:01:10 --:--:--     0
[2024-07-05T10:37:33.853+0000] {docker.py:436} INFO - 100     2    0     0    0     2      0      0 --:--:--  0:01:11 --:--:--     0
[2024-07-05T10:37:34.854+0000] {docker.py:436} INFO - 100     2    0     0    0     2      0      0 --:--:--  0:01:12 --:--:--     0
[2024-07-05T10:37:35.855+0000] {docker.py:436} INFO - 100     2    0     0    0     2      0      0 --:--:--  0:01:13 --:--:--     0
[2024-07-05T10:37:36.855+0000] {docker.py:436} INFO - 100     2    0     0    0     2      0      0 --:--:--  0:01:14 --:--:--     0
[2024-07-05T10:37:37.857+0000] {docker.py:436} INFO - 100     2    0     0    0     2      0      0 --:--:--  0:01:15 --:--:--     0
[2024-07-05T10:37:38.858+0000] {docker.py:436} INFO - 100     2    0     0    0     2      0      0 --:--:--  0:01:16 --:--:--     0
[2024-07-05T10:37:39.859+0000] {docker.py:436} INFO - 100     2    0     0    0     2      0      0 --:--:--  0:01:17 --:--:--     0
[2024-07-05T10:37:40.859+0000] {docker.py:436} INFO - 100     2    0     0    0     2      0      0 --:--:--  0:01:18 --:--:--     0
[2024-07-05T10:37:41.860+0000] {docker.py:436} INFO - 100     2    0     0    0     2      0      0 --:--:--  0:01:19 --:--:--
[2024-07-05T10:37:41.861+0000] {docker.py:436} INFO - 0
[2024-07-05T10:37:42.862+0000] {docker.py:436} INFO - 100     2    0     0    0     2      0      0 --:--:--  0:01:20 --:--:--     0
[2024-07-05T10:37:43.863+0000] {docker.py:436} INFO - 100     2    0     0    0     2      0      0 --:--:--  0:01:21 --:--:--     0
[2024-07-05T10:37:44.863+0000] {docker.py:436} INFO - 100     2    0     0    0     2      0      0 --:--:--  0:01:22 --:--:--     0
[2024-07-05T10:37:45.865+0000] {docker.py:436} INFO - 100     2    0     0    0     2      0      0 --:--:--  0:01:23 --:--:--     0
[2024-07-05T10:37:46.865+0000] {docker.py:436} INFO - 100     2    0     0    0     2      0      0 --:--:--  0:01:24 --:--:--     0
[2024-07-05T10:37:47.867+0000] {docker.py:436} INFO - 100     2    0     0    0     2      0      0 --:--:--  0:01:25 --:--:--     0
[2024-07-05T10:37:48.868+0000] {docker.py:436} INFO - 100     2    0     0    0     2      0      0 --:--:--  0:01:26 --:--:--     0
[2024-07-05T10:37:49.868+0000] {docker.py:436} INFO - 100     2    0     0    0     2      0      0 --:--:--  0:01:27 --:--:--     0
[2024-07-05T10:37:50.870+0000] {docker.py:436} INFO - 100     2    0     0    0     2      0      0 --:--:--  0:01:28 --:--:--     0
[2024-07-05T10:37:51.870+0000] {docker.py:436} INFO - 100     2    0     0    0     2      0      0 --:--:--  0:01:29 --:--:--     0
[2024-07-05T10:37:52.873+0000] {docker.py:436} INFO - 100     2    0     0    0     2      0      0 --:--:--  0:01:30 --:--:--     0
[2024-07-05T10:37:53.874+0000] {docker.py:436} INFO - 100     2    0     0    0     2      0      0 --:--:--  0:01:31 --:--:--     0
[2024-07-05T10:37:54.875+0000] {docker.py:436} INFO - 100     2    0     0    0     2      0      0 --:--:--  0:01:32 --:--:--     0
[2024-07-05T10:37:55.877+0000] {docker.py:436} INFO - 100     2    0     0    0     2      0      0 --:--:--  0:01:33 --:--:--     0
[2024-07-05T10:37:56.877+0000] {docker.py:436} INFO - 100     2    0     0    0     2      0      0 --:--:--  0:01:34 --:--:--     0
[2024-07-05T10:37:57.878+0000] {docker.py:436} INFO - 100     2    0     0    0     2      0      0 --:--:--  0:01:35 --:--:--     0
[2024-07-05T10:37:58.879+0000] {docker.py:436} INFO - 100     2    0     0    0     2      0      0 --:--:--  0:01:36 --:--:--     0
[2024-07-05T10:37:59.879+0000] {docker.py:436} INFO - 100     2    0     0    0     2      0      0 --:--:--  0:01:37 --:--:--     0
[2024-07-05T10:38:00.881+0000] {docker.py:436} INFO - 100     2    0     0    0     2      0      0 --:--:--  0:01:38 --:--:--     0
[2024-07-05T10:38:01.882+0000] {docker.py:436} INFO - 100     2    0     0    0     2      0      0 --:--:--  0:01:39 --:--:--     0
[2024-07-05T10:38:02.883+0000] {docker.py:436} INFO - 100     2    0     0    0     2      0      0 --:--:--  0:01:40 --:--:--     0
[2024-07-05T10:38:03.883+0000] {docker.py:436} INFO - 100     2    0     0    0     2      0      0 --:--:--  0:01:41 --:--:--     0
[2024-07-05T10:38:04.885+0000] {docker.py:436} INFO - 100     2    0     0    0     2      0      0 --:--:--  0:01:42 --:--:--     0
[2024-07-05T10:38:05.885+0000] {docker.py:436} INFO - 100     2    0     0    0     2      0      0 --:--:--  0:01:43 --:--:--     0
[2024-07-05T10:38:06.886+0000] {docker.py:436} INFO - 100     2    0     0    0     2      0      0 --:--:--  0:01:44 --:--:--     0
[2024-07-05T10:38:07.887+0000] {docker.py:436} INFO - 100     2    0     0    0     2      0      0 --:--:--  0:01:45 --:--:--     0
[2024-07-05T10:38:08.889+0000] {docker.py:436} INFO - 100     2    0     0    0     2      0      0 --:--:--  0:01:46 --:--:--     0
[2024-07-05T10:38:09.890+0000] {docker.py:436} INFO - 100     2    0     0    0     2      0      0 --:--:--  0:01:47 --:--:--     0
[2024-07-05T10:38:10.891+0000] {docker.py:436} INFO - 100     2    0     0    0     2      0      0 --:--:--  0:01:48 --:--:--     0
[2024-07-05T10:38:11.892+0000] {docker.py:436} INFO - 100     2    0     0    0     2      0      0 --:--:--  0:01:49 --:--:--     0
[2024-07-05T10:38:12.893+0000] {docker.py:436} INFO - 100     2    0     0    0     2      0      0 --:--:--  0:01:50 --:--:--     0
[2024-07-05T10:38:13.893+0000] {docker.py:436} INFO - 100     2    0     0    0     2      0      0 --:--:--  0:01:51 --:--:--     0
[2024-07-05T10:38:14.895+0000] {docker.py:436} INFO - 100     2    0     0    0     2      0      0 --:--:--  0:01:52 --:--:--     0
[2024-07-05T10:38:15.895+0000] {docker.py:436} INFO - 100     2    0     0    0     2      0      0 --:--:--  0:01:53 --:--:--     0
[2024-07-05T10:38:16.896+0000] {docker.py:436} INFO - 100     2    0     0    0     2      0      0 --:--:
[2024-07-05T10:38:16.897+0000] {docker.py:436} INFO - --  0:01:54 --:--
[2024-07-05T10:38:16.897+0000] {docker.py:436} INFO - :--     0
[2024-07-05T10:38:17.901+0000] {docker.py:436} INFO - 100     2    0     0    0     2      0      0 --:--:--  0:01:55 --:--:--     0
[2024-07-05T10:38:18.899+0000] {docker.py:436} INFO - 100     2    0     0    0     2      0      0 --:--:--  0:01:56 --:--:--     0
[2024-07-05T10:38:19.900+0000] {docker.py:436} INFO - 100     2    0     0    0     2      0      0 --:--:--  0:01:57 --:--:--     0
[2024-07-05T10:38:20.901+0000] {docker.py:436} INFO - 100     2    0     0    0     2      0      0 --:--:--  0:01:58 --:--:--     0
[2024-07-05T10:38:21.902+0000] {docker.py:436} INFO - 100     2    0     0    0     2      0      0 --:--:--  0:01:59 --:--:--     0
[2024-07-05T10:38:22.902+0000] {docker.py:436} INFO - 100     2    0     0    0     2      0      0 --:--:--  0:02:00 --:--:--     0
[2024-07-05T10:38:23.903+0000] {docker.py:436} INFO - 100     2    0     0    0     2      0      0 --:--:--  0:02:01 --:--:--     0
[2024-07-05T10:38:24.904+0000] {docker.py:436} INFO - 100     2    0     0    0     2      0      0 --:--:--  0:02:02 --:--:--     0
[2024-07-05T10:38:25.906+0000] {docker.py:436} INFO - 100     2    0     0    0     2      0      0 --:--:--  0:02:03 --:--:--     0
[2024-07-05T10:38:26.906+0000] {docker.py:436} INFO - 100     2    0     0    0     2      0      0
[2024-07-05T10:38:26.907+0000] {docker.py:436} INFO - --:--:--  0:02:04 --
[2024-07-05T10:38:26.907+0000] {docker.py:436} INFO - :--
[2024-07-05T10:38:26.907+0000] {docker.py:436} INFO - :--
[2024-07-05T10:38:26.907+0000] {docker.py:436} INFO - 0
[2024-07-05T10:38:27.907+0000] {docker.py:436} INFO - 100     2    0     0    0     2      0      0 --:--:--  0:02:05 --:--:--     0
[2024-07-05T10:38:28.909+0000] {docker.py:436} INFO - 100     2    0     0    0     2      0      0 --:--:--  0:02:06 --:--:--     0
[2024-07-05T10:38:29.910+0000] {docker.py:436} INFO - 100     2    0     0    0     2      0      0 --:--:--  0:02:07 --:--:--     0
[2024-07-05T10:38:30.911+0000] {docker.py:436} INFO - 100     2    0     0    0     2      0      0 --:--:--  0:02:08 --:--:--     0
[2024-07-05T10:38:31.912+0000] {docker.py:436} INFO - 100     2    0     0    0     2      0      0 --:--:--  0:02:09 --:--:--     0
[2024-07-05T10:38:32.913+0000] {docker.py:436} INFO - 100     2    0     0    0     2      0      0 --:--:--  0:02:10 --:--:--     0
[2024-07-05T10:38:33.914+0000] {docker.py:436} INFO - 100     2    0     0    0     2      0      0 --:--:--  0:02:11 --:--:--     0
[2024-07-05T10:38:34.915+0000] {docker.py:436} INFO - 100     2    0     0    0     2      0      0 --:--:--  0:02:12 --:--:--     0
[2024-07-05T10:38:35.915+0000] {docker.py:436} INFO - 100     2    0     0    0     2      0      0 --:--:--  0:02:13 --:--:--     0
[2024-07-05T10:38:36.916+0000] {docker.py:436} INFO - 100     2    0     0    0     2      0      0 --:--:--  0:02:1
[2024-07-05T10:38:36.917+0000] {docker.py:436} INFO - 4 --:--:--     0
[2024-07-05T10:38:37.918+0000] {docker.py:436} INFO - 100     2    0     0    0     2      0      0 --:--:--  0:02:15 --:--:--     0
[2024-07-05T10:38:38.918+0000] {docker.py:436} INFO - 100     2    0     0    0     2      0      0 --:--:--  0:02:16 --:--:--     0
[2024-07-05T10:38:39.919+0000] {docker.py:436} INFO - 100     2    0     0    0     2      0      0 --:--:--  0:02:17 --:--:--
[2024-07-05T10:38:39.920+0000] {docker.py:436} INFO - 0
[2024-07-05T10:38:40.921+0000] {docker.py:436} INFO - 100     2    0     0    0     2      0      0 --:--:--  0:02:18 --:--:--     0
[2024-07-05T10:38:41.921+0000] {docker.py:436} INFO - 100     2    0     0    0     2      0      0 --:--:--  0:02:19 --:--:--     0
[2024-07-05T10:38:42.923+0000] {docker.py:436} INFO - 100     2    0     0    0     2      0      0 --:--:--  0:02:20 --:--:--     0
[2024-07-05T10:38:43.924+0000] {docker.py:436} INFO - 100     2    0     0    0     2      0      0 --:--:--  0:02:21 --:--:--     0
[2024-07-05T10:38:44.924+0000] {docker.py:436} INFO - 100     2    0     0    0     2      0      0 --:--:--  0:02:22 --:--:--     0
[2024-07-05T10:38:45.925+0000] {docker.py:436} INFO - 100     2    0     0    0     2      0      0 --:--:--  0:02:23 --:--:--     0
[2024-07-05T10:38:46.926+0000] {docker.py:436} INFO - 100     2    0     0    0     2      0
[2024-07-05T10:38:46.927+0000] {docker.py:436} INFO - 0 --:--:--  0:
[2024-07-05T10:38:46.927+0000] {docker.py:436} INFO - 02:24 -
[2024-07-05T10:38:46.927+0000] {docker.py:436} INFO - -:--:--     0
[2024-07-05T10:38:47.927+0000] {docker.py:436} INFO - 100     2    0     0    0     2      0      0 --:--:--  0:02:25 --:--:--     0
[2024-07-05T10:38:48.928+0000] {docker.py:436} INFO - 100     2    0     0    0     2      0      0 --:--:--  0:02:26 --:--:--     0
[2024-07-05T10:38:49.929+0000] {docker.py:436} INFO - 100     2    0     0    0     2      0      0 --:--:--  0:02:27 --:--:--     0
[2024-07-05T10:38:50.930+0000] {docker.py:436} INFO - 100     2    0     0    0     2      0      0 --:--:--  0:02:28 --:--:--     0
[2024-07-05T10:38:51.931+0000] {docker.py:436} INFO - 100     2    0     0    0     2      0      0 --:--:--  0:02:29 --:--:--     0
[2024-07-05T10:38:52.931+0000] {docker.py:436} INFO - 100     2    0     0    0     2      0      0 --:--:--  0:02:30 --:--:--     0
[2024-07-05T10:38:53.932+0000] {docker.py:436} INFO - 100     2    0     0    0     2      0      0 --:--:--  0:02:31 --:--:--     0
[2024-07-05T10:38:54.934+0000] {docker.py:436} INFO - 100     2    0     0    0     2      0      0 --:--:--  0:02:32 --:--:--     0
[2024-07-05T10:38:55.935+0000] {docker.py:436} INFO - 100     2    0     0    0     2      0      0 --:--:--  0:02:33 --:--:--     0
[2024-07-05T10:38:56.936+0000] {docker.py:436} INFO - 100     2    0     0    0     2      0      0 --:--:--  0:02:34 --:--:--     0
[2024-07-05T10:38:57.937+0000] {docker.py:436} INFO - 100     2    0     0    0     2      0      0 --:--:--  0:02:35 --:--:--     0
[2024-07-05T10:38:58.937+0000] {docker.py:436} INFO - 100     2    0     0    0     2      0      0 --:--:--  0:02:36 --:-
[2024-07-05T10:38:58.938+0000] {docker.py:436} INFO - -:--     0
[2024-07-05T10:38:59.939+0000] {docker.py:436} INFO - 100     2    0     0    0     2      0      0 --:--:--  0:02:37 --:--:--     0
[2024-07-05T10:39:00.940+0000] {docker.py:436} INFO - 100     2    0     0    0     2      0      0 --:--:--  0:02:38 --:--:--     0
[2024-07-05T10:39:01.941+0000] {docker.py:436} INFO - 100     2    0     0    0     2      0      0 --:--:--  0:02:39 --:--:--     0
[2024-07-05T10:39:02.942+0000] {docker.py:436} INFO - 100     2    0     0    0     2      0      0 --:--:--  0:02:40
[2024-07-05T10:39:02.942+0000] {docker.py:436} INFO - --:--:--
[2024-07-05T10:39:02.942+0000] {docker.py:436} INFO - 0
[2024-07-05T10:39:03.949+0000] {docker.py:436} INFO - 100     2    0     0    0     2      0      0 --:--:--  0:02:41 --:--:--     0
[2024-07-05T10:39:04.944+0000] {docker.py:436} INFO - 100     2    0     0    0     2      0      0 --:--:--  0:02:42 --:--:--     0
[2024-07-05T10:39:05.944+0000] {docker.py:436} INFO - 100     2    0     0    0     2      0      0 --:--:--  0:02:43 --:--:--     0
[2024-07-05T10:39:06.946+0000] {docker.py:436} INFO - 100     2    0     0    0     2      0      0 --:--:--  0:02:44 --:--:--     0
[2024-07-05T10:39:07.954+0000] {docker.py:436} INFO - 100     2    0     0    0     2      0      0 --:--:--  0:02:45 --:--:--     0
[2024-07-05T10:39:08.947+0000] {docker.py:436} INFO - 100     2    0     0    0     2      0      0 --:--:--  0:02:46 --:--:--     0
[2024-07-05T10:39:09.949+0000] {docker.py:436} INFO - 100     2    0     0    0     2      0      0 --:--:--  0:02:47 --:--:--     0
[2024-07-05T10:39:10.950+0000] {docker.py:436} INFO - 100     2    0     0    0     2      0      0 --:--:--  0:02:48 --:--:--     0
[2024-07-05T10:39:11.951+0000] {docker.py:436} INFO - 100     2    0     0    0     2      0      0 --:--:--  0:02:49 --:--:--     0
[2024-07-05T10:39:12.951+0000] {docker.py:436} INFO - 100     2    0     0    0     2      0      0 --:--:--  0:02:50 --:--:--     0
[2024-07-05T10:39:13.952+0000] {docker.py:436} INFO - 100     2    0     0    0     2      0      0 --:--:--  0:02:51 --:--:--     0
[2024-07-05T10:39:14.954+0000] {docker.py:436} INFO - 100     2    0     0    0     2      0      0 --:--:--  0:02:52 --:--:--     0
[2024-07-05T10:39:15.955+0000] {docker.py:436} INFO - 100     2    0     0    0     2      0      0 --:--:--  0:02:53 --:--:--     0
[2024-07-05T10:39:16.956+0000] {docker.py:436} INFO - 100     2    0     0    0     2      0      0 --:--:--  0:02:54 --:--:--     0
[2024-07-05T10:39:17.956+0000] {docker.py:436} INFO - 100     2    0     0    0     2      0      0 --:--:--  0:02:55 --:--:--     0
[2024-07-05T10:39:18.958+0000] {docker.py:436} INFO - 100     2    0     0    0     2      0      0 --:--:--  0:02:56 --:--:--     0
[2024-07-05T10:39:19.958+0000] {docker.py:436} INFO - 100     2    0     0    0     2      0      0 --:--:-
[2024-07-05T10:39:19.958+0000] {docker.py:436} INFO - -  0:02:57 --:--:-
[2024-07-05T10:39:19.958+0000] {docker.py:436} INFO - -     0
[2024-07-05T10:39:20.959+0000] {docker.py:436} INFO - 100     2    0     0    0     2      0      0 --:--:--  0:02:58 --:--:--     0
[2024-07-05T10:39:21.960+0000] {docker.py:436} INFO - 100     2    0     0    0     2      0      0 --:--:--  0:02:59 --:--:--     0
[2024-07-05T10:39:22.961+0000] {docker.py:436} INFO - 100     2    0     0    0     2      0      0 --:--:--  0:03:00 --:--:--     0
[2024-07-05T10:39:23.962+0000] {docker.py:436} INFO - 100     2    0     0    0     2      0      0 --:--:--  0:03:01 --:--:--     0
[2024-07-05T10:39:24.963+0000] {docker.py:436} INFO - 100     2    0     0    0     2      0      0 --:--:--  0:03:02 --:--:--     0
[2024-07-05T10:39:25.964+0000] {docker.py:436} INFO - 100     2    0     0    0     2      0      0 --:--:--  0
[2024-07-05T10:39:25.964+0000] {docker.py:436} INFO - :03:03 --:--:--     0
[2024-07-05T10:39:26.965+0000] {docker.py:436} INFO - 100     2    0     0    0     2      0      0 --:--:--  0:03:04 --:--:--     0
[2024-07-05T10:39:27.965+0000] {docker.py:436} INFO - 100     2    0     0    0     2      0      0 --:--:--  0:03:05 --:--:--     0
[2024-07-05T10:39:28.968+0000] {docker.py:436} INFO - 100     2    0     0    0     2      0      0 --:--:--  0:03:06 --:--:--     0
[2024-07-05T10:39:29.968+0000] {docker.py:436} INFO - 100     2    0     0    0     2      0      0 --:--:--  0:03:07 --:--:--     0
[2024-07-05T10:39:30.969+0000] {docker.py:436} INFO - 100     2    0     0    0     2      0      0 --:--:--  0:03:08 --:--:--     0
[2024-07-05T10:39:31.971+0000] {docker.py:436} INFO - 100     2    0     0    0     2      0      0 --:--:--  0:03:09 --:--:--     0
[2024-07-05T10:39:32.971+0000] {docker.py:436} INFO - 100     2    0     0    0     2      0      0 --:--:--  0:03:10 --:--:--     0
[2024-07-05T10:39:33.971+0000] {docker.py:436} INFO - 100     2    0     0    0     2      0      0 --:--:--  0:03:11 --:--:--     0
[2024-07-05T10:39:34.973+0000] {docker.py:436} INFO - 100     2    0     0    0     2      0      0
[2024-07-05T10:39:34.973+0000] {docker.py:436} INFO - --:--:--  0:03:12
[2024-07-05T10:39:34.973+0000] {docker.py:436} INFO - --:--:--
[2024-07-05T10:39:34.973+0000] {docker.py:436} INFO - 0
[2024-07-05T10:39:35.976+0000] {docker.py:436} INFO - 100     2    0     0    0     2      0      0 --:--:--  0:03:13 --:--:--     0
[2024-07-05T10:39:36.975+0000] {docker.py:436} INFO - 100     2    0     0    0     2      0      0 --:--:--  0:03:14 --:--:--     0
[2024-07-05T10:39:37.976+0000] {docker.py:436} INFO - 100     2    0     0    0     2      0      0 --:--:--  0:03:15 --:--:--     0
[2024-07-05T10:39:38.977+0000] {docker.py:436} INFO - 100     2    0     0    0     2      0      0 --:--:--  0:03:16 --:--:--     0
[2024-07-05T10:39:39.978+0000] {docker.py:436} INFO - 100     2    0     0    0     2      0      0 --:--:--  0:03:17 --:--:--     0
[2024-07-05T10:39:40.979+0000] {docker.py:436} INFO - 100     2    0     0    0     2      0      0 --:--:--  0:03:18 --:--:--     0
[2024-07-05T10:39:41.987+0000] {docker.py:436} INFO - 100     2    0     0    0     2      0      0 --:--:--  0:03:19 --:--:--     0
[2024-07-05T10:39:42.981+0000] {docker.py:436} INFO - 100     2    0     0    0     2      0      0 --:--:--  0:03:20 --:--:--     0
[2024-07-05T10:39:43.982+0000] {docker.py:436} INFO - 100     2    0     0    0     2      0      0 --:--:--  0:03:21 --:--:--     0
[2024-07-05T10:39:44.983+0000] {docker.py:436} INFO - 100     2    0     0    0     2      0      0 --:--:--  0:03:22 --:--:--     0
[2024-07-05T10:39:45.984+0000] {docker.py:436} INFO - 100     2    0     0    0     2      0      0 --:--:--  0:03:23 --:--:--     0
[2024-07-05T10:39:46.985+0000] {docker.py:436} INFO - 100     2    0     0    0     2      0      0 --:--:--  0:03:24 --:--:--     0
[2024-07-05T10:39:47.986+0000] {docker.py:436} INFO - 100     2    0     0    0     2      0      0 --:--:--  0:03:25 --:--:--     0
[2024-07-05T10:39:48.987+0000] {docker.py:436} INFO - 100     2    0     0    0     2      0      0 --:--:--  0:03:26 --:--:--
[2024-07-05T10:39:48.987+0000] {docker.py:436} INFO - 0
[2024-07-05T10:39:49.989+0000] {docker.py:436} INFO - 100     2    0     0    0     2      0      0 --:--:--  0:03:27 --:--:--     0
[2024-07-05T10:39:50.989+0000] {docker.py:436} INFO - 100     2    0     0    0     2      0      0 --:--:--  0:03:28 --:--:--     0
[2024-07-05T10:39:51.990+0000] {docker.py:436} INFO - 100     2    0     0    0     2      0      0 --:--:--  0:03:29 --:--:--     0
[2024-07-05T10:39:52.990+0000] {docker.py:436} INFO - 100     2    0     0    0     2      0      0 --:--:--  0:03:30
[2024-07-05T10:39:52.991+0000] {docker.py:436} INFO - --:--:--     0
[2024-07-05T10:39:53.992+0000] {docker.py:436} INFO - 100     2    0     0    0     2      0      0 --:--:--  0:03:31 --:--:--     0
[2024-07-05T10:39:54.992+0000] {docker.py:436} INFO - 100     2    0     0    0     2      0      0 --:--:--  0:03:32 --:--:--     0
[2024-07-05T10:39:55.994+0000] {docker.py:436} INFO - 100     2    0     0    0     2      0      0 --:--:--  0:03:33 --:--:--     0
[2024-07-05T10:39:56.994+0000] {docker.py:436} INFO - 100     2    0     0    0     2      0      0 --:--:--  0:03:3
[2024-07-05T10:39:56.995+0000] {docker.py:436} INFO - 4 --:--:--     0
[2024-07-05T10:39:57.996+0000] {docker.py:436} INFO - 100     2    0     0    0     2      0      0 --:--:--  0:03:35 --:--:--     0
[2024-07-05T10:39:58.997+0000] {docker.py:436} INFO - 100     2    0     0    0     2      0      0 --:--:--  0:03:36 --:--:--     0
[2024-07-05T10:39:59.998+0000] {docker.py:436} INFO - 100     2    0     0    0     2      0      0 --:--:--  0:03:37 --:--:--     0
[2024-07-05T10:40:00.999+0000] {docker.py:436} INFO - 100     2    0     0    0     2      0      0 --:--:--  0:03:38 --:--:--     0
[2024-07-05T10:40:02.000+0000] {docker.py:436} INFO - 100     2    0     0    0     2      0      0 --:--:--  0:03:39 --:--:--     0
[2024-07-05T10:40:03.001+0000] {docker.py:436} INFO - 100     2    0     0    0     2      0      0 --:--:--  0:03:40 --:--:--
[2024-07-05T10:40:03.001+0000] {docker.py:436} INFO - 0
[2024-07-05T10:40:04.002+0000] {docker.py:436} INFO - 100     2    0     0    0     2      0      0 --:--:--  0:03:41 --:--:--     0
[2024-07-05T10:40:05.003+0000] {docker.py:436} INFO - 100     2    0     0    0     2      0      0 --:--:--  0:03:42 --:--:--     0
[2024-07-05T10:40:06.006+0000] {docker.py:436} INFO - 100     2    0     0    0     2      0      0 --:--:--  0:03:43 --:--:--     0
[2024-07-05T10:40:07.006+0000] {docker.py:436} INFO - 100     2    0     0    0     2      0      0 --:--:--  0:03:44 --:--:--     0
[2024-07-05T10:40:08.007+0000] {docker.py:436} INFO - 100     2    0     0    0     2      0      0 --:--:--  0:03:45 --:--:--     0
[2024-07-05T10:40:09.007+0000] {docker.py:436} INFO - 100     2    0     0    0     2      0      0 --:--:--  0:03:46 --:--:--     0
[2024-07-05T10:40:10.008+0000] {docker.py:436} INFO - 100     2    0     0    0     2      0      0 --:--:--  0:03:47 --:--:--     0
[2024-07-05T10:40:11.009+0000] {docker.py:436} INFO - 100     2    0     0    0     2      0      0 --:--:--
[2024-07-05T10:40:11.010+0000] {docker.py:436} INFO - 0:03:48 --:--:--     0
[2024-07-05T10:40:12.014+0000] {docker.py:436} INFO - 100     2    0     0    0     2      0      0 --:--:--  0:03:49 --:--:--     0
[2024-07-05T10:40:13.012+0000] {docker.py:436} INFO - 100     2    0     0    0     2      0      0 --:--:--  0:03:50 --:--:--     0
[2024-07-05T10:40:14.013+0000] {docker.py:436} INFO - 100     2    0     0    0     2      0      0 --:--:--  0:03:51 --:--:--     0
[2024-07-05T10:40:15.013+0000] {docker.py:436} INFO - 100     2    0     0    0     2      0      0 --:--:--  0:03:52 --:--:--     0
[2024-07-05T10:40:16.015+0000] {docker.py:436} INFO - 100     2    0     0    0     2      0      0 --:--:--  0:03:53 --:--:--     0
[2024-07-05T10:40:17.015+0000] {docker.py:436} INFO - 100     2    0     0    0     2      0      0 --:--:--  0:03:54 --:--:--     0
[2024-07-05T10:40:18.017+0000] {docker.py:436} INFO - 100     2    0     0    0     2      0      0 --:--:--  0:03:55 --:--:--     0
[2024-07-05T10:40:19.017+0000] {docker.py:436} INFO - 100     2    0     0    0     2      0      0 --:--:--  0:03:56 --:--:--     0
[2024-07-05T10:40:20.026+0000] {docker.py:436} INFO - 100     2    0     0    0     2      0      0 --:--:--  0:03:57 --:--:--     0
[2024-07-05T10:40:21.019+0000] {docker.py:436} INFO - 100     2    0     0    0     2      0      0 --:--:--  0:03:58 --:--:--     0
[2024-07-05T10:40:22.020+0000] {docker.py:436} INFO - 100     2    0     0    0     2      0      0 --:--:--  0:03:59 --:--:--     0
[2024-07-05T10:40:23.021+0000] {docker.py:436} INFO - 100     2    0     0    0     2      0      0 --:--:--  0:04:00 --:--:--     0
[2024-07-05T10:40:24.021+0000] {docker.py:436} INFO - 100     2    0     0    0     2      0      0 --:--:--  0:04:01
[2024-07-05T10:40:24.022+0000] {docker.py:436} INFO - --:--:--
[2024-07-05T10:40:24.022+0000] {docker.py:436} INFO - 0
[2024-07-05T10:40:25.023+0000] {docker.py:436} INFO - 100     2    0     0    0     2      0      0 --:--:--  0:04:02 --:--:--     0
[2024-07-05T10:40:26.024+0000] {docker.py:436} INFO - 100     2    0     0    0     2      0      0 --:--:--  0:04:03 --:--:--     0
[2024-07-05T10:40:27.025+0000] {docker.py:436} INFO - 100     2    0     0    0     2      0      0 --:--:--  0:04:04 --:--:--     0
[2024-07-05T10:40:28.026+0000] {docker.py:436} INFO - 100     2    0     0    0     2      0      0 --:--:--  0:04:05 --:--:--     0
[2024-07-05T10:40:29.027+0000] {docker.py:436} INFO - 100     2    0     0    0     2      0      0 --:--:--  0:04:06 --:--:--     0
[2024-07-05T10:40:30.028+0000] {docker.py:436} INFO - 100     2    0     0    0     2      0      0 --:--:--  0:04:07 --:--:--     0
[2024-07-05T10:40:31.029+0000] {docker.py:436} INFO - 100     2    0     0    0     2      0      0 --:--:--  0:04:08 --:--:--     0
[2024-07-05T10:40:32.030+0000] {docker.py:436} INFO - 100     2    0     0    0     2      0      0 --:--:--  0:04:09 --:--:--     0
[2024-07-05T10:40:33.031+0000] {docker.py:436} INFO - 100     2    0     0    0     2      0      0 --:--:--  0:04:10 --:--:--     0
[2024-07-05T10:40:34.032+0000] {docker.py:436} INFO - 100     2    0     0    0     2      0      0 --:--:--  0:04:11 --:--:--     0
[2024-07-05T10:40:35.033+0000] {docker.py:436} INFO - 100     2    0     0    0     2      0      0 --:--:--  0:04:12 --:--:--     0
[2024-07-05T10:40:36.033+0000] {docker.py:436} INFO - 100     2    0     0    0     2      0      0 --:--:--  0:04:13 --:--:--     0
[2024-07-05T10:40:37.035+0000] {docker.py:436} INFO - 100     2    0     0    0     2      0      0 --:--:--  0:04:14 --:--:--     0
[2024-07-05T10:40:38.035+0000] {docker.py:436} INFO - 100     2    0     0    0     2      0      0 --:--:--  0:04:15 --:--:--
[2024-07-05T10:40:38.036+0000] {docker.py:436} INFO - 0
[2024-07-05T10:40:39.036+0000] {docker.py:436} INFO - 100     2    0     0    0     2      0      0 --:--:--  0:04:16 --:--:--     0
[2024-07-05T10:40:40.037+0000] {docker.py:436} INFO - 100     2    0     0    0     2      0      0 --:--:--  0:04:17 --:--:--     0
[2024-07-05T10:40:41.039+0000] {docker.py:436} INFO - 100     2    0     0    0     2      0      0 --:--:--  0:04:18 --:--:--     0
[2024-07-05T10:40:42.039+0000] {docker.py:436} INFO - 100     2    0     0    0     2      0      0 --:--:--  0:04:19 --:--:--     0
[2024-07-05T10:40:43.041+0000] {docker.py:436} INFO - 100     2    0     0    0     2      0      0 --:--:--  0:04:20 --:--:--     0
[2024-07-05T10:40:44.041+0000] {docker.py:436} INFO - 100     2    0     0    0     2      0      0 --:--:--  0:04:21 --:--:--     0
[2024-07-05T10:40:45.043+0000] {docker.py:436} INFO - 100     2    0     0    0     2      0      0 --:--:--  0:04:22 --:--:--     0
[2024-07-05T10:40:46.044+0000] {docker.py:436} INFO - 100     2    0     0    0     2      0      0 --:--:--  0:04:23 --:--:--     0
[2024-07-05T10:40:47.045+0000] {docker.py:436} INFO - 100     2    0     0    0     2      0      0 --:--:--  0:04:24 --:--:--     0
[2024-07-05T10:40:48.046+0000] {docker.py:436} INFO - 100     2    0     0    0     2      0      0 --:--:--  0:04:25 --:--:--     0
[2024-07-05T10:40:49.046+0000] {docker.py:436} INFO - 100     2    0     0    0     2      0      0 --:--:--  0:04:26 --:--:--     0
[2024-07-05T10:40:50.048+0000] {docker.py:436} INFO - 100     2    0     0    0     2      0      0 --:--:--  0:04:27 --:--:--     0
[2024-07-05T10:40:51.049+0000] {docker.py:436} INFO - 100     2    0     0    0     2      0      0 --:--:--  0:04:28 --:--:--     0
[2024-07-05T10:40:52.050+0000] {docker.py:436} INFO - 100     2    0     0    0     2      0      0 --:--:--  0:04:29 --:--:--     0
[2024-07-05T10:40:53.051+0000] {docker.py:436} INFO - 100     2    0     0    0     2      0      0 --:--:--  0:04:30 --:--:--     0
[2024-07-05T10:40:54.052+0000] {docker.py:436} INFO - 100     2    0     0    0     2      0      0 --:--:--  0:04:31 --:--:--     0
[2024-07-05T10:40:55.053+0000] {docker.py:436} INFO - 100     2    0     0    0     2      0      0 --:--:--  0:04:32 --:--:--     0
[2024-07-05T10:40:56.053+0000] {docker.py:436} INFO - 100     2    0     0    0     2      0      0
[2024-07-05T10:40:56.054+0000] {docker.py:436} INFO - --:--:--
[2024-07-05T10:40:56.054+0000] {docker.py:436} INFO - 0:04:
[2024-07-05T10:40:56.054+0000] {docker.py:436} INFO - 33 --:--:--
[2024-07-05T10:40:56.054+0000] {docker.py:436} INFO - 0
[2024-07-05T10:40:57.055+0000] {docker.py:436} INFO - 100     2    0     0    0     2      0      0 --:--:--  0:04:34 --:--:--     0
[2024-07-05T10:40:58.056+0000] {docker.py:436} INFO - 100     2    0     0    0     2      0      0 --:--:--  0:04:35 --:--:--     0
[2024-07-05T10:40:59.057+0000] {docker.py:436} INFO - 100     2    0     0    0     2      0      0 --:--:--  0:04:36 --:--:--     0
[2024-07-05T10:41:00.058+0000] {docker.py:436} INFO - 100     2    0     0    0     2      0      0 --:--:--  0:04:37 --:--:--     0
[2024-07-05T10:41:01.059+0000] {docker.py:436} INFO - 100     2    0     0    0     2      0      0 --:--:--  0:04:38 --:--:--     0
[2024-07-05T10:41:02.060+0000] {docker.py:436} INFO - 100     2    0     0    0     2      0      0 --:--:--  0:04:39 --:--:--     0
[2024-07-05T10:41:03.061+0000] {docker.py:436} INFO - 100     2    0     0    0     2      0      0 --:--:--  0:04:40 --:--:--     0
[2024-07-05T10:41:04.062+0000] {docker.py:436} INFO - 100     2    0     0    0     2      0      0 --:--:--  0:04:41 --:--:--     0
[2024-07-05T10:41:05.062+0000] {docker.py:436} INFO - 100     2    0     0    0     2      0      0 --:--:--  0:04:42 --:--:--     0
[2024-07-05T10:41:06.064+0000] {docker.py:436} INFO - 100     2    0     0    0     2      0      0 --:--:--  0:04:43 --:--:--     0
[2024-07-05T10:41:07.065+0000] {docker.py:436} INFO - 100     2    0     0    0     2      0      0 --:--:--  0:04:44 --:--:--     0
[2024-07-05T10:41:08.065+0000] {docker.py:436} INFO - 100     2    0     0    0     2      0      0 --:--:--  0:04:45 --:--:--     0
[2024-07-05T10:41:09.066+0000] {docker.py:436} INFO - 100     2    0     0    0     2      0      0 --:--:--  0:04:46 --:--:--     0
[2024-07-05T10:41:10.068+0000] {docker.py:436} INFO - 100     2    0     0    0     2      0      0 --:--:--  0:04:47 --:--:--     0
[2024-07-05T10:41:11.069+0000] {docker.py:436} INFO - 100     2    0     0    0     2      0      0 --:--:--  0:04:48 --:--:--     0
[2024-07-05T10:41:12.070+0000] {docker.py:436} INFO - 100     2    0     0    0     2      0      0 --:--:--  0:04:49 --:--:--     0
[2024-07-05T10:41:13.071+0000] {docker.py:436} INFO - 100     2    0     0    0     2      0      0 --:--:--  0:04:50 --:--:--     0
[2024-07-05T10:41:14.072+0000] {docker.py:436} INFO - 100     2    0     0    0     2      0      0 --:--:--  0:04:51 --:--:--     0
[2024-07-05T10:41:15.073+0000] {docker.py:436} INFO - 100     2    0     0    0     2      0      0 --:--:--  0:04:52 --:--:--     0
[2024-07-05T10:41:16.074+0000] {docker.py:436} INFO - 100     2    0     0    0     2      0      0 --:--:--  0:04:53 --:--:--     0
[2024-07-05T10:41:17.075+0000] {docker.py:436} INFO - 100     2    0     0    0     2      0      0 --:--:--  0:04:54 --:--:--     0
[2024-07-05T10:41:18.076+0000] {docker.py:436} INFO - 100     2    0     0    0     2      0      0 --:--:--  0:04:55 --:--:--     0
[2024-07-05T10:41:19.077+0000] {docker.py:436} INFO - 100     2    0     0    0     2      0      0 --:--:--  0:04:56 --:--:--     0
[2024-07-05T10:41:20.078+0000] {docker.py:436} INFO - 100     2    0     0    0     2      0      0 --:--:--  0:04:57 --:--:--     0
[2024-07-05T10:41:21.084+0000] {docker.py:436} INFO - 100     2    0     0    0     2      0      0 --:--:--  0:04:58 --:--:--     0
[2024-07-05T10:41:22.080+0000] {docker.py:436} INFO - 100     2    0     0    0     2      0      0 --:--:--  0:04:59 --:--:--     0
[2024-07-05T10:41:23.081+0000] {docker.py:436} INFO - 100     2    0     0    0     2      0      0 --:--:--  0:05:00 --:--:--     0
[2024-07-05T10:41:24.082+0000] {docker.py:436} INFO - 100     2    0     0    0     2      0      0 --:--:--  0:05:01 --:--:--     0
[2024-07-05T10:41:25.083+0000] {docker.py:436} INFO - 100     2    0     0    0     2      0      0 -
[2024-07-05T10:41:25.083+0000] {docker.py:436} INFO - -:--:--  0:05:02
[2024-07-05T10:41:25.083+0000] {docker.py:436} INFO - -
[2024-07-05T10:41:25.083+0000] {docker.py:436} INFO - -:--:-
[2024-07-05T10:41:25.084+0000] {docker.py:436} INFO - -
[2024-07-05T10:41:25.084+0000] {docker.py:436} INFO - 
[2024-07-05T10:41:25.084+0000] {docker.py:436} INFO - 0
[2024-07-05T10:41:26.083+0000] {docker.py:436} INFO - 100     2    0     0    0     2      0      0 --:--:--  0:05:03 --:--:--     0
[2024-07-05T10:41:27.099+0000] {docker.py:436} INFO - 100     2    0     0    0     2      0      0 --:--:--  0:05:04 --:--:--     0
[2024-07-05T10:41:28.101+0000] {docker.py:436} INFO - 100     2    0     0    0     2      0      0 --:--:--  0:05:05 --:--:--     0
[2024-07-05T10:41:29.102+0000] {docker.py:436} INFO - 100     2    0     0    0     2      0      0 --:--:--  0:05:06 --:--:--     0
[2024-07-05T10:41:30.102+0000] {docker.py:436} INFO - 100     2    0     0    0     2      0      0 --:--:--  0:05:07 --:--:--     0
[2024-07-05T10:41:31.104+0000] {docker.py:436} INFO - 100     2    0     0    0     2      0      0 --:--:--  0:05:08 --:--:--     0
[2024-07-05T10:41:32.105+0000] {docker.py:436} INFO - 100     2    0     0    0     2      0      0 --:--:--  0:05:09 --:--:--     0
[2024-07-05T10:41:33.106+0000] {docker.py:436} INFO - 100     2    0     0    0     2      0      0 --:--:--  0:05:10 --:--:--     0
[2024-07-05T10:41:34.107+0000] {docker.py:436} INFO - 100     2    0     0    0     2      0      0 --:--:--  0:05:11 --:--:--     0
[2024-07-05T10:41:35.107+0000] {docker.py:436} INFO - 100     2    0     0    0     2      0      0 --:--:--  0:05:12 --:--:--     0
[2024-07-05T10:41:36.109+0000] {docker.py:436} INFO - 100     2    0     0    0     2      0      0 --:--:--  0:05:13 --:--:--     0
[2024-07-05T10:41:37.109+0000] {docker.py:436} INFO - 100     2    0     0    0     2      0      0 --:--:--  0:05:14 --:--:--     0
[2024-07-05T10:41:38.111+0000] {docker.py:436} INFO - 100     2    0     0    0     2      0      0 --:--:--  0:05:15 --:--:--     0
[2024-07-05T10:41:39.112+0000] {docker.py:436} INFO - 100     2    0     0    0     2      0      0 --:--:--  0:05:16 --:--:--     0
[2024-07-05T10:41:40.113+0000] {docker.py:436} INFO - 100     2    0     0    0     2      0      0 --:--:--  0:05:17 --:--:--     0
[2024-07-05T10:41:41.114+0000] {docker.py:436} INFO - 100     2    0     0    0     2      0      0 --:--:--  0:05:18 --:--:--     0
[2024-07-05T10:41:42.115+0000] {docker.py:436} INFO - 100     2    0     0    0     2      0      0 --:--:--  0:05:19 --:--:--     0
[2024-07-05T10:41:43.115+0000] {docker.py:436} INFO - 100     2    0     0    0     2      0      0 --:--:--  0:05:20 --:
[2024-07-05T10:41:43.115+0000] {docker.py:436} INFO - --:--     0
[2024-07-05T10:41:44.116+0000] {docker.py:436} INFO - 100     2    0     0    0     2      0      0 --:--:--  0:05:21 --:--:--     0
[2024-07-05T10:41:45.116+0000] {docker.py:436} INFO - 100     2    0     0    0     2      0      0 --:--:--  0:05:22 --:--:--     0
[2024-07-05T10:41:46.118+0000] {docker.py:436} INFO - 100     2    0     0    0     2      0      0 --:--:--  0:05:23 --:--
[2024-07-05T10:41:46.118+0000] {docker.py:436} INFO - :
[2024-07-05T10:41:46.118+0000] {docker.py:436} INFO - --     0
[2024-07-05T10:41:47.118+0000] {docker.py:436} INFO - 100     2    0     0    0     2      0      0 --:--:--  0:05:24 --:--:--     0
[2024-07-05T10:41:48.132+0000] {docker.py:436} INFO - 100     2    0     0    0     2      0      0 --:--:--  0:05:25 --:--:--     0
[2024-07-05T10:41:49.131+0000] {docker.py:436} INFO - 100     2    0     0    0     2      0      0 --:--:--  0:05:26 --:--:--     0
[2024-07-05T10:41:50.133+0000] {docker.py:436} INFO - 100     2    0     0    0     2      0      0 --:--:--  0:05:27 --:--:--     0
[2024-07-05T10:41:51.134+0000] {docker.py:436} INFO - 100     2    0     0    0     2      0      0 --:--:--  0:05:28 --:--:--     0
[2024-07-05T10:41:52.135+0000] {docker.py:436} INFO - 100     2    0     0    0     2      0      0 --:--:--  0:05:29 --:--:--     0
[2024-07-05T10:41:53.136+0000] {docker.py:436} INFO - 100     2    0     0    0     2      0      0 --:--:--  0:05:30 --:--:--     0
[2024-07-05T10:41:54.137+0000] {docker.py:436} INFO - 100     2    0     0    0     2      0      0 --:--:--  0:05:31 --:--:--     0
[2024-07-05T10:41:55.138+0000] {docker.py:436} INFO - 100     2    0     0    0     2      0      0 --:--:--  0:05:32 --:--:--     0
[2024-07-05T10:41:56.139+0000] {docker.py:436} INFO - 100     2    0     0    0     2      0      0 --:--:--  0:05:33 --:--:--     0
[2024-07-05T10:41:57.140+0000] {docker.py:436} INFO - 100     2    0     0    0     2      0      0 --:--:--  0:05:34 --:--:--     0
[2024-07-05T10:41:58.140+0000] {docker.py:436} INFO - 100     2    0     0    0     2      0      0 --:--:--  0:05:35 --:--:--     0
[2024-07-05T10:41:59.142+0000] {docker.py:436} INFO - 100     2    0     0    0     2      0      0 --:--:--  0:05:36 --:--:--     0
[2024-07-05T10:42:00.143+0000] {docker.py:436} INFO - 100     2    0     0    0     2      0      0 --:--:--  0:05:37 --:--:--     0
[2024-07-05T10:42:01.143+0000] {docker.py:436} INFO - 100     2    0     0    0     2      0      0 --:--:--  0:05:38 --:--:--
[2024-07-05T10:42:01.144+0000] {docker.py:436} INFO - 0
[2024-07-05T10:42:02.145+0000] {docker.py:436} INFO - 100     2    0     0    0     2      0      0 --:--:--  0:05:39 --:--:--     0
[2024-07-05T10:42:03.145+0000] {docker.py:436} INFO - 100     2    0     0    0     2      0      0 --:--:--  0:05:40 --:--:--     0
[2024-07-05T10:42:04.147+0000] {docker.py:436} INFO - 100     2    0     0    0     2      0      0 --:--:--  0:05:41 --:--:--     0
[2024-07-05T10:42:05.147+0000] {docker.py:436} INFO - 100     2    0     0    0     2      0      0 --:--:--  0:05:42 --:--:--     0
[2024-07-05T10:42:06.149+0000] {docker.py:436} INFO - 100     2    0     0    0     2      0      0 --:--:--  0:05:43 --:--:--     0
[2024-07-05T10:42:07.149+0000] {docker.py:436} INFO - 100     2    0     0    0     2      0      0 --:--:--  0:05:44 --:--:--     0
[2024-07-05T10:42:08.150+0000] {docker.py:436} INFO - 100     2    0     0    0     2      0      0 --:--:--  0:05:45 --:--:--     0
[2024-07-05T10:42:09.150+0000] {docker.py:436} INFO - 100     2    0     0    0     2      0      0 --:--:--  0:05:46 --:--:--     0
[2024-07-05T10:42:10.151+0000] {docker.py:436} INFO - 100     2    0     0    0     2      0      0 --:--:--  0:05:47 --:--:--     0
[2024-07-05T10:42:11.153+0000] {docker.py:436} INFO - 100     2    0     0    0     2      0      0 --:--:--  0:05:48 --:--:--     0
[2024-07-05T10:42:12.154+0000] {docker.py:436} INFO - 100     2    0     0    0     2      0      0 --:--:--  0:05:49 --:--:--     0
[2024-07-05T10:42:13.154+0000] {docker.py:436} INFO - 100     2    0     0    0     2      0      0 --:--:--  0:05:50 --:--:--
[2024-07-05T10:42:13.155+0000] {docker.py:436} INFO - 0
[2024-07-05T10:42:14.156+0000] {docker.py:436} INFO - 100     2    0     0    0     2      0      0 --:--:--  0:05:51 --:--:--     0
[2024-07-05T10:42:15.156+0000] {docker.py:436} INFO - 100     2    0     0    0     2      0      0 --:--:--  0:05:52 --:--:--     0
[2024-07-05T10:42:16.157+0000] {docker.py:436} INFO - 100     2    0     0    0     2      0      0 --:--:--  0:05:53 --:--:--     0
[2024-07-05T10:42:17.159+0000] {docker.py:436} INFO - 100     2    0     0    0     2      0      0 --:--:--  0:05:54 --:--:--     0
[2024-07-05T10:42:18.160+0000] {docker.py:436} INFO - 100     2    0     0    0     2      0      0 --:--:--  0:05:55 --:--:--     0
[2024-07-05T10:42:19.161+0000] {docker.py:436} INFO - 100     2    0     0    0     2      0      0 --:--:--  0:05:56 --:--:--     0
[2024-07-05T10:42:20.162+0000] {docker.py:436} INFO - 100     2    0     0    0     2      0      0 --:--:--  0:05:57 --:--:--     0
[2024-07-05T10:42:21.162+0000] {docker.py:436} INFO - 100     2    0     0    0     2      0      0 --:--:--  0:05:58 --:--:--     0
[2024-07-05T10:42:22.177+0000] {docker.py:436} INFO - 100     2    0     0    0     2      0      0 --:--:--  0:05:59 --:--:--     0
[2024-07-05T10:42:23.177+0000] {docker.py:436} INFO - 100     2    0     0    0     2      0      0 --:--:--  0:06:00 --:--:--     0
[2024-07-05T10:42:24.178+0000] {docker.py:436} INFO - 100     2    0     0    0     2      0      0 --:--:--  0:06:01 -
[2024-07-05T10:42:24.179+0000] {docker.py:436} INFO - -:--:
[2024-07-05T10:42:24.179+0000] {docker.py:436} INFO - --     0
[2024-07-05T10:42:25.179+0000] {docker.py:436} INFO - 100     2    0     0    0     2      0      0 --:--:--  0:06:02 --:--
[2024-07-05T10:42:25.180+0000] {docker.py:436} INFO - :--     0
[2024-07-05T10:42:26.180+0000] {docker.py:436} INFO - 100     2    0     0    0     2      0      0 --:--:--  0:0
[2024-07-05T10:42:26.181+0000] {docker.py:436} INFO - 6:03 --:--:--     0
[2024-07-05T10:42:27.182+0000] {docker.py:436} INFO - 100     2    0     0    0     2      0      0 --:--:--  0:06:0
[2024-07-05T10:42:27.182+0000] {docker.py:436} INFO - 4 --:--:--     0
[2024-07-05T10:42:28.182+0000] {docker.py:436} INFO - 100     2    0     0    0     2      0      0 --:--:-
[2024-07-05T10:42:28.183+0000] {docker.py:436} INFO - -  0:06:05 -
[2024-07-05T10:42:28.183+0000] {docker.py:436} INFO - -:--:--     0
[2024-07-05T10:42:29.183+0000] {docker.py:436} INFO - 100     2    0     0    0     2      0      0 --:--:--  0:06:06 --:--:--     0
[2024-07-05T10:42:30.184+0000] {docker.py:436} INFO - 100     2    0     0    0     2      0      0 --:--:--  0:06:07 --:--:--     0
[2024-07-05T10:42:31.191+0000] {docker.py:436} INFO - 100     2    0     0    0     2      0      0 --:--:--  0:06:08 --:--:--     0
[2024-07-05T10:42:32.191+0000] {docker.py:436} INFO - 100     2    0     0    0     2      0      0 --:--:--  0:06:09 --:--:--     0
[2024-07-05T10:42:33.193+0000] {docker.py:436} INFO - 100     2    0     0    0     2      0      0 --:--:--  0:06:10 --:--:--     0
[2024-07-05T10:42:34.194+0000] {docker.py:436} INFO - 100     2    0     0    0     2      0      0 --:--:--  0:06:11 --:--:--     0
[2024-07-05T10:42:35.195+0000] {docker.py:436} INFO - 100     2    0     0    0     2      0      0 --:--:--  0:06:12 --:--:--     0
[2024-07-05T10:42:36.196+0000] {docker.py:436} INFO - 100     2    0     0    0     2      0      0 --:--:--  0:06:13 --:--:--     0
[2024-07-05T10:42:37.204+0000] {docker.py:436} INFO - 100     2    0     0    0     2      0      0 --:--:--  0:06:14 --:--:--     0
[2024-07-05T10:42:38.206+0000] {docker.py:436} INFO - 100     2    0     0    0     2      0      0 --:--:--  0:06:15 --:--:--     0
[2024-07-05T10:42:39.207+0000] {docker.py:436} INFO - 100     2    0     0    0     2      0      0 --:--:--  0:06:16 --:--:--     0
[2024-07-05T10:42:40.208+0000] {docker.py:436} INFO - 100     2    0     0    0     2      0      0 --:--:--  0:06:17 --:--:--     0
[2024-07-05T10:42:41.209+0000] {docker.py:436} INFO - 100     2    0     0    0     2      0      0 --:--:--  0:06:18 --:--:--     0
[2024-07-05T10:42:42.210+0000] {docker.py:436} INFO - 100     2    0     0    0     2      0      0 --:--:--  0:06:19 --:--:--     0
[2024-07-05T10:42:43.211+0000] {docker.py:436} INFO - 100     2    0     0    0     2      0      0 --:--:--  0:06:20 --:--:--     0
[2024-07-05T10:42:44.212+0000] {docker.py:436} INFO - 100     2    0     0    0     2      0      0 --:--:--  0:06:21 --:--:--     0
[2024-07-05T10:42:45.213+0000] {docker.py:436} INFO - 100     2    0     0    0     2      0      0 --:--:--  0:06:22 --:--:--     0
[2024-07-05T10:42:46.213+0000] {docker.py:436} INFO - 100     2    0     0    0     2      0      0 --:--:--  0
[2024-07-05T10:42:46.214+0000] {docker.py:436} INFO - :06:23 --:--
[2024-07-05T10:42:46.214+0000] {docker.py:436} INFO - :--     0
[2024-07-05T10:42:47.215+0000] {docker.py:436} INFO - 100     2    0     0    0     2      0      0 --:--:--  0:06:24 --:--:--     0
[2024-07-05T10:42:48.215+0000] {docker.py:436} INFO - 100     2    0     0    0     2      0      0 --:--:--  0:06:25 --:--:--     0
[2024-07-05T10:42:49.217+0000] {docker.py:436} INFO - 100     2    0     0    0     2      0      0 --:--:--  0:06:26 --:--:--     0
[2024-07-05T10:42:50.218+0000] {docker.py:436} INFO - 100     2    0     0    0     2      0      0 --:--:--  0:06:27 --:--:--     0
[2024-07-05T10:42:51.219+0000] {docker.py:436} INFO - 100     2    0     0    0     2      0      0 --:--:--  0:06:28 --:--:--     0
[2024-07-05T10:42:52.221+0000] {docker.py:436} INFO - 100     2    0     0    0     2      0      0 --:--:--  0:06:29 --:--:--     0
[2024-07-05T10:42:53.221+0000] {docker.py:436} INFO - 100     2    0     0    0     2      0      0 --:--:--  0:06:30 --:--:--     0
[2024-07-05T10:42:54.226+0000] {docker.py:436} INFO - 100     2    0     0    0     2      0      0 --:--:--  0:06:31 --:--:--     0
[2024-07-05T10:42:55.223+0000] {docker.py:436} INFO - 100     2    0     0    0     2      0      0 --:--:--  0:06:32 --:--:--     0
[2024-07-05T10:42:56.224+0000] {docker.py:436} INFO - 100     2    0     0    0     2      0      0 --:--:--  0:06:33 --:--:--     0
[2024-07-05T10:42:57.225+0000] {docker.py:436} INFO - 100     2    0     0    0     2      0      0 --:--:--  0:06:34 --:--:--     0
[2024-07-05T10:42:58.225+0000] {docker.py:436} INFO - 100     2    0     0    0     2      0      0 --:--:--  0:06:35 --:--:--     0
[2024-07-05T10:42:59.227+0000] {docker.py:436} INFO - 100     2    0     0    0     2      0      0 --:--:--  0:06:36 --:--:--     0
[2024-07-05T10:43:00.100+0000] {docker.py:436} INFO - 100   134    0   132    0     2      0
[2024-07-05T10:43:00.101+0000] {docker.py:436} INFO - 0 --:--:
[2024-07-05T10:43:00.101+0000] {docker.py:436} INFO - --  0:
[2024-07-05T10:43:00.101+0000] {docker.py:436} INFO - 06:37
[2024-07-05T10:43:00.101+0000] {docker.py:436} INFO - HTTP/1.1 200 OK
[2024-07-05T10:43:00.101+0000] {docker.py:436} INFO - --:--
[2024-07-05T10:43:00.101+0000] {docker.py:436} INFO - :
[2024-07-05T10:43:00.101+0000] {docker.py:436} INFO - --
[2024-07-05T10:43:00.101+0000] {docker.py:436} INFO - 
[2024-07-05T10:43:00.101+0000] {docker.py:436} INFO - 
[2024-07-05T10:43:00.102+0000] {docker.py:436} INFO - 
[2024-07-05T10:43:00.102+0000] {docker.py:436} INFO - 27
[2024-07-05T10:43:00.102+0000] {docker.py:436} INFO - 100   134
[2024-07-05T10:43:00.102+0000] {docker.py:436} INFO - 0   132
[2024-07-05T10:43:00.102+0000] {docker.py:436} INFO - 0
[2024-07-05T10:43:00.102+0000] {docker.py:436} INFO - 2
[2024-07-05T10:43:00.102+0000] {docker.py:436} INFO - 0      0
[2024-07-05T10:43:00.102+0000] {docker.py:436} INFO - --:--:--  0:06:
[2024-07-05T10:43:00.102+0000] {docker.py:436} INFO - 37 --:--:
[2024-07-05T10:43:00.102+0000] {docker.py:436} INFO - --    3
[2024-07-05T10:43:00.102+0000] {docker.py:436} INFO - 4
[2024-07-05T10:43:00.102+0000] {docker.py:436} INFO - 
[2024-07-05T10:43:00.102+0000] {docker.py:436} INFO - date: Fri, 05 Jul 2024 10:34:08 GMT
server: uvicorn
content-length: 132
content-type: application/json

{"message":"Predictions saved to /app/predictions/extraction_05072024104300.txt and Elasticsearch updated","predictions_count":1000}
[2024-07-05T10:43:00.264+0000] {taskinstance.py:441} INFO - ::group::Post task execution logs
[2024-07-05T10:43:00.287+0000] {taskinstance.py:1206} INFO - Marking task as SUCCESS. dag_id=prod_dag, task_id=fastapi, run_id=manual__2024-07-05T10:35:59.672821+00:00, execution_date=20240705T103559, start_date=20240705T103622, end_date=20240705T104300
[2024-07-05T10:43:00.340+0000] {local_task_job_runner.py:240} INFO - Task exited with return code 0
[2024-07-05T10:43:00.354+0000] {taskinstance.py:3503} INFO - 0 downstream tasks scheduled from follow-on schedule check
[2024-07-05T10:43:00.357+0000] {local_task_job_runner.py:222} INFO - ::endgroup::
